[0.078s] Invoking command in '/home/leo/Documents/Tactile_Sensing_Raptor_Lab/ros2_ws/build/controller_manager': AMENT_PREFIX_PATH=/home/leo/Documents/Tactile_Sensing_Raptor_Lab/ros2_ws/install/hardware_interface_testing:/home/leo/Documents/Tactile_Sensing_Raptor_Lab/ros2_ws/install/controller_interface:/home/leo/Documents/Tactile_Sensing_Raptor_Lab/ros2_ws/install/hardware_interface:/home/leo/Documents/Tactile_Sensing_Raptor_Lab/ros2_ws/install/ros2_control_test_assets:/home/leo/Documents/Tactile_Sensing_Raptor_Lab/ros2_ws/install/realtime_tools:/home/leo/Documents/Tactile_Sensing_Raptor_Lab/ros2_ws/install/controller_manager_msgs:/home/leo/Documents/Tactile_Sensing_Raptor_Lab/ros2_ws/install/control_msgs:${AMENT_PREFIX_PATH} CMAKE_PREFIX_PATH=/home/leo/Documents/Tactile_Sensing_Raptor_Lab/ros2_ws/install/hardware_interface_testing:/home/leo/Documents/Tactile_Sensing_Raptor_Lab/ros2_ws/install/controller_interface:/home/leo/Documents/Tactile_Sensing_Raptor_Lab/ros2_ws/install/hardware_interface:/home/leo/Documents/Tactile_Sensing_Raptor_Lab/ros2_ws/install/ros2_control_test_assets:/home/leo/Documents/Tactile_Sensing_Raptor_Lab/ros2_ws/install/realtime_tools:/home/leo/Documents/Tactile_Sensing_Raptor_Lab/ros2_ws/install/controller_manager_msgs:/home/leo/Documents/Tactile_Sensing_Raptor_Lab/ros2_ws/install/control_msgs:/home/leo/Documents/Tactile_Sensing_Raptor_Lab/ros2_ws/install/tactile_sensing:/opt/ros/humble LD_LIBRARY_PATH=/home/leo/Documents/Tactile_Sensing_Raptor_Lab/ros2_ws/install/hardware_interface_testing/lib:/home/leo/Documents/Tactile_Sensing_Raptor_Lab/ros2_ws/install/controller_interface/lib:/home/leo/Documents/Tactile_Sensing_Raptor_Lab/ros2_ws/install/hardware_interface/lib:/home/leo/Documents/Tactile_Sensing_Raptor_Lab/ros2_ws/install/realtime_tools/lib:/home/leo/Documents/Tactile_Sensing_Raptor_Lab/ros2_ws/install/controller_manager_msgs/lib:/home/leo/Documents/Tactile_Sensing_Raptor_Lab/ros2_ws/install/control_msgs/lib:${LD_LIBRARY_PATH} PS1=
\[[1;36m\]Tactile_Sensing_Raptor_Lab/ros2_ws\[[0m\] on \[[1;35m\] main\[[0m\] \[[1;31m\][!?]\[[0m\] via \[[1;33m\]🐍 v3.10.12 (Tactile_Sensing_Raptor_Lab) \[[0m\]took \[[1;33m\]4h42m18s\[[0m\]
\[[1;31m\]❯\[[0m\] PYTHONPATH=/home/leo/Documents/Tactile_Sensing_Raptor_Lab/ros2_ws/install/controller_manager_msgs/lib/python3.10/site-packages:/home/leo/Documents/Tactile_Sensing_Raptor_Lab/ros2_ws/install/control_msgs/lib/python3.10/site-packages:${PYTHONPATH} /usr/bin/cmake /home/leo/Documents/Tactile_Sensing_Raptor_Lab/ros2_ws/src/ros2_control/controller_manager -DCMAKE_BUILD_TYPE=Release -DCMAKE_INSTALL_PREFIX=/home/leo/Documents/Tactile_Sensing_Raptor_Lab/ros2_ws/install/controller_manager
[0.250s] -- The C compiler identification is GNU 11.4.0
[0.392s] -- The CXX compiler identification is GNU 11.4.0
[0.411s] -- Detecting C compiler ABI info
[0.583s] -- Detecting C compiler ABI info - done
[0.603s] -- Check for working C compiler: /usr/bin/cc - skipped
[0.603s] -- Detecting C compile features
[0.604s] -- Detecting C compile features - done
[0.612s] -- Detecting CXX compiler ABI info
[0.842s] -- Detecting CXX compiler ABI info - done
[0.872s] -- Check for working CXX compiler: /usr/bin/c++ - skipped
[0.872s] -- Detecting CXX compile features
[0.873s] -- Detecting CXX compile features - done
[0.884s] -- Found ament_cmake: 1.3.10 (/opt/ros/humble/share/ament_cmake/cmake)
[1.900s] -- Found Python3: /home/leo/.local/share/virtualenvs/Tactile_Sensing_Raptor_Lab-fBIDry_x/bin/python3 (found version "3.10.12") found components: Interpreter 
[2.149s] -- Found ament_index_cpp: 1.4.0 (/opt/ros/humble/share/ament_index_cpp/cmake)
[2.151s] -- Found controller_interface: 2.51.0 (/home/leo/Documents/Tactile_Sensing_Raptor_Lab/ros2_ws/install/controller_interface/share/controller_interface/cmake)
[2.245s] -- Found rosidl_generator_c: 3.1.5 (/opt/ros/humble/share/rosidl_generator_c/cmake)
[2.257s] -- Found rosidl_adapter: 3.1.5 (/opt/ros/humble/share/rosidl_adapter/cmake)
[2.273s] -- Found rosidl_generator_cpp: 3.1.5 (/opt/ros/humble/share/rosidl_generator_cpp/cmake)
[2.296s] -- Using all available rosidl_typesupport_c: rosidl_typesupport_fastrtps_c;rosidl_typesupport_introspection_c
[2.339s] -- Using all available rosidl_typesupport_cpp: rosidl_typesupport_fastrtps_cpp;rosidl_typesupport_introspection_cpp
[2.718s] -- Found rmw_implementation_cmake: 6.1.2 (/opt/ros/humble/share/rmw_implementation_cmake/cmake)
[2.724s] -- Found rmw_fastrtps_cpp: 6.2.7 (/opt/ros/humble/share/rmw_fastrtps_cpp/cmake)
[2.773s] -- Found TinyXML2 via Config file: TinyXML2_DIR-NOTFOUND
[2.877s] -- Found OpenSSL: /usr/lib/x86_64-linux-gnu/libcrypto.so (found version "3.0.2")  
[2.882s] -- Found TinyXML2 via Config file: TinyXML2_DIR-NOTFOUND
[2.912s] -- Found FastRTPS: /opt/ros/humble/include  
[2.917s] -- Found TinyXML2 via Config file: TinyXML2_DIR-NOTFOUND
[2.930s] -- Found TinyXML2 via Config file: TinyXML2_DIR-NOTFOUND
[2.949s] -- Using RMW implementation 'rmw_fastrtps_cpp' as default
[2.969s] -- Looking for pthread.h
[3.137s] -- Looking for pthread.h - found
[3.137s] -- Performing Test CMAKE_HAVE_LIBC_PTHREAD
[3.318s] -- Performing Test CMAKE_HAVE_LIBC_PTHREAD - Success
[3.320s] -- Found Threads: TRUE  
[3.439s] -- Found controller_manager_msgs: 2.51.0 (/home/leo/Documents/Tactile_Sensing_Raptor_Lab/ros2_ws/install/controller_manager_msgs/share/controller_manager_msgs/cmake)
[3.472s] -- Found realtime_tools: 2.13.0 (/home/leo/Documents/Tactile_Sensing_Raptor_Lab/ros2_ws/install/realtime_tools/share/realtime_tools/cmake)
[3.587s] -- Found ament_cmake_gmock: 1.3.10 (/opt/ros/humble/share/ament_cmake_gmock/cmake)
[3.589s] -- Found ros2_control_test_assets: 2.51.0 (/home/leo/Documents/Tactile_Sensing_Raptor_Lab/ros2_ws/install/ros2_control_test_assets/share/ros2_control_test_assets/cmake)
[3.601s] -- Found gmock sources under '/opt/ros/humble/src/gmock_vendor': C++ tests using 'Google Mock' will be built
[3.617s] -- Found ament_cmake_gtest: 1.3.10 (/opt/ros/humble/share/ament_cmake_gtest/cmake)
[3.619s] -- Found gtest sources under '/opt/ros/humble/src/gtest_vendor': C++ tests using 'Google Test' will be built
[3.650s] -- Found ament_cmake_pytest: 1.3.10 (/opt/ros/humble/share/ament_cmake_pytest/cmake)
[3.704s] [33mCMake Warning at /opt/ros/humble/share/ament_cmake_pytest/cmake/ament_add_pytest_test.cmake:79 (message):
[3.704s]   The Python module 'pytest' was not found, pytests cannot be run.  On Linux,
[3.704s]   install the 'python3-pytest' package.  On other platforms, install 'pytest'
[3.705s]   using pip.
[3.705s] Call Stack (most recent call first):
[3.705s]   CMakeLists.txt:209 (ament_add_pytest_test)
[3.705s] 
[3.705s] [0m
[4.101s] -- Configuring done
[4.937s] -- Generating done
[5.056s] -- Build files have been written to: /home/leo/Documents/Tactile_Sensing_Raptor_Lab/ros2_ws/build/controller_manager
[5.097s] Invoked command in '/home/leo/Documents/Tactile_Sensing_Raptor_Lab/ros2_ws/build/controller_manager' returned '0': AMENT_PREFIX_PATH=/home/leo/Documents/Tactile_Sensing_Raptor_Lab/ros2_ws/install/hardware_interface_testing:/home/leo/Documents/Tactile_Sensing_Raptor_Lab/ros2_ws/install/controller_interface:/home/leo/Documents/Tactile_Sensing_Raptor_Lab/ros2_ws/install/hardware_interface:/home/leo/Documents/Tactile_Sensing_Raptor_Lab/ros2_ws/install/ros2_control_test_assets:/home/leo/Documents/Tactile_Sensing_Raptor_Lab/ros2_ws/install/realtime_tools:/home/leo/Documents/Tactile_Sensing_Raptor_Lab/ros2_ws/install/controller_manager_msgs:/home/leo/Documents/Tactile_Sensing_Raptor_Lab/ros2_ws/install/control_msgs:${AMENT_PREFIX_PATH} CMAKE_PREFIX_PATH=/home/leo/Documents/Tactile_Sensing_Raptor_Lab/ros2_ws/install/hardware_interface_testing:/home/leo/Documents/Tactile_Sensing_Raptor_Lab/ros2_ws/install/controller_interface:/home/leo/Documents/Tactile_Sensing_Raptor_Lab/ros2_ws/install/hardware_interface:/home/leo/Documents/Tactile_Sensing_Raptor_Lab/ros2_ws/install/ros2_control_test_assets:/home/leo/Documents/Tactile_Sensing_Raptor_Lab/ros2_ws/install/realtime_tools:/home/leo/Documents/Tactile_Sensing_Raptor_Lab/ros2_ws/install/controller_manager_msgs:/home/leo/Documents/Tactile_Sensing_Raptor_Lab/ros2_ws/install/control_msgs:/home/leo/Documents/Tactile_Sensing_Raptor_Lab/ros2_ws/install/tactile_sensing:/opt/ros/humble LD_LIBRARY_PATH=/home/leo/Documents/Tactile_Sensing_Raptor_Lab/ros2_ws/install/hardware_interface_testing/lib:/home/leo/Documents/Tactile_Sensing_Raptor_Lab/ros2_ws/install/controller_interface/lib:/home/leo/Documents/Tactile_Sensing_Raptor_Lab/ros2_ws/install/hardware_interface/lib:/home/leo/Documents/Tactile_Sensing_Raptor_Lab/ros2_ws/install/realtime_tools/lib:/home/leo/Documents/Tactile_Sensing_Raptor_Lab/ros2_ws/install/controller_manager_msgs/lib:/home/leo/Documents/Tactile_Sensing_Raptor_Lab/ros2_ws/install/control_msgs/lib:${LD_LIBRARY_PATH} PS1=
\[[1;36m\]Tactile_Sensing_Raptor_Lab/ros2_ws\[[0m\] on \[[1;35m\] main\[[0m\] \[[1;31m\][!?]\[[0m\] via \[[1;33m\]🐍 v3.10.12 (Tactile_Sensing_Raptor_Lab) \[[0m\]took \[[1;33m\]4h42m18s\[[0m\]
\[[1;31m\]❯\[[0m\] PYTHONPATH=/home/leo/Documents/Tactile_Sensing_Raptor_Lab/ros2_ws/install/controller_manager_msgs/lib/python3.10/site-packages:/home/leo/Documents/Tactile_Sensing_Raptor_Lab/ros2_ws/install/control_msgs/lib/python3.10/site-packages:${PYTHONPATH} /usr/bin/cmake /home/leo/Documents/Tactile_Sensing_Raptor_Lab/ros2_ws/src/ros2_control/controller_manager -DCMAKE_BUILD_TYPE=Release -DCMAKE_INSTALL_PREFIX=/home/leo/Documents/Tactile_Sensing_Raptor_Lab/ros2_ws/install/controller_manager
[5.101s] Invoking command in '/home/leo/Documents/Tactile_Sensing_Raptor_Lab/ros2_ws/build/controller_manager': AMENT_PREFIX_PATH=/home/leo/Documents/Tactile_Sensing_Raptor_Lab/ros2_ws/install/hardware_interface_testing:/home/leo/Documents/Tactile_Sensing_Raptor_Lab/ros2_ws/install/controller_interface:/home/leo/Documents/Tactile_Sensing_Raptor_Lab/ros2_ws/install/hardware_interface:/home/leo/Documents/Tactile_Sensing_Raptor_Lab/ros2_ws/install/ros2_control_test_assets:/home/leo/Documents/Tactile_Sensing_Raptor_Lab/ros2_ws/install/realtime_tools:/home/leo/Documents/Tactile_Sensing_Raptor_Lab/ros2_ws/install/controller_manager_msgs:/home/leo/Documents/Tactile_Sensing_Raptor_Lab/ros2_ws/install/control_msgs:${AMENT_PREFIX_PATH} CMAKE_PREFIX_PATH=/home/leo/Documents/Tactile_Sensing_Raptor_Lab/ros2_ws/install/hardware_interface_testing:/home/leo/Documents/Tactile_Sensing_Raptor_Lab/ros2_ws/install/controller_interface:/home/leo/Documents/Tactile_Sensing_Raptor_Lab/ros2_ws/install/hardware_interface:/home/leo/Documents/Tactile_Sensing_Raptor_Lab/ros2_ws/install/ros2_control_test_assets:/home/leo/Documents/Tactile_Sensing_Raptor_Lab/ros2_ws/install/realtime_tools:/home/leo/Documents/Tactile_Sensing_Raptor_Lab/ros2_ws/install/controller_manager_msgs:/home/leo/Documents/Tactile_Sensing_Raptor_Lab/ros2_ws/install/control_msgs:/home/leo/Documents/Tactile_Sensing_Raptor_Lab/ros2_ws/install/tactile_sensing:/opt/ros/humble LD_LIBRARY_PATH=/home/leo/Documents/Tactile_Sensing_Raptor_Lab/ros2_ws/install/hardware_interface_testing/lib:/home/leo/Documents/Tactile_Sensing_Raptor_Lab/ros2_ws/install/controller_interface/lib:/home/leo/Documents/Tactile_Sensing_Raptor_Lab/ros2_ws/install/hardware_interface/lib:/home/leo/Documents/Tactile_Sensing_Raptor_Lab/ros2_ws/install/realtime_tools/lib:/home/leo/Documents/Tactile_Sensing_Raptor_Lab/ros2_ws/install/controller_manager_msgs/lib:/home/leo/Documents/Tactile_Sensing_Raptor_Lab/ros2_ws/install/control_msgs/lib:${LD_LIBRARY_PATH} PS1=
\[[1;36m\]Tactile_Sensing_Raptor_Lab/ros2_ws\[[0m\] on \[[1;35m\] main\[[0m\] \[[1;31m\][!?]\[[0m\] via \[[1;33m\]🐍 v3.10.12 (Tactile_Sensing_Raptor_Lab) \[[0m\]took \[[1;33m\]4h42m18s\[[0m\]
\[[1;31m\]❯\[[0m\] PYTHONPATH=/home/leo/Documents/Tactile_Sensing_Raptor_Lab/ros2_ws/install/controller_manager_msgs/lib/python3.10/site-packages:/home/leo/Documents/Tactile_Sensing_Raptor_Lab/ros2_ws/install/control_msgs/lib/python3.10/site-packages:${PYTHONPATH} /usr/bin/cmake --build /home/leo/Documents/Tactile_Sensing_Raptor_Lab/ros2_ws/build/controller_manager -- -j12 -l12
[5.244s] [  2%] [32mBuilding CXX object gmock/CMakeFiles/gmock.dir/opt/ros/humble/src/gtest_vendor/src/gtest-all.cc.o[0m
[5.247s] [  5%] [32mBuilding CXX object gmock/CMakeFiles/gmock.dir/src/gmock-all.cc.o[0m
[5.251s] [  7%] [34m[1mGenerating controller_manager/version.h[0m
[5.259s] [ 10%] [32mBuilding CXX object gmock/CMakeFiles/gmock_main.dir/src/gmock_main.cc.o[0m
[5.322s] [ 10%] Built target ament_cmake_python_copy_controller_manager_setup
[5.333s] [ 10%] Built target ament_cmake_python_copy_controller_manager
[5.341s] [ 10%] Built target ament_generate_version_header__controller_manager
[5.469s] [ 13%] [32mBuilding CXX object CMakeFiles/controller_manager.dir/src/controller_manager.cpp.o[0m
[6.137s] running egg_info
[6.153s] running install_scripts
[6.172s] creating controller_manager.egg-info
[6.172s] writing controller_manager.egg-info/PKG-INFO
[6.174s] writing dependency_links to controller_manager.egg-info/dependency_links.txt
[6.175s] writing entry points to controller_manager.egg-info/entry_points.txt
[6.175s] writing top-level names to controller_manager.egg-info/top_level.txt
[6.176s] writing manifest file 'controller_manager.egg-info/SOURCES.txt'
[6.280s] reading manifest file 'controller_manager.egg-info/SOURCES.txt'
[6.283s] writing manifest file 'controller_manager.egg-info/SOURCES.txt'
[6.308s] /home/leo/.local/share/virtualenvs/Tactile_Sensing_Raptor_Lab-fBIDry_x/lib/python3.10/site-packages/setuptools/_distutils/cmd.py:79: SetuptoolsDeprecationWarning: setup.py install is deprecated.
[6.308s] !!
[6.308s] 
[6.309s]         ********************************************************************************
[6.309s]         Please avoid running ``setup.py`` directly.
[6.309s]         Instead, use pypa/build, pypa/installer or other
[6.309s]         standards-based tools.
[6.309s] 
[6.309s]         See https://blog.ganssle.io/articles/2021/10/setup-py-deprecated.html for details.
[6.309s]         ********************************************************************************
[6.310s] 
[6.310s] !!
[6.310s]   self.initialize_options()
[6.322s] running egg_info
[6.379s] [ 13%] Built target ament_cmake_python_build_controller_manager_egg
[6.395s] writing controller_manager.egg-info/PKG-INFO
[6.396s] writing dependency_links to controller_manager.egg-info/dependency_links.txt
[6.399s] writing entry points to controller_manager.egg-info/entry_points.txt
[6.400s] writing top-level names to controller_manager.egg-info/top_level.txt
[6.460s] reading manifest file 'controller_manager.egg-info/SOURCES.txt'
[6.463s] writing manifest file 'controller_manager.egg-info/SOURCES.txt'
[6.811s] Installing hardware_spawner script to scripts
[6.811s] Installing spawner script to scripts
[6.812s] Installing unspawner script to scripts
[6.906s] [ 13%] Built target ament_cmake_python_build_controller_manager_scripts
[8.240s] [ 15%] [32m[1mLinking CXX static library libgmock_main.a[0m
[8.409s] [ 15%] Built target gmock_main
[18.337s] [ 18%] [32m[1mLinking CXX static library libgmock.a[0m
[18.497s] [ 18%] Built target gmock
