[0.047s] Invoking command in '/home/leo/Documents/Tactile_Sensing_Raptor_Lab/ros2_ws/build/transmission_interface': AMENT_PREFIX_PATH=/home/leo/Documents/Tactile_Sensing_Raptor_Lab/ros2_ws/install/hardware_interface:/home/leo/Documents/Tactile_Sensing_Raptor_Lab/ros2_ws/install/ros2_control_test_assets:/home/leo/Documents/Tactile_Sensing_Raptor_Lab/ros2_ws/install/control_msgs:${AMENT_PREFIX_PATH} CMAKE_PREFIX_PATH=/home/leo/Documents/Tactile_Sensing_Raptor_Lab/ros2_ws/install/hardware_interface:/home/leo/Documents/Tactile_Sensing_Raptor_Lab/ros2_ws/install/ros2_control_test_assets:/home/leo/Documents/Tactile_Sensing_Raptor_Lab/ros2_ws/install/control_msgs:/home/leo/Documents/Tactile_Sensing_Raptor_Lab/ros2_ws/install/tactile_sensing:/opt/ros/humble LD_LIBRARY_PATH=/home/leo/Documents/Tactile_Sensing_Raptor_Lab/ros2_ws/install/hardware_interface/lib:/home/leo/Documents/Tactile_Sensing_Raptor_Lab/ros2_ws/install/control_msgs/lib:${LD_LIBRARY_PATH} PS1=
\[[1;36m\]Tactile_Sensing_Raptor_Lab/ros2_ws\[[0m\] on \[[1;35m\] main\[[0m\] \[[1;31m\][!?]\[[0m\] via \[[1;33m\]🐍 v3.10.12 (Tactile_Sensing_Raptor_Lab) \[[0m\]
\[[1;31m\]❯\[[0m\] PYTHONPATH=/home/leo/Documents/Tactile_Sensing_Raptor_Lab/ros2_ws/install/control_msgs/lib/python3.10/site-packages:${PYTHONPATH} /usr/bin/cmake /home/leo/Documents/Tactile_Sensing_Raptor_Lab/ros2_ws/src/ros2_control/transmission_interface -DCMAKE_BUILD_TYPE=Release -DCMAKE_INSTALL_PREFIX=/home/leo/Documents/Tactile_Sensing_Raptor_Lab/ros2_ws/install/transmission_interface
[0.188s] -- The C compiler identification is GNU 11.4.0
[0.306s] -- The CXX compiler identification is GNU 11.4.0
[0.325s] -- Detecting C compiler ABI info
[0.486s] -- Detecting C compiler ABI info - done
[0.505s] -- Check for working C compiler: /usr/bin/cc - skipped
[0.505s] -- Detecting C compile features
[0.506s] -- Detecting C compile features - done
[0.511s] -- Detecting CXX compiler ABI info
[0.652s] -- Detecting CXX compiler ABI info - done
[0.663s] -- Check for working CXX compiler: /usr/bin/c++ - skipped
[0.663s] -- Detecting CXX compile features
[0.664s] -- Detecting CXX compile features - done
[0.669s] -- Found ament_cmake: 1.3.10 (/opt/ros/humble/share/ament_cmake/cmake)
[1.743s] -- Found Python3: /home/leo/.local/share/virtualenvs/Tactile_Sensing_Raptor_Lab-fBIDry_x/bin/python3 (found version "3.10.12") found components: Interpreter 
[1.950s] -- Found hardware_interface: 2.51.0 (/home/leo/Documents/Tactile_Sensing_Raptor_Lab/ros2_ws/install/hardware_interface/share/hardware_interface/cmake)
[2.060s] -- Found rosidl_generator_c: 3.1.5 (/opt/ros/humble/share/rosidl_generator_c/cmake)
[2.071s] -- Found rosidl_adapter: 3.1.5 (/opt/ros/humble/share/rosidl_adapter/cmake)
[2.086s] -- Found rosidl_generator_cpp: 3.1.5 (/opt/ros/humble/share/rosidl_generator_cpp/cmake)
[2.108s] -- Using all available rosidl_typesupport_c: rosidl_typesupport_fastrtps_c;rosidl_typesupport_introspection_c
[2.140s] -- Using all available rosidl_typesupport_cpp: rosidl_typesupport_fastrtps_cpp;rosidl_typesupport_introspection_cpp
[2.492s] -- Found rmw_implementation_cmake: 6.1.2 (/opt/ros/humble/share/rmw_implementation_cmake/cmake)
[2.499s] -- Found rmw_fastrtps_cpp: 6.2.7 (/opt/ros/humble/share/rmw_fastrtps_cpp/cmake)
[2.560s] -- Found TinyXML2 via Config file: TinyXML2_DIR-NOTFOUND
[2.661s] -- Found OpenSSL: /usr/lib/x86_64-linux-gnu/libcrypto.so (found version "3.0.2")  
[2.667s] -- Found TinyXML2 via Config file: TinyXML2_DIR-NOTFOUND
[2.705s] -- Found FastRTPS: /opt/ros/humble/include  
[2.711s] -- Found TinyXML2 via Config file: TinyXML2_DIR-NOTFOUND
[2.728s] -- Found TinyXML2 via Config file: TinyXML2_DIR-NOTFOUND
[2.752s] -- Using RMW implementation 'rmw_fastrtps_cpp' as default
[2.774s] -- Looking for pthread.h
[2.899s] -- Looking for pthread.h - found
[2.900s] -- Performing Test CMAKE_HAVE_LIBC_PTHREAD
[3.031s] -- Performing Test CMAKE_HAVE_LIBC_PTHREAD - Success
[3.033s] -- Found Threads: TRUE  
[3.161s] -- Found ament_cmake_gmock: 1.3.10 (/opt/ros/humble/share/ament_cmake_gmock/cmake)
[3.165s] -- Found gmock sources under '/opt/ros/humble/src/gmock_vendor': C++ tests using 'Google Mock' will be built
[3.176s] -- Found ament_cmake_gtest: 1.3.10 (/opt/ros/humble/share/ament_cmake_gtest/cmake)
[3.177s] -- Found gtest sources under '/opt/ros/humble/src/gtest_vendor': C++ tests using 'Google Test' will be built
[3.418s] -- Configuring done
[3.737s] -- Generating done
[3.774s] -- Build files have been written to: /home/leo/Documents/Tactile_Sensing_Raptor_Lab/ros2_ws/build/transmission_interface
[3.798s] Invoked command in '/home/leo/Documents/Tactile_Sensing_Raptor_Lab/ros2_ws/build/transmission_interface' returned '0': AMENT_PREFIX_PATH=/home/leo/Documents/Tactile_Sensing_Raptor_Lab/ros2_ws/install/hardware_interface:/home/leo/Documents/Tactile_Sensing_Raptor_Lab/ros2_ws/install/ros2_control_test_assets:/home/leo/Documents/Tactile_Sensing_Raptor_Lab/ros2_ws/install/control_msgs:${AMENT_PREFIX_PATH} CMAKE_PREFIX_PATH=/home/leo/Documents/Tactile_Sensing_Raptor_Lab/ros2_ws/install/hardware_interface:/home/leo/Documents/Tactile_Sensing_Raptor_Lab/ros2_ws/install/ros2_control_test_assets:/home/leo/Documents/Tactile_Sensing_Raptor_Lab/ros2_ws/install/control_msgs:/home/leo/Documents/Tactile_Sensing_Raptor_Lab/ros2_ws/install/tactile_sensing:/opt/ros/humble LD_LIBRARY_PATH=/home/leo/Documents/Tactile_Sensing_Raptor_Lab/ros2_ws/install/hardware_interface/lib:/home/leo/Documents/Tactile_Sensing_Raptor_Lab/ros2_ws/install/control_msgs/lib:${LD_LIBRARY_PATH} PS1=
\[[1;36m\]Tactile_Sensing_Raptor_Lab/ros2_ws\[[0m\] on \[[1;35m\] main\[[0m\] \[[1;31m\][!?]\[[0m\] via \[[1;33m\]🐍 v3.10.12 (Tactile_Sensing_Raptor_Lab) \[[0m\]
\[[1;31m\]❯\[[0m\] PYTHONPATH=/home/leo/Documents/Tactile_Sensing_Raptor_Lab/ros2_ws/install/control_msgs/lib/python3.10/site-packages:${PYTHONPATH} /usr/bin/cmake /home/leo/Documents/Tactile_Sensing_Raptor_Lab/ros2_ws/src/ros2_control/transmission_interface -DCMAKE_BUILD_TYPE=Release -DCMAKE_INSTALL_PREFIX=/home/leo/Documents/Tactile_Sensing_Raptor_Lab/ros2_ws/install/transmission_interface
[3.802s] Invoking command in '/home/leo/Documents/Tactile_Sensing_Raptor_Lab/ros2_ws/build/transmission_interface': AMENT_PREFIX_PATH=/home/leo/Documents/Tactile_Sensing_Raptor_Lab/ros2_ws/install/hardware_interface:/home/leo/Documents/Tactile_Sensing_Raptor_Lab/ros2_ws/install/ros2_control_test_assets:/home/leo/Documents/Tactile_Sensing_Raptor_Lab/ros2_ws/install/control_msgs:${AMENT_PREFIX_PATH} CMAKE_PREFIX_PATH=/home/leo/Documents/Tactile_Sensing_Raptor_Lab/ros2_ws/install/hardware_interface:/home/leo/Documents/Tactile_Sensing_Raptor_Lab/ros2_ws/install/ros2_control_test_assets:/home/leo/Documents/Tactile_Sensing_Raptor_Lab/ros2_ws/install/control_msgs:/home/leo/Documents/Tactile_Sensing_Raptor_Lab/ros2_ws/install/tactile_sensing:/opt/ros/humble LD_LIBRARY_PATH=/home/leo/Documents/Tactile_Sensing_Raptor_Lab/ros2_ws/install/hardware_interface/lib:/home/leo/Documents/Tactile_Sensing_Raptor_Lab/ros2_ws/install/control_msgs/lib:${LD_LIBRARY_PATH} PS1=
\[[1;36m\]Tactile_Sensing_Raptor_Lab/ros2_ws\[[0m\] on \[[1;35m\] main\[[0m\] \[[1;31m\][!?]\[[0m\] via \[[1;33m\]🐍 v3.10.12 (Tactile_Sensing_Raptor_Lab) \[[0m\]
\[[1;31m\]❯\[[0m\] PYTHONPATH=/home/leo/Documents/Tactile_Sensing_Raptor_Lab/ros2_ws/install/control_msgs/lib/python3.10/site-packages:${PYTHONPATH} /usr/bin/cmake --build /home/leo/Documents/Tactile_Sensing_Raptor_Lab/ros2_ws/build/transmission_interface -- -j12 -l12
[3.889s] [  4%] [34m[1mGenerating transmission_interface/version.h[0m
[3.919s] [  4%] Built target ament_generate_version_header__transmission_interface
[3.954s] [  8%] [32mBuilding CXX object gmock/CMakeFiles/gmock.dir/opt/ros/humble/src/gtest_vendor/src/gtest-all.cc.o[0m
[15.293s] [ 12%] [32mBuilding CXX object gmock/CMakeFiles/gmock.dir/src/gmock-all.cc.o[0m
[20.786s] [ 16%] [32m[1mLinking CXX static library libgmock.a[0m
[21.092s] [ 16%] Built target gmock
[21.147s] [ 20%] [32mBuilding CXX object CMakeFiles/transmission_interface.dir/src/simple_transmission_loader.cpp.o[0m
[27.269s] [ 25%] [32mBuilding CXX object CMakeFiles/transmission_interface.dir/src/differential_transmission_loader.cpp.o[0m
[32.962s] [ 29%] [32mBuilding CXX object CMakeFiles/transmission_interface.dir/src/four_bar_linkage_transmission_loader.cpp.o[0m
[38.484s] [ 33%] [32m[1mLinking CXX shared library libtransmission_interface.so[0m
[38.709s] [ 33%] Built target transmission_interface
[38.747s] [ 37%] [32mBuilding CXX object gmock/CMakeFiles/gmock_main.dir/src/gmock_main.cc.o[0m
[40.511s] [ 41%] [32m[1mLinking CXX static library libgmock_main.a[0m
[40.615s] [ 41%] Built target gmock_main
[40.650s] [ 45%] [32mBuilding CXX object CMakeFiles/test_simple_transmission.dir/test/simple_transmission_test.cpp.o[0m
[45.637s] [ 50%] [32m[1mLinking CXX executable test_simple_transmission[0m
[46.059s] [ 50%] Built target test_simple_transmission
[46.094s] [ 54%] [32mBuilding CXX object CMakeFiles/test_utils.dir/test/utils_test.cpp.o[0m
[48.726s] [ 58%] [32m[1mLinking CXX executable test_utils[0m
[49.111s] [ 58%] Built target test_utils
[49.147s] [ 62%] [32mBuilding CXX object CMakeFiles/test_differential_transmission_loader.dir/test/differential_transmission_loader_test.cpp.o[0m
[59.102s] [ 66%] [32m[1mLinking CXX executable test_differential_transmission_loader[0m
[59.322s] [ 66%] Built target test_differential_transmission_loader
[59.353s] [ 70%] [32mBuilding CXX object CMakeFiles/test_four_bar_linkage_transmission_loader.dir/test/four_bar_linkage_transmission_loader_test.cpp.o[0m
[67.359s] [ 75%] [32m[1mLinking CXX executable test_four_bar_linkage_transmission_loader[0m
[67.527s] [ 75%] Built target test_four_bar_linkage_transmission_loader
[67.553s] [ 79%] [32mBuilding CXX object CMakeFiles/test_simple_transmission_loader.dir/test/simple_transmission_loader_test.cpp.o[0m
[73.696s] [ 83%] [32m[1mLinking CXX executable test_simple_transmission_loader[0m
[73.842s] [ 83%] Built target test_simple_transmission_loader
[73.862s] [ 87%] [32mBuilding CXX object CMakeFiles/test_four_bar_linkage_transmission.dir/test/four_bar_linkage_transmission_test.cpp.o[0m
[76.885s] [ 91%] [32m[1mLinking CXX executable test_four_bar_linkage_transmission[0m
[77.098s] [ 91%] Built target test_four_bar_linkage_transmission
[77.121s] [ 95%] [32mBuilding CXX object CMakeFiles/test_differential_transmission.dir/test/differential_transmission_test.cpp.o[0m
[80.141s] [100%] [32m[1mLinking CXX executable test_differential_transmission[0m
[80.350s] [100%] Built target test_differential_transmission
