[0.033s] Invoking command in '/home/leo/Documents/Tactile_Sensing_Raptor_Lab/ros2_ws/build/hardware_interface': AMENT_PREFIX_PATH=/home/leo/Documents/Tactile_Sensing_Raptor_Lab/ros2_ws/install/ros2_control_test_assets:/home/leo/Documents/Tactile_Sensing_Raptor_Lab/ros2_ws/install/control_msgs:${AMENT_PREFIX_PATH} CMAKE_PREFIX_PATH=/home/leo/Documents/Tactile_Sensing_Raptor_Lab/ros2_ws/install/ros2_control_test_assets:/home/leo/Documents/Tactile_Sensing_Raptor_Lab/ros2_ws/install/control_msgs:/opt/ros/humble LD_LIBRARY_PATH=/home/leo/Documents/Tactile_Sensing_Raptor_Lab/ros2_ws/install/control_msgs/lib:${LD_LIBRARY_PATH} PYTHONPATH=/home/leo/Documents/Tactile_Sensing_Raptor_Lab/ros2_ws/install/control_msgs/lib/python3.10/site-packages:${PYTHONPATH} /usr/bin/cmake --build /home/leo/Documents/Tactile_Sensing_Raptor_Lab/ros2_ws/build/hardware_interface -- -j12 -l12
[0.130s] [  2%] Built target ament_generate_version_header__hardware_interface
[0.138s] [  8%] Built target gmock_main
[0.141s] [ 17%] Built target gmock
[0.195s] [ 22%] Built target test_macros
[0.196s] [ 42%] Built target hardware_interface
[0.262s] [ 60%] Built target test_joint_handle
[0.263s] [ 60%] Built target mock_components
[0.266s] [ 60%] Built target test_component_interfaces
[0.266s] [ 68%] Built target test_inst_hardwares
[0.267s] [ 74%] Built target fake_components
[0.267s] [ 80%] Built target test_component_parser
[0.268s] [ 85%] Built target test_generic_system
[0.271s] [100%] Built target test_hardware_components
[0.311s] Invoked command in '/home/leo/Documents/Tactile_Sensing_Raptor_Lab/ros2_ws/build/hardware_interface' returned '0': AMENT_PREFIX_PATH=/home/leo/Documents/Tactile_Sensing_Raptor_Lab/ros2_ws/install/ros2_control_test_assets:/home/leo/Documents/Tactile_Sensing_Raptor_Lab/ros2_ws/install/control_msgs:${AMENT_PREFIX_PATH} CMAKE_PREFIX_PATH=/home/leo/Documents/Tactile_Sensing_Raptor_Lab/ros2_ws/install/ros2_control_test_assets:/home/leo/Documents/Tactile_Sensing_Raptor_Lab/ros2_ws/install/control_msgs:/opt/ros/humble LD_LIBRARY_PATH=/home/leo/Documents/Tactile_Sensing_Raptor_Lab/ros2_ws/install/control_msgs/lib:${LD_LIBRARY_PATH} PYTHONPATH=/home/leo/Documents/Tactile_Sensing_Raptor_Lab/ros2_ws/install/control_msgs/lib/python3.10/site-packages:${PYTHONPATH} /usr/bin/cmake --build /home/leo/Documents/Tactile_Sensing_Raptor_Lab/ros2_ws/build/hardware_interface -- -j12 -l12
[0.316s] Invoking command in '/home/leo/Documents/Tactile_Sensing_Raptor_Lab/ros2_ws/build/hardware_interface': AMENT_PREFIX_PATH=/home/leo/Documents/Tactile_Sensing_Raptor_Lab/ros2_ws/install/ros2_control_test_assets:/home/leo/Documents/Tactile_Sensing_Raptor_Lab/ros2_ws/install/control_msgs:${AMENT_PREFIX_PATH} CMAKE_PREFIX_PATH=/home/leo/Documents/Tactile_Sensing_Raptor_Lab/ros2_ws/install/ros2_control_test_assets:/home/leo/Documents/Tactile_Sensing_Raptor_Lab/ros2_ws/install/control_msgs:/opt/ros/humble LD_LIBRARY_PATH=/home/leo/Documents/Tactile_Sensing_Raptor_Lab/ros2_ws/install/control_msgs/lib:${LD_LIBRARY_PATH} PYTHONPATH=/home/leo/Documents/Tactile_Sensing_Raptor_Lab/ros2_ws/install/control_msgs/lib/python3.10/site-packages:${PYTHONPATH} /usr/bin/cmake --install /home/leo/Documents/Tactile_Sensing_Raptor_Lab/ros2_ws/build/hardware_interface
[0.335s] -- Install configuration: "Release"
[0.336s] -- Up-to-date: /home/leo/Documents/Tactile_Sensing_Raptor_Lab/ros2_ws/install/hardware_interface/share/hardware_interface/mock_components_plugin_description.xml
[0.337s] -- Up-to-date: /home/leo/Documents/Tactile_Sensing_Raptor_Lab/ros2_ws/install/hardware_interface/share/hardware_interface/fake_components_plugin_description.xml
[0.338s] -- Up-to-date: /home/leo/Documents/Tactile_Sensing_Raptor_Lab/ros2_ws/install/hardware_interface/include
[0.338s] -- Up-to-date: /home/leo/Documents/Tactile_Sensing_Raptor_Lab/ros2_ws/install/hardware_interface/include/hardware_interface
[0.338s] -- Up-to-date: /home/leo/Documents/Tactile_Sensing_Raptor_Lab/ros2_ws/install/hardware_interface/include/hardware_interface/sensor.hpp
[0.338s] -- Up-to-date: /home/leo/Documents/Tactile_Sensing_Raptor_Lab/ros2_ws/install/hardware_interface/include/hardware_interface/resource_manager.hpp
[0.339s] -- Up-to-date: /home/leo/Documents/Tactile_Sensing_Raptor_Lab/ros2_ws/install/hardware_interface/include/hardware_interface/actuator.hpp
[0.339s] -- Up-to-date: /home/leo/Documents/Tactile_Sensing_Raptor_Lab/ros2_ws/install/hardware_interface/include/hardware_interface/hardware_component_info.hpp
[0.340s] -- Up-to-date: /home/leo/Documents/Tactile_Sensing_Raptor_Lab/ros2_ws/install/hardware_interface/include/hardware_interface/system.hpp
[0.340s] -- Up-to-date: /home/leo/Documents/Tactile_Sensing_Raptor_Lab/ros2_ws/install/hardware_interface/include/hardware_interface/hardware_info.hpp
[0.340s] -- Up-to-date: /home/leo/Documents/Tactile_Sensing_Raptor_Lab/ros2_ws/install/hardware_interface/include/hardware_interface/actuator_interface.hpp
[0.340s] -- Up-to-date: /home/leo/Documents/Tactile_Sensing_Raptor_Lab/ros2_ws/install/hardware_interface/include/hardware_interface/sensor_interface.hpp
[0.340s] -- Up-to-date: /home/leo/Documents/Tactile_Sensing_Raptor_Lab/ros2_ws/install/hardware_interface/include/hardware_interface/visibility_control.h
[0.341s] -- Up-to-date: /home/leo/Documents/Tactile_Sensing_Raptor_Lab/ros2_ws/install/hardware_interface/include/hardware_interface/handle.hpp
[0.341s] -- Up-to-date: /home/leo/Documents/Tactile_Sensing_Raptor_Lab/ros2_ws/install/hardware_interface/include/hardware_interface/system_interface.hpp
[0.341s] -- Up-to-date: /home/leo/Documents/Tactile_Sensing_Raptor_Lab/ros2_ws/install/hardware_interface/include/hardware_interface/types
[0.342s] -- Up-to-date: /home/leo/Documents/Tactile_Sensing_Raptor_Lab/ros2_ws/install/hardware_interface/include/hardware_interface/types/hardware_interface_type_values.hpp
[0.342s] -- Up-to-date: /home/leo/Documents/Tactile_Sensing_Raptor_Lab/ros2_ws/install/hardware_interface/include/hardware_interface/types/lifecycle_state_names.hpp
[0.342s] -- Up-to-date: /home/leo/Documents/Tactile_Sensing_Raptor_Lab/ros2_ws/install/hardware_interface/include/hardware_interface/types/hardware_interface_return_values.hpp
[0.342s] -- Up-to-date: /home/leo/Documents/Tactile_Sensing_Raptor_Lab/ros2_ws/install/hardware_interface/include/hardware_interface/loaned_command_interface.hpp
[0.342s] -- Up-to-date: /home/leo/Documents/Tactile_Sensing_Raptor_Lab/ros2_ws/install/hardware_interface/include/hardware_interface/lexical_casts.hpp
[0.343s] -- Up-to-date: /home/leo/Documents/Tactile_Sensing_Raptor_Lab/ros2_ws/install/hardware_interface/include/hardware_interface/macros.hpp
[0.343s] -- Up-to-date: /home/leo/Documents/Tactile_Sensing_Raptor_Lab/ros2_ws/install/hardware_interface/include/hardware_interface/component_parser.hpp
[0.343s] -- Up-to-date: /home/leo/Documents/Tactile_Sensing_Raptor_Lab/ros2_ws/install/hardware_interface/include/hardware_interface/loaned_state_interface.hpp
[0.343s] -- Up-to-date: /home/leo/Documents/Tactile_Sensing_Raptor_Lab/ros2_ws/install/hardware_interface/include/hardware_interface/controller_info.hpp
[0.343s] -- Up-to-date: /home/leo/Documents/Tactile_Sensing_Raptor_Lab/ros2_ws/install/hardware_interface/include/fake_components
[0.344s] -- Up-to-date: /home/leo/Documents/Tactile_Sensing_Raptor_Lab/ros2_ws/install/hardware_interface/include/fake_components/generic_system.hpp
[0.344s] -- Up-to-date: /home/leo/Documents/Tactile_Sensing_Raptor_Lab/ros2_ws/install/hardware_interface/include/fake_components/visibility_control.h
[0.344s] -- Up-to-date: /home/leo/Documents/Tactile_Sensing_Raptor_Lab/ros2_ws/install/hardware_interface/include/mock_components
[0.345s] -- Up-to-date: /home/leo/Documents/Tactile_Sensing_Raptor_Lab/ros2_ws/install/hardware_interface/include/mock_components/generic_system.hpp
[0.345s] -- Up-to-date: /home/leo/Documents/Tactile_Sensing_Raptor_Lab/ros2_ws/install/hardware_interface/include/mock_components/visibility_control.h
[0.345s] -- Up-to-date: /home/leo/Documents/Tactile_Sensing_Raptor_Lab/ros2_ws/install/hardware_interface/lib/libfake_components.so
[0.347s] -- Up-to-date: /home/leo/Documents/Tactile_Sensing_Raptor_Lab/ros2_ws/install/hardware_interface/lib/libmock_components.so
[0.347s] -- Up-to-date: /home/leo/Documents/Tactile_Sensing_Raptor_Lab/ros2_ws/install/hardware_interface/lib/libhardware_interface.so
[0.348s] -- Up-to-date: /home/leo/Documents/Tactile_Sensing_Raptor_Lab/ros2_ws/install/hardware_interface/lib/libtest_hardware_components.so
[0.348s] -- Up-to-date: /home/leo/Documents/Tactile_Sensing_Raptor_Lab/ros2_ws/install/hardware_interface/share/hardware_interface/test/test_hardware_components/test_hardware_components.xml
[0.349s] -- Up-to-date: /home/leo/Documents/Tactile_Sensing_Raptor_Lab/ros2_ws/install/hardware_interface/share/hardware_interface/environment/library_path.sh
[0.349s] -- Up-to-date: /home/leo/Documents/Tactile_Sensing_Raptor_Lab/ros2_ws/install/hardware_interface/share/hardware_interface/environment/library_path.dsv
[0.353s] -- Up-to-date: /home/leo/Documents/Tactile_Sensing_Raptor_Lab/ros2_ws/install/hardware_interface/share/ament_index/resource_index/package_run_dependencies/hardware_interface
[0.354s] -- Up-to-date: /home/leo/Documents/Tactile_Sensing_Raptor_Lab/ros2_ws/install/hardware_interface/share/ament_index/resource_index/parent_prefix_path/hardware_interface
[0.354s] -- Up-to-date: /home/leo/Documents/Tactile_Sensing_Raptor_Lab/ros2_ws/install/hardware_interface/share/hardware_interface/environment/ament_prefix_path.sh
[0.354s] -- Up-to-date: /home/leo/Documents/Tactile_Sensing_Raptor_Lab/ros2_ws/install/hardware_interface/share/hardware_interface/environment/ament_prefix_path.dsv
[0.355s] -- Up-to-date: /home/leo/Documents/Tactile_Sensing_Raptor_Lab/ros2_ws/install/hardware_interface/share/hardware_interface/environment/path.sh
[0.357s] -- Up-to-date: /home/leo/Documents/Tactile_Sensing_Raptor_Lab/ros2_ws/install/hardware_interface/share/hardware_interface/environment/path.dsv
[0.358s] -- Up-to-date: /home/leo/Documents/Tactile_Sensing_Raptor_Lab/ros2_ws/install/hardware_interface/share/hardware_interface/local_setup.bash
[0.358s] -- Up-to-date: /home/leo/Documents/Tactile_Sensing_Raptor_Lab/ros2_ws/install/hardware_interface/share/hardware_interface/local_setup.sh
[0.358s] -- Up-to-date: /home/leo/Documents/Tactile_Sensing_Raptor_Lab/ros2_ws/install/hardware_interface/share/hardware_interface/local_setup.zsh
[0.358s] -- Up-to-date: /home/leo/Documents/Tactile_Sensing_Raptor_Lab/ros2_ws/install/hardware_interface/share/hardware_interface/local_setup.dsv
[0.359s] -- Installing: /home/leo/Documents/Tactile_Sensing_Raptor_Lab/ros2_ws/install/hardware_interface/share/hardware_interface/package.dsv
[0.359s] -- Up-to-date: /home/leo/Documents/Tactile_Sensing_Raptor_Lab/ros2_ws/install/hardware_interface/share/ament_index/resource_index/packages/hardware_interface
[0.359s] -- Up-to-date: /home/leo/Documents/Tactile_Sensing_Raptor_Lab/ros2_ws/install/hardware_interface/share/ament_index/resource_index/hardware_interface__pluginlib__plugin/hardware_interface
[0.359s] -- Up-to-date: /home/leo/Documents/Tactile_Sensing_Raptor_Lab/ros2_ws/install/hardware_interface/share/hardware_interface/cmake/ament_cmake_export_include_directories-extras.cmake
[0.360s] -- Up-to-date: /home/leo/Documents/Tactile_Sensing_Raptor_Lab/ros2_ws/install/hardware_interface/share/hardware_interface/cmake/ament_cmake_export_libraries-extras.cmake
[0.362s] -- Up-to-date: /home/leo/Documents/Tactile_Sensing_Raptor_Lab/ros2_ws/install/hardware_interface/share/hardware_interface/cmake/ament_cmake_export_dependencies-extras.cmake
[0.363s] -- Up-to-date: /home/leo/Documents/Tactile_Sensing_Raptor_Lab/ros2_ws/install/hardware_interface/share/hardware_interface/cmake/hardware_interfaceConfig.cmake
[0.363s] -- Up-to-date: /home/leo/Documents/Tactile_Sensing_Raptor_Lab/ros2_ws/install/hardware_interface/share/hardware_interface/cmake/hardware_interfaceConfig-version.cmake
[0.363s] -- Up-to-date: /home/leo/Documents/Tactile_Sensing_Raptor_Lab/ros2_ws/install/hardware_interface/share/hardware_interface/package.xml
[0.363s] -- Up-to-date: /home/leo/Documents/Tactile_Sensing_Raptor_Lab/ros2_ws/install/hardware_interface/include/hardware_interface/hardware_interface/version.h
[0.380s] Invoked command in '/home/leo/Documents/Tactile_Sensing_Raptor_Lab/ros2_ws/build/hardware_interface' returned '0': AMENT_PREFIX_PATH=/home/leo/Documents/Tactile_Sensing_Raptor_Lab/ros2_ws/install/ros2_control_test_assets:/home/leo/Documents/Tactile_Sensing_Raptor_Lab/ros2_ws/install/control_msgs:${AMENT_PREFIX_PATH} CMAKE_PREFIX_PATH=/home/leo/Documents/Tactile_Sensing_Raptor_Lab/ros2_ws/install/ros2_control_test_assets:/home/leo/Documents/Tactile_Sensing_Raptor_Lab/ros2_ws/install/control_msgs:/opt/ros/humble LD_LIBRARY_PATH=/home/leo/Documents/Tactile_Sensing_Raptor_Lab/ros2_ws/install/control_msgs/lib:${LD_LIBRARY_PATH} PYTHONPATH=/home/leo/Documents/Tactile_Sensing_Raptor_Lab/ros2_ws/install/control_msgs/lib/python3.10/site-packages:${PYTHONPATH} /usr/bin/cmake --install /home/leo/Documents/Tactile_Sensing_Raptor_Lab/ros2_ws/build/hardware_interface
