[0.000000] (-) TimerEvent: {}
[0.001370] (tactile_sensing) JobQueued: {'identifier': 'tactile_sensing', 'dependencies': OrderedDict()}
[0.001467] (tactile_sensing) JobStarted: {'identifier': 'tactile_sensing'}
[0.099613] (-) TimerEvent: {}
[0.200121] (-) TimerEvent: {}
[0.300571] (-) TimerEvent: {}
[0.401020] (-) TimerEvent: {}
[0.501422] (-) TimerEvent: {}
[0.601864] (-) TimerEvent: {}
[0.702242] (-) TimerEvent: {}
[0.802672] (-) TimerEvent: {}
[0.903029] (-) TimerEvent: {}
[1.001176] (tactile_sensing) Command: {'cmd': ['/usr/bin/python3', '-W', 'ignore:setup.py install is deprecated', '-W', 'ignore:easy_install command is deprecated', 'setup.py', 'egg_info', '--egg-base', '../../../build/tactile_sensing', 'build', '--build-base', '/home/leo/Documents/Tactile_Sensing_Raptor_Lab/build/tactile_sensing/build', 'install', '--record', '/home/leo/Documents/Tactile_Sensing_Raptor_Lab/build/tactile_sensing/install.log', '--single-version-externally-managed', 'install_data'], 'cwd': '/home/leo/Documents/Tactile_Sensing_Raptor_Lab/ros2_ws/src/tactile_sensing', 'env': {'NV_LIBCUBLAS_VERSION': '11.11.3.6-1', 'NV_CUDA_COMPAT_PACKAGE': 'cuda-compat-11-8', 'LD_LIBARY_PATH': '/usr/local/cuda-12.8.0/lib64:/opt/ros/humble/opt/rviz_ogre_vendor/lib:/opt/ros/humble/lib/x86_64-linux-gnu:/opt/ros/humble/lib', 'MAIL': '/var/mail/leo', 'USER': 'leo', 'SSH_AGENT_PID': '12031', 'SHLVL': '2', 'LIBGL_ALWAYS_SOFTWARE': '0', 'LD_LIBRARY_PATH': '/opt/ros/humble/opt/rviz_ogre_vendor/lib:/opt/ros/humble/lib/x86_64-linux-gnu:/opt/ros/humble/lib', 'NV_LIBNCCL_PACKAGE_VERSION': '2.15.5-1', 'AMENT_CPPCHECK_ALLOW_SLOW_VERSIONS': '1', 'HOME': '/home/leo', 'OLDPWD': '/home/leo', 'ROS_PYTHON_VERSION': '3', 'PS1': '(Tactile_Sensing_Raptor_Lab) ${debian_chroot:+($debian_chroot)}\\u@\\h:\\w\\$', 'NV_LIBNPP_PACKAGE': 'libnpp-11-8=11.8.0.86-1', 'CUDA_VERSION': '11.8.0', 'COLCON_PREFIX_PATH': '/home/leo/Documents/Tactile_Sensing_Raptor_Lab/install:/home/leo/Documents/Tactile_Sensing_Raptor_Lab/ros2_ws/install:/opt/ros/humble', 'ROS_DISTRO': 'humble', 'LOGNAME': 'leo', 'NV_LIBCUBLAS_PACKAGE_NAME': 'libcublas-11-8', 'PYTHONDONTWRITEBYTECODE': '1', 'NVIDIA_REQUIRE_CUDA': 'cuda>=11.8 brand=tesla,driver>=470,driver<471 brand=unknown,driver>=470,driver<471 brand=nvidia,driver>=470,driver<471 brand=nvidiartx,driver>=470,driver<471 brand=geforce,driver>=470,driver<471 brand=geforcertx,driver>=470,driver<471 brand=quadro,driver>=470,driver<471 brand=quadrortx,driver>=470,driver<471 brand=titan,driver>=470,driver<471 brand=titanrtx,driver>=470,driver<471', 'PIP_DISABLE_PIP_VERSION_CHECK': '1', '_': '/usr/bin/colcon', 'ROS_VERSION': '2', 'NV_LIBCUSPARSE_VERSION': '11.7.5.86-1', 'NVIDIA_DRIVER_CAPABILITIES': 'graphics,utility,compute', 'NV_CUDA_LIB_VERSION': '11.8.0-1', 'NV_LIBNCCL_PACKAGE_NAME': 'libnccl2', 'TERM': 'xterm', 'NV_CUDA_CUDART_VERSION': '11.8.89-1', 'ROS_LOCALHOST_ONLY': '0', 'QT_X11_NO_MITSHM': '1', 'PATH': '/home/leo/.local/share/virtualenvs/Tactile_Sensing_Raptor_Lab-fBIDry_x/bin:/usr/local/cuda-12.8.0/bin:/home/leo/leo/.local/bin:/usr/local/cuda-12.8.0/bin:/home/leo/leo/.local/bin:/opt/ros/humble/bin:/usr/local/nvidia/bin:/usr/local/cuda/bin:/usr/local/sbin:/usr/local/bin:/usr/sbin:/usr/bin:/sbin:/bin', 'NV_LIBCUBLAS_PACKAGE': 'libcublas-11-8=11.11.3.6-1', 'NVARCH': 'x86_64', 'PIPENV_ACTIVE': '1', 'DISPLAY': ':0.0', 'NV_LIBNCCL_PACKAGE': 'libnccl2=2.15.5-1+cuda11.8', 'NVIDIA_PRODUCT_NAME': 'CUDA', 'LANG': 'en_US.UTF-8', 'VIRTUAL_ENV_PROMPT': 'Tactile_Sensing_Raptor_Lab', 'SSH_AUTH_SOCK': '/tmp/ssh-XXXXXX7l5oND/agent.12030', 'AMENT_PREFIX_PATH': '/home/leo/Documents/Tactile_Sensing_Raptor_Lab/install/tactile_sensing:/home/leo/Documents/Tactile_Sensing_Raptor_Lab/ros2_ws/install/tactile_sensing:/opt/ros/humble', 'DEBIAN_FRONTEND': '', 'SHELL': '/bin/bash', 'PIP_PYTHON_PATH': '/home/leo/.local/share/virtualenvs/Tactile_Sensing_Raptor_Lab-fBIDry_x/bin/python', 'NV_NVTX_VERSION': '11.8.86-1', 'NV_LIBNPP_VERSION': '11.8.0.86-1', 'VIRTUAL_ENV': '/home/leo/.local/share/virtualenvs/Tactile_Sensing_Raptor_Lab-fBIDry_x', 'ROS_AUTOMATIC_DISCOVERY_RANGE': 'SUBNET', 'PWD': '/home/leo/Documents/Tactile_Sensing_Raptor_Lab/build/tactile_sensing', 'LC_ALL': 'en_US.UTF-8', 'PYTHONPATH': '/home/leo/Documents/Tactile_Sensing_Raptor_Lab/build/tactile_sensing/prefix_override:/usr/lib/python3/dist-packages/colcon_core/task/python/colcon_distutils_commands:/home/leo/Documents/Tactile_Sensing_Raptor_Lab/install/tactile_sensing/lib/python3.10/site-packages:/home/leo/Documents/Tactile_Sensing_Raptor_Lab/install/tactile_sensing/lib/python3.10/site-packages:/home/leo/Documents/Tactile_Sensing_Raptor_Lab/ros2_ws/install/tactile_sensing/lib/python3.10/site-packages:/opt/ros/humble/local/lib/python3.10/dist-packages:/opt/ros/humble/lib/python3.10/site-packages', 'NVIDIA_VISIBLE_DEVICES': 'all', 'NCCL_VERSION': '2.15.5-1', 'COLCON': '1'}, 'shell': False}
[1.004800] (-) TimerEvent: {}
[1.105334] (-) TimerEvent: {}
[1.205718] (-) TimerEvent: {}
[1.306159] (-) TimerEvent: {}
[1.345515] (tactile_sensing) StdoutLine: {'line': b'running egg_info\n'}
[1.364257] (tactile_sensing) StdoutLine: {'line': b'writing ../../../build/tactile_sensing/tactile_sensing.egg-info/PKG-INFO\n'}
[1.364729] (tactile_sensing) StdoutLine: {'line': b'writing dependency_links to ../../../build/tactile_sensing/tactile_sensing.egg-info/dependency_links.txt\n'}
[1.365052] (tactile_sensing) StdoutLine: {'line': b'writing entry points to ../../../build/tactile_sensing/tactile_sensing.egg-info/entry_points.txt\n'}
[1.365264] (tactile_sensing) StdoutLine: {'line': b'writing requirements to ../../../build/tactile_sensing/tactile_sensing.egg-info/requires.txt\n'}
[1.365545] (tactile_sensing) StdoutLine: {'line': b'writing top-level names to ../../../build/tactile_sensing/tactile_sensing.egg-info/top_level.txt\n'}
[1.402634] (tactile_sensing) StdoutLine: {'line': b"reading manifest file '../../../build/tactile_sensing/tactile_sensing.egg-info/SOURCES.txt'\n"}
[1.404413] (tactile_sensing) StdoutLine: {'line': b"writing manifest file '../../../build/tactile_sensing/tactile_sensing.egg-info/SOURCES.txt'\n"}
[1.404564] (tactile_sensing) StdoutLine: {'line': b'running build\n'}
[1.404639] (tactile_sensing) StdoutLine: {'line': b'running build_py\n'}
[1.404885] (tactile_sensing) StdoutLine: {'line': b'copying tactile_sensing/__init__.py -> /home/leo/Documents/Tactile_Sensing_Raptor_Lab/build/tactile_sensing/build/lib/tactile_sensing\n'}
[1.404980] (tactile_sensing) StdoutLine: {'line': b'copying tactile_sensing/functions.py -> /home/leo/Documents/Tactile_Sensing_Raptor_Lab/build/tactile_sensing/build/lib/tactile_sensing\n'}
[1.405249] (tactile_sensing) StdoutLine: {'line': b'copying tactile_sensing/model_based_mpc.py -> /home/leo/Documents/Tactile_Sensing_Raptor_Lab/build/tactile_sensing/build/lib/tactile_sensing\n'}
[1.405495] (tactile_sensing) StdoutLine: {'line': b'copying tactile_sensing/nn_controller.py -> /home/leo/Documents/Tactile_Sensing_Raptor_Lab/build/tactile_sensing/build/lib/tactile_sensing\n'}
[1.405649] (tactile_sensing) StdoutLine: {'line': b'copying tactile_sensing/show3d_ros2.py -> /home/leo/Documents/Tactile_Sensing_Raptor_Lab/build/tactile_sensing/build/lib/tactile_sensing\n'}
[1.405773] (tactile_sensing) StdoutLine: {'line': b'copying tactile_sensing/show_tactile_image.py -> /home/leo/Documents/Tactile_Sensing_Raptor_Lab/build/tactile_sensing/build/lib/tactile_sensing\n'}
[1.405992] (tactile_sensing) StdoutLine: {'line': b'running install\n'}
[1.406129] (tactile_sensing) StderrLine: {'line': b'warning: build_py: byte-compiling is disabled, skipping.\n'}
[1.406203] (-) TimerEvent: {}
[1.406302] (tactile_sensing) StderrLine: {'line': b'\n'}
[1.411617] (tactile_sensing) StdoutLine: {'line': b'running install_lib\n'}
[1.431221] (tactile_sensing) StdoutLine: {'line': b'copying /home/leo/Documents/Tactile_Sensing_Raptor_Lab/build/tactile_sensing/build/lib/tactile_sensing/nn_controller.py -> /home/leo/Documents/Tactile_Sensing_Raptor_Lab/install/tactile_sensing/lib/python3.10/site-packages/tactile_sensing\n'}
[1.431535] (tactile_sensing) StderrLine: {'line': b'warning: install_lib: byte-compiling is disabled, skipping.\n'}
[1.431694] (tactile_sensing) StderrLine: {'line': b'\n'}
[1.431989] (tactile_sensing) StdoutLine: {'line': b'running install_data\n'}
[1.432089] (tactile_sensing) StdoutLine: {'line': b'copying resource/tactile_sensing -> /home/leo/Documents/Tactile_Sensing_Raptor_Lab/install/tactile_sensing/share/ament_index/resource_index/packages\n'}
[1.432155] (tactile_sensing) StdoutLine: {'line': b'copying package.xml -> /home/leo/Documents/Tactile_Sensing_Raptor_Lab/install/tactile_sensing/share/tactile_sensing\n'}
[1.432361] (tactile_sensing) StdoutLine: {'line': b'copying launch/mpc_controller.launch.py -> /home/leo/Documents/Tactile_Sensing_Raptor_Lab/install/tactile_sensing/share/tactile_sensing/launch\n'}
[1.432716] (tactile_sensing) StdoutLine: {'line': b'copying launch/nn_controller.launch.py -> /home/leo/Documents/Tactile_Sensing_Raptor_Lab/install/tactile_sensing/share/tactile_sensing/launch\n'}
[1.432813] (tactile_sensing) StdoutLine: {'line': b'running install_egg_info\n'}
[1.452229] (tactile_sensing) StdoutLine: {'line': b"removing '/home/leo/Documents/Tactile_Sensing_Raptor_Lab/install/tactile_sensing/lib/python3.10/site-packages/tactile_sensing-0.0.0-py3.10.egg-info' (and everything under it)\n"}
[1.452553] (tactile_sensing) StdoutLine: {'line': b'Copying ../../../build/tactile_sensing/tactile_sensing.egg-info to /home/leo/Documents/Tactile_Sensing_Raptor_Lab/install/tactile_sensing/lib/python3.10/site-packages/tactile_sensing-0.0.0-py3.10.egg-info\n'}
[1.453605] (tactile_sensing) StdoutLine: {'line': b'running install_scripts\n'}
[1.506392] (-) TimerEvent: {}
[1.596913] (tactile_sensing) StdoutLine: {'line': b'Installing camera_publisher script to /home/leo/Documents/Tactile_Sensing_Raptor_Lab/install/tactile_sensing/lib/tactile_sensing\n'}
[1.597202] (tactile_sensing) StdoutLine: {'line': b'Installing model_based_mpc script to /home/leo/Documents/Tactile_Sensing_Raptor_Lab/install/tactile_sensing/lib/tactile_sensing\n'}
[1.597445] (tactile_sensing) StdoutLine: {'line': b'Installing nn_controller script to /home/leo/Documents/Tactile_Sensing_Raptor_Lab/install/tactile_sensing/lib/tactile_sensing\n'}
[1.597603] (tactile_sensing) StdoutLine: {'line': b'Installing show3d_ros2 script to /home/leo/Documents/Tactile_Sensing_Raptor_Lab/install/tactile_sensing/lib/tactile_sensing\n'}
[1.597691] (tactile_sensing) StdoutLine: {'line': b'Installing show_tac_image script to /home/leo/Documents/Tactile_Sensing_Raptor_Lab/install/tactile_sensing/lib/tactile_sensing\n'}
[1.597826] (tactile_sensing) StdoutLine: {'line': b"writing list of installed files to '/home/leo/Documents/Tactile_Sensing_Raptor_Lab/build/tactile_sensing/install.log'\n"}
[1.606595] (-) TimerEvent: {}
[1.632279] (tactile_sensing) CommandEnded: {'returncode': 0}
[1.646686] (tactile_sensing) JobEnded: {'identifier': 'tactile_sensing', 'rc': 0}
[1.647454] (-) EventReactorShutdown: {}
