[0.030s] Invoking command in '/home/leo/Documents/Tactile_Sensing_Raptor_Lab/ros2_ws/build/ros_gz_interfaces': CMAKE_PREFIX_PATH=/opt/ros/humble PS1=
\[[1;36m\]Tactile_Sensing_Raptor_Lab/ros2_ws\[[0m\] on \[[1;35m\] main\[[0m\] \[[1;31m\][!?]\[[0m\] via \[[1;33m\]🐍 v3.10.12 (Tactile_Sensing_Raptor_Lab) \[[0m\]took \[[1;33m\]4s\[[0m\]
\[[1;31m\]❯\[[0m\] /usr/bin/cmake /home/leo/Documents/Tactile_Sensing_Raptor_Lab/ros2_ws/src/ros_gz/ros_gz_interfaces -DCMAKE_INSTALL_PREFIX=/home/leo/Documents/Tactile_Sensing_Raptor_Lab/ros2_ws/install/ros_gz_interfaces
[0.046s] -- Found ament_cmake: 1.3.10 (/opt/ros/humble/share/ament_cmake/cmake)
[0.184s] -- Found builtin_interfaces: 1.2.1 (/opt/ros/humble/share/builtin_interfaces/cmake)
[0.211s] -- Found rosidl_generator_c: 3.1.5 (/opt/ros/humble/share/rosidl_generator_c/cmake)
[0.214s] -- Found rosidl_adapter: 3.1.5 (/opt/ros/humble/share/rosidl_adapter/cmake)
[0.220s] -- Found rosidl_generator_cpp: 3.1.5 (/opt/ros/humble/share/rosidl_generator_cpp/cmake)
[0.230s] -- Using all available rosidl_typesupport_c: rosidl_typesupport_fastrtps_c;rosidl_typesupport_introspection_c
[0.242s] -- Using all available rosidl_typesupport_cpp: rosidl_typesupport_fastrtps_cpp;rosidl_typesupport_introspection_cpp
[0.253s] -- Found rcl_interfaces: 1.2.1 (/opt/ros/humble/share/rcl_interfaces/cmake)
[0.264s] -- Found std_msgs: 4.2.4 (/opt/ros/humble/share/std_msgs/cmake)
[0.276s] -- Found geometry_msgs: 4.2.4 (/opt/ros/humble/share/geometry_msgs/cmake)
[0.290s] -- Found rosidl_default_generators: 1.2.0 (/opt/ros/humble/share/rosidl_default_generators/cmake)
[0.408s] [31mCMake Error at /opt/ros/humble/share/rosidl_adapter/cmake/rosidl_adapt_interfaces.cmake:59 (message):
[0.409s]   
[0.409s]   execute_process(/home/leo/.local/share/virtualenvs/Tactile_Sensing_Raptor_Lab-fBIDry_x/bin/python3
[0.409s]   -m rosidl_adapter --package-name ros_gz_interfaces --arguments-file
[0.409s]   /home/leo/Documents/Tactile_Sensing_Raptor_Lab/ros2_ws/build/ros_gz_interfaces/rosidl_adapter__arguments__ros_gz_interfaces.json
[0.409s]   --output-dir
[0.409s]   /home/leo/Documents/Tactile_Sensing_Raptor_Lab/ros2_ws/build/ros_gz_interfaces/rosidl_adapter/ros_gz_interfaces
[0.409s]   --output-file
[0.409s]   /home/leo/Documents/Tactile_Sensing_Raptor_Lab/ros2_ws/build/ros_gz_interfaces/rosidl_adapter/ros_gz_interfaces.idls)
[0.410s]   returned error code 1:
[0.410s] 
[0.410s]   Traceback (most recent call last):
[0.410s] 
[0.410s]     File "/usr/lib/python3.10/runpy.py", line 196, in _run_module_as_main
[0.410s]       return _run_code(code, main_globals, None,
[0.410s]     File "/usr/lib/python3.10/runpy.py", line 86, in _run_code
[0.410s]       exec(code, run_globals)
[0.410s]     File "/opt/ros/humble/local/lib/python3.10/dist-packages/rosidl_adapter/__main__.py", line 19, in <module>
[0.410s]       sys.exit(main())
[0.410s]     File "/opt/ros/humble/local/lib/python3.10/dist-packages/rosidl_adapter/main.py", line 53, in main
[0.410s]       abs_idl_file = convert_to_idl(
[0.410s]     File "/opt/ros/humble/local/lib/python3.10/dist-packages/rosidl_adapter/__init__.py", line 18, in convert_to_idl
[0.410s]       from rosidl_adapter.msg import convert_msg_to_idl
[0.410s]     File "/opt/ros/humble/local/lib/python3.10/dist-packages/rosidl_adapter/msg/__init__.py", line 16, in <module>
[0.411s]       from rosidl_adapter.resource import expand_template
[0.411s]     File "/opt/ros/humble/local/lib/python3.10/dist-packages/rosidl_adapter/resource/__init__.py", line 19, in <module>
[0.411s]       import em
[0.411s] 
[0.411s]   ModuleNotFoundError: No module named 'em'
[0.411s] 
[0.411s] Call Stack (most recent call first):
[0.411s]   /opt/ros/humble/share/rosidl_cmake/cmake/rosidl_generate_interfaces.cmake:130 (rosidl_adapt_interfaces)
[0.411s]   CMakeLists.txt:50 (rosidl_generate_interfaces)
[0.411s] 
[0.411s] [0m
[0.411s] -- Configuring incomplete, errors occurred!
[0.411s] See also "/home/leo/Documents/Tactile_Sensing_Raptor_Lab/ros2_ws/build/ros_gz_interfaces/CMakeFiles/CMakeOutput.log".
