[0.036s] Invoking command in '/home/leo/Documents/Tactile_Sensing_Raptor_Lab/ros2_ws/build/ros_ign_interfaces': AMENT_PREFIX_PATH=/home/leo/Documents/Tactile_Sensing_Raptor_Lab/ros2_ws/install/ros_gz_interfaces:${AMENT_PREFIX_PATH} CMAKE_PREFIX_PATH=/home/leo/Documents/Tactile_Sensing_Raptor_Lab/ros2_ws/install/ros_gz_interfaces:/opt/ros/humble LD_LIBRARY_PATH=/home/leo/Documents/Tactile_Sensing_Raptor_Lab/ros2_ws/install/ros_gz_interfaces/lib:${LD_LIBRARY_PATH} PYTHONPATH=/home/leo/Documents/Tactile_Sensing_Raptor_Lab/ros2_ws/install/ros_gz_interfaces/lib/python3.10/site-packages:${PYTHONPATH} /usr/bin/cmake --build /home/leo/Documents/Tactile_Sensing_Raptor_Lab/ros2_ws/build/ros_ign_interfaces -- -j12 -l12
[0.340s] [  0%] Built target ros_ign_interfaces__cpp
[0.388s] [ 12%] Built target ros_ign_interfaces__rosidl_generator_c
[0.439s] [ 12%] Built target ament_cmake_python_copy_ros_ign_interfaces
[0.519s] [ 24%] Built target ros_ign_interfaces__rosidl_typesupport_cpp
[0.543s] [ 54%] Built target ros_ign_interfaces__rosidl_typesupport_introspection_c
[0.548s] [ 64%] Built target ros_ign_interfaces__rosidl_typesupport_introspection_cpp
[0.548s] [ 54%] Built target ros_ign_interfaces__rosidl_typesupport_c
[0.549s] [ 72%] Built target ros_ign_interfaces__rosidl_typesupport_fastrtps_cpp
[0.560s] [ 84%] Built target ros_ign_interfaces__rosidl_typesupport_fastrtps_c
[0.673s] [ 84%] Built target ros_ign_interfaces
[0.777s] [ 85%] Built target ros_ign_interfaces__py
[0.938s] [ 96%] Built target ros_ign_interfaces__rosidl_generator_py
[1.064s] [ 98%] Built target ros_ign_interfaces__rosidl_typesupport_fastrtps_c__pyext
[1.064s] [100%] Built target ros_ign_interfaces__rosidl_typesupport_introspection_c__pyext
[1.065s] [100%] Built target ros_ign_interfaces__rosidl_typesupport_c__pyext
[1.235s] running egg_info
[1.277s] writing ros_ign_interfaces.egg-info/PKG-INFO
[1.278s] writing dependency_links to ros_ign_interfaces.egg-info/dependency_links.txt
[1.283s] writing top-level names to ros_ign_interfaces.egg-info/top_level.txt
[1.440s] reading manifest file 'ros_ign_interfaces.egg-info/SOURCES.txt'
[1.444s] writing manifest file 'ros_ign_interfaces.egg-info/SOURCES.txt'
[1.631s] [100%] Built target ament_cmake_python_build_ros_ign_interfaces_egg
[1.714s] Invoked command in '/home/leo/Documents/Tactile_Sensing_Raptor_Lab/ros2_ws/build/ros_ign_interfaces' returned '0': AMENT_PREFIX_PATH=/home/leo/Documents/Tactile_Sensing_Raptor_Lab/ros2_ws/install/ros_gz_interfaces:${AMENT_PREFIX_PATH} CMAKE_PREFIX_PATH=/home/leo/Documents/Tactile_Sensing_Raptor_Lab/ros2_ws/install/ros_gz_interfaces:/opt/ros/humble LD_LIBRARY_PATH=/home/leo/Documents/Tactile_Sensing_Raptor_Lab/ros2_ws/install/ros_gz_interfaces/lib:${LD_LIBRARY_PATH} PYTHONPATH=/home/leo/Documents/Tactile_Sensing_Raptor_Lab/ros2_ws/install/ros_gz_interfaces/lib/python3.10/site-packages:${PYTHONPATH} /usr/bin/cmake --build /home/leo/Documents/Tactile_Sensing_Raptor_Lab/ros2_ws/build/ros_ign_interfaces -- -j12 -l12
[1.723s] Invoking command in '/home/leo/Documents/Tactile_Sensing_Raptor_Lab/ros2_ws/build/ros_ign_interfaces': AMENT_PREFIX_PATH=/home/leo/Documents/Tactile_Sensing_Raptor_Lab/ros2_ws/install/ros_gz_interfaces:${AMENT_PREFIX_PATH} CMAKE_PREFIX_PATH=/home/leo/Documents/Tactile_Sensing_Raptor_Lab/ros2_ws/install/ros_gz_interfaces:/opt/ros/humble LD_LIBRARY_PATH=/home/leo/Documents/Tactile_Sensing_Raptor_Lab/ros2_ws/install/ros_gz_interfaces/lib:${LD_LIBRARY_PATH} PYTHONPATH=/home/leo/Documents/Tactile_Sensing_Raptor_Lab/ros2_ws/install/ros_gz_interfaces/lib/python3.10/site-packages:${PYTHONPATH} /usr/bin/cmake --install /home/leo/Documents/Tactile_Sensing_Raptor_Lab/ros2_ws/build/ros_ign_interfaces
[1.766s] -- Install configuration: "Release"
[1.772s] -- Up-to-date: /home/leo/Documents/Tactile_Sensing_Raptor_Lab/ros2_ws/install/ros_ign_interfaces/share/ament_index/resource_index/rosidl_interfaces/ros_ign_interfaces
[1.773s] -- Up-to-date: /home/leo/Documents/Tactile_Sensing_Raptor_Lab/ros2_ws/install/ros_ign_interfaces/include/ros_ign_interfaces/ros_ign_interfaces
[1.773s] -- Up-to-date: /home/leo/Documents/Tactile_Sensing_Raptor_Lab/ros2_ws/install/ros_ign_interfaces/include/ros_ign_interfaces/ros_ign_interfaces/srv
[1.774s] -- Up-to-date: /home/leo/Documents/Tactile_Sensing_Raptor_Lab/ros2_ws/install/ros_ign_interfaces/include/ros_ign_interfaces/ros_ign_interfaces/srv/delete_entity.h
[1.774s] -- Up-to-date: /home/leo/Documents/Tactile_Sensing_Raptor_Lab/ros2_ws/install/ros_ign_interfaces/include/ros_ign_interfaces/ros_ign_interfaces/srv/spawn_entity.h
[1.774s] -- Up-to-date: /home/leo/Documents/Tactile_Sensing_Raptor_Lab/ros2_ws/install/ros_ign_interfaces/include/ros_ign_interfaces/ros_ign_interfaces/srv/set_entity_pose.h
[1.775s] -- Up-to-date: /home/leo/Documents/Tactile_Sensing_Raptor_Lab/ros2_ws/install/ros_ign_interfaces/include/ros_ign_interfaces/ros_ign_interfaces/srv/control_world.h
[1.779s] -- Up-to-date: /home/leo/Documents/Tactile_Sensing_Raptor_Lab/ros2_ws/install/ros_ign_interfaces/include/ros_ign_interfaces/ros_ign_interfaces/srv/detail
[1.779s] -- Up-to-date: /home/leo/Documents/Tactile_Sensing_Raptor_Lab/ros2_ws/install/ros_ign_interfaces/include/ros_ign_interfaces/ros_ign_interfaces/srv/detail/set_entity_pose__struct.h
[1.782s] -- Up-to-date: /home/leo/Documents/Tactile_Sensing_Raptor_Lab/ros2_ws/install/ros_ign_interfaces/include/ros_ign_interfaces/ros_ign_interfaces/srv/detail/spawn_entity__functions.c
[1.782s] -- Up-to-date: /home/leo/Documents/Tactile_Sensing_Raptor_Lab/ros2_ws/install/ros_ign_interfaces/include/ros_ign_interfaces/ros_ign_interfaces/srv/detail/spawn_entity__struct.h
[1.782s] -- Up-to-date: /home/leo/Documents/Tactile_Sensing_Raptor_Lab/ros2_ws/install/ros_ign_interfaces/include/ros_ign_interfaces/ros_ign_interfaces/srv/detail/spawn_entity__functions.h
[1.783s] -- Up-to-date: /home/leo/Documents/Tactile_Sensing_Raptor_Lab/ros2_ws/install/ros_ign_interfaces/include/ros_ign_interfaces/ros_ign_interfaces/srv/detail/control_world__struct.h
[1.783s] -- Up-to-date: /home/leo/Documents/Tactile_Sensing_Raptor_Lab/ros2_ws/install/ros_ign_interfaces/include/ros_ign_interfaces/ros_ign_interfaces/srv/detail/control_world__functions.h
[1.783s] -- Up-to-date: /home/leo/Documents/Tactile_Sensing_Raptor_Lab/ros2_ws/install/ros_ign_interfaces/include/ros_ign_interfaces/ros_ign_interfaces/srv/detail/delete_entity__functions.c
[1.783s] -- Up-to-date: /home/leo/Documents/Tactile_Sensing_Raptor_Lab/ros2_ws/install/ros_ign_interfaces/include/ros_ign_interfaces/ros_ign_interfaces/srv/detail/set_entity_pose__type_support.h
[1.783s] -- Up-to-date: /home/leo/Documents/Tactile_Sensing_Raptor_Lab/ros2_ws/install/ros_ign_interfaces/include/ros_ign_interfaces/ros_ign_interfaces/srv/detail/delete_entity__functions.h
[1.783s] -- Up-to-date: /home/leo/Documents/Tactile_Sensing_Raptor_Lab/ros2_ws/install/ros_ign_interfaces/include/ros_ign_interfaces/ros_ign_interfaces/srv/detail/set_entity_pose__functions.h
[1.784s] -- Up-to-date: /home/leo/Documents/Tactile_Sensing_Raptor_Lab/ros2_ws/install/ros_ign_interfaces/include/ros_ign_interfaces/ros_ign_interfaces/srv/detail/spawn_entity__type_support.h
[1.784s] -- Up-to-date: /home/leo/Documents/Tactile_Sensing_Raptor_Lab/ros2_ws/install/ros_ign_interfaces/include/ros_ign_interfaces/ros_ign_interfaces/srv/detail/set_entity_pose__functions.c
[1.784s] -- Up-to-date: /home/leo/Documents/Tactile_Sensing_Raptor_Lab/ros2_ws/install/ros_ign_interfaces/include/ros_ign_interfaces/ros_ign_interfaces/srv/detail/control_world__type_support.h
[1.784s] -- Up-to-date: /home/leo/Documents/Tactile_Sensing_Raptor_Lab/ros2_ws/install/ros_ign_interfaces/include/ros_ign_interfaces/ros_ign_interfaces/srv/detail/delete_entity__type_support.h
[1.784s] -- Up-to-date: /home/leo/Documents/Tactile_Sensing_Raptor_Lab/ros2_ws/install/ros_ign_interfaces/include/ros_ign_interfaces/ros_ign_interfaces/srv/detail/control_world__functions.c
[1.784s] -- Up-to-date: /home/leo/Documents/Tactile_Sensing_Raptor_Lab/ros2_ws/install/ros_ign_interfaces/include/ros_ign_interfaces/ros_ign_interfaces/srv/detail/delete_entity__struct.h
[1.784s] -- Up-to-date: /home/leo/Documents/Tactile_Sensing_Raptor_Lab/ros2_ws/install/ros_ign_interfaces/include/ros_ign_interfaces/ros_ign_interfaces/msg
[1.785s] -- Up-to-date: /home/leo/Documents/Tactile_Sensing_Raptor_Lab/ros2_ws/install/ros_ign_interfaces/include/ros_ign_interfaces/ros_ign_interfaces/msg/entity_factory.h
[1.785s] -- Up-to-date: /home/leo/Documents/Tactile_Sensing_Raptor_Lab/ros2_ws/install/ros_ign_interfaces/include/ros_ign_interfaces/ros_ign_interfaces/msg/string_vec.h
[1.785s] -- Up-to-date: /home/leo/Documents/Tactile_Sensing_Raptor_Lab/ros2_ws/install/ros_ign_interfaces/include/ros_ign_interfaces/ros_ign_interfaces/msg/world_control.h
[1.785s] -- Up-to-date: /home/leo/Documents/Tactile_Sensing_Raptor_Lab/ros2_ws/install/ros_ign_interfaces/include/ros_ign_interfaces/ros_ign_interfaces/msg/world_reset.h
[1.785s] -- Up-to-date: /home/leo/Documents/Tactile_Sensing_Raptor_Lab/ros2_ws/install/ros_ign_interfaces/include/ros_ign_interfaces/ros_ign_interfaces/msg/contacts.h
[1.794s] -- Up-to-date: /home/leo/Documents/Tactile_Sensing_Raptor_Lab/ros2_ws/install/ros_ign_interfaces/include/ros_ign_interfaces/ros_ign_interfaces/msg/light.h
[1.798s] -- Up-to-date: /home/leo/Documents/Tactile_Sensing_Raptor_Lab/ros2_ws/install/ros_ign_interfaces/include/ros_ign_interfaces/ros_ign_interfaces/msg/track_visual.h
[1.798s] -- Up-to-date: /home/leo/Documents/Tactile_Sensing_Raptor_Lab/ros2_ws/install/ros_ign_interfaces/include/ros_ign_interfaces/ros_ign_interfaces/msg/detail
[1.798s] -- Up-to-date: /home/leo/Documents/Tactile_Sensing_Raptor_Lab/ros2_ws/install/ros_ign_interfaces/include/ros_ign_interfaces/ros_ign_interfaces/msg/detail/light__functions.c
[1.798s] -- Up-to-date: /home/leo/Documents/Tactile_Sensing_Raptor_Lab/ros2_ws/install/ros_ign_interfaces/include/ros_ign_interfaces/ros_ign_interfaces/msg/detail/video_record__struct.h
[1.799s] -- Up-to-date: /home/leo/Documents/Tactile_Sensing_Raptor_Lab/ros2_ws/install/ros_ign_interfaces/include/ros_ign_interfaces/ros_ign_interfaces/msg/detail/entity_factory__struct.h
[1.799s] -- Up-to-date: /home/leo/Documents/Tactile_Sensing_Raptor_Lab/ros2_ws/install/ros_ign_interfaces/include/ros_ign_interfaces/ros_ign_interfaces/msg/detail/gui_camera__type_support.h
[1.799s] -- Up-to-date: /home/leo/Documents/Tactile_Sensing_Raptor_Lab/ros2_ws/install/ros_ign_interfaces/include/ros_ign_interfaces/ros_ign_interfaces/msg/detail/contacts__type_support.h
[1.799s] -- Up-to-date: /home/leo/Documents/Tactile_Sensing_Raptor_Lab/ros2_ws/install/ros_ign_interfaces/include/ros_ign_interfaces/ros_ign_interfaces/msg/detail/light__struct.h
[1.799s] -- Up-to-date: /home/leo/Documents/Tactile_Sensing_Raptor_Lab/ros2_ws/install/ros_ign_interfaces/include/ros_ign_interfaces/ros_ign_interfaces/msg/detail/world_reset__struct.h
[1.799s] -- Up-to-date: /home/leo/Documents/Tactile_Sensing_Raptor_Lab/ros2_ws/install/ros_ign_interfaces/include/ros_ign_interfaces/ros_ign_interfaces/msg/detail/video_record__type_support.h
[1.800s] -- Up-to-date: /home/leo/Documents/Tactile_Sensing_Raptor_Lab/ros2_ws/install/ros_ign_interfaces/include/ros_ign_interfaces/ros_ign_interfaces/msg/detail/entity__functions.c
[1.800s] -- Up-to-date: /home/leo/Documents/Tactile_Sensing_Raptor_Lab/ros2_ws/install/ros_ign_interfaces/include/ros_ign_interfaces/ros_ign_interfaces/msg/detail/entity_factory__functions.h
[1.800s] -- Up-to-date: /home/leo/Documents/Tactile_Sensing_Raptor_Lab/ros2_ws/install/ros_ign_interfaces/include/ros_ign_interfaces/ros_ign_interfaces/msg/detail/string_vec__type_support.h
[1.800s] -- Up-to-date: /home/leo/Documents/Tactile_Sensing_Raptor_Lab/ros2_ws/install/ros_ign_interfaces/include/ros_ign_interfaces/ros_ign_interfaces/msg/detail/string_vec__functions.c
[1.800s] -- Up-to-date: /home/leo/Documents/Tactile_Sensing_Raptor_Lab/ros2_ws/install/ros_ign_interfaces/include/ros_ign_interfaces/ros_ign_interfaces/msg/detail/world_reset__type_support.h
[1.800s] -- Up-to-date: /home/leo/Documents/Tactile_Sensing_Raptor_Lab/ros2_ws/install/ros_ign_interfaces/include/ros_ign_interfaces/ros_ign_interfaces/msg/detail/world_control__functions.c
[1.800s] -- Up-to-date: /home/leo/Documents/Tactile_Sensing_Raptor_Lab/ros2_ws/install/ros_ign_interfaces/include/ros_ign_interfaces/ros_ign_interfaces/msg/detail/joint_wrench__functions.c
[1.800s] -- Up-to-date: /home/leo/Documents/Tactile_Sensing_Raptor_Lab/ros2_ws/install/ros_ign_interfaces/include/ros_ign_interfaces/ros_ign_interfaces/msg/detail/gui_camera__functions.h
[1.801s] -- Up-to-date: /home/leo/Documents/Tactile_Sensing_Raptor_Lab/ros2_ws/install/ros_ign_interfaces/include/ros_ign_interfaces/ros_ign_interfaces/msg/detail/contact__functions.c
[1.801s] -- Up-to-date: /home/leo/Documents/Tactile_Sensing_Raptor_Lab/ros2_ws/install/ros_ign_interfaces/include/ros_ign_interfaces/ros_ign_interfaces/msg/detail/contact__struct.h
[1.801s] -- Up-to-date: /home/leo/Documents/Tactile_Sensing_Raptor_Lab/ros2_ws/install/ros_ign_interfaces/include/ros_ign_interfaces/ros_ign_interfaces/msg/detail/video_record__functions.h
[1.801s] -- Up-to-date: /home/leo/Documents/Tactile_Sensing_Raptor_Lab/ros2_ws/install/ros_ign_interfaces/include/ros_ign_interfaces/ros_ign_interfaces/msg/detail/entity__functions.h
[1.801s] -- Up-to-date: /home/leo/Documents/Tactile_Sensing_Raptor_Lab/ros2_ws/install/ros_ign_interfaces/include/ros_ign_interfaces/ros_ign_interfaces/msg/detail/entity_factory__functions.c
[1.801s] -- Up-to-date: /home/leo/Documents/Tactile_Sensing_Raptor_Lab/ros2_ws/install/ros_ign_interfaces/include/ros_ign_interfaces/ros_ign_interfaces/msg/detail/contacts__functions.c
[1.805s] -- Up-to-date: /home/leo/Documents/Tactile_Sensing_Raptor_Lab/ros2_ws/install/ros_ign_interfaces/include/ros_ign_interfaces/ros_ign_interfaces/msg/detail/track_visual__struct.h
[1.806s] -- Up-to-date: /home/leo/Documents/Tactile_Sensing_Raptor_Lab/ros2_ws/install/ros_ign_interfaces/include/ros_ign_interfaces/ros_ign_interfaces/msg/detail/entity__type_support.h
[1.806s] -- Up-to-date: /home/leo/Documents/Tactile_Sensing_Raptor_Lab/ros2_ws/install/ros_ign_interfaces/include/ros_ign_interfaces/ros_ign_interfaces/msg/detail/track_visual__functions.c
[1.806s] -- Up-to-date: /home/leo/Documents/Tactile_Sensing_Raptor_Lab/ros2_ws/install/ros_ign_interfaces/include/ros_ign_interfaces/ros_ign_interfaces/msg/detail/track_visual__type_support.h
[1.806s] -- Up-to-date: /home/leo/Documents/Tactile_Sensing_Raptor_Lab/ros2_ws/install/ros_ign_interfaces/include/ros_ign_interfaces/ros_ign_interfaces/msg/detail/entity__struct.h
[1.806s] -- Up-to-date: /home/leo/Documents/Tactile_Sensing_Raptor_Lab/ros2_ws/install/ros_ign_interfaces/include/ros_ign_interfaces/ros_ign_interfaces/msg/detail/joint_wrench__functions.h
[1.807s] -- Up-to-date: /home/leo/Documents/Tactile_Sensing_Raptor_Lab/ros2_ws/install/ros_ign_interfaces/include/ros_ign_interfaces/ros_ign_interfaces/msg/detail/video_record__functions.c
[1.807s] -- Up-to-date: /home/leo/Documents/Tactile_Sensing_Raptor_Lab/ros2_ws/install/ros_ign_interfaces/include/ros_ign_interfaces/ros_ign_interfaces/msg/detail/world_reset__functions.h
[1.807s] -- Up-to-date: /home/leo/Documents/Tactile_Sensing_Raptor_Lab/ros2_ws/install/ros_ign_interfaces/include/ros_ign_interfaces/ros_ign_interfaces/msg/detail/joint_wrench__type_support.h
[1.807s] -- Up-to-date: /home/leo/Documents/Tactile_Sensing_Raptor_Lab/ros2_ws/install/ros_ign_interfaces/include/ros_ign_interfaces/ros_ign_interfaces/msg/detail/string_vec__functions.h
[1.807s] -- Up-to-date: /home/leo/Documents/Tactile_Sensing_Raptor_Lab/ros2_ws/install/ros_ign_interfaces/include/ros_ign_interfaces/ros_ign_interfaces/msg/detail/world_reset__functions.c
[1.807s] -- Up-to-date: /home/leo/Documents/Tactile_Sensing_Raptor_Lab/ros2_ws/install/ros_ign_interfaces/include/ros_ign_interfaces/ros_ign_interfaces/msg/detail/track_visual__functions.h
[1.808s] -- Up-to-date: /home/leo/Documents/Tactile_Sensing_Raptor_Lab/ros2_ws/install/ros_ign_interfaces/include/ros_ign_interfaces/ros_ign_interfaces/msg/detail/contact__type_support.h
[1.808s] -- Up-to-date: /home/leo/Documents/Tactile_Sensing_Raptor_Lab/ros2_ws/install/ros_ign_interfaces/include/ros_ign_interfaces/ros_ign_interfaces/msg/detail/gui_camera__functions.c
[1.808s] -- Up-to-date: /home/leo/Documents/Tactile_Sensing_Raptor_Lab/ros2_ws/install/ros_ign_interfaces/include/ros_ign_interfaces/ros_ign_interfaces/msg/detail/string_vec__struct.h
[1.808s] -- Up-to-date: /home/leo/Documents/Tactile_Sensing_Raptor_Lab/ros2_ws/install/ros_ign_interfaces/include/ros_ign_interfaces/ros_ign_interfaces/msg/detail/contacts__struct.h
[1.808s] -- Up-to-date: /home/leo/Documents/Tactile_Sensing_Raptor_Lab/ros2_ws/install/ros_ign_interfaces/include/ros_ign_interfaces/ros_ign_interfaces/msg/detail/entity_factory__type_support.h
[1.808s] -- Up-to-date: /home/leo/Documents/Tactile_Sensing_Raptor_Lab/ros2_ws/install/ros_ign_interfaces/include/ros_ign_interfaces/ros_ign_interfaces/msg/detail/world_control__functions.h
[1.808s] -- Up-to-date: /home/leo/Documents/Tactile_Sensing_Raptor_Lab/ros2_ws/install/ros_ign_interfaces/include/ros_ign_interfaces/ros_ign_interfaces/msg/detail/light__type_support.h
[1.809s] -- Up-to-date: /home/leo/Documents/Tactile_Sensing_Raptor_Lab/ros2_ws/install/ros_ign_interfaces/include/ros_ign_interfaces/ros_ign_interfaces/msg/detail/contacts__functions.h
[1.809s] -- Up-to-date: /home/leo/Documents/Tactile_Sensing_Raptor_Lab/ros2_ws/install/ros_ign_interfaces/include/ros_ign_interfaces/ros_ign_interfaces/msg/detail/gui_camera__struct.h
[1.809s] -- Up-to-date: /home/leo/Documents/Tactile_Sensing_Raptor_Lab/ros2_ws/install/ros_ign_interfaces/include/ros_ign_interfaces/ros_ign_interfaces/msg/detail/world_control__type_support.h
[1.809s] -- Up-to-date: /home/leo/Documents/Tactile_Sensing_Raptor_Lab/ros2_ws/install/ros_ign_interfaces/include/ros_ign_interfaces/ros_ign_interfaces/msg/detail/world_control__struct.h
[1.809s] -- Up-to-date: /home/leo/Documents/Tactile_Sensing_Raptor_Lab/ros2_ws/install/ros_ign_interfaces/include/ros_ign_interfaces/ros_ign_interfaces/msg/detail/joint_wrench__struct.h
[1.809s] -- Up-to-date: /home/leo/Documents/Tactile_Sensing_Raptor_Lab/ros2_ws/install/ros_ign_interfaces/include/ros_ign_interfaces/ros_ign_interfaces/msg/detail/contact__functions.h
[1.813s] -- Up-to-date: /home/leo/Documents/Tactile_Sensing_Raptor_Lab/ros2_ws/install/ros_ign_interfaces/include/ros_ign_interfaces/ros_ign_interfaces/msg/detail/light__functions.h
[1.813s] -- Up-to-date: /home/leo/Documents/Tactile_Sensing_Raptor_Lab/ros2_ws/install/ros_ign_interfaces/include/ros_ign_interfaces/ros_ign_interfaces/msg/video_record.h
[1.814s] -- Up-to-date: /home/leo/Documents/Tactile_Sensing_Raptor_Lab/ros2_ws/install/ros_ign_interfaces/include/ros_ign_interfaces/ros_ign_interfaces/msg/gui_camera.h
[1.814s] -- Up-to-date: /home/leo/Documents/Tactile_Sensing_Raptor_Lab/ros2_ws/install/ros_ign_interfaces/include/ros_ign_interfaces/ros_ign_interfaces/msg/rosidl_generator_c__visibility_control.h
[1.814s] -- Up-to-date: /home/leo/Documents/Tactile_Sensing_Raptor_Lab/ros2_ws/install/ros_ign_interfaces/include/ros_ign_interfaces/ros_ign_interfaces/msg/joint_wrench.h
[1.814s] -- Up-to-date: /home/leo/Documents/Tactile_Sensing_Raptor_Lab/ros2_ws/install/ros_ign_interfaces/include/ros_ign_interfaces/ros_ign_interfaces/msg/entity.h
[1.815s] -- Up-to-date: /home/leo/Documents/Tactile_Sensing_Raptor_Lab/ros2_ws/install/ros_ign_interfaces/include/ros_ign_interfaces/ros_ign_interfaces/msg/contact.h
[1.815s] -- Up-to-date: /home/leo/Documents/Tactile_Sensing_Raptor_Lab/ros2_ws/install/ros_ign_interfaces/share/ros_ign_interfaces/environment/library_path.sh
[1.815s] -- Up-to-date: /home/leo/Documents/Tactile_Sensing_Raptor_Lab/ros2_ws/install/ros_ign_interfaces/share/ros_ign_interfaces/environment/library_path.dsv
[1.816s] -- Up-to-date: /home/leo/Documents/Tactile_Sensing_Raptor_Lab/ros2_ws/install/ros_ign_interfaces/lib/libros_ign_interfaces__rosidl_generator_c.so
[1.820s] -- Up-to-date: /home/leo/Documents/Tactile_Sensing_Raptor_Lab/ros2_ws/install/ros_ign_interfaces/include/ros_ign_interfaces/ros_ign_interfaces
[1.820s] -- Up-to-date: /home/leo/Documents/Tactile_Sensing_Raptor_Lab/ros2_ws/install/ros_ign_interfaces/include/ros_ign_interfaces/ros_ign_interfaces/srv
[1.820s] -- Up-to-date: /home/leo/Documents/Tactile_Sensing_Raptor_Lab/ros2_ws/install/ros_ign_interfaces/include/ros_ign_interfaces/ros_ign_interfaces/srv/detail
[1.821s] -- Up-to-date: /home/leo/Documents/Tactile_Sensing_Raptor_Lab/ros2_ws/install/ros_ign_interfaces/include/ros_ign_interfaces/ros_ign_interfaces/srv/detail/delete_entity__rosidl_typesupport_fastrtps_c.h
[1.822s] -- Up-to-date: /home/leo/Documents/Tactile_Sensing_Raptor_Lab/ros2_ws/install/ros_ign_interfaces/include/ros_ign_interfaces/ros_ign_interfaces/srv/detail/control_world__rosidl_typesupport_fastrtps_c.h
[1.822s] -- Up-to-date: /home/leo/Documents/Tactile_Sensing_Raptor_Lab/ros2_ws/install/ros_ign_interfaces/include/ros_ign_interfaces/ros_ign_interfaces/srv/detail/set_entity_pose__rosidl_typesupport_fastrtps_c.h
[1.822s] -- Up-to-date: /home/leo/Documents/Tactile_Sensing_Raptor_Lab/ros2_ws/install/ros_ign_interfaces/include/ros_ign_interfaces/ros_ign_interfaces/srv/detail/spawn_entity__rosidl_typesupport_fastrtps_c.h
[1.823s] -- Up-to-date: /home/leo/Documents/Tactile_Sensing_Raptor_Lab/ros2_ws/install/ros_ign_interfaces/include/ros_ign_interfaces/ros_ign_interfaces/msg
[1.823s] -- Up-to-date: /home/leo/Documents/Tactile_Sensing_Raptor_Lab/ros2_ws/install/ros_ign_interfaces/include/ros_ign_interfaces/ros_ign_interfaces/msg/rosidl_typesupport_fastrtps_c__visibility_control.h
[1.824s] -- Up-to-date: /home/leo/Documents/Tactile_Sensing_Raptor_Lab/ros2_ws/install/ros_ign_interfaces/include/ros_ign_interfaces/ros_ign_interfaces/msg/detail
[1.824s] -- Up-to-date: /home/leo/Documents/Tactile_Sensing_Raptor_Lab/ros2_ws/install/ros_ign_interfaces/include/ros_ign_interfaces/ros_ign_interfaces/msg/detail/track_visual__rosidl_typesupport_fastrtps_c.h
[1.824s] -- Up-to-date: /home/leo/Documents/Tactile_Sensing_Raptor_Lab/ros2_ws/install/ros_ign_interfaces/include/ros_ign_interfaces/ros_ign_interfaces/msg/detail/contacts__rosidl_typesupport_fastrtps_c.h
[1.825s] -- Up-to-date: /home/leo/Documents/Tactile_Sensing_Raptor_Lab/ros2_ws/install/ros_ign_interfaces/include/ros_ign_interfaces/ros_ign_interfaces/msg/detail/string_vec__rosidl_typesupport_fastrtps_c.h
[1.826s] -- Up-to-date: /home/leo/Documents/Tactile_Sensing_Raptor_Lab/ros2_ws/install/ros_ign_interfaces/include/ros_ign_interfaces/ros_ign_interfaces/msg/detail/world_control__rosidl_typesupport_fastrtps_c.h
[1.826s] -- Up-to-date: /home/leo/Documents/Tactile_Sensing_Raptor_Lab/ros2_ws/install/ros_ign_interfaces/include/ros_ign_interfaces/ros_ign_interfaces/msg/detail/contact__rosidl_typesupport_fastrtps_c.h
[1.826s] -- Up-to-date: /home/leo/Documents/Tactile_Sensing_Raptor_Lab/ros2_ws/install/ros_ign_interfaces/include/ros_ign_interfaces/ros_ign_interfaces/msg/detail/world_reset__rosidl_typesupport_fastrtps_c.h
[1.827s] -- Up-to-date: /home/leo/Documents/Tactile_Sensing_Raptor_Lab/ros2_ws/install/ros_ign_interfaces/include/ros_ign_interfaces/ros_ign_interfaces/msg/detail/joint_wrench__rosidl_typesupport_fastrtps_c.h
[1.827s] -- Up-to-date: /home/leo/Documents/Tactile_Sensing_Raptor_Lab/ros2_ws/install/ros_ign_interfaces/include/ros_ign_interfaces/ros_ign_interfaces/msg/detail/gui_camera__rosidl_typesupport_fastrtps_c.h
[1.827s] -- Up-to-date: /home/leo/Documents/Tactile_Sensing_Raptor_Lab/ros2_ws/install/ros_ign_interfaces/include/ros_ign_interfaces/ros_ign_interfaces/msg/detail/light__rosidl_typesupport_fastrtps_c.h
[1.827s] -- Up-to-date: /home/leo/Documents/Tactile_Sensing_Raptor_Lab/ros2_ws/install/ros_ign_interfaces/include/ros_ign_interfaces/ros_ign_interfaces/msg/detail/video_record__rosidl_typesupport_fastrtps_c.h
[1.827s] -- Up-to-date: /home/leo/Documents/Tactile_Sensing_Raptor_Lab/ros2_ws/install/ros_ign_interfaces/include/ros_ign_interfaces/ros_ign_interfaces/msg/detail/entity__rosidl_typesupport_fastrtps_c.h
[1.828s] -- Up-to-date: /home/leo/Documents/Tactile_Sensing_Raptor_Lab/ros2_ws/install/ros_ign_interfaces/include/ros_ign_interfaces/ros_ign_interfaces/msg/detail/entity_factory__rosidl_typesupport_fastrtps_c.h
[1.828s] -- Up-to-date: /home/leo/Documents/Tactile_Sensing_Raptor_Lab/ros2_ws/install/ros_ign_interfaces/lib/libros_ign_interfaces__rosidl_typesupport_fastrtps_c.so
[1.828s] -- Up-to-date: /home/leo/Documents/Tactile_Sensing_Raptor_Lab/ros2_ws/install/ros_ign_interfaces/include/ros_ign_interfaces/ros_ign_interfaces
[1.828s] -- Up-to-date: /home/leo/Documents/Tactile_Sensing_Raptor_Lab/ros2_ws/install/ros_ign_interfaces/include/ros_ign_interfaces/ros_ign_interfaces/srv
[1.828s] -- Up-to-date: /home/leo/Documents/Tactile_Sensing_Raptor_Lab/ros2_ws/install/ros_ign_interfaces/include/ros_ign_interfaces/ros_ign_interfaces/srv/spawn_entity.hpp
[1.828s] -- Up-to-date: /home/leo/Documents/Tactile_Sensing_Raptor_Lab/ros2_ws/install/ros_ign_interfaces/include/ros_ign_interfaces/ros_ign_interfaces/srv/detail
[1.829s] -- Up-to-date: /home/leo/Documents/Tactile_Sensing_Raptor_Lab/ros2_ws/install/ros_ign_interfaces/include/ros_ign_interfaces/ros_ign_interfaces/srv/detail/control_world__struct.hpp
[1.829s] -- Up-to-date: /home/leo/Documents/Tactile_Sensing_Raptor_Lab/ros2_ws/install/ros_ign_interfaces/include/ros_ign_interfaces/ros_ign_interfaces/srv/detail/delete_entity__traits.hpp
[1.829s] -- Up-to-date: /home/leo/Documents/Tactile_Sensing_Raptor_Lab/ros2_ws/install/ros_ign_interfaces/include/ros_ign_interfaces/ros_ign_interfaces/srv/detail/set_entity_pose__traits.hpp
[1.829s] -- Up-to-date: /home/leo/Documents/Tactile_Sensing_Raptor_Lab/ros2_ws/install/ros_ign_interfaces/include/ros_ign_interfaces/ros_ign_interfaces/srv/detail/spawn_entity__builder.hpp
[1.834s] -- Up-to-date: /home/leo/Documents/Tactile_Sensing_Raptor_Lab/ros2_ws/install/ros_ign_interfaces/include/ros_ign_interfaces/ros_ign_interfaces/srv/detail/set_entity_pose__builder.hpp
[1.835s] -- Up-to-date: /home/leo/Documents/Tactile_Sensing_Raptor_Lab/ros2_ws/install/ros_ign_interfaces/include/ros_ign_interfaces/ros_ign_interfaces/srv/detail/control_world__traits.hpp
[1.835s] -- Up-to-date: /home/leo/Documents/Tactile_Sensing_Raptor_Lab/ros2_ws/install/ros_ign_interfaces/include/ros_ign_interfaces/ros_ign_interfaces/srv/detail/spawn_entity__struct.hpp
[1.835s] -- Up-to-date: /home/leo/Documents/Tactile_Sensing_Raptor_Lab/ros2_ws/install/ros_ign_interfaces/include/ros_ign_interfaces/ros_ign_interfaces/srv/detail/delete_entity__builder.hpp
[1.835s] -- Up-to-date: /home/leo/Documents/Tactile_Sensing_Raptor_Lab/ros2_ws/install/ros_ign_interfaces/include/ros_ign_interfaces/ros_ign_interfaces/srv/detail/control_world__builder.hpp
[1.836s] -- Up-to-date: /home/leo/Documents/Tactile_Sensing_Raptor_Lab/ros2_ws/install/ros_ign_interfaces/include/ros_ign_interfaces/ros_ign_interfaces/srv/detail/delete_entity__struct.hpp
[1.836s] -- Up-to-date: /home/leo/Documents/Tactile_Sensing_Raptor_Lab/ros2_ws/install/ros_ign_interfaces/include/ros_ign_interfaces/ros_ign_interfaces/srv/detail/spawn_entity__traits.hpp
[1.836s] -- Up-to-date: /home/leo/Documents/Tactile_Sensing_Raptor_Lab/ros2_ws/install/ros_ign_interfaces/include/ros_ign_interfaces/ros_ign_interfaces/srv/detail/set_entity_pose__struct.hpp
[1.836s] -- Up-to-date: /home/leo/Documents/Tactile_Sensing_Raptor_Lab/ros2_ws/install/ros_ign_interfaces/include/ros_ign_interfaces/ros_ign_interfaces/srv/set_entity_pose.hpp
[1.836s] -- Up-to-date: /home/leo/Documents/Tactile_Sensing_Raptor_Lab/ros2_ws/install/ros_ign_interfaces/include/ros_ign_interfaces/ros_ign_interfaces/srv/delete_entity.hpp
[1.836s] -- Up-to-date: /home/leo/Documents/Tactile_Sensing_Raptor_Lab/ros2_ws/install/ros_ign_interfaces/include/ros_ign_interfaces/ros_ign_interfaces/srv/control_world.hpp
[1.837s] -- Up-to-date: /home/leo/Documents/Tactile_Sensing_Raptor_Lab/ros2_ws/install/ros_ign_interfaces/include/ros_ign_interfaces/ros_ign_interfaces/msg
[1.837s] -- Up-to-date: /home/leo/Documents/Tactile_Sensing_Raptor_Lab/ros2_ws/install/ros_ign_interfaces/include/ros_ign_interfaces/ros_ign_interfaces/msg/contact.hpp
[1.837s] -- Up-to-date: /home/leo/Documents/Tactile_Sensing_Raptor_Lab/ros2_ws/install/ros_ign_interfaces/include/ros_ign_interfaces/ros_ign_interfaces/msg/track_visual.hpp
[1.837s] -- Up-to-date: /home/leo/Documents/Tactile_Sensing_Raptor_Lab/ros2_ws/install/ros_ign_interfaces/include/ros_ign_interfaces/ros_ign_interfaces/msg/joint_wrench.hpp
[1.837s] -- Up-to-date: /home/leo/Documents/Tactile_Sensing_Raptor_Lab/ros2_ws/install/ros_ign_interfaces/include/ros_ign_interfaces/ros_ign_interfaces/msg/world_control.hpp
[1.838s] -- Up-to-date: /home/leo/Documents/Tactile_Sensing_Raptor_Lab/ros2_ws/install/ros_ign_interfaces/include/ros_ign_interfaces/ros_ign_interfaces/msg/light.hpp
[1.838s] -- Up-to-date: /home/leo/Documents/Tactile_Sensing_Raptor_Lab/ros2_ws/install/ros_ign_interfaces/include/ros_ign_interfaces/ros_ign_interfaces/msg/string_vec.hpp
[1.838s] -- Up-to-date: /home/leo/Documents/Tactile_Sensing_Raptor_Lab/ros2_ws/install/ros_ign_interfaces/include/ros_ign_interfaces/ros_ign_interfaces/msg/contacts.hpp
[1.840s] -- Up-to-date: /home/leo/Documents/Tactile_Sensing_Raptor_Lab/ros2_ws/install/ros_ign_interfaces/include/ros_ign_interfaces/ros_ign_interfaces/msg/gui_camera.hpp
[1.840s] -- Up-to-date: /home/leo/Documents/Tactile_Sensing_Raptor_Lab/ros2_ws/install/ros_ign_interfaces/include/ros_ign_interfaces/ros_ign_interfaces/msg/detail
[1.841s] -- Up-to-date: /home/leo/Documents/Tactile_Sensing_Raptor_Lab/ros2_ws/install/ros_ign_interfaces/include/ros_ign_interfaces/ros_ign_interfaces/msg/detail/contact__traits.hpp
[1.841s] -- Up-to-date: /home/leo/Documents/Tactile_Sensing_Raptor_Lab/ros2_ws/install/ros_ign_interfaces/include/ros_ign_interfaces/ros_ign_interfaces/msg/detail/contacts__traits.hpp
[1.841s] -- Up-to-date: /home/leo/Documents/Tactile_Sensing_Raptor_Lab/ros2_ws/install/ros_ign_interfaces/include/ros_ign_interfaces/ros_ign_interfaces/msg/detail/contact__struct.hpp
[1.841s] -- Up-to-date: /home/leo/Documents/Tactile_Sensing_Raptor_Lab/ros2_ws/install/ros_ign_interfaces/include/ros_ign_interfaces/ros_ign_interfaces/msg/detail/light__struct.hpp
[1.841s] -- Up-to-date: /home/leo/Documents/Tactile_Sensing_Raptor_Lab/ros2_ws/install/ros_ign_interfaces/include/ros_ign_interfaces/ros_ign_interfaces/msg/detail/world_reset__builder.hpp
[1.841s] -- Up-to-date: /home/leo/Documents/Tactile_Sensing_Raptor_Lab/ros2_ws/install/ros_ign_interfaces/include/ros_ign_interfaces/ros_ign_interfaces/msg/detail/video_record__struct.hpp
[1.842s] -- Up-to-date: /home/leo/Documents/Tactile_Sensing_Raptor_Lab/ros2_ws/install/ros_ign_interfaces/include/ros_ign_interfaces/ros_ign_interfaces/msg/detail/world_control__builder.hpp
[1.842s] -- Up-to-date: /home/leo/Documents/Tactile_Sensing_Raptor_Lab/ros2_ws/install/ros_ign_interfaces/include/ros_ign_interfaces/ros_ign_interfaces/msg/detail/entity_factory__struct.hpp
[1.842s] -- Up-to-date: /home/leo/Documents/Tactile_Sensing_Raptor_Lab/ros2_ws/install/ros_ign_interfaces/include/ros_ign_interfaces/ros_ign_interfaces/msg/detail/world_reset__traits.hpp
[1.842s] -- Up-to-date: /home/leo/Documents/Tactile_Sensing_Raptor_Lab/ros2_ws/install/ros_ign_interfaces/include/ros_ign_interfaces/ros_ign_interfaces/msg/detail/string_vec__struct.hpp
[1.842s] -- Up-to-date: /home/leo/Documents/Tactile_Sensing_Raptor_Lab/ros2_ws/install/ros_ign_interfaces/include/ros_ign_interfaces/ros_ign_interfaces/msg/detail/video_record__traits.hpp
[1.842s] -- Up-to-date: /home/leo/Documents/Tactile_Sensing_Raptor_Lab/ros2_ws/install/ros_ign_interfaces/include/ros_ign_interfaces/ros_ign_interfaces/msg/detail/entity_factory__builder.hpp
[1.843s] -- Up-to-date: /home/leo/Documents/Tactile_Sensing_Raptor_Lab/ros2_ws/install/ros_ign_interfaces/include/ros_ign_interfaces/ros_ign_interfaces/msg/detail/string_vec__builder.hpp
[1.843s] -- Up-to-date: /home/leo/Documents/Tactile_Sensing_Raptor_Lab/ros2_ws/install/ros_ign_interfaces/include/ros_ign_interfaces/ros_ign_interfaces/msg/detail/entity__traits.hpp
[1.843s] -- Up-to-date: /home/leo/Documents/Tactile_Sensing_Raptor_Lab/ros2_ws/install/ros_ign_interfaces/include/ros_ign_interfaces/ros_ign_interfaces/msg/detail/entity_factory__traits.hpp
[1.843s] -- Up-to-date: /home/leo/Documents/Tactile_Sensing_Raptor_Lab/ros2_ws/install/ros_ign_interfaces/include/ros_ign_interfaces/ros_ign_interfaces/msg/detail/gui_camera__traits.hpp
[1.843s] -- Up-to-date: /home/leo/Documents/Tactile_Sensing_Raptor_Lab/ros2_ws/install/ros_ign_interfaces/include/ros_ign_interfaces/ros_ign_interfaces/msg/detail/light__builder.hpp
[1.844s] -- Up-to-date: /home/leo/Documents/Tactile_Sensing_Raptor_Lab/ros2_ws/install/ros_ign_interfaces/include/ros_ign_interfaces/ros_ign_interfaces/msg/detail/track_visual__builder.hpp
[1.844s] -- Up-to-date: /home/leo/Documents/Tactile_Sensing_Raptor_Lab/ros2_ws/install/ros_ign_interfaces/include/ros_ign_interfaces/ros_ign_interfaces/msg/detail/world_control__struct.hpp
[1.844s] -- Up-to-date: /home/leo/Documents/Tactile_Sensing_Raptor_Lab/ros2_ws/install/ros_ign_interfaces/include/ros_ign_interfaces/ros_ign_interfaces/msg/detail/track_visual__struct.hpp
[1.844s] -- Up-to-date: /home/leo/Documents/Tactile_Sensing_Raptor_Lab/ros2_ws/install/ros_ign_interfaces/include/ros_ign_interfaces/ros_ign_interfaces/msg/detail/contacts__builder.hpp
[1.844s] -- Up-to-date: /home/leo/Documents/Tactile_Sensing_Raptor_Lab/ros2_ws/install/ros_ign_interfaces/include/ros_ign_interfaces/ros_ign_interfaces/msg/detail/world_reset__struct.hpp
[1.844s] -- Up-to-date: /home/leo/Documents/Tactile_Sensing_Raptor_Lab/ros2_ws/install/ros_ign_interfaces/include/ros_ign_interfaces/ros_ign_interfaces/msg/detail/string_vec__traits.hpp
[1.845s] -- Up-to-date: /home/leo/Documents/Tactile_Sensing_Raptor_Lab/ros2_ws/install/ros_ign_interfaces/include/ros_ign_interfaces/ros_ign_interfaces/msg/detail/entity__builder.hpp
[1.845s] -- Up-to-date: /home/leo/Documents/Tactile_Sensing_Raptor_Lab/ros2_ws/install/ros_ign_interfaces/include/ros_ign_interfaces/ros_ign_interfaces/msg/detail/contact__builder.hpp
[1.845s] -- Up-to-date: /home/leo/Documents/Tactile_Sensing_Raptor_Lab/ros2_ws/install/ros_ign_interfaces/include/ros_ign_interfaces/ros_ign_interfaces/msg/detail/entity__struct.hpp
[1.845s] -- Up-to-date: /home/leo/Documents/Tactile_Sensing_Raptor_Lab/ros2_ws/install/ros_ign_interfaces/include/ros_ign_interfaces/ros_ign_interfaces/msg/detail/gui_camera__builder.hpp
[1.845s] -- Up-to-date: /home/leo/Documents/Tactile_Sensing_Raptor_Lab/ros2_ws/install/ros_ign_interfaces/include/ros_ign_interfaces/ros_ign_interfaces/msg/detail/world_control__traits.hpp
[1.846s] -- Up-to-date: /home/leo/Documents/Tactile_Sensing_Raptor_Lab/ros2_ws/install/ros_ign_interfaces/include/ros_ign_interfaces/ros_ign_interfaces/msg/detail/joint_wrench__struct.hpp
[1.846s] -- Up-to-date: /home/leo/Documents/Tactile_Sensing_Raptor_Lab/ros2_ws/install/ros_ign_interfaces/include/ros_ign_interfaces/ros_ign_interfaces/msg/detail/track_visual__traits.hpp
[1.846s] -- Up-to-date: /home/leo/Documents/Tactile_Sensing_Raptor_Lab/ros2_ws/install/ros_ign_interfaces/include/ros_ign_interfaces/ros_ign_interfaces/msg/detail/joint_wrench__traits.hpp
[1.846s] -- Up-to-date: /home/leo/Documents/Tactile_Sensing_Raptor_Lab/ros2_ws/install/ros_ign_interfaces/include/ros_ign_interfaces/ros_ign_interfaces/msg/detail/joint_wrench__builder.hpp
[1.846s] -- Up-to-date: /home/leo/Documents/Tactile_Sensing_Raptor_Lab/ros2_ws/install/ros_ign_interfaces/include/ros_ign_interfaces/ros_ign_interfaces/msg/detail/contacts__struct.hpp
[1.846s] -- Up-to-date: /home/leo/Documents/Tactile_Sensing_Raptor_Lab/ros2_ws/install/ros_ign_interfaces/include/ros_ign_interfaces/ros_ign_interfaces/msg/detail/gui_camera__struct.hpp
[1.847s] -- Up-to-date: /home/leo/Documents/Tactile_Sensing_Raptor_Lab/ros2_ws/install/ros_ign_interfaces/include/ros_ign_interfaces/ros_ign_interfaces/msg/detail/video_record__builder.hpp
[1.847s] -- Up-to-date: /home/leo/Documents/Tactile_Sensing_Raptor_Lab/ros2_ws/install/ros_ign_interfaces/include/ros_ign_interfaces/ros_ign_interfaces/msg/detail/light__traits.hpp
[1.847s] -- Up-to-date: /home/leo/Documents/Tactile_Sensing_Raptor_Lab/ros2_ws/install/ros_ign_interfaces/include/ros_ign_interfaces/ros_ign_interfaces/msg/entity_factory.hpp
[1.847s] -- Up-to-date: /home/leo/Documents/Tactile_Sensing_Raptor_Lab/ros2_ws/install/ros_ign_interfaces/include/ros_ign_interfaces/ros_ign_interfaces/msg/video_record.hpp
[1.847s] -- Up-to-date: /home/leo/Documents/Tactile_Sensing_Raptor_Lab/ros2_ws/install/ros_ign_interfaces/include/ros_ign_interfaces/ros_ign_interfaces/msg/entity.hpp
[1.848s] -- Up-to-date: /home/leo/Documents/Tactile_Sensing_Raptor_Lab/ros2_ws/install/ros_ign_interfaces/include/ros_ign_interfaces/ros_ign_interfaces/msg/world_reset.hpp
[1.848s] -- Up-to-date: /home/leo/Documents/Tactile_Sensing_Raptor_Lab/ros2_ws/install/ros_ign_interfaces/include/ros_ign_interfaces/ros_ign_interfaces
[1.848s] -- Up-to-date: /home/leo/Documents/Tactile_Sensing_Raptor_Lab/ros2_ws/install/ros_ign_interfaces/include/ros_ign_interfaces/ros_ign_interfaces/srv
[1.849s] -- Up-to-date: /home/leo/Documents/Tactile_Sensing_Raptor_Lab/ros2_ws/install/ros_ign_interfaces/include/ros_ign_interfaces/ros_ign_interfaces/srv/detail
[1.849s] -- Up-to-date: /home/leo/Documents/Tactile_Sensing_Raptor_Lab/ros2_ws/install/ros_ign_interfaces/include/ros_ign_interfaces/ros_ign_interfaces/srv/detail/dds_fastrtps
[1.849s] -- Up-to-date: /home/leo/Documents/Tactile_Sensing_Raptor_Lab/ros2_ws/install/ros_ign_interfaces/include/ros_ign_interfaces/ros_ign_interfaces/srv/detail/set_entity_pose__rosidl_typesupport_fastrtps_cpp.hpp
[1.849s] -- Up-to-date: /home/leo/Documents/Tactile_Sensing_Raptor_Lab/ros2_ws/install/ros_ign_interfaces/include/ros_ign_interfaces/ros_ign_interfaces/srv/detail/control_world__rosidl_typesupport_fastrtps_cpp.hpp
[1.849s] -- Up-to-date: /home/leo/Documents/Tactile_Sensing_Raptor_Lab/ros2_ws/install/ros_ign_interfaces/include/ros_ign_interfaces/ros_ign_interfaces/srv/detail/spawn_entity__rosidl_typesupport_fastrtps_cpp.hpp
[1.849s] -- Up-to-date: /home/leo/Documents/Tactile_Sensing_Raptor_Lab/ros2_ws/install/ros_ign_interfaces/include/ros_ign_interfaces/ros_ign_interfaces/srv/detail/delete_entity__rosidl_typesupport_fastrtps_cpp.hpp
[1.850s] -- Up-to-date: /home/leo/Documents/Tactile_Sensing_Raptor_Lab/ros2_ws/install/ros_ign_interfaces/include/ros_ign_interfaces/ros_ign_interfaces/msg
[1.850s] -- Up-to-date: /home/leo/Documents/Tactile_Sensing_Raptor_Lab/ros2_ws/install/ros_ign_interfaces/include/ros_ign_interfaces/ros_ign_interfaces/msg/rosidl_typesupport_fastrtps_cpp__visibility_control.h
[1.850s] -- Up-to-date: /home/leo/Documents/Tactile_Sensing_Raptor_Lab/ros2_ws/install/ros_ign_interfaces/include/ros_ign_interfaces/ros_ign_interfaces/msg/detail
[1.850s] -- Up-to-date: /home/leo/Documents/Tactile_Sensing_Raptor_Lab/ros2_ws/install/ros_ign_interfaces/include/ros_ign_interfaces/ros_ign_interfaces/msg/detail/gui_camera__rosidl_typesupport_fastrtps_cpp.hpp
[1.850s] -- Up-to-date: /home/leo/Documents/Tactile_Sensing_Raptor_Lab/ros2_ws/install/ros_ign_interfaces/include/ros_ign_interfaces/ros_ign_interfaces/msg/detail/light__rosidl_typesupport_fastrtps_cpp.hpp
[1.850s] -- Up-to-date: /home/leo/Documents/Tactile_Sensing_Raptor_Lab/ros2_ws/install/ros_ign_interfaces/include/ros_ign_interfaces/ros_ign_interfaces/msg/detail/video_record__rosidl_typesupport_fastrtps_cpp.hpp
[1.850s] -- Up-to-date: /home/leo/Documents/Tactile_Sensing_Raptor_Lab/ros2_ws/install/ros_ign_interfaces/include/ros_ign_interfaces/ros_ign_interfaces/msg/detail/dds_fastrtps
[1.851s] -- Up-to-date: /home/leo/Documents/Tactile_Sensing_Raptor_Lab/ros2_ws/install/ros_ign_interfaces/include/ros_ign_interfaces/ros_ign_interfaces/msg/detail/track_visual__rosidl_typesupport_fastrtps_cpp.hpp
[1.851s] -- Up-to-date: /home/leo/Documents/Tactile_Sensing_Raptor_Lab/ros2_ws/install/ros_ign_interfaces/include/ros_ign_interfaces/ros_ign_interfaces/msg/detail/world_reset__rosidl_typesupport_fastrtps_cpp.hpp
[1.851s] -- Up-to-date: /home/leo/Documents/Tactile_Sensing_Raptor_Lab/ros2_ws/install/ros_ign_interfaces/include/ros_ign_interfaces/ros_ign_interfaces/msg/detail/entity__rosidl_typesupport_fastrtps_cpp.hpp
[1.851s] -- Up-to-date: /home/leo/Documents/Tactile_Sensing_Raptor_Lab/ros2_ws/install/ros_ign_interfaces/include/ros_ign_interfaces/ros_ign_interfaces/msg/detail/joint_wrench__rosidl_typesupport_fastrtps_cpp.hpp
[1.852s] -- Up-to-date: /home/leo/Documents/Tactile_Sensing_Raptor_Lab/ros2_ws/install/ros_ign_interfaces/include/ros_ign_interfaces/ros_ign_interfaces/msg/detail/entity_factory__rosidl_typesupport_fastrtps_cpp.hpp
[1.852s] -- Up-to-date: /home/leo/Documents/Tactile_Sensing_Raptor_Lab/ros2_ws/install/ros_ign_interfaces/include/ros_ign_interfaces/ros_ign_interfaces/msg/detail/contact__rosidl_typesupport_fastrtps_cpp.hpp
[1.852s] -- Up-to-date: /home/leo/Documents/Tactile_Sensing_Raptor_Lab/ros2_ws/install/ros_ign_interfaces/include/ros_ign_interfaces/ros_ign_interfaces/msg/detail/contacts__rosidl_typesupport_fastrtps_cpp.hpp
[1.853s] -- Up-to-date: /home/leo/Documents/Tactile_Sensing_Raptor_Lab/ros2_ws/install/ros_ign_interfaces/include/ros_ign_interfaces/ros_ign_interfaces/msg/detail/string_vec__rosidl_typesupport_fastrtps_cpp.hpp
[1.853s] -- Up-to-date: /home/leo/Documents/Tactile_Sensing_Raptor_Lab/ros2_ws/install/ros_ign_interfaces/include/ros_ign_interfaces/ros_ign_interfaces/msg/detail/world_control__rosidl_typesupport_fastrtps_cpp.hpp
[1.853s] -- Up-to-date: /home/leo/Documents/Tactile_Sensing_Raptor_Lab/ros2_ws/install/ros_ign_interfaces/lib/libros_ign_interfaces__rosidl_typesupport_fastrtps_cpp.so
[1.853s] -- Up-to-date: /home/leo/Documents/Tactile_Sensing_Raptor_Lab/ros2_ws/install/ros_ign_interfaces/include/ros_ign_interfaces/ros_ign_interfaces
[1.853s] -- Up-to-date: /home/leo/Documents/Tactile_Sensing_Raptor_Lab/ros2_ws/install/ros_ign_interfaces/include/ros_ign_interfaces/ros_ign_interfaces/srv
[1.854s] -- Up-to-date: /home/leo/Documents/Tactile_Sensing_Raptor_Lab/ros2_ws/install/ros_ign_interfaces/include/ros_ign_interfaces/ros_ign_interfaces/srv/detail
[1.854s] -- Up-to-date: /home/leo/Documents/Tactile_Sensing_Raptor_Lab/ros2_ws/install/ros_ign_interfaces/include/ros_ign_interfaces/ros_ign_interfaces/srv/detail/control_world__type_support.c
[1.854s] -- Up-to-date: /home/leo/Documents/Tactile_Sensing_Raptor_Lab/ros2_ws/install/ros_ign_interfaces/include/ros_ign_interfaces/ros_ign_interfaces/srv/detail/delete_entity__type_support.c
[1.854s] -- Up-to-date: /home/leo/Documents/Tactile_Sensing_Raptor_Lab/ros2_ws/install/ros_ign_interfaces/include/ros_ign_interfaces/ros_ign_interfaces/srv/detail/set_entity_pose__rosidl_typesupport_introspection_c.h
[1.854s] -- Up-to-date: /home/leo/Documents/Tactile_Sensing_Raptor_Lab/ros2_ws/install/ros_ign_interfaces/include/ros_ign_interfaces/ros_ign_interfaces/srv/detail/control_world__rosidl_typesupport_introspection_c.h
[1.854s] -- Up-to-date: /home/leo/Documents/Tactile_Sensing_Raptor_Lab/ros2_ws/install/ros_ign_interfaces/include/ros_ign_interfaces/ros_ign_interfaces/srv/detail/spawn_entity__rosidl_typesupport_introspection_c.h
[1.855s] -- Up-to-date: /home/leo/Documents/Tactile_Sensing_Raptor_Lab/ros2_ws/install/ros_ign_interfaces/include/ros_ign_interfaces/ros_ign_interfaces/srv/detail/set_entity_pose__type_support.c
[1.855s] -- Up-to-date: /home/leo/Documents/Tactile_Sensing_Raptor_Lab/ros2_ws/install/ros_ign_interfaces/include/ros_ign_interfaces/ros_ign_interfaces/srv/detail/delete_entity__rosidl_typesupport_introspection_c.h
[1.855s] -- Up-to-date: /home/leo/Documents/Tactile_Sensing_Raptor_Lab/ros2_ws/install/ros_ign_interfaces/include/ros_ign_interfaces/ros_ign_interfaces/srv/detail/spawn_entity__type_support.c
[1.855s] -- Up-to-date: /home/leo/Documents/Tactile_Sensing_Raptor_Lab/ros2_ws/install/ros_ign_interfaces/include/ros_ign_interfaces/ros_ign_interfaces/msg
[1.855s] -- Up-to-date: /home/leo/Documents/Tactile_Sensing_Raptor_Lab/ros2_ws/install/ros_ign_interfaces/include/ros_ign_interfaces/ros_ign_interfaces/msg/rosidl_typesupport_introspection_c__visibility_control.h
[1.855s] -- Up-to-date: /home/leo/Documents/Tactile_Sensing_Raptor_Lab/ros2_ws/install/ros_ign_interfaces/include/ros_ign_interfaces/ros_ign_interfaces/msg/detail
[1.855s] -- Up-to-date: /home/leo/Documents/Tactile_Sensing_Raptor_Lab/ros2_ws/install/ros_ign_interfaces/include/ros_ign_interfaces/ros_ign_interfaces/msg/detail/string_vec__type_support.c
[1.856s] -- Up-to-date: /home/leo/Documents/Tactile_Sensing_Raptor_Lab/ros2_ws/install/ros_ign_interfaces/include/ros_ign_interfaces/ros_ign_interfaces/msg/detail/contacts__type_support.c
[1.856s] -- Up-to-date: /home/leo/Documents/Tactile_Sensing_Raptor_Lab/ros2_ws/install/ros_ign_interfaces/include/ros_ign_interfaces/ros_ign_interfaces/msg/detail/light__type_support.c
[1.856s] -- Up-to-date: /home/leo/Documents/Tactile_Sensing_Raptor_Lab/ros2_ws/install/ros_ign_interfaces/include/ros_ign_interfaces/ros_ign_interfaces/msg/detail/track_visual__rosidl_typesupport_introspection_c.h
[1.856s] -- Up-to-date: /home/leo/Documents/Tactile_Sensing_Raptor_Lab/ros2_ws/install/ros_ign_interfaces/include/ros_ign_interfaces/ros_ign_interfaces/msg/detail/video_record__type_support.c
[1.856s] -- Up-to-date: /home/leo/Documents/Tactile_Sensing_Raptor_Lab/ros2_ws/install/ros_ign_interfaces/include/ros_ign_interfaces/ros_ign_interfaces/msg/detail/contact__rosidl_typesupport_introspection_c.h
[1.857s] -- Up-to-date: /home/leo/Documents/Tactile_Sensing_Raptor_Lab/ros2_ws/install/ros_ign_interfaces/include/ros_ign_interfaces/ros_ign_interfaces/msg/detail/gui_camera__rosidl_typesupport_introspection_c.h
[1.857s] -- Up-to-date: /home/leo/Documents/Tactile_Sensing_Raptor_Lab/ros2_ws/install/ros_ign_interfaces/include/ros_ign_interfaces/ros_ign_interfaces/msg/detail/gui_camera__type_support.c
[1.857s] -- Up-to-date: /home/leo/Documents/Tactile_Sensing_Raptor_Lab/ros2_ws/install/ros_ign_interfaces/include/ros_ign_interfaces/ros_ign_interfaces/msg/detail/string_vec__rosidl_typesupport_introspection_c.h
[1.857s] -- Up-to-date: /home/leo/Documents/Tactile_Sensing_Raptor_Lab/ros2_ws/install/ros_ign_interfaces/include/ros_ign_interfaces/ros_ign_interfaces/msg/detail/world_reset__rosidl_typesupport_introspection_c.h
[1.857s] -- Up-to-date: /home/leo/Documents/Tactile_Sensing_Raptor_Lab/ros2_ws/install/ros_ign_interfaces/include/ros_ign_interfaces/ros_ign_interfaces/msg/detail/world_reset__type_support.c
[1.857s] -- Up-to-date: /home/leo/Documents/Tactile_Sensing_Raptor_Lab/ros2_ws/install/ros_ign_interfaces/include/ros_ign_interfaces/ros_ign_interfaces/msg/detail/light__rosidl_typesupport_introspection_c.h
[1.858s] -- Up-to-date: /home/leo/Documents/Tactile_Sensing_Raptor_Lab/ros2_ws/install/ros_ign_interfaces/include/ros_ign_interfaces/ros_ign_interfaces/msg/detail/entity__rosidl_typesupport_introspection_c.h
[1.858s] -- Up-to-date: /home/leo/Documents/Tactile_Sensing_Raptor_Lab/ros2_ws/install/ros_ign_interfaces/include/ros_ign_interfaces/ros_ign_interfaces/msg/detail/joint_wrench__type_support.c
[1.858s] -- Up-to-date: /home/leo/Documents/Tactile_Sensing_Raptor_Lab/ros2_ws/install/ros_ign_interfaces/include/ros_ign_interfaces/ros_ign_interfaces/msg/detail/world_control__rosidl_typesupport_introspection_c.h
[1.858s] -- Up-to-date: /home/leo/Documents/Tactile_Sensing_Raptor_Lab/ros2_ws/install/ros_ign_interfaces/include/ros_ign_interfaces/ros_ign_interfaces/msg/detail/world_control__type_support.c
[1.858s] -- Up-to-date: /home/leo/Documents/Tactile_Sensing_Raptor_Lab/ros2_ws/install/ros_ign_interfaces/include/ros_ign_interfaces/ros_ign_interfaces/msg/detail/contact__type_support.c
[1.859s] -- Up-to-date: /home/leo/Documents/Tactile_Sensing_Raptor_Lab/ros2_ws/install/ros_ign_interfaces/include/ros_ign_interfaces/ros_ign_interfaces/msg/detail/entity_factory__rosidl_typesupport_introspection_c.h
[1.859s] -- Up-to-date: /home/leo/Documents/Tactile_Sensing_Raptor_Lab/ros2_ws/install/ros_ign_interfaces/include/ros_ign_interfaces/ros_ign_interfaces/msg/detail/joint_wrench__rosidl_typesupport_introspection_c.h
[1.859s] -- Up-to-date: /home/leo/Documents/Tactile_Sensing_Raptor_Lab/ros2_ws/install/ros_ign_interfaces/include/ros_ign_interfaces/ros_ign_interfaces/msg/detail/video_record__rosidl_typesupport_introspection_c.h
[1.859s] -- Up-to-date: /home/leo/Documents/Tactile_Sensing_Raptor_Lab/ros2_ws/install/ros_ign_interfaces/include/ros_ign_interfaces/ros_ign_interfaces/msg/detail/entity_factory__type_support.c
[1.860s] -- Up-to-date: /home/leo/Documents/Tactile_Sensing_Raptor_Lab/ros2_ws/install/ros_ign_interfaces/include/ros_ign_interfaces/ros_ign_interfaces/msg/detail/entity__type_support.c
[1.860s] -- Up-to-date: /home/leo/Documents/Tactile_Sensing_Raptor_Lab/ros2_ws/install/ros_ign_interfaces/include/ros_ign_interfaces/ros_ign_interfaces/msg/detail/track_visual__type_support.c
[1.860s] -- Up-to-date: /home/leo/Documents/Tactile_Sensing_Raptor_Lab/ros2_ws/install/ros_ign_interfaces/include/ros_ign_interfaces/ros_ign_interfaces/msg/detail/contacts__rosidl_typesupport_introspection_c.h
[1.860s] -- Up-to-date: /home/leo/Documents/Tactile_Sensing_Raptor_Lab/ros2_ws/install/ros_ign_interfaces/lib/libros_ign_interfaces__rosidl_typesupport_introspection_c.so
[1.861s] -- Up-to-date: /home/leo/Documents/Tactile_Sensing_Raptor_Lab/ros2_ws/install/ros_ign_interfaces/lib/libros_ign_interfaces__rosidl_typesupport_c.so
[1.861s] -- Up-to-date: /home/leo/Documents/Tactile_Sensing_Raptor_Lab/ros2_ws/install/ros_ign_interfaces/include/ros_ign_interfaces/ros_ign_interfaces
[1.861s] -- Up-to-date: /home/leo/Documents/Tactile_Sensing_Raptor_Lab/ros2_ws/install/ros_ign_interfaces/include/ros_ign_interfaces/ros_ign_interfaces/srv
[1.861s] -- Up-to-date: /home/leo/Documents/Tactile_Sensing_Raptor_Lab/ros2_ws/install/ros_ign_interfaces/include/ros_ign_interfaces/ros_ign_interfaces/srv/detail
[1.861s] -- Up-to-date: /home/leo/Documents/Tactile_Sensing_Raptor_Lab/ros2_ws/install/ros_ign_interfaces/include/ros_ign_interfaces/ros_ign_interfaces/srv/detail/control_world__type_support.cpp
[1.862s] -- Up-to-date: /home/leo/Documents/Tactile_Sensing_Raptor_Lab/ros2_ws/install/ros_ign_interfaces/include/ros_ign_interfaces/ros_ign_interfaces/srv/detail/delete_entity__type_support.cpp
[1.862s] -- Up-to-date: /home/leo/Documents/Tactile_Sensing_Raptor_Lab/ros2_ws/install/ros_ign_interfaces/include/ros_ign_interfaces/ros_ign_interfaces/srv/detail/control_world__rosidl_typesupport_introspection_cpp.hpp
[1.862s] -- Up-to-date: /home/leo/Documents/Tactile_Sensing_Raptor_Lab/ros2_ws/install/ros_ign_interfaces/include/ros_ign_interfaces/ros_ign_interfaces/srv/detail/spawn_entity__type_support.cpp
[1.862s] -- Up-to-date: /home/leo/Documents/Tactile_Sensing_Raptor_Lab/ros2_ws/install/ros_ign_interfaces/include/ros_ign_interfaces/ros_ign_interfaces/srv/detail/set_entity_pose__rosidl_typesupport_introspection_cpp.hpp
[1.862s] -- Up-to-date: /home/leo/Documents/Tactile_Sensing_Raptor_Lab/ros2_ws/install/ros_ign_interfaces/include/ros_ign_interfaces/ros_ign_interfaces/srv/detail/set_entity_pose__type_support.cpp
[1.863s] -- Up-to-date: /home/leo/Documents/Tactile_Sensing_Raptor_Lab/ros2_ws/install/ros_ign_interfaces/include/ros_ign_interfaces/ros_ign_interfaces/srv/detail/delete_entity__rosidl_typesupport_introspection_cpp.hpp
[1.863s] -- Up-to-date: /home/leo/Documents/Tactile_Sensing_Raptor_Lab/ros2_ws/install/ros_ign_interfaces/include/ros_ign_interfaces/ros_ign_interfaces/srv/detail/spawn_entity__rosidl_typesupport_introspection_cpp.hpp
[1.863s] -- Up-to-date: /home/leo/Documents/Tactile_Sensing_Raptor_Lab/ros2_ws/install/ros_ign_interfaces/include/ros_ign_interfaces/ros_ign_interfaces/msg
[1.863s] -- Up-to-date: /home/leo/Documents/Tactile_Sensing_Raptor_Lab/ros2_ws/install/ros_ign_interfaces/include/ros_ign_interfaces/ros_ign_interfaces/msg/detail
[1.863s] -- Up-to-date: /home/leo/Documents/Tactile_Sensing_Raptor_Lab/ros2_ws/install/ros_ign_interfaces/include/ros_ign_interfaces/ros_ign_interfaces/msg/detail/entity__rosidl_typesupport_introspection_cpp.hpp
[1.864s] -- Up-to-date: /home/leo/Documents/Tactile_Sensing_Raptor_Lab/ros2_ws/install/ros_ign_interfaces/include/ros_ign_interfaces/ros_ign_interfaces/msg/detail/world_control__rosidl_typesupport_introspection_cpp.hpp
[1.864s] -- Up-to-date: /home/leo/Documents/Tactile_Sensing_Raptor_Lab/ros2_ws/install/ros_ign_interfaces/include/ros_ign_interfaces/ros_ign_interfaces/msg/detail/contacts__rosidl_typesupport_introspection_cpp.hpp
[1.864s] -- Up-to-date: /home/leo/Documents/Tactile_Sensing_Raptor_Lab/ros2_ws/install/ros_ign_interfaces/include/ros_ign_interfaces/ros_ign_interfaces/msg/detail/track_visual__type_support.cpp
[1.864s] -- Up-to-date: /home/leo/Documents/Tactile_Sensing_Raptor_Lab/ros2_ws/install/ros_ign_interfaces/include/ros_ign_interfaces/ros_ign_interfaces/msg/detail/joint_wrench__type_support.cpp
[1.864s] -- Up-to-date: /home/leo/Documents/Tactile_Sensing_Raptor_Lab/ros2_ws/install/ros_ign_interfaces/include/ros_ign_interfaces/ros_ign_interfaces/msg/detail/string_vec__rosidl_typesupport_introspection_cpp.hpp
[1.864s] -- Up-to-date: /home/leo/Documents/Tactile_Sensing_Raptor_Lab/ros2_ws/install/ros_ign_interfaces/include/ros_ign_interfaces/ros_ign_interfaces/msg/detail/entity__type_support.cpp
[1.865s] -- Up-to-date: /home/leo/Documents/Tactile_Sensing_Raptor_Lab/ros2_ws/install/ros_ign_interfaces/include/ros_ign_interfaces/ros_ign_interfaces/msg/detail/entity_factory__rosidl_typesupport_introspection_cpp.hpp
[1.865s] -- Up-to-date: /home/leo/Documents/Tactile_Sensing_Raptor_Lab/ros2_ws/install/ros_ign_interfaces/include/ros_ign_interfaces/ros_ign_interfaces/msg/detail/contact__type_support.cpp
[1.865s] -- Up-to-date: /home/leo/Documents/Tactile_Sensing_Raptor_Lab/ros2_ws/install/ros_ign_interfaces/include/ros_ign_interfaces/ros_ign_interfaces/msg/detail/light__type_support.cpp
[1.865s] -- Up-to-date: /home/leo/Documents/Tactile_Sensing_Raptor_Lab/ros2_ws/install/ros_ign_interfaces/include/ros_ign_interfaces/ros_ign_interfaces/msg/detail/world_reset__rosidl_typesupport_introspection_cpp.hpp
[1.865s] -- Up-to-date: /home/leo/Documents/Tactile_Sensing_Raptor_Lab/ros2_ws/install/ros_ign_interfaces/include/ros_ign_interfaces/ros_ign_interfaces/msg/detail/track_visual__rosidl_typesupport_introspection_cpp.hpp
[1.865s] -- Up-to-date: /home/leo/Documents/Tactile_Sensing_Raptor_Lab/ros2_ws/install/ros_ign_interfaces/include/ros_ign_interfaces/ros_ign_interfaces/msg/detail/joint_wrench__rosidl_typesupport_introspection_cpp.hpp
[1.866s] -- Up-to-date: /home/leo/Documents/Tactile_Sensing_Raptor_Lab/ros2_ws/install/ros_ign_interfaces/include/ros_ign_interfaces/ros_ign_interfaces/msg/detail/gui_camera__type_support.cpp
[1.866s] -- Up-to-date: /home/leo/Documents/Tactile_Sensing_Raptor_Lab/ros2_ws/install/ros_ign_interfaces/include/ros_ign_interfaces/ros_ign_interfaces/msg/detail/world_reset__type_support.cpp
[1.866s] -- Up-to-date: /home/leo/Documents/Tactile_Sensing_Raptor_Lab/ros2_ws/install/ros_ign_interfaces/include/ros_ign_interfaces/ros_ign_interfaces/msg/detail/contact__rosidl_typesupport_introspection_cpp.hpp
[1.867s] -- Up-to-date: /home/leo/Documents/Tactile_Sensing_Raptor_Lab/ros2_ws/install/ros_ign_interfaces/include/ros_ign_interfaces/ros_ign_interfaces/msg/detail/contacts__type_support.cpp
[1.867s] -- Up-to-date: /home/leo/Documents/Tactile_Sensing_Raptor_Lab/ros2_ws/install/ros_ign_interfaces/include/ros_ign_interfaces/ros_ign_interfaces/msg/detail/entity_factory__type_support.cpp
[1.867s] -- Up-to-date: /home/leo/Documents/Tactile_Sensing_Raptor_Lab/ros2_ws/install/ros_ign_interfaces/include/ros_ign_interfaces/ros_ign_interfaces/msg/detail/video_record__type_support.cpp
[1.868s] -- Up-to-date: /home/leo/Documents/Tactile_Sensing_Raptor_Lab/ros2_ws/install/ros_ign_interfaces/include/ros_ign_interfaces/ros_ign_interfaces/msg/detail/video_record__rosidl_typesupport_introspection_cpp.hpp
[1.868s] -- Up-to-date: /home/leo/Documents/Tactile_Sensing_Raptor_Lab/ros2_ws/install/ros_ign_interfaces/include/ros_ign_interfaces/ros_ign_interfaces/msg/detail/string_vec__type_support.cpp
[1.868s] -- Up-to-date: /home/leo/Documents/Tactile_Sensing_Raptor_Lab/ros2_ws/install/ros_ign_interfaces/include/ros_ign_interfaces/ros_ign_interfaces/msg/detail/world_control__type_support.cpp
[1.868s] -- Up-to-date: /home/leo/Documents/Tactile_Sensing_Raptor_Lab/ros2_ws/install/ros_ign_interfaces/include/ros_ign_interfaces/ros_ign_interfaces/msg/detail/gui_camera__rosidl_typesupport_introspection_cpp.hpp
[1.868s] -- Up-to-date: /home/leo/Documents/Tactile_Sensing_Raptor_Lab/ros2_ws/install/ros_ign_interfaces/include/ros_ign_interfaces/ros_ign_interfaces/msg/detail/light__rosidl_typesupport_introspection_cpp.hpp
[1.869s] -- Up-to-date: /home/leo/Documents/Tactile_Sensing_Raptor_Lab/ros2_ws/install/ros_ign_interfaces/lib/libros_ign_interfaces__rosidl_typesupport_introspection_cpp.so
[1.869s] -- Up-to-date: /home/leo/Documents/Tactile_Sensing_Raptor_Lab/ros2_ws/install/ros_ign_interfaces/lib/libros_ign_interfaces__rosidl_typesupport_cpp.so
[1.869s] -- Up-to-date: /home/leo/Documents/Tactile_Sensing_Raptor_Lab/ros2_ws/install/ros_ign_interfaces/share/ros_ign_interfaces/environment/pythonpath.sh
[1.869s] -- Up-to-date: /home/leo/Documents/Tactile_Sensing_Raptor_Lab/ros2_ws/install/ros_ign_interfaces/share/ros_ign_interfaces/environment/pythonpath.dsv
[1.869s] -- Up-to-date: /home/leo/Documents/Tactile_Sensing_Raptor_Lab/ros2_ws/install/ros_ign_interfaces/lib/python3.10/site-packages/ros_ign_interfaces-0.244.19-py3.10.egg-info
[1.869s] -- Installing: /home/leo/Documents/Tactile_Sensing_Raptor_Lab/ros2_ws/install/ros_ign_interfaces/lib/python3.10/site-packages/ros_ign_interfaces-0.244.19-py3.10.egg-info/dependency_links.txt
[1.870s] -- Installing: /home/leo/Documents/Tactile_Sensing_Raptor_Lab/ros2_ws/install/ros_ign_interfaces/lib/python3.10/site-packages/ros_ign_interfaces-0.244.19-py3.10.egg-info/SOURCES.txt
[1.870s] -- Installing: /home/leo/Documents/Tactile_Sensing_Raptor_Lab/ros2_ws/install/ros_ign_interfaces/lib/python3.10/site-packages/ros_ign_interfaces-0.244.19-py3.10.egg-info/top_level.txt
[1.870s] -- Installing: /home/leo/Documents/Tactile_Sensing_Raptor_Lab/ros2_ws/install/ros_ign_interfaces/lib/python3.10/site-packages/ros_ign_interfaces-0.244.19-py3.10.egg-info/PKG-INFO
[1.870s] -- Up-to-date: /home/leo/Documents/Tactile_Sensing_Raptor_Lab/ros2_ws/install/ros_ign_interfaces/lib/python3.10/site-packages/ros_ign_interfaces
[1.870s] -- Up-to-date: /home/leo/Documents/Tactile_Sensing_Raptor_Lab/ros2_ws/install/ros_ign_interfaces/lib/python3.10/site-packages/ros_ign_interfaces/ros_ign_interfaces_s__rosidl_typesupport_introspection_c.cpython-310-x86_64-linux-gnu.so
[1.870s] -- Up-to-date: /home/leo/Documents/Tactile_Sensing_Raptor_Lab/ros2_ws/install/ros_ign_interfaces/lib/python3.10/site-packages/ros_ign_interfaces/__init__.py
[1.871s] -- Up-to-date: /home/leo/Documents/Tactile_Sensing_Raptor_Lab/ros2_ws/install/ros_ign_interfaces/lib/python3.10/site-packages/ros_ign_interfaces/libros_ign_interfaces__rosidl_generator_py.so
[1.871s] -- Up-to-date: /home/leo/Documents/Tactile_Sensing_Raptor_Lab/ros2_ws/install/ros_ign_interfaces/lib/python3.10/site-packages/ros_ign_interfaces/srv
[1.871s] -- Up-to-date: /home/leo/Documents/Tactile_Sensing_Raptor_Lab/ros2_ws/install/ros_ign_interfaces/lib/python3.10/site-packages/ros_ign_interfaces/srv/_delete_entity_s.c
[1.871s] -- Up-to-date: /home/leo/Documents/Tactile_Sensing_Raptor_Lab/ros2_ws/install/ros_ign_interfaces/lib/python3.10/site-packages/ros_ign_interfaces/srv/__init__.py
[1.871s] -- Up-to-date: /home/leo/Documents/Tactile_Sensing_Raptor_Lab/ros2_ws/install/ros_ign_interfaces/lib/python3.10/site-packages/ros_ign_interfaces/srv/_set_entity_pose.py
[1.871s] -- Up-to-date: /home/leo/Documents/Tactile_Sensing_Raptor_Lab/ros2_ws/install/ros_ign_interfaces/lib/python3.10/site-packages/ros_ign_interfaces/srv/_spawn_entity.py
[1.872s] -- Up-to-date: /home/leo/Documents/Tactile_Sensing_Raptor_Lab/ros2_ws/install/ros_ign_interfaces/lib/python3.10/site-packages/ros_ign_interfaces/srv/_spawn_entity_s.c
[1.872s] -- Up-to-date: /home/leo/Documents/Tactile_Sensing_Raptor_Lab/ros2_ws/install/ros_ign_interfaces/lib/python3.10/site-packages/ros_ign_interfaces/srv/_set_entity_pose_s.c
[1.872s] -- Up-to-date: /home/leo/Documents/Tactile_Sensing_Raptor_Lab/ros2_ws/install/ros_ign_interfaces/lib/python3.10/site-packages/ros_ign_interfaces/srv/_control_world_s.c
[1.872s] -- Up-to-date: /home/leo/Documents/Tactile_Sensing_Raptor_Lab/ros2_ws/install/ros_ign_interfaces/lib/python3.10/site-packages/ros_ign_interfaces/srv/_delete_entity.py
[1.872s] -- Up-to-date: /home/leo/Documents/Tactile_Sensing_Raptor_Lab/ros2_ws/install/ros_ign_interfaces/lib/python3.10/site-packages/ros_ign_interfaces/srv/_control_world.py
[1.873s] -- Up-to-date: /home/leo/Documents/Tactile_Sensing_Raptor_Lab/ros2_ws/install/ros_ign_interfaces/lib/python3.10/site-packages/ros_ign_interfaces/_ros_ign_interfaces_s.ep.rosidl_typesupport_fastrtps_c.c
[1.873s] -- Up-to-date: /home/leo/Documents/Tactile_Sensing_Raptor_Lab/ros2_ws/install/ros_ign_interfaces/lib/python3.10/site-packages/ros_ign_interfaces/ros_ign_interfaces_s__rosidl_typesupport_fastrtps_c.cpython-310-x86_64-linux-gnu.so
[1.874s] -- Up-to-date: /home/leo/Documents/Tactile_Sensing_Raptor_Lab/ros2_ws/install/ros_ign_interfaces/lib/python3.10/site-packages/ros_ign_interfaces/ros_ign_interfaces_s__rosidl_typesupport_c.cpython-310-x86_64-linux-gnu.so
[1.874s] -- Up-to-date: /home/leo/Documents/Tactile_Sensing_Raptor_Lab/ros2_ws/install/ros_ign_interfaces/lib/python3.10/site-packages/ros_ign_interfaces/_ros_ign_interfaces_s.ep.rosidl_typesupport_c.c
[1.874s] -- Up-to-date: /home/leo/Documents/Tactile_Sensing_Raptor_Lab/ros2_ws/install/ros_ign_interfaces/lib/python3.10/site-packages/ros_ign_interfaces/msg
[1.875s] -- Up-to-date: /home/leo/Documents/Tactile_Sensing_Raptor_Lab/ros2_ws/install/ros_ign_interfaces/lib/python3.10/site-packages/ros_ign_interfaces/msg/_contacts_s.c
[1.875s] -- Up-to-date: /home/leo/Documents/Tactile_Sensing_Raptor_Lab/ros2_ws/install/ros_ign_interfaces/lib/python3.10/site-packages/ros_ign_interfaces/msg/_joint_wrench_s.c
[1.875s] -- Up-to-date: /home/leo/Documents/Tactile_Sensing_Raptor_Lab/ros2_ws/install/ros_ign_interfaces/lib/python3.10/site-packages/ros_ign_interfaces/msg/_string_vec.py
[1.875s] -- Up-to-date: /home/leo/Documents/Tactile_Sensing_Raptor_Lab/ros2_ws/install/ros_ign_interfaces/lib/python3.10/site-packages/ros_ign_interfaces/msg/__init__.py
[1.875s] -- Up-to-date: /home/leo/Documents/Tactile_Sensing_Raptor_Lab/ros2_ws/install/ros_ign_interfaces/lib/python3.10/site-packages/ros_ign_interfaces/msg/_entity_factory_s.c
[1.876s] -- Up-to-date: /home/leo/Documents/Tactile_Sensing_Raptor_Lab/ros2_ws/install/ros_ign_interfaces/lib/python3.10/site-packages/ros_ign_interfaces/msg/_world_reset.py
[1.876s] -- Up-to-date: /home/leo/Documents/Tactile_Sensing_Raptor_Lab/ros2_ws/install/ros_ign_interfaces/lib/python3.10/site-packages/ros_ign_interfaces/msg/_string_vec_s.c
[1.876s] -- Up-to-date: /home/leo/Documents/Tactile_Sensing_Raptor_Lab/ros2_ws/install/ros_ign_interfaces/lib/python3.10/site-packages/ros_ign_interfaces/msg/_world_control_s.c
[1.876s] -- Up-to-date: /home/leo/Documents/Tactile_Sensing_Raptor_Lab/ros2_ws/install/ros_ign_interfaces/lib/python3.10/site-packages/ros_ign_interfaces/msg/_gui_camera_s.c
[1.876s] -- Up-to-date: /home/leo/Documents/Tactile_Sensing_Raptor_Lab/ros2_ws/install/ros_ign_interfaces/lib/python3.10/site-packages/ros_ign_interfaces/msg/_track_visual_s.c
[1.876s] -- Up-to-date: /home/leo/Documents/Tactile_Sensing_Raptor_Lab/ros2_ws/install/ros_ign_interfaces/lib/python3.10/site-packages/ros_ign_interfaces/msg/_light_s.c
[1.877s] -- Up-to-date: /home/leo/Documents/Tactile_Sensing_Raptor_Lab/ros2_ws/install/ros_ign_interfaces/lib/python3.10/site-packages/ros_ign_interfaces/msg/_entity_s.c
[1.877s] -- Up-to-date: /home/leo/Documents/Tactile_Sensing_Raptor_Lab/ros2_ws/install/ros_ign_interfaces/lib/python3.10/site-packages/ros_ign_interfaces/msg/_gui_camera.py
[1.877s] -- Up-to-date: /home/leo/Documents/Tactile_Sensing_Raptor_Lab/ros2_ws/install/ros_ign_interfaces/lib/python3.10/site-packages/ros_ign_interfaces/msg/_light.py
[1.877s] -- Up-to-date: /home/leo/Documents/Tactile_Sensing_Raptor_Lab/ros2_ws/install/ros_ign_interfaces/lib/python3.10/site-packages/ros_ign_interfaces/msg/_world_control.py
[1.877s] -- Up-to-date: /home/leo/Documents/Tactile_Sensing_Raptor_Lab/ros2_ws/install/ros_ign_interfaces/lib/python3.10/site-packages/ros_ign_interfaces/msg/_world_reset_s.c
[1.877s] -- Up-to-date: /home/leo/Documents/Tactile_Sensing_Raptor_Lab/ros2_ws/install/ros_ign_interfaces/lib/python3.10/site-packages/ros_ign_interfaces/msg/_contacts.py
[1.878s] -- Up-to-date: /home/leo/Documents/Tactile_Sensing_Raptor_Lab/ros2_ws/install/ros_ign_interfaces/lib/python3.10/site-packages/ros_ign_interfaces/msg/_video_record.py
[1.878s] -- Up-to-date: /home/leo/Documents/Tactile_Sensing_Raptor_Lab/ros2_ws/install/ros_ign_interfaces/lib/python3.10/site-packages/ros_ign_interfaces/msg/_joint_wrench.py
[1.878s] -- Up-to-date: /home/leo/Documents/Tactile_Sensing_Raptor_Lab/ros2_ws/install/ros_ign_interfaces/lib/python3.10/site-packages/ros_ign_interfaces/msg/_video_record_s.c
[1.878s] -- Up-to-date: /home/leo/Documents/Tactile_Sensing_Raptor_Lab/ros2_ws/install/ros_ign_interfaces/lib/python3.10/site-packages/ros_ign_interfaces/msg/_entity.py
[1.878s] -- Up-to-date: /home/leo/Documents/Tactile_Sensing_Raptor_Lab/ros2_ws/install/ros_ign_interfaces/lib/python3.10/site-packages/ros_ign_interfaces/msg/_contact.py
[1.878s] -- Up-to-date: /home/leo/Documents/Tactile_Sensing_Raptor_Lab/ros2_ws/install/ros_ign_interfaces/lib/python3.10/site-packages/ros_ign_interfaces/msg/_contact_s.c
[1.879s] -- Up-to-date: /home/leo/Documents/Tactile_Sensing_Raptor_Lab/ros2_ws/install/ros_ign_interfaces/lib/python3.10/site-packages/ros_ign_interfaces/msg/_track_visual.py
[1.879s] -- Up-to-date: /home/leo/Documents/Tactile_Sensing_Raptor_Lab/ros2_ws/install/ros_ign_interfaces/lib/python3.10/site-packages/ros_ign_interfaces/msg/_entity_factory.py
[1.879s] -- Up-to-date: /home/leo/Documents/Tactile_Sensing_Raptor_Lab/ros2_ws/install/ros_ign_interfaces/lib/python3.10/site-packages/ros_ign_interfaces/_ros_ign_interfaces_s.ep.rosidl_typesupport_introspection_c.c
[2.013s] Listing '/home/leo/Documents/Tactile_Sensing_Raptor_Lab/ros2_ws/install/ros_ign_interfaces/lib/python3.10/site-packages/ros_ign_interfaces'...
[2.013s] Listing '/home/leo/Documents/Tactile_Sensing_Raptor_Lab/ros2_ws/install/ros_ign_interfaces/lib/python3.10/site-packages/ros_ign_interfaces/msg'...
[2.013s] Listing '/home/leo/Documents/Tactile_Sensing_Raptor_Lab/ros2_ws/install/ros_ign_interfaces/lib/python3.10/site-packages/ros_ign_interfaces/srv'...
[2.042s] -- Up-to-date: /home/leo/Documents/Tactile_Sensing_Raptor_Lab/ros2_ws/install/ros_ign_interfaces/lib/python3.10/site-packages/ros_ign_interfaces/ros_ign_interfaces_s__rosidl_typesupport_fastrtps_c.cpython-310-x86_64-linux-gnu.so
[2.046s] -- Up-to-date: /home/leo/Documents/Tactile_Sensing_Raptor_Lab/ros2_ws/install/ros_ign_interfaces/lib/python3.10/site-packages/ros_ign_interfaces/ros_ign_interfaces_s__rosidl_typesupport_introspection_c.cpython-310-x86_64-linux-gnu.so
[2.050s] -- Up-to-date: /home/leo/Documents/Tactile_Sensing_Raptor_Lab/ros2_ws/install/ros_ign_interfaces/lib/python3.10/site-packages/ros_ign_interfaces/ros_ign_interfaces_s__rosidl_typesupport_c.cpython-310-x86_64-linux-gnu.so
[2.052s] -- Up-to-date: /home/leo/Documents/Tactile_Sensing_Raptor_Lab/ros2_ws/install/ros_ign_interfaces/lib/libros_ign_interfaces__rosidl_generator_py.so
[2.056s] -- Up-to-date: /home/leo/Documents/Tactile_Sensing_Raptor_Lab/ros2_ws/install/ros_ign_interfaces/share/ros_ign_interfaces/msg/Contact.idl
[2.056s] -- Up-to-date: /home/leo/Documents/Tactile_Sensing_Raptor_Lab/ros2_ws/install/ros_ign_interfaces/share/ros_ign_interfaces/msg/Contacts.idl
[2.057s] -- Up-to-date: /home/leo/Documents/Tactile_Sensing_Raptor_Lab/ros2_ws/install/ros_ign_interfaces/share/ros_ign_interfaces/msg/Entity.idl
[2.057s] -- Up-to-date: /home/leo/Documents/Tactile_Sensing_Raptor_Lab/ros2_ws/install/ros_ign_interfaces/share/ros_ign_interfaces/msg/EntityFactory.idl
[2.061s] -- Up-to-date: /home/leo/Documents/Tactile_Sensing_Raptor_Lab/ros2_ws/install/ros_ign_interfaces/share/ros_ign_interfaces/msg/GuiCamera.idl
[2.061s] -- Up-to-date: /home/leo/Documents/Tactile_Sensing_Raptor_Lab/ros2_ws/install/ros_ign_interfaces/share/ros_ign_interfaces/msg/JointWrench.idl
[2.061s] -- Up-to-date: /home/leo/Documents/Tactile_Sensing_Raptor_Lab/ros2_ws/install/ros_ign_interfaces/share/ros_ign_interfaces/msg/Light.idl
[2.061s] -- Up-to-date: /home/leo/Documents/Tactile_Sensing_Raptor_Lab/ros2_ws/install/ros_ign_interfaces/share/ros_ign_interfaces/msg/StringVec.idl
[2.062s] -- Up-to-date: /home/leo/Documents/Tactile_Sensing_Raptor_Lab/ros2_ws/install/ros_ign_interfaces/share/ros_ign_interfaces/msg/TrackVisual.idl
[2.062s] -- Up-to-date: /home/leo/Documents/Tactile_Sensing_Raptor_Lab/ros2_ws/install/ros_ign_interfaces/share/ros_ign_interfaces/msg/VideoRecord.idl
[2.062s] -- Up-to-date: /home/leo/Documents/Tactile_Sensing_Raptor_Lab/ros2_ws/install/ros_ign_interfaces/share/ros_ign_interfaces/msg/WorldControl.idl
[2.062s] -- Up-to-date: /home/leo/Documents/Tactile_Sensing_Raptor_Lab/ros2_ws/install/ros_ign_interfaces/share/ros_ign_interfaces/msg/WorldReset.idl
[2.062s] -- Up-to-date: /home/leo/Documents/Tactile_Sensing_Raptor_Lab/ros2_ws/install/ros_ign_interfaces/share/ros_ign_interfaces/srv/ControlWorld.idl
[2.062s] -- Up-to-date: /home/leo/Documents/Tactile_Sensing_Raptor_Lab/ros2_ws/install/ros_ign_interfaces/share/ros_ign_interfaces/srv/DeleteEntity.idl
[2.063s] -- Up-to-date: /home/leo/Documents/Tactile_Sensing_Raptor_Lab/ros2_ws/install/ros_ign_interfaces/share/ros_ign_interfaces/srv/SetEntityPose.idl
[2.064s] -- Up-to-date: /home/leo/Documents/Tactile_Sensing_Raptor_Lab/ros2_ws/install/ros_ign_interfaces/share/ros_ign_interfaces/srv/SpawnEntity.idl
[2.064s] -- Up-to-date: /home/leo/Documents/Tactile_Sensing_Raptor_Lab/ros2_ws/install/ros_ign_interfaces/share/ros_ign_interfaces/msg/Contact.msg
[2.064s] -- Up-to-date: /home/leo/Documents/Tactile_Sensing_Raptor_Lab/ros2_ws/install/ros_ign_interfaces/share/ros_ign_interfaces/msg/Contacts.msg
[2.065s] -- Up-to-date: /home/leo/Documents/Tactile_Sensing_Raptor_Lab/ros2_ws/install/ros_ign_interfaces/share/ros_ign_interfaces/msg/Entity.msg
[2.069s] -- Up-to-date: /home/leo/Documents/Tactile_Sensing_Raptor_Lab/ros2_ws/install/ros_ign_interfaces/share/ros_ign_interfaces/msg/EntityFactory.msg
[2.069s] -- Up-to-date: /home/leo/Documents/Tactile_Sensing_Raptor_Lab/ros2_ws/install/ros_ign_interfaces/share/ros_ign_interfaces/msg/GuiCamera.msg
[2.069s] -- Up-to-date: /home/leo/Documents/Tactile_Sensing_Raptor_Lab/ros2_ws/install/ros_ign_interfaces/share/ros_ign_interfaces/msg/JointWrench.msg
[2.070s] -- Up-to-date: /home/leo/Documents/Tactile_Sensing_Raptor_Lab/ros2_ws/install/ros_ign_interfaces/share/ros_ign_interfaces/msg/Light.msg
[2.070s] -- Up-to-date: /home/leo/Documents/Tactile_Sensing_Raptor_Lab/ros2_ws/install/ros_ign_interfaces/share/ros_ign_interfaces/msg/StringVec.msg
[2.070s] -- Up-to-date: /home/leo/Documents/Tactile_Sensing_Raptor_Lab/ros2_ws/install/ros_ign_interfaces/share/ros_ign_interfaces/msg/TrackVisual.msg
[2.070s] -- Up-to-date: /home/leo/Documents/Tactile_Sensing_Raptor_Lab/ros2_ws/install/ros_ign_interfaces/share/ros_ign_interfaces/msg/VideoRecord.msg
[2.070s] -- Up-to-date: /home/leo/Documents/Tactile_Sensing_Raptor_Lab/ros2_ws/install/ros_ign_interfaces/share/ros_ign_interfaces/msg/WorldControl.msg
[2.074s] -- Up-to-date: /home/leo/Documents/Tactile_Sensing_Raptor_Lab/ros2_ws/install/ros_ign_interfaces/share/ros_ign_interfaces/msg/WorldReset.msg
[2.074s] -- Up-to-date: /home/leo/Documents/Tactile_Sensing_Raptor_Lab/ros2_ws/install/ros_ign_interfaces/share/ros_ign_interfaces/srv/ControlWorld.srv
[2.074s] -- Up-to-date: /home/leo/Documents/Tactile_Sensing_Raptor_Lab/ros2_ws/install/ros_ign_interfaces/share/ros_ign_interfaces/srv/ControlWorld_Request.msg
[2.074s] -- Up-to-date: /home/leo/Documents/Tactile_Sensing_Raptor_Lab/ros2_ws/install/ros_ign_interfaces/share/ros_ign_interfaces/srv/ControlWorld_Response.msg
[2.075s] -- Up-to-date: /home/leo/Documents/Tactile_Sensing_Raptor_Lab/ros2_ws/install/ros_ign_interfaces/share/ros_ign_interfaces/srv/DeleteEntity.srv
[2.075s] -- Up-to-date: /home/leo/Documents/Tactile_Sensing_Raptor_Lab/ros2_ws/install/ros_ign_interfaces/share/ros_ign_interfaces/srv/DeleteEntity_Request.msg
[2.075s] -- Up-to-date: /home/leo/Documents/Tactile_Sensing_Raptor_Lab/ros2_ws/install/ros_ign_interfaces/share/ros_ign_interfaces/srv/DeleteEntity_Response.msg
[2.075s] -- Up-to-date: /home/leo/Documents/Tactile_Sensing_Raptor_Lab/ros2_ws/install/ros_ign_interfaces/share/ros_ign_interfaces/srv/SetEntityPose.srv
[2.075s] -- Up-to-date: /home/leo/Documents/Tactile_Sensing_Raptor_Lab/ros2_ws/install/ros_ign_interfaces/share/ros_ign_interfaces/srv/SetEntityPose_Request.msg
[2.081s] -- Up-to-date: /home/leo/Documents/Tactile_Sensing_Raptor_Lab/ros2_ws/install/ros_ign_interfaces/share/ros_ign_interfaces/srv/SetEntityPose_Response.msg
[2.081s] -- Up-to-date: /home/leo/Documents/Tactile_Sensing_Raptor_Lab/ros2_ws/install/ros_ign_interfaces/share/ros_ign_interfaces/srv/SpawnEntity.srv
[2.081s] -- Up-to-date: /home/leo/Documents/Tactile_Sensing_Raptor_Lab/ros2_ws/install/ros_ign_interfaces/share/ros_ign_interfaces/srv/SpawnEntity_Request.msg
[2.082s] -- Up-to-date: /home/leo/Documents/Tactile_Sensing_Raptor_Lab/ros2_ws/install/ros_ign_interfaces/share/ros_ign_interfaces/srv/SpawnEntity_Response.msg
[2.082s] -- Up-to-date: /home/leo/Documents/Tactile_Sensing_Raptor_Lab/ros2_ws/install/ros_ign_interfaces/share/ament_index/resource_index/package_run_dependencies/ros_ign_interfaces
[2.082s] -- Up-to-date: /home/leo/Documents/Tactile_Sensing_Raptor_Lab/ros2_ws/install/ros_ign_interfaces/share/ament_index/resource_index/parent_prefix_path/ros_ign_interfaces
[2.082s] -- Up-to-date: /home/leo/Documents/Tactile_Sensing_Raptor_Lab/ros2_ws/install/ros_ign_interfaces/share/ros_ign_interfaces/environment/ament_prefix_path.sh
[2.083s] -- Up-to-date: /home/leo/Documents/Tactile_Sensing_Raptor_Lab/ros2_ws/install/ros_ign_interfaces/share/ros_ign_interfaces/environment/ament_prefix_path.dsv
[2.083s] -- Up-to-date: /home/leo/Documents/Tactile_Sensing_Raptor_Lab/ros2_ws/install/ros_ign_interfaces/share/ros_ign_interfaces/environment/path.sh
[2.083s] -- Up-to-date: /home/leo/Documents/Tactile_Sensing_Raptor_Lab/ros2_ws/install/ros_ign_interfaces/share/ros_ign_interfaces/environment/path.dsv
[2.083s] -- Up-to-date: /home/leo/Documents/Tactile_Sensing_Raptor_Lab/ros2_ws/install/ros_ign_interfaces/share/ros_ign_interfaces/local_setup.bash
[2.083s] -- Up-to-date: /home/leo/Documents/Tactile_Sensing_Raptor_Lab/ros2_ws/install/ros_ign_interfaces/share/ros_ign_interfaces/local_setup.sh
[2.084s] -- Up-to-date: /home/leo/Documents/Tactile_Sensing_Raptor_Lab/ros2_ws/install/ros_ign_interfaces/share/ros_ign_interfaces/local_setup.zsh
[2.084s] -- Up-to-date: /home/leo/Documents/Tactile_Sensing_Raptor_Lab/ros2_ws/install/ros_ign_interfaces/share/ros_ign_interfaces/local_setup.dsv
[2.084s] -- Installing: /home/leo/Documents/Tactile_Sensing_Raptor_Lab/ros2_ws/install/ros_ign_interfaces/share/ros_ign_interfaces/package.dsv
[2.087s] -- Up-to-date: /home/leo/Documents/Tactile_Sensing_Raptor_Lab/ros2_ws/install/ros_ign_interfaces/share/ament_index/resource_index/packages/ros_ign_interfaces
[2.088s] -- Up-to-date: /home/leo/Documents/Tactile_Sensing_Raptor_Lab/ros2_ws/install/ros_ign_interfaces/share/ros_ign_interfaces/cmake/export_ros_ign_interfaces__rosidl_generator_cExport.cmake
[2.089s] -- Up-to-date: /home/leo/Documents/Tactile_Sensing_Raptor_Lab/ros2_ws/install/ros_ign_interfaces/share/ros_ign_interfaces/cmake/export_ros_ign_interfaces__rosidl_generator_cExport-release.cmake
[2.089s] -- Up-to-date: /home/leo/Documents/Tactile_Sensing_Raptor_Lab/ros2_ws/install/ros_ign_interfaces/share/ros_ign_interfaces/cmake/export_ros_ign_interfaces__rosidl_typesupport_fastrtps_cExport.cmake
[2.090s] -- Up-to-date: /home/leo/Documents/Tactile_Sensing_Raptor_Lab/ros2_ws/install/ros_ign_interfaces/share/ros_ign_interfaces/cmake/export_ros_ign_interfaces__rosidl_typesupport_fastrtps_cExport-release.cmake
[2.090s] -- Up-to-date: /home/leo/Documents/Tactile_Sensing_Raptor_Lab/ros2_ws/install/ros_ign_interfaces/share/ros_ign_interfaces/cmake/export_ros_ign_interfaces__rosidl_generator_cppExport.cmake
[2.094s] -- Up-to-date: /home/leo/Documents/Tactile_Sensing_Raptor_Lab/ros2_ws/install/ros_ign_interfaces/share/ros_ign_interfaces/cmake/export_ros_ign_interfaces__rosidl_typesupport_fastrtps_cppExport.cmake
[2.094s] -- Up-to-date: /home/leo/Documents/Tactile_Sensing_Raptor_Lab/ros2_ws/install/ros_ign_interfaces/share/ros_ign_interfaces/cmake/export_ros_ign_interfaces__rosidl_typesupport_fastrtps_cppExport-release.cmake
[2.098s] -- Up-to-date: /home/leo/Documents/Tactile_Sensing_Raptor_Lab/ros2_ws/install/ros_ign_interfaces/share/ros_ign_interfaces/cmake/ros_ign_interfaces__rosidl_typesupport_introspection_cExport.cmake
[2.098s] -- Up-to-date: /home/leo/Documents/Tactile_Sensing_Raptor_Lab/ros2_ws/install/ros_ign_interfaces/share/ros_ign_interfaces/cmake/ros_ign_interfaces__rosidl_typesupport_introspection_cExport-release.cmake
[2.099s] -- Up-to-date: /home/leo/Documents/Tactile_Sensing_Raptor_Lab/ros2_ws/install/ros_ign_interfaces/share/ros_ign_interfaces/cmake/ros_ign_interfaces__rosidl_typesupport_cExport.cmake
[2.099s] -- Up-to-date: /home/leo/Documents/Tactile_Sensing_Raptor_Lab/ros2_ws/install/ros_ign_interfaces/share/ros_ign_interfaces/cmake/ros_ign_interfaces__rosidl_typesupport_cExport-release.cmake
[2.100s] -- Up-to-date: /home/leo/Documents/Tactile_Sensing_Raptor_Lab/ros2_ws/install/ros_ign_interfaces/share/ros_ign_interfaces/cmake/ros_ign_interfaces__rosidl_typesupport_introspection_cppExport.cmake
[2.100s] -- Up-to-date: /home/leo/Documents/Tactile_Sensing_Raptor_Lab/ros2_ws/install/ros_ign_interfaces/share/ros_ign_interfaces/cmake/ros_ign_interfaces__rosidl_typesupport_introspection_cppExport-release.cmake
[2.101s] -- Up-to-date: /home/leo/Documents/Tactile_Sensing_Raptor_Lab/ros2_ws/install/ros_ign_interfaces/share/ros_ign_interfaces/cmake/ros_ign_interfaces__rosidl_typesupport_cppExport.cmake
[2.101s] -- Up-to-date: /home/leo/Documents/Tactile_Sensing_Raptor_Lab/ros2_ws/install/ros_ign_interfaces/share/ros_ign_interfaces/cmake/ros_ign_interfaces__rosidl_typesupport_cppExport-release.cmake
[2.102s] -- Up-to-date: /home/leo/Documents/Tactile_Sensing_Raptor_Lab/ros2_ws/install/ros_ign_interfaces/share/ros_ign_interfaces/cmake/export_ros_ign_interfaces__rosidl_generator_pyExport.cmake
[2.102s] -- Up-to-date: /home/leo/Documents/Tactile_Sensing_Raptor_Lab/ros2_ws/install/ros_ign_interfaces/share/ros_ign_interfaces/cmake/export_ros_ign_interfaces__rosidl_generator_pyExport-release.cmake
[2.102s] -- Up-to-date: /home/leo/Documents/Tactile_Sensing_Raptor_Lab/ros2_ws/install/ros_ign_interfaces/share/ros_ign_interfaces/cmake/rosidl_cmake-extras.cmake
[2.106s] -- Up-to-date: /home/leo/Documents/Tactile_Sensing_Raptor_Lab/ros2_ws/install/ros_ign_interfaces/share/ros_ign_interfaces/cmake/ament_cmake_export_dependencies-extras.cmake
[2.110s] -- Up-to-date: /home/leo/Documents/Tactile_Sensing_Raptor_Lab/ros2_ws/install/ros_ign_interfaces/share/ros_ign_interfaces/cmake/ament_cmake_export_include_directories-extras.cmake
[2.110s] -- Up-to-date: /home/leo/Documents/Tactile_Sensing_Raptor_Lab/ros2_ws/install/ros_ign_interfaces/share/ros_ign_interfaces/cmake/ament_cmake_export_libraries-extras.cmake
[2.111s] -- Up-to-date: /home/leo/Documents/Tactile_Sensing_Raptor_Lab/ros2_ws/install/ros_ign_interfaces/share/ros_ign_interfaces/cmake/ament_cmake_export_targets-extras.cmake
[2.111s] -- Up-to-date: /home/leo/Documents/Tactile_Sensing_Raptor_Lab/ros2_ws/install/ros_ign_interfaces/share/ros_ign_interfaces/cmake/rosidl_cmake_export_typesupport_targets-extras.cmake
[2.111s] -- Up-to-date: /home/leo/Documents/Tactile_Sensing_Raptor_Lab/ros2_ws/install/ros_ign_interfaces/share/ros_ign_interfaces/cmake/rosidl_cmake_export_typesupport_libraries-extras.cmake
[2.111s] -- Up-to-date: /home/leo/Documents/Tactile_Sensing_Raptor_Lab/ros2_ws/install/ros_ign_interfaces/share/ros_ign_interfaces/cmake/ros_ign_interfacesConfig.cmake
[2.112s] -- Up-to-date: /home/leo/Documents/Tactile_Sensing_Raptor_Lab/ros2_ws/install/ros_ign_interfaces/share/ros_ign_interfaces/cmake/ros_ign_interfacesConfig-version.cmake
[2.112s] -- Up-to-date: /home/leo/Documents/Tactile_Sensing_Raptor_Lab/ros2_ws/install/ros_ign_interfaces/share/ros_ign_interfaces/package.xml
[2.123s] Invoked command in '/home/leo/Documents/Tactile_Sensing_Raptor_Lab/ros2_ws/build/ros_ign_interfaces' returned '0': AMENT_PREFIX_PATH=/home/leo/Documents/Tactile_Sensing_Raptor_Lab/ros2_ws/install/ros_gz_interfaces:${AMENT_PREFIX_PATH} CMAKE_PREFIX_PATH=/home/leo/Documents/Tactile_Sensing_Raptor_Lab/ros2_ws/install/ros_gz_interfaces:/opt/ros/humble LD_LIBRARY_PATH=/home/leo/Documents/Tactile_Sensing_Raptor_Lab/ros2_ws/install/ros_gz_interfaces/lib:${LD_LIBRARY_PATH} PYTHONPATH=/home/leo/Documents/Tactile_Sensing_Raptor_Lab/ros2_ws/install/ros_gz_interfaces/lib/python3.10/site-packages:${PYTHONPATH} /usr/bin/cmake --install /home/leo/Documents/Tactile_Sensing_Raptor_Lab/ros2_ws/build/ros_ign_interfaces
