[0.045s] Invoking command in '/home/leo/Documents/Tactile_Sensing_Raptor_Lab/ros2_ws/build/control_msgs': CMAKE_PREFIX_PATH=/home/leo/Documents/Tactile_Sensing_Raptor_Lab/ros2_ws/install/tactile_sensing:/opt/ros/humble PS1=
\[[1;36m\]Tactile_Sensing_Raptor_Lab/ros2_ws\[[0m\] on \[[1;35m\] main\[[0m\] \[[1;31m\][!?]\[[0m\] via \[[1;33m\]🐍 v3.10.12 (Tactile_Sensing_Raptor_Lab) \[[0m\]took \[[1;33m\]4s\[[0m\]
\[[1;32m\]❯\[[0m\] /usr/bin/cmake /home/leo/Documents/Tactile_Sensing_Raptor_Lab/ros2_ws/src/control_msgs/control_msgs -DCMAKE_BUILD_TYPE=Release -DCMAKE_INSTALL_PREFIX=/home/leo/Documents/Tactile_Sensing_Raptor_Lab/ros2_ws/install/control_msgs
[0.598s] -- The C compiler identification is GNU 11.4.0
[0.600s] -- The CXX compiler identification is GNU 11.4.0
[0.600s] -- Detecting C compiler ABI info
[0.600s] -- Detecting C compiler ABI info - done
[0.601s] -- Check for working C compiler: /usr/bin/cc - skipped
[0.601s] -- Detecting C compile features
[0.601s] -- Detecting C compile features - done
[0.601s] -- Detecting CXX compiler ABI info
[0.682s] -- Detecting CXX compiler ABI info - done
[0.703s] -- Check for working CXX compiler: /usr/bin/c++ - skipped
[0.703s] -- Detecting CXX compile features
[0.704s] -- Detecting CXX compile features - done
[0.713s] -- Found action_msgs: 1.2.1 (/opt/ros/humble/share/action_msgs/cmake)
[1.774s] -- Found Python3: /home/leo/.local/share/virtualenvs/Tactile_Sensing_Raptor_Lab-fBIDry_x/bin/python3 (found version "3.10.12") found components: Interpreter 
[1.998s] -- Found rosidl_generator_c: 3.1.5 (/opt/ros/humble/share/rosidl_generator_c/cmake)
[2.006s] -- Found rosidl_adapter: 3.1.5 (/opt/ros/humble/share/rosidl_adapter/cmake)
[2.020s] -- Found rosidl_generator_cpp: 3.1.5 (/opt/ros/humble/share/rosidl_generator_cpp/cmake)
[2.037s] -- Using all available rosidl_typesupport_c: rosidl_typesupport_fastrtps_c;rosidl_typesupport_introspection_c
[2.059s] -- Using all available rosidl_typesupport_cpp: rosidl_typesupport_fastrtps_cpp;rosidl_typesupport_introspection_cpp
[2.120s] -- Found geometry_msgs: 4.2.4 (/opt/ros/humble/share/geometry_msgs/cmake)
[2.155s] -- Found rosidl_default_generators: 1.2.0 (/opt/ros/humble/share/rosidl_default_generators/cmake)
[2.167s] -- Found sensor_msgs: 4.2.4 (/opt/ros/humble/share/sensor_msgs/cmake)
[2.191s] -- Found trajectory_msgs: 4.2.4 (/opt/ros/humble/share/trajectory_msgs/cmake)
[2.345s] [31mCMake Error at /opt/ros/humble/share/rosidl_adapter/cmake/rosidl_adapt_interfaces.cmake:59 (message):
[2.345s]   
[2.345s]   execute_process(/home/leo/.local/share/virtualenvs/Tactile_Sensing_Raptor_Lab-fBIDry_x/bin/python3
[2.345s]   -m rosidl_adapter --package-name control_msgs --arguments-file
[2.346s]   /home/leo/Documents/Tactile_Sensing_Raptor_Lab/ros2_ws/build/control_msgs/rosidl_adapter__arguments__control_msgs.json
[2.346s]   --output-dir
[2.346s]   /home/leo/Documents/Tactile_Sensing_Raptor_Lab/ros2_ws/build/control_msgs/rosidl_adapter/control_msgs
[2.346s]   --output-file
[2.346s]   /home/leo/Documents/Tactile_Sensing_Raptor_Lab/ros2_ws/build/control_msgs/rosidl_adapter/control_msgs.idls)
[2.346s]   returned error code 1:
[2.346s] 
[2.346s]   Traceback (most recent call last):
[2.346s] 
[2.346s]     File "/usr/lib/python3.10/runpy.py", line 196, in _run_module_as_main
[2.346s]       return _run_code(code, main_globals, None,
[2.346s]     File "/usr/lib/python3.10/runpy.py", line 86, in _run_code
[2.346s]       exec(code, run_globals)
[2.346s]     File "/opt/ros/humble/local/lib/python3.10/dist-packages/rosidl_adapter/__main__.py", line 19, in <module>
[2.347s]       sys.exit(main())
[2.347s]     File "/opt/ros/humble/local/lib/python3.10/dist-packages/rosidl_adapter/main.py", line 53, in main
[2.347s]       abs_idl_file = convert_to_idl(
[2.347s]     File "/opt/ros/humble/local/lib/python3.10/dist-packages/rosidl_adapter/__init__.py", line 28, in convert_to_idl
[2.347s]       from rosidl_adapter.action import convert_action_to_idl
[2.347s]     File "/opt/ros/humble/local/lib/python3.10/dist-packages/rosidl_adapter/action/__init__.py", line 16, in <module>
[2.347s]       from rosidl_adapter.resource import expand_template
[2.347s]     File "/opt/ros/humble/local/lib/python3.10/dist-packages/rosidl_adapter/resource/__init__.py", line 19, in <module>
[2.347s]       import em
[2.347s] 
[2.347s]   ModuleNotFoundError: No module named 'em'
[2.348s] 
[2.348s] Call Stack (most recent call first):
[2.348s]   /opt/ros/humble/share/rosidl_cmake/cmake/rosidl_generate_interfaces.cmake:130 (rosidl_adapt_interfaces)
[2.348s]   CMakeLists.txt:56 (rosidl_generate_interfaces)
[2.348s] 
[2.348s] [0m
[2.348s] -- Configuring incomplete, errors occurred!
[2.348s] See also "/home/leo/Documents/Tactile_Sensing_Raptor_Lab/ros2_ws/build/control_msgs/CMakeFiles/CMakeOutput.log".
