[ 50%] [32mBuilding CXX object CMakeFiles/create.dir/src/create_shim.cpp.o[0m
[01m[K/home/leo/Documents/Tactile_Sensing_Raptor_Lab/ros2_ws/src/ros_gz/ros_ign_gazebo/src/create_shim.cpp:[m[K In function ‘[01m[Kint main(int, char**)[m[K’:
[01m[K/home/leo/Documents/Tactile_Sensing_Raptor_Lab/ros2_ws/src/ros_gz/ros_ign_gazebo/src/create_shim.cpp:40:9:[m[K [01;35m[Kwarning: [m[Kignoring return value of ‘[01m[Kint system(const char*)[m[K’ declared with attribute ‘[01m[Kwarn_unused_result[m[K’ [[01;35m[K]8;;https://gcc.gnu.org/onlinedocs/gcc/Warning-Options.html#index-Wunused-result-Wunused-result]8;;[m[K]
   40 |   [01;35m[Ksystem(cli_call.str().c_str())[m[K;
      |   [01;35m[K~~~~~~^~~~~~~~~~~~~~~~~~~~~~~~[m[K
[100%] [32m[1mLinking CXX executable create[0m
[100%] Built target create
-- Install configuration: "Release"
-- Installing: /home/leo/Documents/Tactile_Sensing_Raptor_Lab/ros2_ws/install/ros_ign_gazebo/share/ros_ign_gazebo/launch/ign_gazebo.launch.py
-- Installing: /home/leo/Documents/Tactile_Sensing_Raptor_Lab/ros2_ws/install/ros_ign_gazebo/lib/ros_ign_gazebo/create
-- Set runtime path of "/home/leo/Documents/Tactile_Sensing_Raptor_Lab/ros2_ws/install/ros_ign_gazebo/lib/ros_ign_gazebo/create" to ""
-- Installing: /home/leo/Documents/Tactile_Sensing_Raptor_Lab/ros2_ws/install/ros_ign_gazebo/share/ament_index/resource_index/package_run_dependencies/ros_ign_gazebo
-- Installing: /home/leo/Documents/Tactile_Sensing_Raptor_Lab/ros2_ws/install/ros_ign_gazebo/share/ament_index/resource_index/parent_prefix_path/ros_ign_gazebo
-- Installing: /home/leo/Documents/Tactile_Sensing_Raptor_Lab/ros2_ws/install/ros_ign_gazebo/share/ros_ign_gazebo/environment/ament_prefix_path.sh
-- Installing: /home/leo/Documents/Tactile_Sensing_Raptor_Lab/ros2_ws/install/ros_ign_gazebo/share/ros_ign_gazebo/environment/ament_prefix_path.dsv
-- Installing: /home/leo/Documents/Tactile_Sensing_Raptor_Lab/ros2_ws/install/ros_ign_gazebo/share/ros_ign_gazebo/environment/path.sh
-- Installing: /home/leo/Documents/Tactile_Sensing_Raptor_Lab/ros2_ws/install/ros_ign_gazebo/share/ros_ign_gazebo/environment/path.dsv
-- Installing: /home/leo/Documents/Tactile_Sensing_Raptor_Lab/ros2_ws/install/ros_ign_gazebo/share/ros_ign_gazebo/local_setup.bash
-- Installing: /home/leo/Documents/Tactile_Sensing_Raptor_Lab/ros2_ws/install/ros_ign_gazebo/share/ros_ign_gazebo/local_setup.sh
-- Installing: /home/leo/Documents/Tactile_Sensing_Raptor_Lab/ros2_ws/install/ros_ign_gazebo/share/ros_ign_gazebo/local_setup.zsh
-- Installing: /home/leo/Documents/Tactile_Sensing_Raptor_Lab/ros2_ws/install/ros_ign_gazebo/share/ros_ign_gazebo/local_setup.dsv
-- Installing: /home/leo/Documents/Tactile_Sensing_Raptor_Lab/ros2_ws/install/ros_ign_gazebo/share/ros_ign_gazebo/package.dsv
-- Installing: /home/leo/Documents/Tactile_Sensing_Raptor_Lab/ros2_ws/install/ros_ign_gazebo/share/ament_index/resource_index/packages/ros_ign_gazebo
-- Installing: /home/leo/Documents/Tactile_Sensing_Raptor_Lab/ros2_ws/install/ros_ign_gazebo/share/ros_ign_gazebo/cmake/ament_cmake_export_dependencies-extras.cmake
-- Installing: /home/leo/Documents/Tactile_Sensing_Raptor_Lab/ros2_ws/install/ros_ign_gazebo/share/ros_ign_gazebo/cmake/ros_ign_gazeboConfig.cmake
-- Installing: /home/leo/Documents/Tactile_Sensing_Raptor_Lab/ros2_ws/install/ros_ign_gazebo/share/ros_ign_gazebo/cmake/ros_ign_gazeboConfig-version.cmake
-- Installing: /home/leo/Documents/Tactile_Sensing_Raptor_Lab/ros2_ws/install/ros_ign_gazebo/share/ros_ign_gazebo/package.xml
