[0.088s] Invoking command in '/home/leo/Documents/Tactile_Sensing_Raptor_Lab/ros2_ws/build/ros_gz_interfaces': CMAKE_PREFIX_PATH=/home/leo/Documents/Tactile_Sensing_Raptor_Lab/ros2_ws/install/tactile_sensing:/opt/ros/humble PS1=
\[[1;36m\]Tactile_Sensing_Raptor_Lab/ros2_ws\[[0m\] on \[[1;35m\] main\[[0m\] \[[1;31m\][!?]\[[0m\] via \[[1;33m\]🐍 v3.10.12 (Tactile_Sensing_Raptor_Lab) \[[0m\]
\[[1;32m\]❯\[[0m\] /usr/bin/cmake /home/leo/Documents/Tactile_Sensing_Raptor_Lab/ros2_ws/src/ros_gz/ros_gz_interfaces -DCMAKE_BUILD_TYPE=Release -DCMAKE_INSTALL_PREFIX=/home/leo/Documents/Tactile_Sensing_Raptor_Lab/ros2_ws/install/ros_gz_interfaces
[0.631s] -- Found ament_cmake: 1.3.10 (/opt/ros/humble/share/ament_cmake/cmake)
[0.631s] -- Found builtin_interfaces: 1.2.1 (/opt/ros/humble/share/builtin_interfaces/cmake)
[0.631s] -- Found rosidl_generator_c: 3.1.5 (/opt/ros/humble/share/rosidl_generator_c/cmake)
[0.631s] -- Found rosidl_adapter: 3.1.5 (/opt/ros/humble/share/rosidl_adapter/cmake)
[0.631s] -- Found rosidl_generator_cpp: 3.1.5 (/opt/ros/humble/share/rosidl_generator_cpp/cmake)
[0.631s] -- Using all available rosidl_typesupport_c: rosidl_typesupport_fastrtps_c;rosidl_typesupport_introspection_c
[0.632s] -- Using all available rosidl_typesupport_cpp: rosidl_typesupport_fastrtps_cpp;rosidl_typesupport_introspection_cpp
[0.632s] -- Found rcl_interfaces: 1.2.1 (/opt/ros/humble/share/rcl_interfaces/cmake)
[0.632s] -- Found std_msgs: 4.2.4 (/opt/ros/humble/share/std_msgs/cmake)
[0.633s] -- Found geometry_msgs: 4.2.4 (/opt/ros/humble/share/geometry_msgs/cmake)
[0.644s] -- Found rosidl_default_generators: 1.2.0 (/opt/ros/humble/share/rosidl_default_generators/cmake)
[1.576s] -- Found ament_cmake_cppcheck: 0.12.11 (/opt/ros/humble/share/ament_cmake_cppcheck/cmake)
[1.580s] -- Found ament_cmake_cpplint: 0.12.11 (/opt/ros/humble/share/ament_cmake_cpplint/cmake)
[1.583s] -- Found ament_cmake_uncrustify: 0.12.11 (/opt/ros/humble/share/ament_cmake_uncrustify/cmake)
[1.588s] -- Found ament_cmake_ros: 0.10.0 (/opt/ros/humble/share/ament_cmake_ros/cmake)
[2.474s] -- Using all available rosidl_typesupport_c: rosidl_typesupport_fastrtps_c;rosidl_typesupport_introspection_c
[2.792s] -- Using all available rosidl_typesupport_cpp: rosidl_typesupport_fastrtps_cpp;rosidl_typesupport_introspection_cpp
[2.829s] -- Found PythonInterp: /home/leo/.local/share/virtualenvs/Tactile_Sensing_Raptor_Lab-fBIDry_x/bin/python3 (found suitable version "3.10.12", minimum required is "3.6") 
[2.831s] -- Found python_cmake_module: 0.10.0 (/opt/ros/humble/share/python_cmake_module/cmake)
[2.866s] -- Found PythonLibs: /usr/lib/x86_64-linux-gnu/libpython3.10.so (found suitable version "3.10.12", minimum required is "3.5") 
[2.866s] -- Using PYTHON_EXECUTABLE: /home/leo/.local/share/virtualenvs/Tactile_Sensing_Raptor_Lab-fBIDry_x/bin/python3
[2.866s] -- Using PYTHON_INCLUDE_DIRS: /usr/include/python3.10
[2.866s] -- Using PYTHON_LIBRARIES: /usr/lib/x86_64-linux-gnu/libpython3.10.so
[2.898s] -- Found PythonExtra: .so  
[3.011s] -- Found ament_cmake_flake8: 0.12.11 (/opt/ros/humble/share/ament_cmake_flake8/cmake)
[3.015s] -- Found ament_cmake_pep257: 0.12.11 (/opt/ros/humble/share/ament_cmake_pep257/cmake)
[3.029s] -- Configuring done
[3.152s] -- Generating done
[3.170s] -- Build files have been written to: /home/leo/Documents/Tactile_Sensing_Raptor_Lab/ros2_ws/build/ros_gz_interfaces
[3.179s] Invoked command in '/home/leo/Documents/Tactile_Sensing_Raptor_Lab/ros2_ws/build/ros_gz_interfaces' returned '0': CMAKE_PREFIX_PATH=/home/leo/Documents/Tactile_Sensing_Raptor_Lab/ros2_ws/install/tactile_sensing:/opt/ros/humble PS1=
\[[1;36m\]Tactile_Sensing_Raptor_Lab/ros2_ws\[[0m\] on \[[1;35m\] main\[[0m\] \[[1;31m\][!?]\[[0m\] via \[[1;33m\]🐍 v3.10.12 (Tactile_Sensing_Raptor_Lab) \[[0m\]
\[[1;32m\]❯\[[0m\] /usr/bin/cmake /home/leo/Documents/Tactile_Sensing_Raptor_Lab/ros2_ws/src/ros_gz/ros_gz_interfaces -DCMAKE_BUILD_TYPE=Release -DCMAKE_INSTALL_PREFIX=/home/leo/Documents/Tactile_Sensing_Raptor_Lab/ros2_ws/install/ros_gz_interfaces
[3.180s] Invoking command in '/home/leo/Documents/Tactile_Sensing_Raptor_Lab/ros2_ws/build/ros_gz_interfaces': CMAKE_PREFIX_PATH=/home/leo/Documents/Tactile_Sensing_Raptor_Lab/ros2_ws/install/tactile_sensing:/opt/ros/humble PS1=
\[[1;36m\]Tactile_Sensing_Raptor_Lab/ros2_ws\[[0m\] on \[[1;35m\] main\[[0m\] \[[1;31m\][!?]\[[0m\] via \[[1;33m\]🐍 v3.10.12 (Tactile_Sensing_Raptor_Lab) \[[0m\]
\[[1;32m\]❯\[[0m\] /usr/bin/cmake --build /home/leo/Documents/Tactile_Sensing_Raptor_Lab/ros2_ws/build/ros_gz_interfaces -- -j12 -l12
[3.238s] [  1%] [34m[1mGenerating C code for ROS interfaces[0m
[3.255s] [  1%] [34m[1mGenerating C++ code for ROS interfaces[0m
[3.265s] [  1%] Built target ament_cmake_python_copy_ros_gz_interfaces
[3.305s] Traceback (most recent call last):
[3.305s]   File "/opt/ros/humble/share/rosidl_generator_c/cmake/../../../lib/rosidl_generator_c/rosidl_generator_c", line 8, in <module>
[3.305s]     from rosidl_generator_c import generate_c
[3.305s]   File "/opt/ros/humble/local/lib/python3.10/dist-packages/rosidl_generator_c/__init__.py", line 15, in <module>
[3.305s]     from rosidl_cmake import convert_camel_case_to_lower_case_underscore
[3.305s]   File "/opt/ros/humble/local/lib/python3.10/dist-packages/rosidl_cmake/__init__.py", line 24, in <module>
[3.305s]     from rosidl_parser.parser import parse_idl_file
[3.306s]   File "/opt/ros/humble/local/lib/python3.10/dist-packages/rosidl_parser/parser.py", line 20, in <module>
[3.306s]     from lark import Lark
[3.306s] ModuleNotFoundError: No module named 'lark'
[3.314s] gmake[2]: *** [CMakeFiles/ros_gz_interfaces__rosidl_generator_c.dir/build.make:188: rosidl_generator_c/ros_gz_interfaces/msg/altimeter.h] Error 1
[3.314s] gmake[1]: *** [CMakeFiles/Makefile2:212: CMakeFiles/ros_gz_interfaces__rosidl_generator_c.dir/all] Error 2
[3.315s] gmake[1]: *** Waiting for unfinished jobs....
[3.317s] Traceback (most recent call last):
[3.317s]   File "/opt/ros/humble/share/rosidl_generator_cpp/cmake/../../../lib/rosidl_generator_cpp/rosidl_generator_cpp", line 8, in <module>
[3.318s]     from rosidl_generator_cpp import generate_cpp
[3.318s]   File "/opt/ros/humble/local/lib/python3.10/dist-packages/rosidl_generator_cpp/__init__.py", line 17, in <module>
[3.318s]     from rosidl_cmake import generate_files
[3.318s]   File "/opt/ros/humble/local/lib/python3.10/dist-packages/rosidl_cmake/__init__.py", line 24, in <module>
[3.318s]     from rosidl_parser.parser import parse_idl_file
[3.318s]   File "/opt/ros/humble/local/lib/python3.10/dist-packages/rosidl_parser/parser.py", line 20, in <module>
[3.318s]     from lark import Lark
[3.318s] ModuleNotFoundError: No module named 'lark'
[3.325s] gmake[2]: *** [CMakeFiles/ros_gz_interfaces__cpp.dir/build.make:280: rosidl_generator_cpp/ros_gz_interfaces/msg/altimeter.hpp] Error 1
[3.325s] gmake[1]: *** [CMakeFiles/Makefile2:265: CMakeFiles/ros_gz_interfaces__cpp.dir/all] Error 2
[3.514s] running egg_info
[3.523s] creating ros_gz_interfaces.egg-info
[3.523s] writing ros_gz_interfaces.egg-info/PKG-INFO
[3.523s] writing dependency_links to ros_gz_interfaces.egg-info/dependency_links.txt
[3.524s] writing top-level names to ros_gz_interfaces.egg-info/top_level.txt
[3.524s] writing manifest file 'ros_gz_interfaces.egg-info/SOURCES.txt'
[3.552s] reading manifest file 'ros_gz_interfaces.egg-info/SOURCES.txt'
[3.552s] writing manifest file 'ros_gz_interfaces.egg-info/SOURCES.txt'
[3.578s] [  1%] Built target ament_cmake_python_build_ros_gz_interfaces_egg
[3.579s] gmake: *** [Makefile:146: all] Error 2
