[0.640s] Invoking command in '/home/leo/Documents/Tactile_Sensing_Raptor_Lab/ros2_ws/src/tactile_sensing': PYTHONPATH=/home/leo/Documents/Tactile_Sensing_Raptor_Lab/ros2_ws/build/tactile_sensing/prefix_override:/usr/lib/python3/dist-packages/colcon_core/task/python/colcon_distutils_commands:/home/leo/Documents/Tactile_Sensing_Raptor_Lab/ros2_ws/install/tactile_sensing/lib/python3.10/site-packages:${PYTHONPATH} /usr/bin/python3 -W ignore:setup.py install is deprecated -W ignore:easy_install command is deprecated setup.py egg_info --egg-base ../../build/tactile_sensing build --build-base /home/leo/Documents/Tactile_Sensing_Raptor_Lab/ros2_ws/build/tactile_sensing/build install --record /home/leo/Documents/Tactile_Sensing_Raptor_Lab/ros2_ws/build/tactile_sensing/install.log --single-version-externally-managed install_data
[0.845s] running egg_info
[0.858s] writing ../../build/tactile_sensing/tactile_sensing.egg-info/PKG-INFO
[0.858s] writing dependency_links to ../../build/tactile_sensing/tactile_sensing.egg-info/dependency_links.txt
[0.858s] writing entry points to ../../build/tactile_sensing/tactile_sensing.egg-info/entry_points.txt
[0.859s] writing requirements to ../../build/tactile_sensing/tactile_sensing.egg-info/requires.txt
[0.859s] writing top-level names to ../../build/tactile_sensing/tactile_sensing.egg-info/top_level.txt
[0.886s] reading manifest file '../../build/tactile_sensing/tactile_sensing.egg-info/SOURCES.txt'
[0.887s] writing manifest file '../../build/tactile_sensing/tactile_sensing.egg-info/SOURCES.txt'
[0.887s] running build
[0.887s] running build_py
[0.887s] copying tactile_sensing/multi_agent_functions.py -> /home/leo/Documents/Tactile_Sensing_Raptor_Lab/ros2_ws/build/tactile_sensing/build/lib/tactile_sensing
[0.888s] copying tactile_sensing/__init__.py -> /home/leo/Documents/Tactile_Sensing_Raptor_Lab/ros2_ws/build/tactile_sensing/build/lib/tactile_sensing
[0.888s] copying tactile_sensing/testing_functions.py -> /home/leo/Documents/Tactile_Sensing_Raptor_Lab/ros2_ws/build/tactile_sensing/build/lib/tactile_sensing
[0.888s] copying tactile_sensing/movement_functions.py -> /home/leo/Documents/Tactile_Sensing_Raptor_Lab/ros2_ws/build/tactile_sensing/build/lib/tactile_sensing
[0.888s] copying tactile_sensing/show_tactile_image.py -> /home/leo/Documents/Tactile_Sensing_Raptor_Lab/ros2_ws/build/tactile_sensing/build/lib/tactile_sensing
[0.888s] copying tactile_sensing/model_based_mpc.py -> /home/leo/Documents/Tactile_Sensing_Raptor_Lab/ros2_ws/build/tactile_sensing/build/lib/tactile_sensing
[0.888s] copying tactile_sensing/multi_agent_nn_controller.py -> /home/leo/Documents/Tactile_Sensing_Raptor_Lab/ros2_ws/build/tactile_sensing/build/lib/tactile_sensing
[0.888s] copying tactile_sensing/show3d_ros2.py -> /home/leo/Documents/Tactile_Sensing_Raptor_Lab/ros2_ws/build/tactile_sensing/build/lib/tactile_sensing
[0.889s] copying tactile_sensing/implemented_functions.py -> /home/leo/Documents/Tactile_Sensing_Raptor_Lab/ros2_ws/build/tactile_sensing/build/lib/tactile_sensing
[0.889s] copying tactile_sensing/changed_functions.py -> /home/leo/Documents/Tactile_Sensing_Raptor_Lab/ros2_ws/build/tactile_sensing/build/lib/tactile_sensing
[0.889s] copying tactile_sensing/functions.py -> /home/leo/Documents/Tactile_Sensing_Raptor_Lab/ros2_ws/build/tactile_sensing/build/lib/tactile_sensing
[0.889s] copying tactile_sensing/nn_controller.py -> /home/leo/Documents/Tactile_Sensing_Raptor_Lab/ros2_ws/build/tactile_sensing/build/lib/tactile_sensing
[0.889s] running install
[0.893s] running install_lib
[0.906s] copying /home/leo/Documents/Tactile_Sensing_Raptor_Lab/ros2_ws/build/tactile_sensing/build/lib/tactile_sensing/multi_agent_mpc.py -> /home/leo/Documents/Tactile_Sensing_Raptor_Lab/ros2_ws/install/tactile_sensing/lib/python3.10/site-packages/tactile_sensing
[0.906s] copying /home/leo/Documents/Tactile_Sensing_Raptor_Lab/ros2_ws/build/tactile_sensing/build/lib/tactile_sensing/multi_agent_nn_controller.py -> /home/leo/Documents/Tactile_Sensing_Raptor_Lab/ros2_ws/install/tactile_sensing/lib/python3.10/site-packages/tactile_sensing
[0.907s] byte-compiling /home/leo/Documents/Tactile_Sensing_Raptor_Lab/ros2_ws/install/tactile_sensing/lib/python3.10/site-packages/tactile_sensing/multi_agent_nn_controller.py to multi_agent_nn_controller.cpython-310.pyc
[0.909s] running install_data
[0.909s] copying resource/tactile_sensing -> /home/leo/Documents/Tactile_Sensing_Raptor_Lab/ros2_ws/install/tactile_sensing/share/ament_index/resource_index/packages
[0.909s] copying package.xml -> /home/leo/Documents/Tactile_Sensing_Raptor_Lab/ros2_ws/install/tactile_sensing/share/tactile_sensing
[0.909s] copying launch/multi_agent_nn_controller.launch.py -> /home/leo/Documents/Tactile_Sensing_Raptor_Lab/ros2_ws/install/tactile_sensing/share/tactile_sensing/launch
[0.909s] copying launch/multi_agent_mpc_controller.launch.py -> /home/leo/Documents/Tactile_Sensing_Raptor_Lab/ros2_ws/install/tactile_sensing/share/tactile_sensing/launch
[0.910s] copying launch/nn_controller.launch.py -> /home/leo/Documents/Tactile_Sensing_Raptor_Lab/ros2_ws/install/tactile_sensing/share/tactile_sensing/launch
[0.910s] copying launch/mpc_controller.launch.py -> /home/leo/Documents/Tactile_Sensing_Raptor_Lab/ros2_ws/install/tactile_sensing/share/tactile_sensing/launch
[0.910s] copying launch/multi_arm.launch.py -> /home/leo/Documents/Tactile_Sensing_Raptor_Lab/ros2_ws/install/tactile_sensing/share/tactile_sensing/launch
[0.910s] running install_egg_info
[0.925s] removing '/home/leo/Documents/Tactile_Sensing_Raptor_Lab/ros2_ws/install/tactile_sensing/lib/python3.10/site-packages/tactile_sensing-0.0.0-py3.10.egg-info' (and everything under it)
[0.925s] Copying ../../build/tactile_sensing/tactile_sensing.egg-info to /home/leo/Documents/Tactile_Sensing_Raptor_Lab/ros2_ws/install/tactile_sensing/lib/python3.10/site-packages/tactile_sensing-0.0.0-py3.10.egg-info
[0.926s] running install_scripts
[1.043s] Installing camera_publisher script to /home/leo/Documents/Tactile_Sensing_Raptor_Lab/ros2_ws/install/tactile_sensing/lib/tactile_sensing
[1.044s] Installing model_based_mpc script to /home/leo/Documents/Tactile_Sensing_Raptor_Lab/ros2_ws/install/tactile_sensing/lib/tactile_sensing
[1.044s] Installing multi_agent_mpc script to /home/leo/Documents/Tactile_Sensing_Raptor_Lab/ros2_ws/install/tactile_sensing/lib/tactile_sensing
[1.044s] Installing multi_agent_nn script to /home/leo/Documents/Tactile_Sensing_Raptor_Lab/ros2_ws/install/tactile_sensing/lib/tactile_sensing
[1.044s] Installing nn_controller script to /home/leo/Documents/Tactile_Sensing_Raptor_Lab/ros2_ws/install/tactile_sensing/lib/tactile_sensing
[1.044s] Installing show3d_ros2 script to /home/leo/Documents/Tactile_Sensing_Raptor_Lab/ros2_ws/install/tactile_sensing/lib/tactile_sensing
[1.044s] Installing show_tac_image script to /home/leo/Documents/Tactile_Sensing_Raptor_Lab/ros2_ws/install/tactile_sensing/lib/tactile_sensing
[1.044s] writing list of installed files to '/home/leo/Documents/Tactile_Sensing_Raptor_Lab/ros2_ws/build/tactile_sensing/install.log'
[1.074s] Invoked command in '/home/leo/Documents/Tactile_Sensing_Raptor_Lab/ros2_ws/src/tactile_sensing' returned '0': PYTHONPATH=/home/leo/Documents/Tactile_Sensing_Raptor_Lab/ros2_ws/build/tactile_sensing/prefix_override:/usr/lib/python3/dist-packages/colcon_core/task/python/colcon_distutils_commands:/home/leo/Documents/Tactile_Sensing_Raptor_Lab/ros2_ws/install/tactile_sensing/lib/python3.10/site-packages:${PYTHONPATH} /usr/bin/python3 -W ignore:setup.py install is deprecated -W ignore:easy_install command is deprecated setup.py egg_info --egg-base ../../build/tactile_sensing build --build-base /home/leo/Documents/Tactile_Sensing_Raptor_Lab/ros2_ws/build/tactile_sensing/build install --record /home/leo/Documents/Tactile_Sensing_Raptor_Lab/ros2_ws/build/tactile_sensing/install.log --single-version-externally-managed install_data
