[0.042s] Invoking command in '/home/leo/Documents/Tactile_Sensing_Raptor_Lab/ros2_ws/build/ros_gz_interfaces': CMAKE_PREFIX_PATH=/home/leo/Documents/Tactile_Sensing_Raptor_Lab/ros2_ws/install/tactile_sensing:/opt/ros/humble PS1=
\[[1;36m\]Tactile_Sensing_Raptor_Lab/ros2_ws\[[0m\] on \[[1;35m\] main\[[0m\] \[[1;31m\][!?]\[[0m\] via \[[1;33m\]🐍 v3.10.12 (Tactile_Sensing_Raptor_Lab) \[[0m\]
\[[1;32m\]❯\[[0m\] /usr/bin/cmake /home/leo/Documents/Tactile_Sensing_Raptor_Lab/ros2_ws/src/ros_gz/ros_gz_interfaces -DCMAKE_BUILD_TYPE=Release -DCMAKE_INSTALL_PREFIX=/home/leo/Documents/Tactile_Sensing_Raptor_Lab/ros2_ws/install/ros_gz_interfaces
[0.070s] -- Found ament_cmake: 1.3.10 (/opt/ros/humble/share/ament_cmake/cmake)
[0.652s] -- Found builtin_interfaces: 1.2.1 (/opt/ros/humble/share/builtin_interfaces/cmake)
[0.753s] -- Found rosidl_generator_c: 3.1.5 (/opt/ros/humble/share/rosidl_generator_c/cmake)
[0.761s] -- Found rosidl_adapter: 3.1.5 (/opt/ros/humble/share/rosidl_adapter/cmake)
[0.778s] -- Found rosidl_generator_cpp: 3.1.5 (/opt/ros/humble/share/rosidl_generator_cpp/cmake)
[0.807s] -- Using all available rosidl_typesupport_c: rosidl_typesupport_fastrtps_c;rosidl_typesupport_introspection_c
[0.847s] -- Using all available rosidl_typesupport_cpp: rosidl_typesupport_fastrtps_cpp;rosidl_typesupport_introspection_cpp
[0.886s] -- Found rcl_interfaces: 1.2.1 (/opt/ros/humble/share/rcl_interfaces/cmake)
[0.930s] -- Found std_msgs: 4.2.4 (/opt/ros/humble/share/std_msgs/cmake)
[0.971s] -- Found geometry_msgs: 4.2.4 (/opt/ros/humble/share/geometry_msgs/cmake)
[1.051s] -- Found rosidl_default_generators: 1.2.0 (/opt/ros/humble/share/rosidl_default_generators/cmake)
[1.458s] -- Configuring incomplete, errors occurred!
[1.458s] See also "/home/leo/Documents/Tactile_Sensing_Raptor_Lab/ros2_ws/build/ros_gz_interfaces/CMakeFiles/CMakeOutput.log".
[1.459s] [31mCMake Error at /opt/ros/humble/share/rosidl_adapter/cmake/rosidl_adapt_interfaces.cmake:59 (message):
[1.459s]   
[1.459s]   execute_process(/home/leo/.local/share/virtualenvs/Tactile_Sensing_Raptor_Lab-fBIDry_x/bin/python3
[1.459s]   -m rosidl_adapter --package-name ros_gz_interfaces --arguments-file
[1.459s]   /home/leo/Documents/Tactile_Sensing_Raptor_Lab/ros2_ws/build/ros_gz_interfaces/rosidl_adapter__arguments__ros_gz_interfaces.json
[1.460s]   --output-dir
[1.460s]   /home/leo/Documents/Tactile_Sensing_Raptor_Lab/ros2_ws/build/ros_gz_interfaces/rosidl_adapter/ros_gz_interfaces
[1.460s]   --output-file
[1.460s]   /home/leo/Documents/Tactile_Sensing_Raptor_Lab/ros2_ws/build/ros_gz_interfaces/rosidl_adapter/ros_gz_interfaces.idls)
[1.463s]   returned error code 1:
[1.464s] 
[1.464s]   AttributeError processing template 'msg.idl.em'
[1.464s] 
[1.464s]   Traceback (most recent call last):
[1.464s] 
[1.465s]     File "/opt/ros/humble/local/lib/python3.10/dist-packages/rosidl_adapter/resource/__init__.py", line 48, in evaluate_template
[1.465s]       _interpreter = em.Interpreter(
[1.465s] 
[1.465s]   AttributeError: module 'em' has no attribute 'Interpreter'
[1.465s] 
[1.473s]   
[1.473s] 
[1.473s]   During handling of the above exception, another exception occurred:
[1.473s] 
[1.473s]   
[1.474s] 
[1.474s]   Traceback (most recent call last):
[1.474s] 
[1.474s]     File "/usr/lib/python3.10/runpy.py", line 196, in _run_module_as_main
[1.475s]       return _run_code(code, main_globals, None,
[1.475s]     File "/usr/lib/python3.10/runpy.py", line 86, in _run_code
[1.475s]       exec(code, run_globals)
[1.475s]     File "/opt/ros/humble/local/lib/python3.10/dist-packages/rosidl_adapter/__main__.py", line 19, in <module>
[1.476s]       sys.exit(main())
[1.476s]     File "/opt/ros/humble/local/lib/python3.10/dist-packages/rosidl_adapter/main.py", line 53, in main
[1.476s]       abs_idl_file = convert_to_idl(
[1.476s]     File "/opt/ros/humble/local/lib/python3.10/dist-packages/rosidl_adapter/__init__.py", line 19, in convert_to_idl
[1.476s]       return convert_msg_to_idl(
[1.477s]     File "/opt/ros/humble/local/lib/python3.10/dist-packages/rosidl_adapter/msg/__init__.py", line 39, in convert_msg_to_idl
[1.477s]       expand_template('msg.idl.em', data, output_file, encoding='iso-8859-1')
[1.477s]     File "/opt/ros/humble/local/lib/python3.10/dist-packages/rosidl_adapter/resource/__init__.py", line 23, in expand_template
[1.477s]       content = evaluate_template(template_name, data)
[1.477s]     File "/opt/ros/humble/local/lib/python3.10/dist-packages/rosidl_adapter/resource/__init__.py", line 69, in evaluate_template
[1.478s]       _interpreter.shutdown()
[1.478s] 
[1.478s]   AttributeError: 'NoneType' object has no attribute 'shutdown'
[1.485s] 
[1.486s] Call Stack (most recent call first):
[1.486s]   /opt/ros/humble/share/rosidl_cmake/cmake/rosidl_generate_interfaces.cmake:130 (rosidl_adapt_interfaces)
[1.486s]   CMakeLists.txt:48 (rosidl_generate_interfaces)
[1.486s] 
[1.487s] [0m
[1.665s] Invoked command in '/home/leo/Documents/Tactile_Sensing_Raptor_Lab/ros2_ws/build/ros_gz_interfaces' returned '1': CMAKE_PREFIX_PATH=/home/leo/Documents/Tactile_Sensing_Raptor_Lab/ros2_ws/install/tactile_sensing:/opt/ros/humble PS1=
\[[1;36m\]Tactile_Sensing_Raptor_Lab/ros2_ws\[[0m\] on \[[1;35m\] main\[[0m\] \[[1;31m\][!?]\[[0m\] via \[[1;33m\]🐍 v3.10.12 (Tactile_Sensing_Raptor_Lab) \[[0m\]
\[[1;32m\]❯\[[0m\] /usr/bin/cmake /home/leo/Documents/Tactile_Sensing_Raptor_Lab/ros2_ws/src/ros_gz/ros_gz_interfaces -DCMAKE_BUILD_TYPE=Release -DCMAKE_INSTALL_PREFIX=/home/leo/Documents/Tactile_Sensing_Raptor_Lab/ros2_ws/install/ros_gz_interfaces
