[0.166s] Invoking command in '/home/leo/Documents/Tactile_Sensing_Raptor_Lab/ros2_ws/build/controller_manager': AMENT_PREFIX_PATH=/home/leo/Documents/Tactile_Sensing_Raptor_Lab/ros2_ws/install/hardware_interface_testing:/home/leo/Documents/Tactile_Sensing_Raptor_Lab/ros2_ws/install/controller_interface:/home/leo/Documents/Tactile_Sensing_Raptor_Lab/ros2_ws/install/hardware_interface:/home/leo/Documents/Tactile_Sensing_Raptor_Lab/ros2_ws/install/ros2_control_test_assets:/home/leo/Documents/Tactile_Sensing_Raptor_Lab/ros2_ws/install/realtime_tools:/home/leo/Documents/Tactile_Sensing_Raptor_Lab/ros2_ws/install/controller_manager_msgs:/home/leo/Documents/Tactile_Sensing_Raptor_Lab/ros2_ws/install/control_msgs:${AMENT_PREFIX_PATH} CMAKE_PREFIX_PATH=/home/leo/Documents/Tactile_Sensing_Raptor_Lab/ros2_ws/install/hardware_interface_testing:/home/leo/Documents/Tactile_Sensing_Raptor_Lab/ros2_ws/install/controller_interface:/home/leo/Documents/Tactile_Sensing_Raptor_Lab/ros2_ws/install/hardware_interface:/home/leo/Documents/Tactile_Sensing_Raptor_Lab/ros2_ws/install/ros2_control_test_assets:/home/leo/Documents/Tactile_Sensing_Raptor_Lab/ros2_ws/install/realtime_tools:/home/leo/Documents/Tactile_Sensing_Raptor_Lab/ros2_ws/install/controller_manager_msgs:/home/leo/Documents/Tactile_Sensing_Raptor_Lab/ros2_ws/install/control_msgs:/opt/ros/humble LD_LIBRARY_PATH=/home/leo/Documents/Tactile_Sensing_Raptor_Lab/ros2_ws/install/hardware_interface_testing/lib:/home/leo/Documents/Tactile_Sensing_Raptor_Lab/ros2_ws/install/controller_interface/lib:/home/leo/Documents/Tactile_Sensing_Raptor_Lab/ros2_ws/install/hardware_interface/lib:/home/leo/Documents/Tactile_Sensing_Raptor_Lab/ros2_ws/install/realtime_tools/lib:/home/leo/Documents/Tactile_Sensing_Raptor_Lab/ros2_ws/install/controller_manager_msgs/lib:/home/leo/Documents/Tactile_Sensing_Raptor_Lab/ros2_ws/install/control_msgs/lib:${LD_LIBRARY_PATH} PYTHONPATH=/home/leo/Documents/Tactile_Sensing_Raptor_Lab/ros2_ws/install/controller_manager_msgs/lib/python3.10/site-packages:/home/leo/Documents/Tactile_Sensing_Raptor_Lab/ros2_ws/install/control_msgs/lib/python3.10/site-packages:${PYTHONPATH} /usr/bin/cmake --build /home/leo/Documents/Tactile_Sensing_Raptor_Lab/ros2_ws/build/controller_manager -- -j12 -l12
[0.410s] [35m[1mConsolidate compiler generated dependencies of target gmock_main[0m
[0.437s] [35m[1mConsolidate compiler generated dependencies of target gmock[0m
[0.480s] [  2%] Built target ament_generate_version_header__controller_manager
[0.500s] [  7%] Built target gmock_main
[0.538s] [  7%] Built target ament_cmake_python_copy_controller_manager_setup
[0.538s] [ 15%] Built target gmock
[0.556s] [ 15%] Built target ament_cmake_python_copy_controller_manager
[0.605s] [ 18%] [32mBuilding CXX object CMakeFiles/controller_manager.dir/src/controller_manager.cpp.o[0m
[1.264s] running egg_info
[1.313s] writing controller_manager.egg-info/PKG-INFO
[1.315s] writing dependency_links to controller_manager.egg-info/dependency_links.txt
[1.316s] writing entry points to controller_manager.egg-info/entry_points.txt
[1.317s] writing top-level names to controller_manager.egg-info/top_level.txt
[1.352s] running install_scripts
[1.443s] reading manifest file 'controller_manager.egg-info/SOURCES.txt'
[1.449s] writing manifest file 'controller_manager.egg-info/SOURCES.txt'
[1.457s] /home/leo/.local/share/virtualenvs/Tactile_Sensing_Raptor_Lab-fBIDry_x/lib/python3.10/site-packages/setuptools/_distutils/cmd.py:79: SetuptoolsDeprecationWarning: setup.py install is deprecated.
[1.458s] !!
[1.458s] 
[1.458s]         ********************************************************************************
[1.458s]         Please avoid running ``setup.py`` directly.
[1.459s]         Instead, use pypa/build, pypa/installer or other
[1.459s]         standards-based tools.
[1.459s] 
[1.459s]         See https://blog.ganssle.io/articles/2021/10/setup-py-deprecated.html for details.
[1.459s]         ********************************************************************************
[1.459s] 
[1.460s] !!
[1.460s]   self.initialize_options()
[1.470s] running egg_info
[1.530s] writing controller_manager.egg-info/PKG-INFO
[1.530s] [ 18%] Built target ament_cmake_python_build_controller_manager_egg
[1.531s] writing dependency_links to controller_manager.egg-info/dependency_links.txt
[1.531s] writing entry points to controller_manager.egg-info/entry_points.txt
[1.531s] writing top-level names to controller_manager.egg-info/top_level.txt
[1.591s] reading manifest file 'controller_manager.egg-info/SOURCES.txt'
[1.598s] writing manifest file 'controller_manager.egg-info/SOURCES.txt'
[2.386s] Installing hardware_spawner script to scripts
[2.387s] Installing spawner script to scripts
[2.387s] Installing unspawner script to scripts
[2.597s] [ 18%] Built target ament_cmake_python_build_controller_manager_scripts
