[0.027s] Invoking command in '/home/leo/Documents/Tactile_Sensing_Raptor_Lab/ros2_ws/build/kortex_api': CMAKE_PREFIX_PATH=/opt/ros/humble PS1=
\[[1;36m\]Tactile_Sensing_Raptor_Lab/ros2_ws\[[0m\] on \[[1;35m\] main\[[0m\] \[[1;31m\][?]\[[0m\] via \[[1;33m\]🐍 v3.10.12 (Tactile_Sensing_Raptor_Lab) \[[0m\]
\[[1;32m\]❯\[[0m\] /usr/bin/cmake /home/leo/Documents/Tactile_Sensing_Raptor_Lab/ros2_ws/src/ros2_kortex/kortex_api -DCMAKE_BUILD_TYPE=Release -DCMAKE_INSTALL_PREFIX=/home/leo/Documents/Tactile_Sensing_Raptor_Lab/ros2_ws/install/kortex_api
[3.362s] -- The C compiler identification is GNU 11.4.0
[3.412s] -- The CXX compiler identification is GNU 11.4.0
[3.419s] -- Detecting C compiler ABI info
[3.483s] -- Detecting C compiler ABI info - done
[3.489s] -- Check for working C compiler: /usr/bin/cc - skipped
[3.489s] -- Detecting C compile features
[3.489s] -- Detecting C compile features - done
[3.492s] -- Detecting CXX compiler ABI info
[3.567s] -- Detecting CXX compiler ABI info - done
[3.573s] -- Check for working CXX compiler: /usr/bin/c++ - skipped
[3.573s] -- Detecting CXX compile features
[3.573s] -- Detecting CXX compile features - done
[3.575s] -- Found ament_cmake: 1.3.10 (/opt/ros/humble/share/ament_cmake/cmake)
[3.968s] -- Found Python3: /home/leo/.local/share/virtualenvs/Tactile_Sensing_Raptor_Lab-fBIDry_x/bin/python3 (found version "3.10.12") found components: Interpreter 
[4.057s] Traceback (most recent call last):
[4.057s]   File "/opt/ros/humble/share/ament_cmake_core/cmake/core/package_xml_2_cmake.py", line 22, in <module>
[4.057s]     from catkin_pkg.package import parse_package_string
[4.058s] ModuleNotFoundError: No module named 'catkin_pkg'
[4.060s] [31mCMake Error at /opt/ros/humble/share/ament_cmake_core/cmake/core/ament_package_xml.cmake:95 (message):
[4.060s]   
[4.060s]   execute_process(/home/leo/.local/share/virtualenvs/Tactile_Sensing_Raptor_Lab-fBIDry_x/bin/python3
[4.060s]   /opt/ros/humble/share/ament_cmake_core/cmake/core/package_xml_2_cmake.py
[4.060s]   /home/leo/Documents/Tactile_Sensing_Raptor_Lab/ros2_ws/src/ros2_kortex/kortex_api/package.xml
[4.060s]   /home/leo/Documents/Tactile_Sensing_Raptor_Lab/ros2_ws/build/kortex_api/ament_cmake_core/package.cmake)
[4.060s]   returned error code 1
[4.060s] Call Stack (most recent call first):
[4.060s]   /opt/ros/humble/share/ament_cmake_core/cmake/core/ament_package_xml.cmake:49 (_ament_package_xml)
[4.060s]   /opt/ros/humble/share/ament_cmake_core/cmake/core/ament_package.cmake:63 (ament_package_xml)
[4.061s]   CMakeLists.txt:46 (ament_package)
[4.061s] 
[4.061s] [0m
[4.061s] -- Configuring incomplete, errors occurred!
[4.061s] See also "/home/leo/Documents/Tactile_Sensing_Raptor_Lab/ros2_ws/build/kortex_api/CMakeFiles/CMakeOutput.log".
