[0.073s] DEBUG:colcon:Command line arguments: ['/usr/bin/colcon', 'build', '--packages-select', 'tactile_sensing', '--symlink-install', '--cmake-clean-first']
[0.073s] DEBUG:colcon:Parsed command line arguments: Namespace(log_base=None, log_level=None, verb_name='build', build_base='build', install_base='install', merge_install=False, symlink_install=True, test_result_base=None, continue_on_error=False, executor='parallel', parallel_workers=12, event_handlers=None, ignore_user_meta=False, metas=['./colcon.meta'], base_paths=['.'], packages_ignore=None, packages_ignore_regex=None, paths=None, packages_up_to=None, packages_up_to_regex=None, packages_above=None, packages_above_and_dependencies=None, packages_above_depth=None, packages_select_by_dep=None, packages_skip_by_dep=None, packages_skip_up_to=None, packages_select_build_failed=False, packages_skip_build_finished=False, packages_select_test_failures=False, packages_skip_test_passed=False, packages_select=['tactile_sensing'], packages_skip=None, packages_select_regex=None, packages_skip_regex=None, packages_start=None, packages_end=None, allow_overriding=[], cmake_args=None, cmake_target=None, cmake_target_skip_unavailable=False, cmake_clean_cache=False, cmake_clean_first=True, cmake_force_configure=False, ament_cmake_args=None, catkin_cmake_args=None, catkin_skip_building_tests=False, mixin_files=None, mixin=None, verb_parser=<colcon_mixin.mixin.mixin_argument.MixinArgumentDecorator object at 0x7c8e9cc5f490>, verb_extension=<colcon_core.verb.build.BuildVerb object at 0x7c8e9cc5f070>, main=<bound method BuildVerb.main of <colcon_core.verb.build.BuildVerb object at 0x7c8e9cc5f070>>, mixin_verb=('build',))
[0.100s] Level 1:colcon.colcon_core.package_discovery:discover_packages(colcon_meta) check parameters
[0.100s] Level 1:colcon.colcon_core.package_discovery:discover_packages(recursive) check parameters
[0.100s] Level 1:colcon.colcon_core.package_discovery:discover_packages(ignore) check parameters
[0.100s] Level 1:colcon.colcon_core.package_discovery:discover_packages(path) check parameters
[0.100s] Level 1:colcon.colcon_core.package_discovery:discover_packages(colcon_meta) discover
[0.100s] Level 1:colcon.colcon_core.package_discovery:discover_packages(recursive) discover
[0.100s] INFO:colcon.colcon_core.package_discovery:Crawling recursively for packages in '/home/leo/Documents/Tactile_Sensing_Raptor_Lab/ros2_ws'
[0.100s] Level 1:colcon.colcon_core.package_identification:_identify(.) by extensions ['ignore', 'ignore_ament_install']
[0.101s] Level 1:colcon.colcon_core.package_identification:_identify(.) by extension 'ignore'
[0.101s] Level 1:colcon.colcon_core.package_identification:_identify(.) by extension 'ignore_ament_install'
[0.101s] Level 1:colcon.colcon_core.package_identification:_identify(.) by extensions ['colcon_pkg']
[0.101s] Level 1:colcon.colcon_core.package_identification:_identify(.) by extension 'colcon_pkg'
[0.101s] Level 1:colcon.colcon_core.package_identification:_identify(.) by extensions ['colcon_meta']
[0.101s] Level 1:colcon.colcon_core.package_identification:_identify(.) by extension 'colcon_meta'
[0.101s] Level 1:colcon.colcon_core.package_identification:_identify(.) by extensions ['ros']
[0.101s] Level 1:colcon.colcon_core.package_identification:_identify(.) by extension 'ros'
[0.110s] Level 1:colcon.colcon_core.package_identification:_identify(.) by extensions ['cmake', 'python']
[0.110s] Level 1:colcon.colcon_core.package_identification:_identify(.) by extension 'cmake'
[0.110s] Level 1:colcon.colcon_core.package_identification:_identify(.) by extension 'python'
[0.110s] Level 1:colcon.colcon_core.package_identification:_identify(.) by extensions ['python_setup_py']
[0.110s] Level 1:colcon.colcon_core.package_identification:_identify(.) by extension 'python_setup_py'
[0.111s] Level 1:colcon.colcon_core.package_identification:_identify(build) by extensions ['ignore', 'ignore_ament_install']
[0.111s] Level 1:colcon.colcon_core.package_identification:_identify(build) by extension 'ignore'
[0.111s] Level 1:colcon.colcon_core.package_identification:_identify(build) ignored
[0.111s] Level 1:colcon.colcon_core.package_identification:_identify(install) by extensions ['ignore', 'ignore_ament_install']
[0.111s] Level 1:colcon.colcon_core.package_identification:_identify(install) by extension 'ignore'
[0.111s] Level 1:colcon.colcon_core.package_identification:_identify(install) ignored
[0.111s] Level 1:colcon.colcon_core.package_identification:_identify(log) by extensions ['ignore', 'ignore_ament_install']
[0.111s] Level 1:colcon.colcon_core.package_identification:_identify(log) by extension 'ignore'
[0.111s] Level 1:colcon.colcon_core.package_identification:_identify(log) ignored
[0.111s] Level 1:colcon.colcon_core.package_identification:_identify(src) by extensions ['ignore', 'ignore_ament_install']
[0.111s] Level 1:colcon.colcon_core.package_identification:_identify(src) by extension 'ignore'
[0.111s] Level 1:colcon.colcon_core.package_identification:_identify(src) by extension 'ignore_ament_install'
[0.111s] Level 1:colcon.colcon_core.package_identification:_identify(src) by extensions ['colcon_pkg']
[0.111s] Level 1:colcon.colcon_core.package_identification:_identify(src) by extension 'colcon_pkg'
[0.111s] Level 1:colcon.colcon_core.package_identification:_identify(src) by extensions ['colcon_meta']
[0.111s] Level 1:colcon.colcon_core.package_identification:_identify(src) by extension 'colcon_meta'
[0.111s] Level 1:colcon.colcon_core.package_identification:_identify(src) by extensions ['ros']
[0.111s] Level 1:colcon.colcon_core.package_identification:_identify(src) by extension 'ros'
[0.111s] Level 1:colcon.colcon_core.package_identification:_identify(src) by extensions ['cmake', 'python']
[0.111s] Level 1:colcon.colcon_core.package_identification:_identify(src) by extension 'cmake'
[0.111s] Level 1:colcon.colcon_core.package_identification:_identify(src) by extension 'python'
[0.111s] Level 1:colcon.colcon_core.package_identification:_identify(src) by extensions ['python_setup_py']
[0.111s] Level 1:colcon.colcon_core.package_identification:_identify(src) by extension 'python_setup_py'
[0.112s] Level 1:colcon.colcon_core.package_identification:_identify(src/tactile_sensing) by extensions ['ignore', 'ignore_ament_install']
[0.112s] Level 1:colcon.colcon_core.package_identification:_identify(src/tactile_sensing) by extension 'ignore'
[0.112s] Level 1:colcon.colcon_core.package_identification:_identify(src/tactile_sensing) by extension 'ignore_ament_install'
[0.112s] Level 1:colcon.colcon_core.package_identification:_identify(src/tactile_sensing) by extensions ['colcon_pkg']
[0.112s] Level 1:colcon.colcon_core.package_identification:_identify(src/tactile_sensing) by extension 'colcon_pkg'
[0.112s] Level 1:colcon.colcon_core.package_identification:_identify(src/tactile_sensing) by extensions ['colcon_meta']
[0.112s] Level 1:colcon.colcon_core.package_identification:_identify(src/tactile_sensing) by extension 'colcon_meta'
[0.112s] Level 1:colcon.colcon_core.package_identification:_identify(src/tactile_sensing) by extensions ['ros']
[0.112s] Level 1:colcon.colcon_core.package_identification:_identify(src/tactile_sensing) by extension 'ros'
[0.113s] DEBUG:colcon.colcon_core.package_identification:Found ROS schema reference in package manifest in 'src/tactile_sensing'
[0.113s] WARNING:colcon.colcon_core.package_identification:Failed to parse ROS package manifest in 'src/tactile_sensing': Error(s) in package 'src/tactile_sensing/package.xml':
Error(s):
- The generic dependency on 'python3-osqp' is redundant with: exec_depend
[0.113s] Level 1:colcon.colcon_core.package_identification:_identify(src/tactile_sensing) by extensions ['cmake', 'python']
[0.113s] Level 1:colcon.colcon_core.package_identification:_identify(src/tactile_sensing) by extension 'cmake'
[0.113s] Level 1:colcon.colcon_core.package_identification:_identify(src/tactile_sensing) by extension 'python'
[0.113s] DEBUG:colcon.colcon_core.package_identification:Python package in 'src/tactile_sensing' passes arguments to the setup() function which requires a different identification extension than 'python'
[0.113s] Level 1:colcon.colcon_core.package_identification:_identify(src/tactile_sensing) by extensions ['python_setup_py']
[0.113s] Level 1:colcon.colcon_core.package_identification:_identify(src/tactile_sensing) by extension 'python_setup_py'
[0.253s] DEBUG:colcon.colcon_core.package_identification:Package 'src/tactile_sensing' with type 'python' and name 'tactile_sensing'
[0.254s] Level 1:colcon.colcon_core.package_discovery:discover_packages(recursive) using defaults
[0.254s] Level 1:colcon.colcon_core.package_discovery:discover_packages(ignore) discover
[0.254s] Level 1:colcon.colcon_core.package_discovery:discover_packages(ignore) using defaults
[0.254s] Level 1:colcon.colcon_core.package_discovery:discover_packages(path) discover
[0.254s] Level 1:colcon.colcon_core.package_discovery:discover_packages(path) using defaults
[0.268s] Level 1:colcon.colcon_core.package_discovery:discover_packages(prefix_path) check parameters
[0.268s] Level 1:colcon.colcon_core.package_discovery:discover_packages(prefix_path) discover
[0.268s] WARNING:colcon.colcon_ros.prefix_path.ament:The path '/home/leo/Documents/Tactile_Sensing_Raptor_Lab/ros2_ws/install/tactile_sensing' in the environment variable AMENT_PREFIX_PATH doesn't exist
[0.269s] DEBUG:colcon.colcon_installed_package_information.package_discovery:Found 0 installed packages in /home/leo/Documents/Tactile_Sensing_Raptor_Lab/ros2_ws/install
[0.270s] DEBUG:colcon.colcon_installed_package_information.package_discovery:Found 306 installed packages in /opt/ros/humble
[0.271s] Level 1:colcon.colcon_core.package_discovery:discover_packages(prefix_path) using defaults
[0.297s] Level 5:colcon.colcon_core.verb:set package 'tactile_sensing' build argument 'cmake_args' from command line to 'None'
[0.297s] Level 5:colcon.colcon_core.verb:set package 'tactile_sensing' build argument 'cmake_target' from command line to 'None'
[0.297s] Level 5:colcon.colcon_core.verb:set package 'tactile_sensing' build argument 'cmake_target_skip_unavailable' from command line to 'False'
[0.297s] Level 5:colcon.colcon_core.verb:set package 'tactile_sensing' build argument 'cmake_clean_cache' from command line to 'False'
[0.297s] Level 5:colcon.colcon_core.verb:set package 'tactile_sensing' build argument 'cmake_clean_first' from command line to 'True'
[0.297s] Level 5:colcon.colcon_core.verb:set package 'tactile_sensing' build argument 'cmake_force_configure' from command line to 'False'
[0.297s] Level 5:colcon.colcon_core.verb:set package 'tactile_sensing' build argument 'ament_cmake_args' from command line to 'None'
[0.297s] Level 5:colcon.colcon_core.verb:set package 'tactile_sensing' build argument 'catkin_cmake_args' from command line to 'None'
[0.297s] Level 5:colcon.colcon_core.verb:set package 'tactile_sensing' build argument 'catkin_skip_building_tests' from command line to 'False'
[0.297s] DEBUG:colcon.colcon_core.verb:Building package 'tactile_sensing' with the following arguments: {'ament_cmake_args': None, 'build_base': '/home/leo/Documents/Tactile_Sensing_Raptor_Lab/ros2_ws/build/tactile_sensing', 'catkin_cmake_args': None, 'catkin_skip_building_tests': False, 'cmake_args': None, 'cmake_clean_cache': False, 'cmake_clean_first': True, 'cmake_force_configure': False, 'cmake_target': None, 'cmake_target_skip_unavailable': False, 'install_base': '/home/leo/Documents/Tactile_Sensing_Raptor_Lab/ros2_ws/install/tactile_sensing', 'merge_install': False, 'path': '/home/leo/Documents/Tactile_Sensing_Raptor_Lab/ros2_ws/src/tactile_sensing', 'symlink_install': True, 'test_result_base': None}
[0.297s] INFO:colcon.colcon_core.executor:Executing jobs using 'parallel' executor
[0.298s] DEBUG:colcon.colcon_parallel_executor.executor.parallel:run_until_complete
[0.298s] INFO:colcon.colcon_core.task.python.build:Building Python package in '/home/leo/Documents/Tactile_Sensing_Raptor_Lab/ros2_ws/src/tactile_sensing'
[0.300s] INFO:colcon.colcon_core.plugin_system:Skipping extension 'colcon_core.shell.bat': Not used on non-Windows systems
[0.300s] INFO:colcon.colcon_core.shell:Skip shell extension 'powershell' for command environment: Not usable outside of PowerShell
[0.300s] DEBUG:colcon.colcon_core.shell:Skip shell extension 'dsv' for command environment
[0.807s] DEBUG:colcon.colcon_core.event_handler.log_command:Invoking command in '/home/leo/Documents/Tactile_Sensing_Raptor_Lab/ros2_ws/build/tactile_sensing': PS1=
\[[1;36m\]Tactile_Sensing_Raptor_Lab/ros2_ws\[[0m\] on \[[1;35m\] main\[[0m\] \[[1;31m\][✘!?]\[[0m\] via \[[1;33m\]🐍 v3.10.12 (Tactile_Sensing_Raptor_Lab) \[[0m\]
\[[1;32m\]❯\[[0m\] PYTHONPATH=/home/leo/Documents/Tactile_Sensing_Raptor_Lab/ros2_ws/build/tactile_sensing/prefix_override:/usr/lib/python3/dist-packages/colcon_core/task/python/colcon_distutils_commands:/home/leo/Documents/Tactile_Sensing_Raptor_Lab/ros2_ws/install/tactile_sensing/lib/python3.10/site-packages:${PYTHONPATH} /usr/bin/python3 -W ignore:setup.py install is deprecated -W ignore:easy_install command is deprecated setup.py develop --editable --build-directory /home/leo/Documents/Tactile_Sensing_Raptor_Lab/ros2_ws/build/tactile_sensing/build --no-deps symlink_data
[1.269s] Level 1:colcon.colcon_core.shell:create_environment_hook('tactile_sensing', 'pythonpath_develop')
[1.270s] INFO:colcon.colcon_core.shell:Creating environment hook '/home/leo/Documents/Tactile_Sensing_Raptor_Lab/ros2_ws/build/tactile_sensing/share/tactile_sensing/hook/pythonpath_develop.ps1'
[1.270s] DEBUG:colcon.colcon_core.event_handler.log_command:Invoked command in '/home/leo/Documents/Tactile_Sensing_Raptor_Lab/ros2_ws/build/tactile_sensing' returned '0': PS1=
\[[1;36m\]Tactile_Sensing_Raptor_Lab/ros2_ws\[[0m\] on \[[1;35m\] main\[[0m\] \[[1;31m\][✘!?]\[[0m\] via \[[1;33m\]🐍 v3.10.12 (Tactile_Sensing_Raptor_Lab) \[[0m\]
\[[1;32m\]❯\[[0m\] PYTHONPATH=/home/leo/Documents/Tactile_Sensing_Raptor_Lab/ros2_ws/build/tactile_sensing/prefix_override:/usr/lib/python3/dist-packages/colcon_core/task/python/colcon_distutils_commands:/home/leo/Documents/Tactile_Sensing_Raptor_Lab/ros2_ws/install/tactile_sensing/lib/python3.10/site-packages:${PYTHONPATH} /usr/bin/python3 -W ignore:setup.py install is deprecated -W ignore:easy_install command is deprecated setup.py develop --editable --build-directory /home/leo/Documents/Tactile_Sensing_Raptor_Lab/ros2_ws/build/tactile_sensing/build --no-deps symlink_data
[1.270s] INFO:colcon.colcon_core.shell:Creating environment descriptor '/home/leo/Documents/Tactile_Sensing_Raptor_Lab/ros2_ws/build/tactile_sensing/share/tactile_sensing/hook/pythonpath_develop.dsv'
[1.271s] INFO:colcon.colcon_core.shell:Creating environment hook '/home/leo/Documents/Tactile_Sensing_Raptor_Lab/ros2_ws/build/tactile_sensing/share/tactile_sensing/hook/pythonpath_develop.sh'
[1.273s] Level 1:colcon.colcon_core.environment:checking '/home/leo/Documents/Tactile_Sensing_Raptor_Lab/ros2_ws/install/tactile_sensing' for CMake module files
[1.273s] Level 1:colcon.colcon_core.environment:checking '/home/leo/Documents/Tactile_Sensing_Raptor_Lab/ros2_ws/install/tactile_sensing' for CMake config files
[1.273s] Level 1:colcon.colcon_core.environment:checking '/home/leo/Documents/Tactile_Sensing_Raptor_Lab/ros2_ws/install/tactile_sensing/lib'
[1.273s] Level 1:colcon.colcon_core.environment:checking '/home/leo/Documents/Tactile_Sensing_Raptor_Lab/ros2_ws/install/tactile_sensing/bin'
[1.273s] Level 1:colcon.colcon_core.environment:checking '/home/leo/Documents/Tactile_Sensing_Raptor_Lab/ros2_ws/install/tactile_sensing/lib/pkgconfig/tactile_sensing.pc'
[1.274s] Level 1:colcon.colcon_core.environment:checking '/home/leo/Documents/Tactile_Sensing_Raptor_Lab/ros2_ws/install/tactile_sensing/lib/python3.10/site-packages'
[1.274s] Level 1:colcon.colcon_core.shell:create_environment_hook('tactile_sensing', 'pythonpath')
[1.274s] INFO:colcon.colcon_core.shell:Creating environment hook '/home/leo/Documents/Tactile_Sensing_Raptor_Lab/ros2_ws/install/tactile_sensing/share/tactile_sensing/hook/pythonpath.ps1'
[1.274s] INFO:colcon.colcon_core.shell:Creating environment descriptor '/home/leo/Documents/Tactile_Sensing_Raptor_Lab/ros2_ws/install/tactile_sensing/share/tactile_sensing/hook/pythonpath.dsv'
[1.274s] INFO:colcon.colcon_core.shell:Creating environment hook '/home/leo/Documents/Tactile_Sensing_Raptor_Lab/ros2_ws/install/tactile_sensing/share/tactile_sensing/hook/pythonpath.sh'
[1.275s] Level 1:colcon.colcon_core.environment:checking '/home/leo/Documents/Tactile_Sensing_Raptor_Lab/ros2_ws/install/tactile_sensing/bin'
[1.275s] Level 1:colcon.colcon_core.environment:create_environment_scripts_only(tactile_sensing)
[1.275s] INFO:colcon.colcon_core.shell:Creating package script '/home/leo/Documents/Tactile_Sensing_Raptor_Lab/ros2_ws/install/tactile_sensing/share/tactile_sensing/package.ps1'
[1.275s] INFO:colcon.colcon_core.shell:Creating package descriptor '/home/leo/Documents/Tactile_Sensing_Raptor_Lab/ros2_ws/install/tactile_sensing/share/tactile_sensing/package.dsv'
[1.276s] INFO:colcon.colcon_core.shell:Creating package script '/home/leo/Documents/Tactile_Sensing_Raptor_Lab/ros2_ws/install/tactile_sensing/share/tactile_sensing/package.sh'
[1.276s] INFO:colcon.colcon_core.shell:Creating package script '/home/leo/Documents/Tactile_Sensing_Raptor_Lab/ros2_ws/install/tactile_sensing/share/tactile_sensing/package.bash'
[1.277s] INFO:colcon.colcon_core.shell:Creating package script '/home/leo/Documents/Tactile_Sensing_Raptor_Lab/ros2_ws/install/tactile_sensing/share/tactile_sensing/package.zsh'
[1.277s] Level 1:colcon.colcon_core.environment:create_file_with_runtime_dependencies(/home/leo/Documents/Tactile_Sensing_Raptor_Lab/ros2_ws/install/tactile_sensing/share/colcon-core/packages/tactile_sensing)
[1.277s] DEBUG:colcon.colcon_parallel_executor.executor.parallel:closing loop
[1.277s] DEBUG:colcon.colcon_parallel_executor.executor.parallel:loop closed
[1.278s] DEBUG:colcon.colcon_parallel_executor.executor.parallel:run_until_complete finished with '0'
[1.278s] DEBUG:colcon.colcon_core.event_reactor:joining thread
[1.281s] INFO:colcon.colcon_core.plugin_system:Skipping extension 'colcon_notification.desktop_notification.terminal_notifier': Not used on non-Darwin systems
[1.281s] INFO:colcon.colcon_core.plugin_system:Skipping extension 'colcon_notification.desktop_notification.win32': Not used on non-Windows systems
[1.282s] INFO:colcon.colcon_notification.desktop_notification:Sending desktop notification using 'notify2'
[1.300s] DEBUG:colcon.colcon_core.event_reactor:joined thread
[1.300s] INFO:colcon.colcon_core.shell:Creating prefix script '/home/leo/Documents/Tactile_Sensing_Raptor_Lab/ros2_ws/install/local_setup.ps1'
[1.301s] INFO:colcon.colcon_core.shell:Creating prefix util module '/home/leo/Documents/Tactile_Sensing_Raptor_Lab/ros2_ws/install/_local_setup_util_ps1.py'
[1.302s] INFO:colcon.colcon_core.shell:Creating prefix chain script '/home/leo/Documents/Tactile_Sensing_Raptor_Lab/ros2_ws/install/setup.ps1'
[1.302s] INFO:colcon.colcon_core.shell:Creating prefix script '/home/leo/Documents/Tactile_Sensing_Raptor_Lab/ros2_ws/install/local_setup.sh'
[1.303s] INFO:colcon.colcon_core.shell:Creating prefix util module '/home/leo/Documents/Tactile_Sensing_Raptor_Lab/ros2_ws/install/_local_setup_util_sh.py'
[1.303s] INFO:colcon.colcon_core.shell:Creating prefix chain script '/home/leo/Documents/Tactile_Sensing_Raptor_Lab/ros2_ws/install/setup.sh'
[1.304s] INFO:colcon.colcon_core.shell:Creating prefix script '/home/leo/Documents/Tactile_Sensing_Raptor_Lab/ros2_ws/install/local_setup.bash'
[1.304s] INFO:colcon.colcon_core.shell:Creating prefix chain script '/home/leo/Documents/Tactile_Sensing_Raptor_Lab/ros2_ws/install/setup.bash'
[1.305s] INFO:colcon.colcon_core.shell:Creating prefix script '/home/leo/Documents/Tactile_Sensing_Raptor_Lab/ros2_ws/install/local_setup.zsh'
[1.305s] INFO:colcon.colcon_core.shell:Creating prefix chain script '/home/leo/Documents/Tactile_Sensing_Raptor_Lab/ros2_ws/install/setup.zsh'
