[0.052s] Invoking command in '/home/leo/Documents/Tactile_Sensing_Raptor_Lab/ros2_ws/build/joint_limits': CMAKE_PREFIX_PATH=/opt/ros/humble /usr/bin/cmake --build /home/leo/Documents/Tactile_Sensing_Raptor_Lab/ros2_ws/build/joint_limits -- -j12 -l12
[0.142s] [ 11%] Built target ament_generate_version_header__joint_limits
[0.150s] [ 33%] Built target gtest
[0.152s] [ 55%] Built target gtest_main
[0.207s] [ 77%] Built target joint_limits_urdf_test
[0.210s] [100%] Built target joint_limits_rosparam_test
[0.235s] Invoked command in '/home/leo/Documents/Tactile_Sensing_Raptor_Lab/ros2_ws/build/joint_limits' returned '0': CMAKE_PREFIX_PATH=/opt/ros/humble /usr/bin/cmake --build /home/leo/Documents/Tactile_Sensing_Raptor_Lab/ros2_ws/build/joint_limits -- -j12 -l12
[0.248s] Invoking command in '/home/leo/Documents/Tactile_Sensing_Raptor_Lab/ros2_ws/build/joint_limits': CMAKE_PREFIX_PATH=/opt/ros/humble /usr/bin/cmake --install /home/leo/Documents/Tactile_Sensing_Raptor_Lab/ros2_ws/build/joint_limits
[0.267s] -- Install configuration: "Release"
[0.267s] -- Up-to-date: /home/leo/Documents/Tactile_Sensing_Raptor_Lab/ros2_ws/install/joint_limits/include
[0.267s] -- Up-to-date: /home/leo/Documents/Tactile_Sensing_Raptor_Lab/ros2_ws/install/joint_limits/include/joint_limits
[0.268s] -- Up-to-date: /home/leo/Documents/Tactile_Sensing_Raptor_Lab/ros2_ws/install/joint_limits/include/joint_limits/joint_limits_urdf.hpp
[0.268s] -- Up-to-date: /home/leo/Documents/Tactile_Sensing_Raptor_Lab/ros2_ws/install/joint_limits/include/joint_limits/joint_limits.hpp
[0.268s] -- Up-to-date: /home/leo/Documents/Tactile_Sensing_Raptor_Lab/ros2_ws/install/joint_limits/include/joint_limits/joint_limits_rosparam.hpp
[0.268s] -- Up-to-date: /home/leo/Documents/Tactile_Sensing_Raptor_Lab/ros2_ws/install/joint_limits/lib/joint_limits/joint_limits_rosparam_test
[0.271s] -- Up-to-date: /home/leo/Documents/Tactile_Sensing_Raptor_Lab/ros2_ws/install/joint_limits/share/joint_limits/test/joint_limits_rosparam.yaml
[0.271s] -- Up-to-date: /home/leo/Documents/Tactile_Sensing_Raptor_Lab/ros2_ws/install/joint_limits/include/joint_limits
[0.272s] -- Up-to-date: /home/leo/Documents/Tactile_Sensing_Raptor_Lab/ros2_ws/install/joint_limits/include/joint_limits/joint_limits
[0.272s] -- Up-to-date: /home/leo/Documents/Tactile_Sensing_Raptor_Lab/ros2_ws/install/joint_limits/include/joint_limits/joint_limits/joint_limits_urdf.hpp
[0.272s] -- Up-to-date: /home/leo/Documents/Tactile_Sensing_Raptor_Lab/ros2_ws/install/joint_limits/include/joint_limits/joint_limits/joint_limits.hpp
[0.272s] -- Up-to-date: /home/leo/Documents/Tactile_Sensing_Raptor_Lab/ros2_ws/install/joint_limits/include/joint_limits/joint_limits/joint_limits_rosparam.hpp
[0.272s] -- Up-to-date: /home/leo/Documents/Tactile_Sensing_Raptor_Lab/ros2_ws/install/joint_limits/share/joint_limits/environment/library_path.sh
[0.272s] -- Up-to-date: /home/leo/Documents/Tactile_Sensing_Raptor_Lab/ros2_ws/install/joint_limits/share/joint_limits/environment/library_path.dsv
[0.274s] -- Up-to-date: /home/leo/Documents/Tactile_Sensing_Raptor_Lab/ros2_ws/install/joint_limits/share/ament_index/resource_index/package_run_dependencies/joint_limits
[0.276s] -- Up-to-date: /home/leo/Documents/Tactile_Sensing_Raptor_Lab/ros2_ws/install/joint_limits/share/ament_index/resource_index/parent_prefix_path/joint_limits
[0.276s] -- Up-to-date: /home/leo/Documents/Tactile_Sensing_Raptor_Lab/ros2_ws/install/joint_limits/share/joint_limits/environment/ament_prefix_path.sh
[0.277s] -- Up-to-date: /home/leo/Documents/Tactile_Sensing_Raptor_Lab/ros2_ws/install/joint_limits/share/joint_limits/environment/ament_prefix_path.dsv
[0.277s] -- Up-to-date: /home/leo/Documents/Tactile_Sensing_Raptor_Lab/ros2_ws/install/joint_limits/share/joint_limits/environment/path.sh
[0.277s] -- Up-to-date: /home/leo/Documents/Tactile_Sensing_Raptor_Lab/ros2_ws/install/joint_limits/share/joint_limits/environment/path.dsv
[0.277s] -- Up-to-date: /home/leo/Documents/Tactile_Sensing_Raptor_Lab/ros2_ws/install/joint_limits/share/joint_limits/local_setup.bash
[0.278s] -- Up-to-date: /home/leo/Documents/Tactile_Sensing_Raptor_Lab/ros2_ws/install/joint_limits/share/joint_limits/local_setup.sh
[0.278s] -- Up-to-date: /home/leo/Documents/Tactile_Sensing_Raptor_Lab/ros2_ws/install/joint_limits/share/joint_limits/local_setup.zsh
[0.278s] -- Up-to-date: /home/leo/Documents/Tactile_Sensing_Raptor_Lab/ros2_ws/install/joint_limits/share/joint_limits/local_setup.dsv
[0.278s] -- Installing: /home/leo/Documents/Tactile_Sensing_Raptor_Lab/ros2_ws/install/joint_limits/share/joint_limits/package.dsv
[0.278s] -- Up-to-date: /home/leo/Documents/Tactile_Sensing_Raptor_Lab/ros2_ws/install/joint_limits/share/ament_index/resource_index/packages/joint_limits
[0.280s] -- Up-to-date: /home/leo/Documents/Tactile_Sensing_Raptor_Lab/ros2_ws/install/joint_limits/share/joint_limits/cmake/export_joint_limitsExport.cmake
[0.281s] -- Up-to-date: /home/leo/Documents/Tactile_Sensing_Raptor_Lab/ros2_ws/install/joint_limits/share/joint_limits/cmake/ament_cmake_export_targets-extras.cmake
[0.281s] -- Up-to-date: /home/leo/Documents/Tactile_Sensing_Raptor_Lab/ros2_ws/install/joint_limits/share/joint_limits/cmake/ament_cmake_export_dependencies-extras.cmake
[0.282s] -- Up-to-date: /home/leo/Documents/Tactile_Sensing_Raptor_Lab/ros2_ws/install/joint_limits/share/joint_limits/cmake/ament_cmake_export_include_directories-extras.cmake
[0.282s] -- Up-to-date: /home/leo/Documents/Tactile_Sensing_Raptor_Lab/ros2_ws/install/joint_limits/share/joint_limits/cmake/joint_limitsConfig.cmake
[0.283s] -- Up-to-date: /home/leo/Documents/Tactile_Sensing_Raptor_Lab/ros2_ws/install/joint_limits/share/joint_limits/cmake/joint_limitsConfig-version.cmake
[0.283s] -- Up-to-date: /home/leo/Documents/Tactile_Sensing_Raptor_Lab/ros2_ws/install/joint_limits/share/joint_limits/package.xml
[0.284s] -- Up-to-date: /home/leo/Documents/Tactile_Sensing_Raptor_Lab/ros2_ws/install/joint_limits/include/joint_limits/joint_limits/version.h
[0.291s] Invoked command in '/home/leo/Documents/Tactile_Sensing_Raptor_Lab/ros2_ws/build/joint_limits' returned '0': CMAKE_PREFIX_PATH=/opt/ros/humble /usr/bin/cmake --install /home/leo/Documents/Tactile_Sensing_Raptor_Lab/ros2_ws/build/joint_limits
