[0.030s] Invoking command in '/home/leo/Documents/Tactile_Sensing_Raptor_Lab/ros2_ws/build/ros_gz_interfaces': CMAKE_PREFIX_PATH=/opt/ros/humble PS1=
\[[1;36m\]Tactile_Sensing_Raptor_Lab/ros2_ws\[[0m\] on \[[1;35m\] main\[[0m\] \[[1;31m\][?]\[[0m\] via \[[1;33m\]🐍 v3.10.12 (Tactile_Sensing_Raptor_Lab) \[[0m\]
\[[1;32m\]❯\[[0m\] /usr/bin/cmake /home/leo/Documents/Tactile_Sensing_Raptor_Lab/ros2_ws/src/ros_gz/ros_gz_interfaces -DCMAKE_BUILD_TYPE=Release -DCMAKE_INSTALL_PREFIX=/home/leo/Documents/Tactile_Sensing_Raptor_Lab/ros2_ws/install/ros_gz_interfaces
[0.133s] -- The C compiler identification is GNU 11.4.0
[0.224s] -- The CXX compiler identification is GNU 11.4.0
[0.236s] -- Detecting C compiler ABI info
[0.318s] -- Detecting C compiler ABI info - done
[0.326s] -- Check for working C compiler: /usr/bin/cc - skipped
[0.327s] -- Detecting C compile features
[0.327s] -- Detecting C compile features - done
[0.331s] -- Detecting CXX compiler ABI info
[0.422s] -- Detecting CXX compiler ABI info - done
[0.431s] -- Check for working CXX compiler: /usr/bin/c++ - skipped
[0.431s] -- Detecting CXX compile features
[0.432s] -- Detecting CXX compile features - done
[0.437s] -- Found ament_cmake: 1.3.10 (/opt/ros/humble/share/ament_cmake/cmake)
[0.938s] -- Found Python3: /home/leo/.local/share/virtualenvs/Tactile_Sensing_Raptor_Lab-fBIDry_x/bin/python3 (found version "3.10.12") found components: Interpreter 
[1.025s] -- Found builtin_interfaces: 1.2.1 (/opt/ros/humble/share/builtin_interfaces/cmake)
[1.062s] -- Found rosidl_generator_c: 3.1.5 (/opt/ros/humble/share/rosidl_generator_c/cmake)
[1.068s] -- Found rosidl_adapter: 3.1.5 (/opt/ros/humble/share/rosidl_adapter/cmake)
[1.077s] -- Found rosidl_generator_cpp: 3.1.5 (/opt/ros/humble/share/rosidl_generator_cpp/cmake)
[1.090s] -- Using all available rosidl_typesupport_c: rosidl_typesupport_fastrtps_c;rosidl_typesupport_introspection_c
[1.107s] -- Using all available rosidl_typesupport_cpp: rosidl_typesupport_fastrtps_cpp;rosidl_typesupport_introspection_cpp
[1.123s] -- Found rcl_interfaces: 1.2.1 (/opt/ros/humble/share/rcl_interfaces/cmake)
[1.136s] -- Found std_msgs: 4.2.4 (/opt/ros/humble/share/std_msgs/cmake)
[1.149s] -- Found geometry_msgs: 4.2.4 (/opt/ros/humble/share/geometry_msgs/cmake)
[1.163s] -- Found rosidl_default_generators: 1.2.0 (/opt/ros/humble/share/rosidl_default_generators/cmake)
[1.261s] [31mCMake Error at /opt/ros/humble/share/rosidl_adapter/cmake/rosidl_adapt_interfaces.cmake:59 (message):
[1.262s]   
[1.262s]   execute_process(/home/leo/.local/share/virtualenvs/Tactile_Sensing_Raptor_Lab-fBIDry_x/bin/python3
[1.262s]   -m rosidl_adapter --package-name ros_gz_interfaces --arguments-file
[1.262s]   /home/leo/Documents/Tactile_Sensing_Raptor_Lab/ros2_ws/build/ros_gz_interfaces/rosidl_adapter__arguments__ros_gz_interfaces.json
[1.262s]   --output-dir
[1.262s]   /home/leo/Documents/Tactile_Sensing_Raptor_Lab/ros2_ws/build/ros_gz_interfaces/rosidl_adapter/ros_gz_interfaces
[1.262s]   --output-file
[1.262s]   /home/leo/Documents/Tactile_Sensing_Raptor_Lab/ros2_ws/build/ros_gz_interfaces/rosidl_adapter/ros_gz_interfaces.idls)
[1.262s]   returned error code 1:
[1.262s] 
[1.262s]   Traceback (most recent call last):
[1.262s] 
[1.262s]     File "/usr/lib/python3.10/runpy.py", line 196, in _run_module_as_main
[1.262s]       return _run_code(code, main_globals, None,
[1.262s]     File "/usr/lib/python3.10/runpy.py", line 86, in _run_code
[1.262s]       exec(code, run_globals)
[1.263s]     File "/opt/ros/humble/local/lib/python3.10/dist-packages/rosidl_adapter/__main__.py", line 19, in <module>
[1.263s]       sys.exit(main())
[1.263s]     File "/opt/ros/humble/local/lib/python3.10/dist-packages/rosidl_adapter/main.py", line 53, in main
[1.263s]       abs_idl_file = convert_to_idl(
[1.263s]     File "/opt/ros/humble/local/lib/python3.10/dist-packages/rosidl_adapter/__init__.py", line 18, in convert_to_idl
[1.263s]       from rosidl_adapter.msg import convert_msg_to_idl
[1.263s]     File "/opt/ros/humble/local/lib/python3.10/dist-packages/rosidl_adapter/msg/__init__.py", line 16, in <module>
[1.263s]       from rosidl_adapter.resource import expand_template
[1.263s]     File "/opt/ros/humble/local/lib/python3.10/dist-packages/rosidl_adapter/resource/__init__.py", line 19, in <module>
[1.263s]       import em
[1.263s] 
[1.263s]   ModuleNotFoundError: No module named 'em'
[1.263s] 
[1.263s] Call Stack (most recent call first):
[1.263s]   /opt/ros/humble/share/rosidl_cmake/cmake/rosidl_generate_interfaces.cmake:130 (rosidl_adapt_interfaces)
[1.263s]   CMakeLists.txt:50 (rosidl_generate_interfaces)
[1.263s] 
[1.264s] [0m
[1.264s] -- Configuring incomplete, errors occurred!
[1.264s] See also "/home/leo/Documents/Tactile_Sensing_Raptor_Lab/ros2_ws/build/ros_gz_interfaces/CMakeFiles/CMakeOutput.log".
