[0.043s] Invoking command in '/home/leo/Documents/Tactile_Sensing_Raptor_Lab/ros2_ws/build/joint_limits': CMAKE_PREFIX_PATH=/home/leo/Documents/Tactile_Sensing_Raptor_Lab/ros2_ws/install/tactile_sensing:/opt/ros/humble PS1=
\[[1;36m\]Tactile_Sensing_Raptor_Lab/ros2_ws\[[0m\] on \[[1;35m\] main\[[0m\] \[[1;31m\][!?]\[[0m\] via \[[1;33m\]🐍 v3.10.12 (Tactile_Sensing_Raptor_Lab) \[[0m\]took \[[1;33m\]2s\[[0m\]
\[[1;32m\]❯\[[0m\] /usr/bin/cmake --build /home/leo/Documents/Tactile_Sensing_Raptor_Lab/ros2_ws/build/joint_limits -- -j12 -l12
[0.127s] [35m[1mConsolidate compiler generated dependencies of target gtest[0m
[0.129s] [35m[1mConsolidate compiler generated dependencies of target gtest_main[0m
[0.162s] [ 11%] Built target ament_generate_version_header__joint_limits
[0.167s] [ 33%] Built target gtest_main
[0.177s] [ 55%] Built target gtest
[0.218s] [35m[1mConsolidate compiler generated dependencies of target joint_limits_rosparam_test[0m
[0.218s] [35m[1mConsolidate compiler generated dependencies of target joint_limits_urdf_test[0m
[0.256s] [ 77%] Built target joint_limits_urdf_test
[0.269s] [100%] Built target joint_limits_rosparam_test
[0.484s] Invoked command in '/home/leo/Documents/Tactile_Sensing_Raptor_Lab/ros2_ws/build/joint_limits' returned '0': CMAKE_PREFIX_PATH=/home/leo/Documents/Tactile_Sensing_Raptor_Lab/ros2_ws/install/tactile_sensing:/opt/ros/humble PS1=
\[[1;36m\]Tactile_Sensing_Raptor_Lab/ros2_ws\[[0m\] on \[[1;35m\] main\[[0m\] \[[1;31m\][!?]\[[0m\] via \[[1;33m\]🐍 v3.10.12 (Tactile_Sensing_Raptor_Lab) \[[0m\]took \[[1;33m\]2s\[[0m\]
\[[1;32m\]❯\[[0m\] /usr/bin/cmake --build /home/leo/Documents/Tactile_Sensing_Raptor_Lab/ros2_ws/build/joint_limits -- -j12 -l12
[0.487s] Invoking command in '/home/leo/Documents/Tactile_Sensing_Raptor_Lab/ros2_ws/build/joint_limits': CMAKE_PREFIX_PATH=/home/leo/Documents/Tactile_Sensing_Raptor_Lab/ros2_ws/install/tactile_sensing:/opt/ros/humble PS1=
\[[1;36m\]Tactile_Sensing_Raptor_Lab/ros2_ws\[[0m\] on \[[1;35m\] main\[[0m\] \[[1;31m\][!?]\[[0m\] via \[[1;33m\]🐍 v3.10.12 (Tactile_Sensing_Raptor_Lab) \[[0m\]took \[[1;33m\]2s\[[0m\]
\[[1;32m\]❯\[[0m\] /usr/bin/cmake --install /home/leo/Documents/Tactile_Sensing_Raptor_Lab/ros2_ws/build/joint_limits
[0.502s] -- Install configuration: "Release"
[0.502s] -- Installing: /home/leo/Documents/Tactile_Sensing_Raptor_Lab/ros2_ws/install/joint_limits/include
[0.503s] -- Installing: /home/leo/Documents/Tactile_Sensing_Raptor_Lab/ros2_ws/install/joint_limits/include/joint_limits
[0.503s] -- Installing: /home/leo/Documents/Tactile_Sensing_Raptor_Lab/ros2_ws/install/joint_limits/include/joint_limits/joint_limits_urdf.hpp
[0.503s] -- Installing: /home/leo/Documents/Tactile_Sensing_Raptor_Lab/ros2_ws/install/joint_limits/include/joint_limits/joint_limits.hpp
[0.503s] -- Installing: /home/leo/Documents/Tactile_Sensing_Raptor_Lab/ros2_ws/install/joint_limits/include/joint_limits/joint_limits_rosparam.hpp
[0.503s] -- Installing: /home/leo/Documents/Tactile_Sensing_Raptor_Lab/ros2_ws/install/joint_limits/lib/joint_limits/joint_limits_rosparam_test
[0.510s] -- Set runtime path of "/home/leo/Documents/Tactile_Sensing_Raptor_Lab/ros2_ws/install/joint_limits/lib/joint_limits/joint_limits_rosparam_test" to ""
[0.510s] -- Installing: /home/leo/Documents/Tactile_Sensing_Raptor_Lab/ros2_ws/install/joint_limits/share/joint_limits/test/joint_limits_rosparam.yaml
[0.510s] -- Up-to-date: /home/leo/Documents/Tactile_Sensing_Raptor_Lab/ros2_ws/install/joint_limits/include/joint_limits
[0.511s] -- Installing: /home/leo/Documents/Tactile_Sensing_Raptor_Lab/ros2_ws/install/joint_limits/include/joint_limits/joint_limits
[0.511s] -- Installing: /home/leo/Documents/Tactile_Sensing_Raptor_Lab/ros2_ws/install/joint_limits/include/joint_limits/joint_limits/joint_limits_urdf.hpp
[0.511s] -- Installing: /home/leo/Documents/Tactile_Sensing_Raptor_Lab/ros2_ws/install/joint_limits/include/joint_limits/joint_limits/joint_limits.hpp
[0.516s] -- Installing: /home/leo/Documents/Tactile_Sensing_Raptor_Lab/ros2_ws/install/joint_limits/include/joint_limits/joint_limits/joint_limits_rosparam.hpp
[0.517s] -- Installing: /home/leo/Documents/Tactile_Sensing_Raptor_Lab/ros2_ws/install/joint_limits/share/joint_limits/environment/library_path.sh
[0.518s] -- Installing: /home/leo/Documents/Tactile_Sensing_Raptor_Lab/ros2_ws/install/joint_limits/share/joint_limits/environment/library_path.dsv
[0.518s] -- Installing: /home/leo/Documents/Tactile_Sensing_Raptor_Lab/ros2_ws/install/joint_limits/share/ament_index/resource_index/package_run_dependencies/joint_limits
[0.518s] -- Installing: /home/leo/Documents/Tactile_Sensing_Raptor_Lab/ros2_ws/install/joint_limits/share/ament_index/resource_index/parent_prefix_path/joint_limits
[0.518s] -- Installing: /home/leo/Documents/Tactile_Sensing_Raptor_Lab/ros2_ws/install/joint_limits/share/joint_limits/environment/ament_prefix_path.sh
[0.519s] -- Installing: /home/leo/Documents/Tactile_Sensing_Raptor_Lab/ros2_ws/install/joint_limits/share/joint_limits/environment/ament_prefix_path.dsv
[0.519s] -- Installing: /home/leo/Documents/Tactile_Sensing_Raptor_Lab/ros2_ws/install/joint_limits/share/joint_limits/environment/path.sh
[0.519s] -- Installing: /home/leo/Documents/Tactile_Sensing_Raptor_Lab/ros2_ws/install/joint_limits/share/joint_limits/environment/path.dsv
[0.519s] -- Installing: /home/leo/Documents/Tactile_Sensing_Raptor_Lab/ros2_ws/install/joint_limits/share/joint_limits/local_setup.bash
[0.524s] -- Installing: /home/leo/Documents/Tactile_Sensing_Raptor_Lab/ros2_ws/install/joint_limits/share/joint_limits/local_setup.sh
[0.524s] -- Installing: /home/leo/Documents/Tactile_Sensing_Raptor_Lab/ros2_ws/install/joint_limits/share/joint_limits/local_setup.zsh
[0.524s] -- Installing: /home/leo/Documents/Tactile_Sensing_Raptor_Lab/ros2_ws/install/joint_limits/share/joint_limits/local_setup.dsv
[0.524s] -- Installing: /home/leo/Documents/Tactile_Sensing_Raptor_Lab/ros2_ws/install/joint_limits/share/joint_limits/package.dsv
[0.525s] -- Installing: /home/leo/Documents/Tactile_Sensing_Raptor_Lab/ros2_ws/install/joint_limits/share/ament_index/resource_index/packages/joint_limits
[0.525s] -- Installing: /home/leo/Documents/Tactile_Sensing_Raptor_Lab/ros2_ws/install/joint_limits/share/joint_limits/cmake/export_joint_limitsExport.cmake
[0.525s] -- Installing: /home/leo/Documents/Tactile_Sensing_Raptor_Lab/ros2_ws/install/joint_limits/share/joint_limits/cmake/ament_cmake_export_targets-extras.cmake
[0.525s] -- Installing: /home/leo/Documents/Tactile_Sensing_Raptor_Lab/ros2_ws/install/joint_limits/share/joint_limits/cmake/ament_cmake_export_dependencies-extras.cmake
[0.526s] -- Installing: /home/leo/Documents/Tactile_Sensing_Raptor_Lab/ros2_ws/install/joint_limits/share/joint_limits/cmake/ament_cmake_export_include_directories-extras.cmake
[0.526s] -- Installing: /home/leo/Documents/Tactile_Sensing_Raptor_Lab/ros2_ws/install/joint_limits/share/joint_limits/cmake/joint_limitsConfig.cmake
[0.526s] -- Installing: /home/leo/Documents/Tactile_Sensing_Raptor_Lab/ros2_ws/install/joint_limits/share/joint_limits/cmake/joint_limitsConfig-version.cmake
[0.526s] -- Installing: /home/leo/Documents/Tactile_Sensing_Raptor_Lab/ros2_ws/install/joint_limits/share/joint_limits/package.xml
[0.526s] -- Installing: /home/leo/Documents/Tactile_Sensing_Raptor_Lab/ros2_ws/install/joint_limits/include/joint_limits/joint_limits/version.h
[0.588s] Invoked command in '/home/leo/Documents/Tactile_Sensing_Raptor_Lab/ros2_ws/build/joint_limits' returned '0': CMAKE_PREFIX_PATH=/home/leo/Documents/Tactile_Sensing_Raptor_Lab/ros2_ws/install/tactile_sensing:/opt/ros/humble PS1=
\[[1;36m\]Tactile_Sensing_Raptor_Lab/ros2_ws\[[0m\] on \[[1;35m\] main\[[0m\] \[[1;31m\][!?]\[[0m\] via \[[1;33m\]🐍 v3.10.12 (Tactile_Sensing_Raptor_Lab) \[[0m\]took \[[1;33m\]2s\[[0m\]
\[[1;32m\]❯\[[0m\] /usr/bin/cmake --install /home/leo/Documents/Tactile_Sensing_Raptor_Lab/ros2_ws/build/joint_limits
