[0.042s] Invoking command in '/home/leo/Documents/Tactile_Sensing_Raptor_Lab/ros2_ws/build/controller_manager_msgs': CMAKE_PREFIX_PATH=/home/leo/Documents/Tactile_Sensing_Raptor_Lab/ros2_ws/install/tactile_sensing:/opt/ros/humble PS1=
\[[1;36m\]Tactile_Sensing_Raptor_Lab/ros2_ws\[[0m\] on \[[1;35m\] main\[[0m\] \[[1;31m\][!?]\[[0m\] via \[[1;33m\]🐍 v3.10.12 (Tactile_Sensing_Raptor_Lab) \[[0m\]took \[[1;33m\]4s\[[0m\]
\[[1;32m\]❯\[[0m\] /usr/bin/cmake /home/leo/Documents/Tactile_Sensing_Raptor_Lab/ros2_ws/src/ros2_control/controller_manager_msgs -DCMAKE_BUILD_TYPE=Release -DCMAKE_INSTALL_PREFIX=/home/leo/Documents/Tactile_Sensing_Raptor_Lab/ros2_ws/install/controller_manager_msgs
[0.599s] -- The C compiler identification is GNU 11.4.0
[0.599s] -- The CXX compiler identification is GNU 11.4.0
[0.599s] -- Detecting C compiler ABI info
[0.600s] -- Detecting C compiler ABI info - done
[0.601s] -- Check for working C compiler: /usr/bin/cc - skipped
[0.602s] -- Detecting C compile features
[0.602s] -- Detecting C compile features - done
[0.602s] -- Detecting CXX compiler ABI info
[0.630s] -- Detecting CXX compiler ABI info - done
[0.653s] -- Check for working CXX compiler: /usr/bin/c++ - skipped
[0.654s] -- Detecting CXX compile features
[0.655s] -- Detecting CXX compile features - done
[0.662s] -- Found ament_cmake: 1.3.10 (/opt/ros/humble/share/ament_cmake/cmake)
[1.533s] -- Found Python3: /home/leo/.local/share/virtualenvs/Tactile_Sensing_Raptor_Lab-fBIDry_x/bin/python3 (found version "3.10.12") found components: Interpreter 
[1.703s] -- Found builtin_interfaces: 1.2.1 (/opt/ros/humble/share/builtin_interfaces/cmake)
[1.774s] -- Found rosidl_generator_c: 3.1.5 (/opt/ros/humble/share/rosidl_generator_c/cmake)
[1.783s] -- Found rosidl_adapter: 3.1.5 (/opt/ros/humble/share/rosidl_adapter/cmake)
[1.797s] -- Found rosidl_generator_cpp: 3.1.5 (/opt/ros/humble/share/rosidl_generator_cpp/cmake)
[1.817s] -- Using all available rosidl_typesupport_c: rosidl_typesupport_fastrtps_c;rosidl_typesupport_introspection_c
[1.845s] -- Using all available rosidl_typesupport_cpp: rosidl_typesupport_fastrtps_cpp;rosidl_typesupport_introspection_cpp
[1.870s] -- Found lifecycle_msgs: 1.2.1 (/opt/ros/humble/share/lifecycle_msgs/cmake)
[1.890s] -- Found rosidl_default_generators: 1.2.0 (/opt/ros/humble/share/rosidl_default_generators/cmake)
[2.056s] [31mCMake Error at /opt/ros/humble/share/rosidl_adapter/cmake/rosidl_adapt_interfaces.cmake:59 (message):
[2.056s]   
[2.056s]   execute_process(/home/leo/.local/share/virtualenvs/Tactile_Sensing_Raptor_Lab-fBIDry_x/bin/python3
[2.057s]   -m rosidl_adapter --package-name controller_manager_msgs --arguments-file
[2.057s]   /home/leo/Documents/Tactile_Sensing_Raptor_Lab/ros2_ws/build/controller_manager_msgs/rosidl_adapter__arguments__controller_manager_msgs.json
[2.057s]   --output-dir
[2.057s]   /home/leo/Documents/Tactile_Sensing_Raptor_Lab/ros2_ws/build/controller_manager_msgs/rosidl_adapter/controller_manager_msgs
[2.057s]   --output-file
[2.057s]   /home/leo/Documents/Tactile_Sensing_Raptor_Lab/ros2_ws/build/controller_manager_msgs/rosidl_adapter/controller_manager_msgs.idls)
[2.057s]   returned error code 1:
[2.057s] 
[2.057s]   Traceback (most recent call last):
[2.057s] 
[2.057s]     File "/usr/lib/python3.10/runpy.py", line 196, in _run_module_as_main
[2.057s]       return _run_code(code, main_globals, None,
[2.057s]     File "/usr/lib/python3.10/runpy.py", line 86, in _run_code
[2.058s]       exec(code, run_globals)
[2.058s]     File "/opt/ros/humble/local/lib/python3.10/dist-packages/rosidl_adapter/__main__.py", line 19, in <module>
[2.058s]       sys.exit(main())
[2.058s]     File "/opt/ros/humble/local/lib/python3.10/dist-packages/rosidl_adapter/main.py", line 53, in main
[2.058s]       abs_idl_file = convert_to_idl(
[2.058s]     File "/opt/ros/humble/local/lib/python3.10/dist-packages/rosidl_adapter/__init__.py", line 18, in convert_to_idl
[2.058s]       from rosidl_adapter.msg import convert_msg_to_idl
[2.058s]     File "/opt/ros/humble/local/lib/python3.10/dist-packages/rosidl_adapter/msg/__init__.py", line 16, in <module>
[2.058s]       from rosidl_adapter.resource import expand_template
[2.058s]     File "/opt/ros/humble/local/lib/python3.10/dist-packages/rosidl_adapter/resource/__init__.py", line 19, in <module>
[2.058s]       import em
[2.058s] 
[2.058s]   ModuleNotFoundError: No module named 'em'
[2.059s] 
[2.059s] Call Stack (most recent call first):
[2.059s]   /opt/ros/humble/share/rosidl_cmake/cmake/rosidl_generate_interfaces.cmake:130 (rosidl_adapt_interfaces)
[2.059s]   CMakeLists.txt:32 (rosidl_generate_interfaces)
[2.059s] 
[2.059s] [0m
[2.059s] -- Configuring incomplete, errors occurred!
[2.059s] See also "/home/leo/Documents/Tactile_Sensing_Raptor_Lab/ros2_ws/build/controller_manager_msgs/CMakeFiles/CMakeOutput.log".
