[0.045s] Invoking command in '/home/leo/Documents/Tactile_Sensing_Raptor_Lab/ros2_ws/build/joint_limits': CMAKE_PREFIX_PATH=/home/leo/Documents/Tactile_Sensing_Raptor_Lab/ros2_ws/install/tactile_sensing:/opt/ros/humble PS1=
\[[1;36m\]Tactile_Sensing_Raptor_Lab/ros2_ws\[[0m\] on \[[1;35m\] main\[[0m\] \[[1;31m\][!?]\[[0m\] via \[[1;33m\]🐍 v3.10.12 (Tactile_Sensing_Raptor_Lab) \[[0m\]took \[[1;33m\]4s\[[0m\]
\[[1;32m\]❯\[[0m\] /usr/bin/cmake /home/leo/Documents/Tactile_Sensing_Raptor_Lab/ros2_ws/src/ros2_control/joint_limits -DCMAKE_BUILD_TYPE=Release -DCMAKE_INSTALL_PREFIX=/home/leo/Documents/Tactile_Sensing_Raptor_Lab/ros2_ws/install/joint_limits
[0.597s] -- The C compiler identification is GNU 11.4.0
[0.597s] -- The CXX compiler identification is GNU 11.4.0
[0.597s] -- Detecting C compiler ABI info
[0.598s] -- Detecting C compiler ABI info - done
[0.598s] -- Check for working C compiler: /usr/bin/cc - skipped
[0.598s] -- Detecting C compile features
[0.598s] -- Detecting C compile features - done
[0.598s] -- Detecting CXX compiler ABI info
[0.656s] -- Detecting CXX compiler ABI info - done
[0.678s] -- Check for working CXX compiler: /usr/bin/c++ - skipped
[0.679s] -- Detecting CXX compile features
[0.680s] -- Detecting CXX compile features - done
[0.686s] -- Found ament_cmake: 1.3.10 (/opt/ros/humble/share/ament_cmake/cmake)
[1.795s] -- Found Python3: /home/leo/.local/share/virtualenvs/Tactile_Sensing_Raptor_Lab-fBIDry_x/bin/python3 (found version "3.10.12") found components: Interpreter 
[1.944s] -- Found rclcpp: 16.0.10 (/opt/ros/humble/share/rclcpp/cmake)
[2.013s] -- Found rosidl_generator_c: 3.1.5 (/opt/ros/humble/share/rosidl_generator_c/cmake)
[2.020s] -- Found rosidl_adapter: 3.1.5 (/opt/ros/humble/share/rosidl_adapter/cmake)
[2.032s] -- Found rosidl_generator_cpp: 3.1.5 (/opt/ros/humble/share/rosidl_generator_cpp/cmake)
[2.049s] -- Using all available rosidl_typesupport_c: rosidl_typesupport_fastrtps_c;rosidl_typesupport_introspection_c
[2.072s] -- Using all available rosidl_typesupport_cpp: rosidl_typesupport_fastrtps_cpp;rosidl_typesupport_introspection_cpp
[2.137s] -- Found rmw_implementation_cmake: 6.1.2 (/opt/ros/humble/share/rmw_implementation_cmake/cmake)
[2.140s] -- Found rmw_fastrtps_cpp: 6.2.7 (/opt/ros/humble/share/rmw_fastrtps_cpp/cmake)
[2.258s] -- Found OpenSSL: /usr/lib/x86_64-linux-gnu/libcrypto.so (found version "3.0.2")  
[2.303s] -- Found FastRTPS: /opt/ros/humble/include  
[2.367s] -- Using RMW implementation 'rmw_fastrtps_cpp' as default
[2.377s] -- Looking for pthread.h
[2.461s] -- Looking for pthread.h - found
[2.462s] -- Performing Test CMAKE_HAVE_LIBC_PTHREAD
[2.545s] -- Performing Test CMAKE_HAVE_LIBC_PTHREAD - Success
[2.546s] -- Found Threads: TRUE  
[2.603s] -- Found rclcpp_lifecycle: 16.0.10 (/opt/ros/humble/share/rclcpp_lifecycle/cmake)
[2.625s] -- Found urdf: 2.6.1 (/opt/ros/humble/share/urdf/cmake)
[2.681s] -- Found ament_cmake_gtest: 1.3.10 (/opt/ros/humble/share/ament_cmake_gtest/cmake)
[2.684s] -- Found launch_testing_ament_cmake: 1.0.6 (/opt/ros/humble/share/launch_testing_ament_cmake/cmake)
[2.686s] -- Found python_cmake_module: 0.10.0 (/opt/ros/humble/share/python_cmake_module/cmake)
[2.712s] -- Found PythonInterp: /home/leo/.local/share/virtualenvs/Tactile_Sensing_Raptor_Lab-fBIDry_x/bin/python3 (found suitable version "3.10.12", minimum required is "3.6") 
[2.720s] -- Found PythonLibs: /usr/lib/x86_64-linux-gnu/libpython3.10.so (found suitable version "3.10.12", minimum required is "3.5") 
[2.720s] -- Using PYTHON_EXECUTABLE: /home/leo/.local/share/virtualenvs/Tactile_Sensing_Raptor_Lab-fBIDry_x/bin/python3
[2.720s] -- Using PYTHON_INCLUDE_DIRS: /usr/include/python3.10
[2.720s] -- Using PYTHON_LIBRARIES: /usr/lib/x86_64-linux-gnu/libpython3.10.so
[2.744s] -- Found PythonExtra: .so  
[2.748s] -- Found gtest sources under '/opt/ros/humble/src/gtest_vendor': C++ tests using 'Google Test' will be built
[2.779s] Traceback (most recent call last):
[2.779s]   File "/opt/ros/humble/share/ament_cmake_core/cmake/core/package_xml_2_cmake.py", line 22, in <module>
[2.779s]     from catkin_pkg.package import parse_package_string
[2.779s] ModuleNotFoundError: No module named 'catkin_pkg'
[2.782s] [31mCMake Error at /opt/ros/humble/share/ament_cmake_core/cmake/core/ament_package_xml.cmake:95 (message):
[2.782s]   
[2.782s]   execute_process(/home/leo/.local/share/virtualenvs/Tactile_Sensing_Raptor_Lab-fBIDry_x/bin/python3
[2.782s]   /opt/ros/humble/share/ament_cmake_core/cmake/core/package_xml_2_cmake.py
[2.783s]   /home/leo/Documents/Tactile_Sensing_Raptor_Lab/ros2_ws/src/ros2_control/joint_limits/package.xml
[2.783s]   /home/leo/Documents/Tactile_Sensing_Raptor_Lab/ros2_ws/build/joint_limits/ament_cmake_core/package.cmake)
[2.783s]   returned error code 1
[2.783s] Call Stack (most recent call first):
[2.783s]   /opt/ros/humble/share/ament_cmake_core/cmake/core/ament_package_xml.cmake:49 (_ament_package_xml)
[2.783s]   /opt/ros/humble/share/ament_cmake_core/cmake/core/ament_package.cmake:63 (ament_package_xml)
[2.783s]   CMakeLists.txt:87 (ament_package)
[2.783s] 
[2.783s] [0m
[2.783s] -- Configuring incomplete, errors occurred!
[2.784s] See also "/home/leo/Documents/Tactile_Sensing_Raptor_Lab/ros2_ws/build/joint_limits/CMakeFiles/CMakeOutput.log".
