[0.041s] Invoking command in '/home/leo/Documents/Tactile_Sensing_Raptor_Lab/ros2_ws/build/ros_gz_interfaces': CMAKE_PREFIX_PATH=/home/leo/Documents/Tactile_Sensing_Raptor_Lab/ros2_ws/install/tactile_sensing:/opt/ros/humble PS1=
\[[1;36m\]Tactile_Sensing_Raptor_Lab/ros2_ws\[[0m\] on \[[1;35m\] main\[[0m\] \[[1;31m\][!?]\[[0m\] via \[[1;33m\]🐍 v3.10.12 (Tactile_Sensing_Raptor_Lab) \[[0m\]took \[[1;33m\]2s\[[0m\]
\[[1;32m\]❯\[[0m\] /usr/bin/cmake /home/leo/Documents/Tactile_Sensing_Raptor_Lab/ros2_ws/src/ros_gz/ros_gz_interfaces -DCMAKE_BUILD_TYPE=Release -DCMAKE_INSTALL_PREFIX=/home/leo/Documents/Tactile_Sensing_Raptor_Lab/ros2_ws/install/ros_gz_interfaces
[0.068s] -- Found ament_cmake: 1.3.10 (/opt/ros/humble/share/ament_cmake/cmake)
[0.372s] -- Found builtin_interfaces: 1.2.1 (/opt/ros/humble/share/builtin_interfaces/cmake)
[0.406s] -- Found rosidl_generator_c: 3.1.5 (/opt/ros/humble/share/rosidl_generator_c/cmake)
[0.409s] -- Found rosidl_adapter: 3.1.5 (/opt/ros/humble/share/rosidl_adapter/cmake)
[0.419s] -- Found rosidl_generator_cpp: 3.1.5 (/opt/ros/humble/share/rosidl_generator_cpp/cmake)
[0.434s] -- Using all available rosidl_typesupport_c: rosidl_typesupport_fastrtps_c;rosidl_typesupport_introspection_c
[0.451s] -- Using all available rosidl_typesupport_cpp: rosidl_typesupport_fastrtps_cpp;rosidl_typesupport_introspection_cpp
[0.466s] -- Found rcl_interfaces: 1.2.1 (/opt/ros/humble/share/rcl_interfaces/cmake)
[0.484s] -- Found std_msgs: 4.2.4 (/opt/ros/humble/share/std_msgs/cmake)
[0.513s] -- Found geometry_msgs: 4.2.4 (/opt/ros/humble/share/geometry_msgs/cmake)
[0.564s] -- Found rosidl_default_generators: 1.2.0 (/opt/ros/humble/share/rosidl_default_generators/cmake)
[0.726s] [31mCMake Error at /opt/ros/humble/share/rosidl_adapter/cmake/rosidl_adapt_interfaces.cmake:59 (message):
[0.726s]   
[0.726s]   execute_process(/home/leo/.local/share/virtualenvs/Tactile_Sensing_Raptor_Lab-fBIDry_x/bin/python3
[0.726s]   -m rosidl_adapter --package-name ros_gz_interfaces --arguments-file
[0.727s]   /home/leo/Documents/Tactile_Sensing_Raptor_Lab/ros2_ws/build/ros_gz_interfaces/rosidl_adapter__arguments__ros_gz_interfaces.json
[0.727s]   --output-dir
[0.727s]   /home/leo/Documents/Tactile_Sensing_Raptor_Lab/ros2_ws/build/ros_gz_interfaces/rosidl_adapter/ros_gz_interfaces
[0.727s]   --output-file
[0.727s]   /home/leo/Documents/Tactile_Sensing_Raptor_Lab/ros2_ws/build/ros_gz_interfaces/rosidl_adapter/ros_gz_interfaces.idls)
[0.728s]   returned error code 1:
[0.728s] 
[0.728s]   AttributeError processing template 'msg.idl.em'
[0.728s] 
[0.728s]   Traceback (most recent call last):
[0.728s] 
[0.729s]     File "/opt/ros/humble/local/lib/python3.10/dist-packages/rosidl_adapter/resource/__init__.py", line 51, in evaluate_template
[0.729s]       em.BUFFERED_OPT: True,
[0.729s] 
[0.729s]   AttributeError: module 'em' has no attribute 'BUFFERED_OPT'
[0.729s] 
[0.729s]   
[0.729s] 
[0.729s]   During handling of the above exception, another exception occurred:
[0.730s] 
[0.730s]   
[0.730s] 
[0.730s]   Traceback (most recent call last):
[0.730s] 
[0.730s]     File "/usr/lib/python3.10/runpy.py", line 196, in _run_module_as_main
[0.730s]       return _run_code(code, main_globals, None,
[0.730s]     File "/usr/lib/python3.10/runpy.py", line 86, in _run_code
[0.730s]       exec(code, run_globals)
[0.730s]     File "/opt/ros/humble/local/lib/python3.10/dist-packages/rosidl_adapter/__main__.py", line 19, in <module>
[0.731s]       sys.exit(main())
[0.731s]     File "/opt/ros/humble/local/lib/python3.10/dist-packages/rosidl_adapter/main.py", line 53, in main
[0.731s]       abs_idl_file = convert_to_idl(
[0.731s]     File "/opt/ros/humble/local/lib/python3.10/dist-packages/rosidl_adapter/__init__.py", line 19, in convert_to_idl
[0.731s]       return convert_msg_to_idl(
[0.731s]     File "/opt/ros/humble/local/lib/python3.10/dist-packages/rosidl_adapter/msg/__init__.py", line 39, in convert_msg_to_idl
[0.731s]       expand_template('msg.idl.em', data, output_file, encoding='iso-8859-1')
[0.732s]     File "/opt/ros/humble/local/lib/python3.10/dist-packages/rosidl_adapter/resource/__init__.py", line 23, in expand_template
[0.732s]       content = evaluate_template(template_name, data)
[0.732s]     File "/opt/ros/humble/local/lib/python3.10/dist-packages/rosidl_adapter/resource/__init__.py", line 69, in evaluate_template
[0.732s]       _interpreter.shutdown()
[0.732s] 
[0.733s]   AttributeError: 'NoneType' object has no attribute 'shutdown'
[0.733s] 
[0.733s] Call Stack (most recent call first):
[0.733s]   /opt/ros/humble/share/rosidl_cmake/cmake/rosidl_generate_interfaces.cmake:130 (rosidl_adapt_interfaces)
[0.733s]   CMakeLists.txt:48 (rosidl_generate_interfaces)
[0.733s] 
[0.733s] [0m
[0.734s] -- Configuring incomplete, errors occurred!
[0.734s] See also "/home/leo/Documents/Tactile_Sensing_Raptor_Lab/ros2_ws/build/ros_gz_interfaces/CMakeFiles/CMakeOutput.log".
