[0.039s] Invoking command in '/home/leo/Documents/Tactile_Sensing_Raptor_Lab/ros2_ws/build/controller_manager_msgs': CMAKE_PREFIX_PATH=/home/leo/Documents/Tactile_Sensing_Raptor_Lab/ros2_ws/install/tactile_sensing:/opt/ros/humble PS1=
\[[1;36m\]Tactile_Sensing_Raptor_Lab/ros2_ws\[[0m\] on \[[1;35m\] main\[[0m\] \[[1;31m\][!?]\[[0m\] via \[[1;33m\]🐍 v3.10.12 (Tactile_Sensing_Raptor_Lab) \[[0m\]
\[[1;32m\]❯\[[0m\] /usr/bin/cmake /home/leo/Documents/Tactile_Sensing_Raptor_Lab/ros2_ws/src/ros2_control/controller_manager_msgs -DCMAKE_BUILD_TYPE=Release -DCMAKE_INSTALL_PREFIX=/home/leo/Documents/Tactile_Sensing_Raptor_Lab/ros2_ws/install/controller_manager_msgs
[0.069s] -- Found ament_cmake: 1.3.10 (/opt/ros/humble/share/ament_cmake/cmake)
[0.342s] -- Found builtin_interfaces: 1.2.1 (/opt/ros/humble/share/builtin_interfaces/cmake)
[0.408s] -- Found rosidl_generator_c: 3.1.5 (/opt/ros/humble/share/rosidl_generator_c/cmake)
[0.414s] -- Found rosidl_adapter: 3.1.5 (/opt/ros/humble/share/rosidl_adapter/cmake)
[0.430s] -- Found rosidl_generator_cpp: 3.1.5 (/opt/ros/humble/share/rosidl_generator_cpp/cmake)
[0.455s] -- Using all available rosidl_typesupport_c: rosidl_typesupport_fastrtps_c;rosidl_typesupport_introspection_c
[0.491s] -- Using all available rosidl_typesupport_cpp: rosidl_typesupport_fastrtps_cpp;rosidl_typesupport_introspection_cpp
[0.522s] -- Found lifecycle_msgs: 1.2.1 (/opt/ros/humble/share/lifecycle_msgs/cmake)
[0.545s] -- Found rosidl_default_generators: 1.2.0 (/opt/ros/humble/share/rosidl_default_generators/cmake)
[0.817s] [31mCMake Error at /opt/ros/humble/share/rosidl_adapter/cmake/rosidl_adapt_interfaces.cmake:59 (message):
[0.817s]   
[0.817s]   execute_process(/home/leo/.local/share/virtualenvs/Tactile_Sensing_Raptor_Lab-fBIDry_x/bin/python3
[0.818s]   -m rosidl_adapter --package-name controller_manager_msgs --arguments-file
[0.818s]   /home/leo/Documents/Tactile_Sensing_Raptor_Lab/ros2_ws/build/controller_manager_msgs/rosidl_adapter__arguments__controller_manager_msgs.json
[0.818s]   --output-dir
[0.818s]   /home/leo/Documents/Tactile_Sensing_Raptor_Lab/ros2_ws/build/controller_manager_msgs/rosidl_adapter/controller_manager_msgs
[0.819s]   --output-file
[0.819s]   /home/leo/Documents/Tactile_Sensing_Raptor_Lab/ros2_ws/build/controller_manager_msgs/rosidl_adapter/controller_manager_msgs.idls)
[0.819s]   returned error code 1:
[0.819s] 
[0.819s]   Traceback (most recent call last):
[0.820s] 
[0.820s]     File "/usr/lib/python3.10/runpy.py", line 196, in _run_module_as_main
[0.820s]       return _run_code(code, main_globals, None,
[0.820s]     File "/usr/lib/python3.10/runpy.py", line 86, in _run_code
[0.820s]       exec(code, run_globals)
[0.820s]     File "/opt/ros/humble/local/lib/python3.10/dist-packages/rosidl_adapter/__main__.py", line 19, in <module>
[0.820s]       sys.exit(main())
[0.821s]     File "/opt/ros/humble/local/lib/python3.10/dist-packages/rosidl_adapter/main.py", line 53, in main
[0.821s]       abs_idl_file = convert_to_idl(
[0.821s]     File "/opt/ros/humble/local/lib/python3.10/dist-packages/rosidl_adapter/__init__.py", line 18, in convert_to_idl
[0.821s]       from rosidl_adapter.msg import convert_msg_to_idl
[0.821s]     File "/opt/ros/humble/local/lib/python3.10/dist-packages/rosidl_adapter/msg/__init__.py", line 16, in <module>
[0.821s]       from rosidl_adapter.resource import expand_template
[0.822s]     File "/opt/ros/humble/local/lib/python3.10/dist-packages/rosidl_adapter/resource/__init__.py", line 19, in <module>
[0.822s]       import em
[0.822s] 
[0.822s]   ModuleNotFoundError: No module named 'em'
[0.822s] 
[0.822s] Call Stack (most recent call first):
[0.823s]   /opt/ros/humble/share/rosidl_cmake/cmake/rosidl_generate_interfaces.cmake:130 (rosidl_adapt_interfaces)
[0.823s]   CMakeLists.txt:32 (rosidl_generate_interfaces)
[0.823s] 
[0.823s] [0m
[0.823s] -- Configuring incomplete, errors occurred!
[0.823s] See also "/home/leo/Documents/Tactile_Sensing_Raptor_Lab/ros2_ws/build/controller_manager_msgs/CMakeFiles/CMakeOutput.log".
[0.838s] Invoked command in '/home/leo/Documents/Tactile_Sensing_Raptor_Lab/ros2_ws/build/controller_manager_msgs' returned '1': CMAKE_PREFIX_PATH=/home/leo/Documents/Tactile_Sensing_Raptor_Lab/ros2_ws/install/tactile_sensing:/opt/ros/humble PS1=
\[[1;36m\]Tactile_Sensing_Raptor_Lab/ros2_ws\[[0m\] on \[[1;35m\] main\[[0m\] \[[1;31m\][!?]\[[0m\] via \[[1;33m\]🐍 v3.10.12 (Tactile_Sensing_Raptor_Lab) \[[0m\]
\[[1;32m\]❯\[[0m\] /usr/bin/cmake /home/leo/Documents/Tactile_Sensing_Raptor_Lab/ros2_ws/src/ros2_control/controller_manager_msgs -DCMAKE_BUILD_TYPE=Release -DCMAKE_INSTALL_PREFIX=/home/leo/Documents/Tactile_Sensing_Raptor_Lab/ros2_ws/install/controller_manager_msgs
