[1.058s] Invoking command in '/home/leo/Documents/Tactile_Sensing_Raptor_Lab/ros2_ws/src/tactile_sensing': PS1=(Tactile_Sensing_Raptor_Lab) ${debian_chroot:+($debian_chroot)}\u@\h:\w\$ PYTHONPATH=/home/leo/Documents/Tactile_Sensing_Raptor_Lab/build/tactile_sensing/prefix_override:/usr/lib/python3/dist-packages/colcon_core/task/python/colcon_distutils_commands:/home/leo/Documents/Tactile_Sensing_Raptor_Lab/install/tactile_sensing/lib/python3.10/site-packages:${PYTHONPATH} /usr/bin/python3 -W ignore:setup.py install is deprecated -W ignore:easy_install command is deprecated setup.py egg_info --egg-base ../../../build/tactile_sensing build --build-base /home/leo/Documents/Tactile_Sensing_Raptor_Lab/build/tactile_sensing/build install --record /home/leo/Documents/Tactile_Sensing_Raptor_Lab/build/tactile_sensing/install.log --single-version-externally-managed install_data
[1.374s] running egg_info
[1.392s] writing ../../../build/tactile_sensing/tactile_sensing.egg-info/PKG-INFO
[1.392s] writing dependency_links to ../../../build/tactile_sensing/tactile_sensing.egg-info/dependency_links.txt
[1.393s] writing entry points to ../../../build/tactile_sensing/tactile_sensing.egg-info/entry_points.txt
[1.393s] writing requirements to ../../../build/tactile_sensing/tactile_sensing.egg-info/requires.txt
[1.393s] writing top-level names to ../../../build/tactile_sensing/tactile_sensing.egg-info/top_level.txt
[1.431s] reading manifest file '../../../build/tactile_sensing/tactile_sensing.egg-info/SOURCES.txt'
[1.432s] writing manifest file '../../../build/tactile_sensing/tactile_sensing.egg-info/SOURCES.txt'
[1.433s] running build
[1.433s] running build_py
[1.433s] copying tactile_sensing/__init__.py -> /home/leo/Documents/Tactile_Sensing_Raptor_Lab/build/tactile_sensing/build/lib/tactile_sensing
[1.433s] copying tactile_sensing/functions.py -> /home/leo/Documents/Tactile_Sensing_Raptor_Lab/build/tactile_sensing/build/lib/tactile_sensing
[1.433s] copying tactile_sensing/model_based_mpc.py -> /home/leo/Documents/Tactile_Sensing_Raptor_Lab/build/tactile_sensing/build/lib/tactile_sensing
[1.434s] copying tactile_sensing/nn_controller.py -> /home/leo/Documents/Tactile_Sensing_Raptor_Lab/build/tactile_sensing/build/lib/tactile_sensing
[1.434s] copying tactile_sensing/show3d_ros2.py -> /home/leo/Documents/Tactile_Sensing_Raptor_Lab/build/tactile_sensing/build/lib/tactile_sensing
[1.434s] copying tactile_sensing/show_tactile_image.py -> /home/leo/Documents/Tactile_Sensing_Raptor_Lab/build/tactile_sensing/build/lib/tactile_sensing
[1.435s] running install
[1.435s] warning: build_py: byte-compiling is disabled, skipping.
[1.435s] 
[1.440s] running install_lib
[1.460s] copying /home/leo/Documents/Tactile_Sensing_Raptor_Lab/build/tactile_sensing/build/lib/tactile_sensing/nn_controller.py -> /home/leo/Documents/Tactile_Sensing_Raptor_Lab/install/tactile_sensing/lib/python3.10/site-packages/tactile_sensing
[1.461s] running install_data
[1.461s] warning: install_lib: byte-compiling is disabled, skipping.
[1.461s] 
[1.462s] copying resource/tactile_sensing -> /home/leo/Documents/Tactile_Sensing_Raptor_Lab/install/tactile_sensing/share/ament_index/resource_index/packages
[1.462s] copying package.xml -> /home/leo/Documents/Tactile_Sensing_Raptor_Lab/install/tactile_sensing/share/tactile_sensing
[1.462s] copying launch/mpc_controller.launch.py -> /home/leo/Documents/Tactile_Sensing_Raptor_Lab/install/tactile_sensing/share/tactile_sensing/launch
[1.462s] copying launch/nn_controller.launch.py -> /home/leo/Documents/Tactile_Sensing_Raptor_Lab/install/tactile_sensing/share/tactile_sensing/launch
[1.462s] running install_egg_info
[1.483s] removing '/home/leo/Documents/Tactile_Sensing_Raptor_Lab/install/tactile_sensing/lib/python3.10/site-packages/tactile_sensing-0.0.0-py3.10.egg-info' (and everything under it)
[1.483s] Copying ../../../build/tactile_sensing/tactile_sensing.egg-info to /home/leo/Documents/Tactile_Sensing_Raptor_Lab/install/tactile_sensing/lib/python3.10/site-packages/tactile_sensing-0.0.0-py3.10.egg-info
[1.484s] running install_scripts
[1.623s] Installing camera_publisher script to /home/leo/Documents/Tactile_Sensing_Raptor_Lab/install/tactile_sensing/lib/tactile_sensing
[1.624s] Installing model_based_mpc script to /home/leo/Documents/Tactile_Sensing_Raptor_Lab/install/tactile_sensing/lib/tactile_sensing
[1.624s] Installing nn_controller script to /home/leo/Documents/Tactile_Sensing_Raptor_Lab/install/tactile_sensing/lib/tactile_sensing
[1.624s] Installing show3d_ros2 script to /home/leo/Documents/Tactile_Sensing_Raptor_Lab/install/tactile_sensing/lib/tactile_sensing
[1.624s] Installing show_tac_image script to /home/leo/Documents/Tactile_Sensing_Raptor_Lab/install/tactile_sensing/lib/tactile_sensing
[1.625s] writing list of installed files to '/home/leo/Documents/Tactile_Sensing_Raptor_Lab/build/tactile_sensing/install.log'
[1.659s] Invoked command in '/home/leo/Documents/Tactile_Sensing_Raptor_Lab/ros2_ws/src/tactile_sensing' returned '0': PS1=(Tactile_Sensing_Raptor_Lab) ${debian_chroot:+($debian_chroot)}\u@\h:\w\$ PYTHONPATH=/home/leo/Documents/Tactile_Sensing_Raptor_Lab/build/tactile_sensing/prefix_override:/usr/lib/python3/dist-packages/colcon_core/task/python/colcon_distutils_commands:/home/leo/Documents/Tactile_Sensing_Raptor_Lab/install/tactile_sensing/lib/python3.10/site-packages:${PYTHONPATH} /usr/bin/python3 -W ignore:setup.py install is deprecated -W ignore:easy_install command is deprecated setup.py egg_info --egg-base ../../../build/tactile_sensing build --build-base /home/leo/Documents/Tactile_Sensing_Raptor_Lab/build/tactile_sensing/build install --record /home/leo/Documents/Tactile_Sensing_Raptor_Lab/build/tactile_sensing/install.log --single-version-externally-managed install_data
