[0.088s] Invoking command in '/home/leo/Documents/Tactile_Sensing_Raptor_Lab/ros2_ws/build/picknik_twist_controller': AMENT_PREFIX_PATH=/home/leo/Documents/Tactile_Sensing_Raptor_Lab/ros2_ws/install/controller_interface:/home/leo/Documents/Tactile_Sensing_Raptor_Lab/ros2_ws/install/hardware_interface:/home/leo/Documents/Tactile_Sensing_Raptor_Lab/ros2_ws/install/ros2_control_test_assets:/home/leo/Documents/Tactile_Sensing_Raptor_Lab/ros2_ws/install/realtime_tools:/home/leo/Documents/Tactile_Sensing_Raptor_Lab/ros2_ws/install/control_msgs:${AMENT_PREFIX_PATH} CMAKE_PREFIX_PATH=/home/leo/Documents/Tactile_Sensing_Raptor_Lab/ros2_ws/install/controller_interface:/home/leo/Documents/Tactile_Sensing_Raptor_Lab/ros2_ws/install/hardware_interface:/home/leo/Documents/Tactile_Sensing_Raptor_Lab/ros2_ws/install/ros2_control_test_assets:/home/leo/Documents/Tactile_Sensing_Raptor_Lab/ros2_ws/install/realtime_tools:/home/leo/Documents/Tactile_Sensing_Raptor_Lab/ros2_ws/install/control_msgs:/home/leo/Documents/Tactile_Sensing_Raptor_Lab/ros2_ws/install/tactile_sensing:/opt/ros/humble LD_LIBRARY_PATH=/home/leo/Documents/Tactile_Sensing_Raptor_Lab/ros2_ws/install/controller_interface/lib:/home/leo/Documents/Tactile_Sensing_Raptor_Lab/ros2_ws/install/hardware_interface/lib:/home/leo/Documents/Tactile_Sensing_Raptor_Lab/ros2_ws/install/realtime_tools/lib:/home/leo/Documents/Tactile_Sensing_Raptor_Lab/ros2_ws/install/control_msgs/lib:${LD_LIBRARY_PATH} PS1=
\[[1;36m\]Tactile_Sensing_Raptor_Lab/ros2_ws\[[0m\] on \[[1;35m\] main\[[0m\] \[[1;31m\][!?]\[[0m\] via \[[1;33m\]🐍 v3.10.12 (Tactile_Sensing_Raptor_Lab) \[[0m\]took \[[1;33m\]4h42m18s\[[0m\]
\[[1;31m\]❯\[[0m\] PYTHONPATH=/home/leo/Documents/Tactile_Sensing_Raptor_Lab/ros2_ws/install/control_msgs/lib/python3.10/site-packages:${PYTHONPATH} /usr/bin/cmake /home/leo/Documents/Tactile_Sensing_Raptor_Lab/ros2_ws/src/picknik_controllers/picknik_twist_controller -DCMAKE_BUILD_TYPE=Release -DCMAKE_INSTALL_PREFIX=/home/leo/Documents/Tactile_Sensing_Raptor_Lab/ros2_ws/install/picknik_twist_controller
[0.279s] -- The C compiler identification is GNU 11.4.0
[0.422s] -- The CXX compiler identification is GNU 11.4.0
[0.440s] -- Detecting C compiler ABI info
[0.599s] -- Detecting C compiler ABI info - done
[0.620s] -- Check for working C compiler: /usr/bin/cc - skipped
[0.620s] -- Detecting C compile features
[0.623s] -- Detecting C compile features - done
[0.628s] -- Detecting CXX compiler ABI info
[0.835s] -- Detecting CXX compiler ABI info - done
[0.875s] -- Check for working CXX compiler: /usr/bin/c++ - skipped
[0.876s] -- Detecting CXX compile features
[0.876s] -- Detecting CXX compile features - done
[0.889s] -- Found ament_cmake: 1.3.10 (/opt/ros/humble/share/ament_cmake/cmake)
[2.123s] -- Found Python3: /home/leo/.local/share/virtualenvs/Tactile_Sensing_Raptor_Lab-fBIDry_x/bin/python3 (found version "3.10.12") found components: Interpreter 
[2.367s] -- Found ament_cmake_ros: 0.10.0 (/opt/ros/humble/share/ament_cmake_ros/cmake)
[2.394s] -- Found controller_interface: 2.51.0 (/home/leo/Documents/Tactile_Sensing_Raptor_Lab/ros2_ws/install/controller_interface/share/controller_interface/cmake)
[2.522s] -- Found rosidl_generator_c: 3.1.5 (/opt/ros/humble/share/rosidl_generator_c/cmake)
[2.539s] -- Found rosidl_adapter: 3.1.5 (/opt/ros/humble/share/rosidl_adapter/cmake)
[2.564s] -- Found rosidl_generator_cpp: 3.1.5 (/opt/ros/humble/share/rosidl_generator_cpp/cmake)
[2.600s] -- Using all available rosidl_typesupport_c: rosidl_typesupport_fastrtps_c;rosidl_typesupport_introspection_c
[2.649s] -- Using all available rosidl_typesupport_cpp: rosidl_typesupport_fastrtps_cpp;rosidl_typesupport_introspection_cpp
[3.239s] -- Found rmw_implementation_cmake: 6.1.2 (/opt/ros/humble/share/rmw_implementation_cmake/cmake)
[3.248s] -- Found rmw_fastrtps_cpp: 6.2.7 (/opt/ros/humble/share/rmw_fastrtps_cpp/cmake)
[3.325s] -- Found TinyXML2 via Config file: TinyXML2_DIR-NOTFOUND
[3.461s] -- Found OpenSSL: /usr/lib/x86_64-linux-gnu/libcrypto.so (found version "3.0.2")  
[3.468s] -- Found TinyXML2 via Config file: TinyXML2_DIR-NOTFOUND
[3.511s] -- Found FastRTPS: /opt/ros/humble/include  
[3.517s] -- Found TinyXML2 via Config file: TinyXML2_DIR-NOTFOUND
[3.531s] -- Found TinyXML2 via Config file: TinyXML2_DIR-NOTFOUND
[3.551s] -- Using RMW implementation 'rmw_fastrtps_cpp' as default
[3.573s] -- Looking for pthread.h
[3.712s] -- Looking for pthread.h - found
[3.713s] -- Performing Test CMAKE_HAVE_LIBC_PTHREAD
[3.898s] -- Performing Test CMAKE_HAVE_LIBC_PTHREAD - Success
[3.901s] -- Found Threads: TRUE  
[4.056s] -- Found example_interfaces: 0.9.3 (/opt/ros/humble/share/example_interfaces/cmake)
[4.100s] -- Found realtime_tools: 2.13.0 (/home/leo/Documents/Tactile_Sensing_Raptor_Lab/ros2_ws/install/realtime_tools/share/realtime_tools/cmake)
[4.369s] -- Configuring done
[4.446s] -- Generating done
[4.460s] -- Build files have been written to: /home/leo/Documents/Tactile_Sensing_Raptor_Lab/ros2_ws/build/picknik_twist_controller
[4.492s] Invoked command in '/home/leo/Documents/Tactile_Sensing_Raptor_Lab/ros2_ws/build/picknik_twist_controller' returned '0': AMENT_PREFIX_PATH=/home/leo/Documents/Tactile_Sensing_Raptor_Lab/ros2_ws/install/controller_interface:/home/leo/Documents/Tactile_Sensing_Raptor_Lab/ros2_ws/install/hardware_interface:/home/leo/Documents/Tactile_Sensing_Raptor_Lab/ros2_ws/install/ros2_control_test_assets:/home/leo/Documents/Tactile_Sensing_Raptor_Lab/ros2_ws/install/realtime_tools:/home/leo/Documents/Tactile_Sensing_Raptor_Lab/ros2_ws/install/control_msgs:${AMENT_PREFIX_PATH} CMAKE_PREFIX_PATH=/home/leo/Documents/Tactile_Sensing_Raptor_Lab/ros2_ws/install/controller_interface:/home/leo/Documents/Tactile_Sensing_Raptor_Lab/ros2_ws/install/hardware_interface:/home/leo/Documents/Tactile_Sensing_Raptor_Lab/ros2_ws/install/ros2_control_test_assets:/home/leo/Documents/Tactile_Sensing_Raptor_Lab/ros2_ws/install/realtime_tools:/home/leo/Documents/Tactile_Sensing_Raptor_Lab/ros2_ws/install/control_msgs:/home/leo/Documents/Tactile_Sensing_Raptor_Lab/ros2_ws/install/tactile_sensing:/opt/ros/humble LD_LIBRARY_PATH=/home/leo/Documents/Tactile_Sensing_Raptor_Lab/ros2_ws/install/controller_interface/lib:/home/leo/Documents/Tactile_Sensing_Raptor_Lab/ros2_ws/install/hardware_interface/lib:/home/leo/Documents/Tactile_Sensing_Raptor_Lab/ros2_ws/install/realtime_tools/lib:/home/leo/Documents/Tactile_Sensing_Raptor_Lab/ros2_ws/install/control_msgs/lib:${LD_LIBRARY_PATH} PS1=
\[[1;36m\]Tactile_Sensing_Raptor_Lab/ros2_ws\[[0m\] on \[[1;35m\] main\[[0m\] \[[1;31m\][!?]\[[0m\] via \[[1;33m\]🐍 v3.10.12 (Tactile_Sensing_Raptor_Lab) \[[0m\]took \[[1;33m\]4h42m18s\[[0m\]
\[[1;31m\]❯\[[0m\] PYTHONPATH=/home/leo/Documents/Tactile_Sensing_Raptor_Lab/ros2_ws/install/control_msgs/lib/python3.10/site-packages:${PYTHONPATH} /usr/bin/cmake /home/leo/Documents/Tactile_Sensing_Raptor_Lab/ros2_ws/src/picknik_controllers/picknik_twist_controller -DCMAKE_BUILD_TYPE=Release -DCMAKE_INSTALL_PREFIX=/home/leo/Documents/Tactile_Sensing_Raptor_Lab/ros2_ws/install/picknik_twist_controller
[4.496s] Invoking command in '/home/leo/Documents/Tactile_Sensing_Raptor_Lab/ros2_ws/build/picknik_twist_controller': AMENT_PREFIX_PATH=/home/leo/Documents/Tactile_Sensing_Raptor_Lab/ros2_ws/install/controller_interface:/home/leo/Documents/Tactile_Sensing_Raptor_Lab/ros2_ws/install/hardware_interface:/home/leo/Documents/Tactile_Sensing_Raptor_Lab/ros2_ws/install/ros2_control_test_assets:/home/leo/Documents/Tactile_Sensing_Raptor_Lab/ros2_ws/install/realtime_tools:/home/leo/Documents/Tactile_Sensing_Raptor_Lab/ros2_ws/install/control_msgs:${AMENT_PREFIX_PATH} CMAKE_PREFIX_PATH=/home/leo/Documents/Tactile_Sensing_Raptor_Lab/ros2_ws/install/controller_interface:/home/leo/Documents/Tactile_Sensing_Raptor_Lab/ros2_ws/install/hardware_interface:/home/leo/Documents/Tactile_Sensing_Raptor_Lab/ros2_ws/install/ros2_control_test_assets:/home/leo/Documents/Tactile_Sensing_Raptor_Lab/ros2_ws/install/realtime_tools:/home/leo/Documents/Tactile_Sensing_Raptor_Lab/ros2_ws/install/control_msgs:/home/leo/Documents/Tactile_Sensing_Raptor_Lab/ros2_ws/install/tactile_sensing:/opt/ros/humble LD_LIBRARY_PATH=/home/leo/Documents/Tactile_Sensing_Raptor_Lab/ros2_ws/install/controller_interface/lib:/home/leo/Documents/Tactile_Sensing_Raptor_Lab/ros2_ws/install/hardware_interface/lib:/home/leo/Documents/Tactile_Sensing_Raptor_Lab/ros2_ws/install/realtime_tools/lib:/home/leo/Documents/Tactile_Sensing_Raptor_Lab/ros2_ws/install/control_msgs/lib:${LD_LIBRARY_PATH} PS1=
\[[1;36m\]Tactile_Sensing_Raptor_Lab/ros2_ws\[[0m\] on \[[1;35m\] main\[[0m\] \[[1;31m\][!?]\[[0m\] via \[[1;33m\]🐍 v3.10.12 (Tactile_Sensing_Raptor_Lab) \[[0m\]took \[[1;33m\]4h42m18s\[[0m\]
\[[1;31m\]❯\[[0m\] PYTHONPATH=/home/leo/Documents/Tactile_Sensing_Raptor_Lab/ros2_ws/install/control_msgs/lib/python3.10/site-packages:${PYTHONPATH} /usr/bin/cmake --build /home/leo/Documents/Tactile_Sensing_Raptor_Lab/ros2_ws/build/picknik_twist_controller -- -j12 -l12
[4.622s] [ 50%] [32mBuilding CXX object CMakeFiles/picknik_twist_controller.dir/src/picknik_twist_controller.cpp.o[0m
[24.369s] [100%] [32m[1mLinking CXX shared library libpicknik_twist_controller.so[0m
[25.072s] [100%] Built target picknik_twist_controller
[25.143s] Invoked command in '/home/leo/Documents/Tactile_Sensing_Raptor_Lab/ros2_ws/build/picknik_twist_controller' returned '0': AMENT_PREFIX_PATH=/home/leo/Documents/Tactile_Sensing_Raptor_Lab/ros2_ws/install/controller_interface:/home/leo/Documents/Tactile_Sensing_Raptor_Lab/ros2_ws/install/hardware_interface:/home/leo/Documents/Tactile_Sensing_Raptor_Lab/ros2_ws/install/ros2_control_test_assets:/home/leo/Documents/Tactile_Sensing_Raptor_Lab/ros2_ws/install/realtime_tools:/home/leo/Documents/Tactile_Sensing_Raptor_Lab/ros2_ws/install/control_msgs:${AMENT_PREFIX_PATH} CMAKE_PREFIX_PATH=/home/leo/Documents/Tactile_Sensing_Raptor_Lab/ros2_ws/install/controller_interface:/home/leo/Documents/Tactile_Sensing_Raptor_Lab/ros2_ws/install/hardware_interface:/home/leo/Documents/Tactile_Sensing_Raptor_Lab/ros2_ws/install/ros2_control_test_assets:/home/leo/Documents/Tactile_Sensing_Raptor_Lab/ros2_ws/install/realtime_tools:/home/leo/Documents/Tactile_Sensing_Raptor_Lab/ros2_ws/install/control_msgs:/home/leo/Documents/Tactile_Sensing_Raptor_Lab/ros2_ws/install/tactile_sensing:/opt/ros/humble LD_LIBRARY_PATH=/home/leo/Documents/Tactile_Sensing_Raptor_Lab/ros2_ws/install/controller_interface/lib:/home/leo/Documents/Tactile_Sensing_Raptor_Lab/ros2_ws/install/hardware_interface/lib:/home/leo/Documents/Tactile_Sensing_Raptor_Lab/ros2_ws/install/realtime_tools/lib:/home/leo/Documents/Tactile_Sensing_Raptor_Lab/ros2_ws/install/control_msgs/lib:${LD_LIBRARY_PATH} PS1=
\[[1;36m\]Tactile_Sensing_Raptor_Lab/ros2_ws\[[0m\] on \[[1;35m\] main\[[0m\] \[[1;31m\][!?]\[[0m\] via \[[1;33m\]🐍 v3.10.12 (Tactile_Sensing_Raptor_Lab) \[[0m\]took \[[1;33m\]4h42m18s\[[0m\]
\[[1;31m\]❯\[[0m\] PYTHONPATH=/home/leo/Documents/Tactile_Sensing_Raptor_Lab/ros2_ws/install/control_msgs/lib/python3.10/site-packages:${PYTHONPATH} /usr/bin/cmake --build /home/leo/Documents/Tactile_Sensing_Raptor_Lab/ros2_ws/build/picknik_twist_controller -- -j12 -l12
[25.150s] Invoking command in '/home/leo/Documents/Tactile_Sensing_Raptor_Lab/ros2_ws/build/picknik_twist_controller': AMENT_PREFIX_PATH=/home/leo/Documents/Tactile_Sensing_Raptor_Lab/ros2_ws/install/controller_interface:/home/leo/Documents/Tactile_Sensing_Raptor_Lab/ros2_ws/install/hardware_interface:/home/leo/Documents/Tactile_Sensing_Raptor_Lab/ros2_ws/install/ros2_control_test_assets:/home/leo/Documents/Tactile_Sensing_Raptor_Lab/ros2_ws/install/realtime_tools:/home/leo/Documents/Tactile_Sensing_Raptor_Lab/ros2_ws/install/control_msgs:${AMENT_PREFIX_PATH} CMAKE_PREFIX_PATH=/home/leo/Documents/Tactile_Sensing_Raptor_Lab/ros2_ws/install/controller_interface:/home/leo/Documents/Tactile_Sensing_Raptor_Lab/ros2_ws/install/hardware_interface:/home/leo/Documents/Tactile_Sensing_Raptor_Lab/ros2_ws/install/ros2_control_test_assets:/home/leo/Documents/Tactile_Sensing_Raptor_Lab/ros2_ws/install/realtime_tools:/home/leo/Documents/Tactile_Sensing_Raptor_Lab/ros2_ws/install/control_msgs:/home/leo/Documents/Tactile_Sensing_Raptor_Lab/ros2_ws/install/tactile_sensing:/opt/ros/humble LD_LIBRARY_PATH=/home/leo/Documents/Tactile_Sensing_Raptor_Lab/ros2_ws/install/controller_interface/lib:/home/leo/Documents/Tactile_Sensing_Raptor_Lab/ros2_ws/install/hardware_interface/lib:/home/leo/Documents/Tactile_Sensing_Raptor_Lab/ros2_ws/install/realtime_tools/lib:/home/leo/Documents/Tactile_Sensing_Raptor_Lab/ros2_ws/install/control_msgs/lib:${LD_LIBRARY_PATH} PS1=
\[[1;36m\]Tactile_Sensing_Raptor_Lab/ros2_ws\[[0m\] on \[[1;35m\] main\[[0m\] \[[1;31m\][!?]\[[0m\] via \[[1;33m\]🐍 v3.10.12 (Tactile_Sensing_Raptor_Lab) \[[0m\]took \[[1;33m\]4h42m18s\[[0m\]
\[[1;31m\]❯\[[0m\] PYTHONPATH=/home/leo/Documents/Tactile_Sensing_Raptor_Lab/ros2_ws/install/control_msgs/lib/python3.10/site-packages:${PYTHONPATH} /usr/bin/cmake --install /home/leo/Documents/Tactile_Sensing_Raptor_Lab/ros2_ws/build/picknik_twist_controller
[25.190s] -- Install configuration: "Release"
[25.193s] -- Installing: /home/leo/Documents/Tactile_Sensing_Raptor_Lab/ros2_ws/install/picknik_twist_controller/share/picknik_twist_controller/controller_plugins.xml
[25.198s] -- Installing: /home/leo/Documents/Tactile_Sensing_Raptor_Lab/ros2_ws/install/picknik_twist_controller/lib/libpicknik_twist_controller.so
[25.203s] -- Set runtime path of "/home/leo/Documents/Tactile_Sensing_Raptor_Lab/ros2_ws/install/picknik_twist_controller/lib/libpicknik_twist_controller.so" to ""
[25.203s] -- Installing: /home/leo/Documents/Tactile_Sensing_Raptor_Lab/ros2_ws/install/picknik_twist_controller/include
[25.203s] -- Installing: /home/leo/Documents/Tactile_Sensing_Raptor_Lab/ros2_ws/install/picknik_twist_controller/include/picknik_twist_controller
[25.204s] -- Installing: /home/leo/Documents/Tactile_Sensing_Raptor_Lab/ros2_ws/install/picknik_twist_controller/include/picknik_twist_controller/visibility_control.h
[25.204s] -- Installing: /home/leo/Documents/Tactile_Sensing_Raptor_Lab/ros2_ws/install/picknik_twist_controller/include/picknik_twist_controller/picknik_twist_controller.hpp
[25.204s] -- Up-to-date: /home/leo/Documents/Tactile_Sensing_Raptor_Lab/ros2_ws/install/picknik_twist_controller/share/picknik_twist_controller/controller_plugins.xml
[25.204s] -- Installing: /home/leo/Documents/Tactile_Sensing_Raptor_Lab/ros2_ws/install/picknik_twist_controller/share/picknik_twist_controller/environment/library_path.sh
[25.205s] -- Installing: /home/leo/Documents/Tactile_Sensing_Raptor_Lab/ros2_ws/install/picknik_twist_controller/share/picknik_twist_controller/environment/library_path.dsv
[25.207s] -- Installing: /home/leo/Documents/Tactile_Sensing_Raptor_Lab/ros2_ws/install/picknik_twist_controller/share/ament_index/resource_index/package_run_dependencies/picknik_twist_controller
[25.207s] -- Installing: /home/leo/Documents/Tactile_Sensing_Raptor_Lab/ros2_ws/install/picknik_twist_controller/share/ament_index/resource_index/parent_prefix_path/picknik_twist_controller
[25.214s] -- Installing: /home/leo/Documents/Tactile_Sensing_Raptor_Lab/ros2_ws/install/picknik_twist_controller/share/picknik_twist_controller/environment/ament_prefix_path.sh
[25.214s] -- Installing: /home/leo/Documents/Tactile_Sensing_Raptor_Lab/ros2_ws/install/picknik_twist_controller/share/picknik_twist_controller/environment/ament_prefix_path.dsv
[25.215s] -- Installing: /home/leo/Documents/Tactile_Sensing_Raptor_Lab/ros2_ws/install/picknik_twist_controller/share/picknik_twist_controller/environment/path.sh
[25.219s] -- Installing: /home/leo/Documents/Tactile_Sensing_Raptor_Lab/ros2_ws/install/picknik_twist_controller/share/picknik_twist_controller/environment/path.dsv
[25.219s] -- Installing: /home/leo/Documents/Tactile_Sensing_Raptor_Lab/ros2_ws/install/picknik_twist_controller/share/picknik_twist_controller/local_setup.bash
[25.220s] -- Installing: /home/leo/Documents/Tactile_Sensing_Raptor_Lab/ros2_ws/install/picknik_twist_controller/share/picknik_twist_controller/local_setup.sh
[25.220s] -- Installing: /home/leo/Documents/Tactile_Sensing_Raptor_Lab/ros2_ws/install/picknik_twist_controller/share/picknik_twist_controller/local_setup.zsh
[25.220s] -- Installing: /home/leo/Documents/Tactile_Sensing_Raptor_Lab/ros2_ws/install/picknik_twist_controller/share/picknik_twist_controller/local_setup.dsv
[25.221s] -- Installing: /home/leo/Documents/Tactile_Sensing_Raptor_Lab/ros2_ws/install/picknik_twist_controller/share/picknik_twist_controller/package.dsv
[25.222s] -- Installing: /home/leo/Documents/Tactile_Sensing_Raptor_Lab/ros2_ws/install/picknik_twist_controller/share/ament_index/resource_index/packages/picknik_twist_controller
[25.223s] -- Installing: /home/leo/Documents/Tactile_Sensing_Raptor_Lab/ros2_ws/install/picknik_twist_controller/share/ament_index/resource_index/controller_interface__pluginlib__plugin/picknik_twist_controller
[25.223s] -- Installing: /home/leo/Documents/Tactile_Sensing_Raptor_Lab/ros2_ws/install/picknik_twist_controller/share/picknik_twist_controller/cmake/ament_cmake_export_dependencies-extras.cmake
[25.224s] -- Installing: /home/leo/Documents/Tactile_Sensing_Raptor_Lab/ros2_ws/install/picknik_twist_controller/share/picknik_twist_controller/cmake/ament_cmake_export_include_directories-extras.cmake
[25.226s] -- Installing: /home/leo/Documents/Tactile_Sensing_Raptor_Lab/ros2_ws/install/picknik_twist_controller/share/picknik_twist_controller/cmake/ament_cmake_export_libraries-extras.cmake
[25.226s] -- Installing: /home/leo/Documents/Tactile_Sensing_Raptor_Lab/ros2_ws/install/picknik_twist_controller/share/picknik_twist_controller/cmake/picknik_twist_controllerConfig.cmake
[25.229s] -- Installing: /home/leo/Documents/Tactile_Sensing_Raptor_Lab/ros2_ws/install/picknik_twist_controller/share/picknik_twist_controller/cmake/picknik_twist_controllerConfig-version.cmake
[25.230s] -- Installing: /home/leo/Documents/Tactile_Sensing_Raptor_Lab/ros2_ws/install/picknik_twist_controller/share/picknik_twist_controller/package.xml
[25.238s] Invoked command in '/home/leo/Documents/Tactile_Sensing_Raptor_Lab/ros2_ws/build/picknik_twist_controller' returned '0': AMENT_PREFIX_PATH=/home/leo/Documents/Tactile_Sensing_Raptor_Lab/ros2_ws/install/controller_interface:/home/leo/Documents/Tactile_Sensing_Raptor_Lab/ros2_ws/install/hardware_interface:/home/leo/Documents/Tactile_Sensing_Raptor_Lab/ros2_ws/install/ros2_control_test_assets:/home/leo/Documents/Tactile_Sensing_Raptor_Lab/ros2_ws/install/realtime_tools:/home/leo/Documents/Tactile_Sensing_Raptor_Lab/ros2_ws/install/control_msgs:${AMENT_PREFIX_PATH} CMAKE_PREFIX_PATH=/home/leo/Documents/Tactile_Sensing_Raptor_Lab/ros2_ws/install/controller_interface:/home/leo/Documents/Tactile_Sensing_Raptor_Lab/ros2_ws/install/hardware_interface:/home/leo/Documents/Tactile_Sensing_Raptor_Lab/ros2_ws/install/ros2_control_test_assets:/home/leo/Documents/Tactile_Sensing_Raptor_Lab/ros2_ws/install/realtime_tools:/home/leo/Documents/Tactile_Sensing_Raptor_Lab/ros2_ws/install/control_msgs:/home/leo/Documents/Tactile_Sensing_Raptor_Lab/ros2_ws/install/tactile_sensing:/opt/ros/humble LD_LIBRARY_PATH=/home/leo/Documents/Tactile_Sensing_Raptor_Lab/ros2_ws/install/controller_interface/lib:/home/leo/Documents/Tactile_Sensing_Raptor_Lab/ros2_ws/install/hardware_interface/lib:/home/leo/Documents/Tactile_Sensing_Raptor_Lab/ros2_ws/install/realtime_tools/lib:/home/leo/Documents/Tactile_Sensing_Raptor_Lab/ros2_ws/install/control_msgs/lib:${LD_LIBRARY_PATH} PS1=
\[[1;36m\]Tactile_Sensing_Raptor_Lab/ros2_ws\[[0m\] on \[[1;35m\] main\[[0m\] \[[1;31m\][!?]\[[0m\] via \[[1;33m\]🐍 v3.10.12 (Tactile_Sensing_Raptor_Lab) \[[0m\]took \[[1;33m\]4h42m18s\[[0m\]
\[[1;31m\]❯\[[0m\] PYTHONPATH=/home/leo/Documents/Tactile_Sensing_Raptor_Lab/ros2_ws/install/control_msgs/lib/python3.10/site-packages:${PYTHONPATH} /usr/bin/cmake --install /home/leo/Documents/Tactile_Sensing_Raptor_Lab/ros2_ws/build/picknik_twist_controller
