[0.048s] Invoking command in '/home/leo/Documents/Tactile_Sensing_Raptor_Lab/ros2_ws/build/kortex_api': CMAKE_PREFIX_PATH=/home/leo/Documents/Tactile_Sensing_Raptor_Lab/ros2_ws/install/tactile_sensing:/opt/ros/humble PS1=
\[[1;36m\]Tactile_Sensing_Raptor_Lab/ros2_ws\[[0m\] on \[[1;35m\] main\[[0m\] \[[1;31m\][!?]\[[0m\] via \[[1;33m\]🐍 v3.10.12 (Tactile_Sensing_Raptor_Lab) \[[0m\]
\[[1;32m\]❯\[[0m\] /usr/bin/cmake --build /home/leo/Documents/Tactile_Sensing_Raptor_Lab/ros2_ws/build/kortex_api -- -j12 -l12
[1.139s] Invoked command in '/home/leo/Documents/Tactile_Sensing_Raptor_Lab/ros2_ws/build/kortex_api' returned '0': CMAKE_PREFIX_PATH=/home/leo/Documents/Tactile_Sensing_Raptor_Lab/ros2_ws/install/tactile_sensing:/opt/ros/humble PS1=
\[[1;36m\]Tactile_Sensing_Raptor_Lab/ros2_ws\[[0m\] on \[[1;35m\] main\[[0m\] \[[1;31m\][!?]\[[0m\] via \[[1;33m\]🐍 v3.10.12 (Tactile_Sensing_Raptor_Lab) \[[0m\]
\[[1;32m\]❯\[[0m\] /usr/bin/cmake --build /home/leo/Documents/Tactile_Sensing_Raptor_Lab/ros2_ws/build/kortex_api -- -j12 -l12
[1.165s] Invoking command in '/home/leo/Documents/Tactile_Sensing_Raptor_Lab/ros2_ws/build/kortex_api': CMAKE_PREFIX_PATH=/home/leo/Documents/Tactile_Sensing_Raptor_Lab/ros2_ws/install/tactile_sensing:/opt/ros/humble PS1=
\[[1;36m\]Tactile_Sensing_Raptor_Lab/ros2_ws\[[0m\] on \[[1;35m\] main\[[0m\] \[[1;31m\][!?]\[[0m\] via \[[1;33m\]🐍 v3.10.12 (Tactile_Sensing_Raptor_Lab) \[[0m\]
\[[1;32m\]❯\[[0m\] /usr/bin/cmake --install /home/leo/Documents/Tactile_Sensing_Raptor_Lab/ros2_ws/build/kortex_api
[1.217s] -- Install configuration: "Release"
[1.217s] -- Installing: /home/leo/Documents/Tactile_Sensing_Raptor_Lab/ros2_ws/install/kortex_api/include/kortex_api
[1.217s] -- Installing: /home/leo/Documents/Tactile_Sensing_Raptor_Lab/ros2_ws/install/kortex_api/include/kortex_api/IRouterClient.h
[1.218s] -- Installing: /home/leo/Documents/Tactile_Sensing_Raptor_Lab/ros2_ws/install/kortex_api/include/kortex_api/NotificationHandler.h
[1.218s] -- Installing: /home/leo/Documents/Tactile_Sensing_Raptor_Lab/ros2_ws/install/kortex_api/include/kortex_api/TransportClientUdp.h
[1.218s] -- Installing: /home/leo/Documents/Tactile_Sensing_Raptor_Lab/ros2_ws/install/kortex_api/include/kortex_api/TransportClientTcp.h
[1.218s] -- Installing: /home/leo/Documents/Tactile_Sensing_Raptor_Lab/ros2_ws/install/kortex_api/include/kortex_api/FrameHandler.h
[1.218s] -- Installing: /home/leo/Documents/Tactile_Sensing_Raptor_Lab/ros2_ws/install/kortex_api/include/kortex_api/version.h
[1.219s] -- Installing: /home/leo/Documents/Tactile_Sensing_Raptor_Lab/ros2_ws/install/kortex_api/include/kortex_api/SessionManager.h
[1.219s] -- Installing: /home/leo/Documents/Tactile_Sensing_Raptor_Lab/ros2_ws/install/kortex_api/include/kortex_api/RouterClient.h
[1.227s] -- Installing: /home/leo/Documents/Tactile_Sensing_Raptor_Lab/ros2_ws/install/kortex_api/include/kortex_api/ITransportClient.h
[1.227s] -- Up-to-date: /home/leo/Documents/Tactile_Sensing_Raptor_Lab/ros2_ws/install/kortex_api/include/kortex_api
[1.227s] -- Installing: /home/leo/Documents/Tactile_Sensing_Raptor_Lab/ros2_ws/install/kortex_api/include/kortex_api/KinovaTcpUtilities.h
[1.228s] -- Installing: /home/leo/Documents/Tactile_Sensing_Raptor_Lab/ros2_ws/install/kortex_api/include/kortex_api/KBasicException.h
[1.228s] -- Installing: /home/leo/Documents/Tactile_Sensing_Raptor_Lab/ros2_ws/install/kortex_api/include/kortex_api/KError.h
[1.228s] -- Installing: /home/leo/Documents/Tactile_Sensing_Raptor_Lab/ros2_ws/install/kortex_api/include/kortex_api/TransportBridgeDummy.h
[1.228s] -- Up-to-date: /home/leo/Documents/Tactile_Sensing_Raptor_Lab/ros2_ws/install/kortex_api/include/kortex_api/version.h
[1.228s] -- Installing: /home/leo/Documents/Tactile_Sensing_Raptor_Lab/ros2_ws/install/kortex_api/include/kortex_api/KDetailedException.h
[1.228s] -- Installing: /home/leo/Documents/Tactile_Sensing_Raptor_Lab/ros2_ws/install/kortex_api/include/kortex_api/HeaderInfo.h
[1.229s] -- Installing: /home/leo/Documents/Tactile_Sensing_Raptor_Lab/ros2_ws/install/kortex_api/include/kortex_api/Frame.h
[1.229s] -- Up-to-date: /home/leo/Documents/Tactile_Sensing_Raptor_Lab/ros2_ws/install/kortex_api/include/kortex_api
[1.229s] -- Installing: /home/leo/Documents/Tactile_Sensing_Raptor_Lab/ros2_ws/install/kortex_api/include/kortex_api/Frame.pb.h
[1.229s] -- Installing: /home/leo/Documents/Tactile_Sensing_Raptor_Lab/ros2_ws/install/kortex_api/include/kortex_api/Common.pb.h
[1.229s] -- Installing: /home/leo/Documents/Tactile_Sensing_Raptor_Lab/ros2_ws/install/kortex_api/include/kortex_api/DeviceManager.pb.h
[1.230s] -- Installing: /home/leo/Documents/Tactile_Sensing_Raptor_Lab/ros2_ws/install/kortex_api/include/kortex_api/InterconnectCyclicMessage.pb.h
[1.230s] -- Installing: /home/leo/Documents/Tactile_Sensing_Raptor_Lab/ros2_ws/install/kortex_api/include/kortex_api/ControlConfig.pb.h
[1.230s] -- Installing: /home/leo/Documents/Tactile_Sensing_Raptor_Lab/ros2_ws/install/kortex_api/include/kortex_api/Errors.pb.h
[1.232s] -- Installing: /home/leo/Documents/Tactile_Sensing_Raptor_Lab/ros2_ws/install/kortex_api/include/kortex_api/DeviceConfig.pb.h
[1.235s] -- Installing: /home/leo/Documents/Tactile_Sensing_Raptor_Lab/ros2_ws/install/kortex_api/include/kortex_api/GripperCyclic.pb.h
[1.235s] -- Installing: /home/leo/Documents/Tactile_Sensing_Raptor_Lab/ros2_ws/install/kortex_api/include/kortex_api/InterconnectCyclic.pb.h
[1.235s] -- Installing: /home/leo/Documents/Tactile_Sensing_Raptor_Lab/ros2_ws/install/kortex_api/include/kortex_api/GripperCyclicMessage.pb.h
[1.235s] -- Installing: /home/leo/Documents/Tactile_Sensing_Raptor_Lab/ros2_ws/install/kortex_api/include/kortex_api/GripperConfig.pb.h
[1.240s] -- Installing: /home/leo/Documents/Tactile_Sensing_Raptor_Lab/ros2_ws/install/kortex_api/include/kortex_api/Test.pb.h
[1.240s] -- Installing: /home/leo/Documents/Tactile_Sensing_Raptor_Lab/ros2_ws/install/kortex_api/include/kortex_api/ActuatorCyclic.pb.h
[1.240s] -- Installing: /home/leo/Documents/Tactile_Sensing_Raptor_Lab/ros2_ws/install/kortex_api/include/kortex_api/Base.pb.h
[1.250s] -- Installing: /home/leo/Documents/Tactile_Sensing_Raptor_Lab/ros2_ws/install/kortex_api/include/kortex_api/BaseCyclic.pb.h
[1.252s] -- Installing: /home/leo/Documents/Tactile_Sensing_Raptor_Lab/ros2_ws/install/kortex_api/include/kortex_api/Session.pb.h
[1.253s] -- Installing: /home/leo/Documents/Tactile_Sensing_Raptor_Lab/ros2_ws/install/kortex_api/include/kortex_api/ProductConfiguration.pb.h
[1.254s] -- Installing: /home/leo/Documents/Tactile_Sensing_Raptor_Lab/ros2_ws/install/kortex_api/include/kortex_api/ActuatorConfig.pb.h
[1.254s] -- Installing: /home/leo/Documents/Tactile_Sensing_Raptor_Lab/ros2_ws/install/kortex_api/include/kortex_api/InterconnectConfig.pb.h
[1.257s] -- Installing: /home/leo/Documents/Tactile_Sensing_Raptor_Lab/ros2_ws/install/kortex_api/include/kortex_api/VisionConfig.pb.h
[1.263s] -- Up-to-date: /home/leo/Documents/Tactile_Sensing_Raptor_Lab/ros2_ws/install/kortex_api/include/kortex_api
[1.264s] -- Installing: /home/leo/Documents/Tactile_Sensing_Raptor_Lab/ros2_ws/install/kortex_api/include/kortex_api/DeviceManagerClientRpc.h
[1.264s] -- Installing: /home/leo/Documents/Tactile_Sensing_Raptor_Lab/ros2_ws/install/kortex_api/include/kortex_api/DeviceConfigClientRpc.h
[1.264s] -- Installing: /home/leo/Documents/Tactile_Sensing_Raptor_Lab/ros2_ws/install/kortex_api/include/kortex_api/BaseCyclicClientRpc.h
[1.264s] -- Installing: /home/leo/Documents/Tactile_Sensing_Raptor_Lab/ros2_ws/install/kortex_api/include/kortex_api/ActuatorCyclicClientRpc.h
[1.264s] -- Installing: /home/leo/Documents/Tactile_Sensing_Raptor_Lab/ros2_ws/install/kortex_api/include/kortex_api/TestClientRpc.h
[1.265s] -- Installing: /home/leo/Documents/Tactile_Sensing_Raptor_Lab/ros2_ws/install/kortex_api/include/kortex_api/InterconnectCyclicClientRpc.h
[1.265s] -- Installing: /home/leo/Documents/Tactile_Sensing_Raptor_Lab/ros2_ws/install/kortex_api/include/kortex_api/VisionConfigClientRpc.h
[1.272s] -- Installing: /home/leo/Documents/Tactile_Sensing_Raptor_Lab/ros2_ws/install/kortex_api/include/kortex_api/GripperCyclicClientRpc.h
[1.272s] -- Installing: /home/leo/Documents/Tactile_Sensing_Raptor_Lab/ros2_ws/install/kortex_api/include/kortex_api/ControlConfigClientRpc.h
[1.272s] -- Installing: /home/leo/Documents/Tactile_Sensing_Raptor_Lab/ros2_ws/install/kortex_api/include/kortex_api/BaseClientRpc.h
[1.285s] -- Installing: /home/leo/Documents/Tactile_Sensing_Raptor_Lab/ros2_ws/install/kortex_api/include/kortex_api/SessionClientRpc.h
[1.286s] -- Installing: /home/leo/Documents/Tactile_Sensing_Raptor_Lab/ros2_ws/install/kortex_api/include/kortex_api/ActuatorConfigClientRpc.h
[1.286s] -- Installing: /home/leo/Documents/Tactile_Sensing_Raptor_Lab/ros2_ws/install/kortex_api/include/kortex_api/InterconnectConfigClientRpc.h
[1.286s] -- Installing: /home/leo/Documents/Tactile_Sensing_Raptor_Lab/ros2_ws/install/kortex_api/include/kortex_api/google/protobuf
[1.287s] -- Installing: /home/leo/Documents/Tactile_Sensing_Raptor_Lab/ros2_ws/install/kortex_api/include/kortex_api/google/protobuf/generated_message_reflection.h
[1.288s] -- Installing: /home/leo/Documents/Tactile_Sensing_Raptor_Lab/ros2_ws/install/kortex_api/include/kortex_api/google/protobuf/message_lite.h
[1.288s] -- Installing: /home/leo/Documents/Tactile_Sensing_Raptor_Lab/ros2_ws/install/kortex_api/include/kortex_api/google/protobuf/map_type_handler.h
[1.288s] -- Installing: /home/leo/Documents/Tactile_Sensing_Raptor_Lab/ros2_ws/install/kortex_api/include/kortex_api/google/protobuf/map_field_inl.h
[1.310s] -- Installing: /home/leo/Documents/Tactile_Sensing_Raptor_Lab/ros2_ws/install/kortex_api/include/kortex_api/google/protobuf/empty.pb.h
[1.310s] -- Installing: /home/leo/Documents/Tactile_Sensing_Raptor_Lab/ros2_ws/install/kortex_api/include/kortex_api/google/protobuf/type.pb.h
[1.310s] -- Installing: /home/leo/Documents/Tactile_Sensing_Raptor_Lab/ros2_ws/install/kortex_api/include/kortex_api/google/protobuf/unknown_field_set.h
[1.310s] -- Installing: /home/leo/Documents/Tactile_Sensing_Raptor_Lab/ros2_ws/install/kortex_api/include/kortex_api/google/protobuf/map_field.h
[1.312s] -- Installing: /home/leo/Documents/Tactile_Sensing_Raptor_Lab/ros2_ws/install/kortex_api/include/kortex_api/google/protobuf/util
[1.312s] -- Installing: /home/leo/Documents/Tactile_Sensing_Raptor_Lab/ros2_ws/install/kortex_api/include/kortex_api/google/protobuf/util/field_comparator.h
[1.312s] -- Installing: /home/leo/Documents/Tactile_Sensing_Raptor_Lab/ros2_ws/install/kortex_api/include/kortex_api/google/protobuf/util/type_resolver.h
[1.317s] -- Installing: /home/leo/Documents/Tactile_Sensing_Raptor_Lab/ros2_ws/install/kortex_api/include/kortex_api/google/protobuf/util/message_differencer.h
[1.318s] -- Installing: /home/leo/Documents/Tactile_Sensing_Raptor_Lab/ros2_ws/install/kortex_api/include/kortex_api/google/protobuf/util/field_mask_util.h
[1.319s] -- Installing: /home/leo/Documents/Tactile_Sensing_Raptor_Lab/ros2_ws/install/kortex_api/include/kortex_api/google/protobuf/util/json_util.h
[1.319s] -- Installing: /home/leo/Documents/Tactile_Sensing_Raptor_Lab/ros2_ws/install/kortex_api/include/kortex_api/google/protobuf/util/type_resolver_util.h
[1.319s] -- Installing: /home/leo/Documents/Tactile_Sensing_Raptor_Lab/ros2_ws/install/kortex_api/include/kortex_api/google/protobuf/util/delimited_message_util.h
[1.320s] -- Installing: /home/leo/Documents/Tactile_Sensing_Raptor_Lab/ros2_ws/install/kortex_api/include/kortex_api/google/protobuf/util/time_util.h
[1.320s] -- Installing: /home/leo/Documents/Tactile_Sensing_Raptor_Lab/ros2_ws/install/kortex_api/include/kortex_api/google/protobuf/wire_format_lite_inl.h
[1.320s] -- Installing: /home/leo/Documents/Tactile_Sensing_Raptor_Lab/ros2_ws/install/kortex_api/include/kortex_api/google/protobuf/compiler
[1.322s] -- Installing: /home/leo/Documents/Tactile_Sensing_Raptor_Lab/ros2_ws/install/kortex_api/include/kortex_api/google/protobuf/compiler/plugin.pb.h
[1.322s] -- Installing: /home/leo/Documents/Tactile_Sensing_Raptor_Lab/ros2_ws/install/kortex_api/include/kortex_api/google/protobuf/compiler/cpp
[1.327s] -- Installing: /home/leo/Documents/Tactile_Sensing_Raptor_Lab/ros2_ws/install/kortex_api/include/kortex_api/google/protobuf/compiler/cpp/cpp_generator.h
[1.327s] -- Installing: /home/leo/Documents/Tactile_Sensing_Raptor_Lab/ros2_ws/install/kortex_api/include/kortex_api/google/protobuf/compiler/plugin.h
[1.328s] -- Installing: /home/leo/Documents/Tactile_Sensing_Raptor_Lab/ros2_ws/install/kortex_api/include/kortex_api/google/protobuf/compiler/js
[1.330s] -- Installing: /home/leo/Documents/Tactile_Sensing_Raptor_Lab/ros2_ws/install/kortex_api/include/kortex_api/google/protobuf/compiler/js/well_known_types_embed.h
[1.331s] -- Installing: /home/leo/Documents/Tactile_Sensing_Raptor_Lab/ros2_ws/install/kortex_api/include/kortex_api/google/protobuf/compiler/js/js_generator.h
[1.331s] -- Installing: /home/leo/Documents/Tactile_Sensing_Raptor_Lab/ros2_ws/install/kortex_api/include/kortex_api/google/protobuf/compiler/code_generator.h
[1.331s] -- Installing: /home/leo/Documents/Tactile_Sensing_Raptor_Lab/ros2_ws/install/kortex_api/include/kortex_api/google/protobuf/compiler/importer.h
[1.337s] -- Installing: /home/leo/Documents/Tactile_Sensing_Raptor_Lab/ros2_ws/install/kortex_api/include/kortex_api/google/protobuf/compiler/csharp
[1.337s] -- Installing: /home/leo/Documents/Tactile_Sensing_Raptor_Lab/ros2_ws/install/kortex_api/include/kortex_api/google/protobuf/compiler/csharp/csharp_generator.h
[1.342s] -- Installing: /home/leo/Documents/Tactile_Sensing_Raptor_Lab/ros2_ws/install/kortex_api/include/kortex_api/google/protobuf/compiler/csharp/csharp_names.h
[1.343s] -- Installing: /home/leo/Documents/Tactile_Sensing_Raptor_Lab/ros2_ws/install/kortex_api/include/kortex_api/google/protobuf/compiler/python
[1.343s] -- Installing: /home/leo/Documents/Tactile_Sensing_Raptor_Lab/ros2_ws/install/kortex_api/include/kortex_api/google/protobuf/compiler/python/python_generator.h
[1.343s] -- Installing: /home/leo/Documents/Tactile_Sensing_Raptor_Lab/ros2_ws/install/kortex_api/include/kortex_api/google/protobuf/compiler/javanano
[1.343s] -- Installing: /home/leo/Documents/Tactile_Sensing_Raptor_Lab/ros2_ws/install/kortex_api/include/kortex_api/google/protobuf/compiler/javanano/javanano_generator.h
[1.344s] -- Installing: /home/leo/Documents/Tactile_Sensing_Raptor_Lab/ros2_ws/install/kortex_api/include/kortex_api/google/protobuf/compiler/ruby
[1.345s] -- Installing: /home/leo/Documents/Tactile_Sensing_Raptor_Lab/ros2_ws/install/kortex_api/include/kortex_api/google/protobuf/compiler/ruby/ruby_generator.h
[1.349s] -- Installing: /home/leo/Documents/Tactile_Sensing_Raptor_Lab/ros2_ws/install/kortex_api/include/kortex_api/google/protobuf/compiler/objectivec
[1.349s] -- Installing: /home/leo/Documents/Tactile_Sensing_Raptor_Lab/ros2_ws/install/kortex_api/include/kortex_api/google/protobuf/compiler/objectivec/objectivec_helpers.h
[1.349s] -- Installing: /home/leo/Documents/Tactile_Sensing_Raptor_Lab/ros2_ws/install/kortex_api/include/kortex_api/google/protobuf/compiler/objectivec/objectivec_generator.h
[1.350s] -- Installing: /home/leo/Documents/Tactile_Sensing_Raptor_Lab/ros2_ws/install/kortex_api/include/kortex_api/google/protobuf/compiler/java
[1.350s] -- Installing: /home/leo/Documents/Tactile_Sensing_Raptor_Lab/ros2_ws/install/kortex_api/include/kortex_api/google/protobuf/compiler/java/java_generator.h
[1.350s] -- Installing: /home/leo/Documents/Tactile_Sensing_Raptor_Lab/ros2_ws/install/kortex_api/include/kortex_api/google/protobuf/compiler/java/java_names.h
[1.351s] -- Installing: /home/leo/Documents/Tactile_Sensing_Raptor_Lab/ros2_ws/install/kortex_api/include/kortex_api/google/protobuf/compiler/parser.h
[1.351s] -- Installing: /home/leo/Documents/Tactile_Sensing_Raptor_Lab/ros2_ws/install/kortex_api/include/kortex_api/google/protobuf/compiler/command_line_interface.h
[1.351s] -- Installing: /home/leo/Documents/Tactile_Sensing_Raptor_Lab/ros2_ws/install/kortex_api/include/kortex_api/google/protobuf/compiler/php
[1.351s] -- Installing: /home/leo/Documents/Tactile_Sensing_Raptor_Lab/ros2_ws/install/kortex_api/include/kortex_api/google/protobuf/compiler/php/php_generator.h
[1.351s] -- Installing: /home/leo/Documents/Tactile_Sensing_Raptor_Lab/ros2_ws/install/kortex_api/include/kortex_api/google/protobuf/any.h
[1.352s] -- Installing: /home/leo/Documents/Tactile_Sensing_Raptor_Lab/ros2_ws/install/kortex_api/include/kortex_api/google/protobuf/has_bits.h
[1.352s] -- Installing: /home/leo/Documents/Tactile_Sensing_Raptor_Lab/ros2_ws/install/kortex_api/include/kortex_api/google/protobuf/generated_message_table_driven.h
[1.352s] -- Installing: /home/leo/Documents/Tactile_Sensing_Raptor_Lab/ros2_ws/install/kortex_api/include/kortex_api/google/protobuf/duration.pb.h
[1.376s] -- Installing: /home/leo/Documents/Tactile_Sensing_Raptor_Lab/ros2_ws/install/kortex_api/include/kortex_api/google/protobuf/generated_enum_reflection.h
[1.377s] -- Installing: /home/leo/Documents/Tactile_Sensing_Raptor_Lab/ros2_ws/install/kortex_api/include/kortex_api/google/protobuf/timestamp.pb.h
[1.377s] -- Installing: /home/leo/Documents/Tactile_Sensing_Raptor_Lab/ros2_ws/install/kortex_api/include/kortex_api/google/protobuf/wire_format_lite.h
[1.377s] -- Installing: /home/leo/Documents/Tactile_Sensing_Raptor_Lab/ros2_ws/install/kortex_api/include/kortex_api/google/protobuf/map_field_lite.h
[1.378s] -- Installing: /home/leo/Documents/Tactile_Sensing_Raptor_Lab/ros2_ws/install/kortex_api/include/kortex_api/google/protobuf/descriptor.pb.h
[1.378s] -- Installing: /home/leo/Documents/Tactile_Sensing_Raptor_Lab/ros2_ws/install/kortex_api/include/kortex_api/google/protobuf/source_context.pb.h
[1.378s] -- Installing: /home/leo/Documents/Tactile_Sensing_Raptor_Lab/ros2_ws/install/kortex_api/include/kortex_api/google/protobuf/descriptor_database.h
[1.378s] -- Installing: /home/leo/Documents/Tactile_Sensing_Raptor_Lab/ros2_ws/install/kortex_api/include/kortex_api/google/protobuf/map.h
[1.378s] -- Installing: /home/leo/Documents/Tactile_Sensing_Raptor_Lab/ros2_ws/install/kortex_api/include/kortex_api/google/protobuf/reflection.h
[1.379s] -- Installing: /home/leo/Documents/Tactile_Sensing_Raptor_Lab/ros2_ws/install/kortex_api/include/kortex_api/google/protobuf/extension_set.h
[1.379s] -- Installing: /home/leo/Documents/Tactile_Sensing_Raptor_Lab/ros2_ws/install/kortex_api/include/kortex_api/google/protobuf/reflection_ops.h
[1.379s] -- Installing: /home/leo/Documents/Tactile_Sensing_Raptor_Lab/ros2_ws/install/kortex_api/include/kortex_api/google/protobuf/io
[1.379s] -- Installing: /home/leo/Documents/Tactile_Sensing_Raptor_Lab/ros2_ws/install/kortex_api/include/kortex_api/google/protobuf/io/coded_stream.h
[1.380s] -- Installing: /home/leo/Documents/Tactile_Sensing_Raptor_Lab/ros2_ws/install/kortex_api/include/kortex_api/google/protobuf/io/zero_copy_stream_impl.h
[1.380s] -- Installing: /home/leo/Documents/Tactile_Sensing_Raptor_Lab/ros2_ws/install/kortex_api/include/kortex_api/google/protobuf/io/tokenizer.h
[1.380s] -- Installing: /home/leo/Documents/Tactile_Sensing_Raptor_Lab/ros2_ws/install/kortex_api/include/kortex_api/google/protobuf/io/zero_copy_stream_impl_lite.h
[1.380s] -- Installing: /home/leo/Documents/Tactile_Sensing_Raptor_Lab/ros2_ws/install/kortex_api/include/kortex_api/google/protobuf/io/gzip_stream.h
[1.381s] -- Installing: /home/leo/Documents/Tactile_Sensing_Raptor_Lab/ros2_ws/install/kortex_api/include/kortex_api/google/protobuf/io/printer.h
[1.381s] -- Installing: /home/leo/Documents/Tactile_Sensing_Raptor_Lab/ros2_ws/install/kortex_api/include/kortex_api/google/protobuf/io/zero_copy_stream.h
[1.381s] -- Installing: /home/leo/Documents/Tactile_Sensing_Raptor_Lab/ros2_ws/install/kortex_api/include/kortex_api/google/protobuf/io/strtod.h
[1.381s] -- Installing: /home/leo/Documents/Tactile_Sensing_Raptor_Lab/ros2_ws/install/kortex_api/include/kortex_api/google/protobuf/arena_impl.h
[1.381s] -- Installing: /home/leo/Documents/Tactile_Sensing_Raptor_Lab/ros2_ws/install/kortex_api/include/kortex_api/google/protobuf/text_format.h
[1.382s] -- Installing: /home/leo/Documents/Tactile_Sensing_Raptor_Lab/ros2_ws/install/kortex_api/include/kortex_api/google/protobuf/message.h
[1.382s] -- Installing: /home/leo/Documents/Tactile_Sensing_Raptor_Lab/ros2_ws/install/kortex_api/include/kortex_api/google/protobuf/map_entry.h
[1.382s] -- Installing: /home/leo/Documents/Tactile_Sensing_Raptor_Lab/ros2_ws/install/kortex_api/include/kortex_api/google/protobuf/api.pb.h
[1.382s] -- Installing: /home/leo/Documents/Tactile_Sensing_Raptor_Lab/ros2_ws/install/kortex_api/include/kortex_api/google/protobuf/field_mask.pb.h
[1.387s] -- Installing: /home/leo/Documents/Tactile_Sensing_Raptor_Lab/ros2_ws/install/kortex_api/include/kortex_api/google/protobuf/wire_format.h
[1.387s] -- Installing: /home/leo/Documents/Tactile_Sensing_Raptor_Lab/ros2_ws/install/kortex_api/include/kortex_api/google/protobuf/descriptor.h
[1.388s] -- Installing: /home/leo/Documents/Tactile_Sensing_Raptor_Lab/ros2_ws/install/kortex_api/include/kortex_api/google/protobuf/service.h
[1.388s] -- Installing: /home/leo/Documents/Tactile_Sensing_Raptor_Lab/ros2_ws/install/kortex_api/include/kortex_api/google/protobuf/any.pb.h
[1.388s] -- Installing: /home/leo/Documents/Tactile_Sensing_Raptor_Lab/ros2_ws/install/kortex_api/include/kortex_api/google/protobuf/repeated_field.h
[1.388s] -- Installing: /home/leo/Documents/Tactile_Sensing_Raptor_Lab/ros2_ws/install/kortex_api/include/kortex_api/google/protobuf/map_entry_lite.h
[1.389s] -- Installing: /home/leo/Documents/Tactile_Sensing_Raptor_Lab/ros2_ws/install/kortex_api/include/kortex_api/google/protobuf/metadata_lite.h
[1.389s] -- Installing: /home/leo/Documents/Tactile_Sensing_Raptor_Lab/ros2_ws/install/kortex_api/include/kortex_api/google/protobuf/stubs
[1.389s] -- Installing: /home/leo/Documents/Tactile_Sensing_Raptor_Lab/ros2_ws/install/kortex_api/include/kortex_api/google/protobuf/stubs/template_util.h
[1.389s] -- Installing: /home/leo/Documents/Tactile_Sensing_Raptor_Lab/ros2_ws/install/kortex_api/include/kortex_api/google/protobuf/stubs/port.h
[1.390s] -- Installing: /home/leo/Documents/Tactile_Sensing_Raptor_Lab/ros2_ws/install/kortex_api/include/kortex_api/google/protobuf/stubs/atomicops_internals_generic_c11_atomic.h
[1.390s] -- Installing: /home/leo/Documents/Tactile_Sensing_Raptor_Lab/ros2_ws/install/kortex_api/include/kortex_api/google/protobuf/stubs/bytestream.h
[1.390s] -- Installing: /home/leo/Documents/Tactile_Sensing_Raptor_Lab/ros2_ws/install/kortex_api/include/kortex_api/google/protobuf/stubs/atomicops_internals_x86_gcc.h
[1.390s] -- Installing: /home/leo/Documents/Tactile_Sensing_Raptor_Lab/ros2_ws/install/kortex_api/include/kortex_api/google/protobuf/stubs/atomicops_internals_tsan.h
[1.390s] -- Installing: /home/leo/Documents/Tactile_Sensing_Raptor_Lab/ros2_ws/install/kortex_api/include/kortex_api/google/protobuf/stubs/atomicops_internals_arm_gcc.h
[1.395s] -- Installing: /home/leo/Documents/Tactile_Sensing_Raptor_Lab/ros2_ws/install/kortex_api/include/kortex_api/google/protobuf/stubs/callback.h
[1.395s] -- Installing: /home/leo/Documents/Tactile_Sensing_Raptor_Lab/ros2_ws/install/kortex_api/include/kortex_api/google/protobuf/stubs/type_traits.h
[1.395s] -- Installing: /home/leo/Documents/Tactile_Sensing_Raptor_Lab/ros2_ws/install/kortex_api/include/kortex_api/google/protobuf/stubs/atomicops_internals_mips_gcc.h
[1.396s] -- Installing: /home/leo/Documents/Tactile_Sensing_Raptor_Lab/ros2_ws/install/kortex_api/include/kortex_api/google/protobuf/stubs/atomic_sequence_num.h
[1.396s] -- Installing: /home/leo/Documents/Tactile_Sensing_Raptor_Lab/ros2_ws/install/kortex_api/include/kortex_api/google/protobuf/stubs/mutex.h
[1.396s] -- Installing: /home/leo/Documents/Tactile_Sensing_Raptor_Lab/ros2_ws/install/kortex_api/include/kortex_api/google/protobuf/stubs/singleton.h
[1.396s] -- Installing: /home/leo/Documents/Tactile_Sensing_Raptor_Lab/ros2_ws/install/kortex_api/include/kortex_api/google/protobuf/stubs/atomicops_internals_generic_gcc.h
[1.396s] -- Installing: /home/leo/Documents/Tactile_Sensing_Raptor_Lab/ros2_ws/install/kortex_api/include/kortex_api/google/protobuf/stubs/atomicops_internals_ppc_gcc.h
[1.397s] -- Installing: /home/leo/Documents/Tactile_Sensing_Raptor_Lab/ros2_ws/install/kortex_api/include/kortex_api/google/protobuf/stubs/common.h
[1.397s] -- Installing: /home/leo/Documents/Tactile_Sensing_Raptor_Lab/ros2_ws/install/kortex_api/include/kortex_api/google/protobuf/stubs/hash.h
[1.397s] -- Installing: /home/leo/Documents/Tactile_Sensing_Raptor_Lab/ros2_ws/install/kortex_api/include/kortex_api/google/protobuf/stubs/atomicops_internals_arm_qnx.h
[1.397s] -- Installing: /home/leo/Documents/Tactile_Sensing_Raptor_Lab/ros2_ws/install/kortex_api/include/kortex_api/google/protobuf/stubs/atomicops.h
[1.402s] -- Installing: /home/leo/Documents/Tactile_Sensing_Raptor_Lab/ros2_ws/install/kortex_api/include/kortex_api/google/protobuf/stubs/shared_ptr.h
[1.402s] -- Installing: /home/leo/Documents/Tactile_Sensing_Raptor_Lab/ros2_ws/install/kortex_api/include/kortex_api/google/protobuf/stubs/logging.h
[1.402s] -- Installing: /home/leo/Documents/Tactile_Sensing_Raptor_Lab/ros2_ws/install/kortex_api/include/kortex_api/google/protobuf/stubs/atomicops_internals_power.h
[1.402s] -- Installing: /home/leo/Documents/Tactile_Sensing_Raptor_Lab/ros2_ws/install/kortex_api/include/kortex_api/google/protobuf/stubs/platform_macros.h
[1.403s] -- Installing: /home/leo/Documents/Tactile_Sensing_Raptor_Lab/ros2_ws/install/kortex_api/include/kortex_api/google/protobuf/stubs/atomicops_internals_x86_msvc.h
[1.403s] -- Installing: /home/leo/Documents/Tactile_Sensing_Raptor_Lab/ros2_ws/install/kortex_api/include/kortex_api/google/protobuf/stubs/status.h
[1.403s] -- Installing: /home/leo/Documents/Tactile_Sensing_Raptor_Lab/ros2_ws/install/kortex_api/include/kortex_api/google/protobuf/stubs/scoped_ptr.h
[1.403s] -- Installing: /home/leo/Documents/Tactile_Sensing_Raptor_Lab/ros2_ws/install/kortex_api/include/kortex_api/google/protobuf/stubs/stl_util.h
[1.403s] -- Installing: /home/leo/Documents/Tactile_Sensing_Raptor_Lab/ros2_ws/install/kortex_api/include/kortex_api/google/protobuf/stubs/macros.h
[1.403s] -- Installing: /home/leo/Documents/Tactile_Sensing_Raptor_Lab/ros2_ws/install/kortex_api/include/kortex_api/google/protobuf/stubs/once.h
[1.404s] -- Installing: /home/leo/Documents/Tactile_Sensing_Raptor_Lab/ros2_ws/install/kortex_api/include/kortex_api/google/protobuf/stubs/casts.h
[1.404s] -- Installing: /home/leo/Documents/Tactile_Sensing_Raptor_Lab/ros2_ws/install/kortex_api/include/kortex_api/google/protobuf/stubs/fastmem.h
[1.404s] -- Installing: /home/leo/Documents/Tactile_Sensing_Raptor_Lab/ros2_ws/install/kortex_api/include/kortex_api/google/protobuf/stubs/atomicops_internals_solaris.h
[1.404s] -- Installing: /home/leo/Documents/Tactile_Sensing_Raptor_Lab/ros2_ws/install/kortex_api/include/kortex_api/google/protobuf/stubs/stringpiece.h
[1.404s] -- Installing: /home/leo/Documents/Tactile_Sensing_Raptor_Lab/ros2_ws/install/kortex_api/include/kortex_api/google/protobuf/stubs/atomicops_internals_arm64_gcc.h
[1.431s] -- Installing: /home/leo/Documents/Tactile_Sensing_Raptor_Lab/ros2_ws/install/kortex_api/include/kortex_api/google/protobuf/metadata.h
[1.431s] -- Installing: /home/leo/Documents/Tactile_Sensing_Raptor_Lab/ros2_ws/install/kortex_api/include/kortex_api/google/protobuf/wrappers.pb.h
[1.432s] -- Installing: /home/leo/Documents/Tactile_Sensing_Raptor_Lab/ros2_ws/install/kortex_api/include/kortex_api/google/protobuf/arenastring.h
[1.432s] -- Installing: /home/leo/Documents/Tactile_Sensing_Raptor_Lab/ros2_ws/install/kortex_api/include/kortex_api/google/protobuf/struct.pb.h
[1.432s] -- Installing: /home/leo/Documents/Tactile_Sensing_Raptor_Lab/ros2_ws/install/kortex_api/include/kortex_api/google/protobuf/arena.h
[1.433s] -- Installing: /home/leo/Documents/Tactile_Sensing_Raptor_Lab/ros2_ws/install/kortex_api/include/kortex_api/google/protobuf/generated_message_util.h
[1.433s] -- Installing: /home/leo/Documents/Tactile_Sensing_Raptor_Lab/ros2_ws/install/kortex_api/include/kortex_api/google/protobuf/dynamic_message.h
[1.433s] -- Installing: /home/leo/Documents/Tactile_Sensing_Raptor_Lab/ros2_ws/install/kortex_api/include/kortex_api/google/protobuf/generated_enum_util.h
[1.433s] -- Installing: /home/leo/Documents/Tactile_Sensing_Raptor_Lab/ros2_ws/install/kortex_api/share/ament_index/resource_index/package_run_dependencies/kortex_api
[1.433s] -- Installing: /home/leo/Documents/Tactile_Sensing_Raptor_Lab/ros2_ws/install/kortex_api/share/ament_index/resource_index/parent_prefix_path/kortex_api
[1.434s] -- Installing: /home/leo/Documents/Tactile_Sensing_Raptor_Lab/ros2_ws/install/kortex_api/share/kortex_api/environment/ament_prefix_path.sh
[1.434s] -- Installing: /home/leo/Documents/Tactile_Sensing_Raptor_Lab/ros2_ws/install/kortex_api/share/kortex_api/environment/ament_prefix_path.dsv
[1.434s] -- Installing: /home/leo/Documents/Tactile_Sensing_Raptor_Lab/ros2_ws/install/kortex_api/share/kortex_api/environment/path.sh
[1.434s] -- Installing: /home/leo/Documents/Tactile_Sensing_Raptor_Lab/ros2_ws/install/kortex_api/share/kortex_api/environment/path.dsv
[1.435s] -- Installing: /home/leo/Documents/Tactile_Sensing_Raptor_Lab/ros2_ws/install/kortex_api/share/kortex_api/local_setup.bash
[1.435s] -- Installing: /home/leo/Documents/Tactile_Sensing_Raptor_Lab/ros2_ws/install/kortex_api/share/kortex_api/local_setup.sh
[1.435s] -- Installing: /home/leo/Documents/Tactile_Sensing_Raptor_Lab/ros2_ws/install/kortex_api/share/kortex_api/local_setup.zsh
[1.435s] -- Installing: /home/leo/Documents/Tactile_Sensing_Raptor_Lab/ros2_ws/install/kortex_api/share/kortex_api/local_setup.dsv
[1.436s] -- Installing: /home/leo/Documents/Tactile_Sensing_Raptor_Lab/ros2_ws/install/kortex_api/share/kortex_api/package.dsv
[1.436s] -- Installing: /home/leo/Documents/Tactile_Sensing_Raptor_Lab/ros2_ws/install/kortex_api/share/ament_index/resource_index/packages/kortex_api
[1.436s] -- Installing: /home/leo/Documents/Tactile_Sensing_Raptor_Lab/ros2_ws/install/kortex_api/share/kortex_api/cmake/ament_cmake_export_include_directories-extras.cmake
[1.447s] -- Installing: /home/leo/Documents/Tactile_Sensing_Raptor_Lab/ros2_ws/install/kortex_api/share/kortex_api/cmake/kortex_apiConfig.cmake
[1.447s] -- Installing: /home/leo/Documents/Tactile_Sensing_Raptor_Lab/ros2_ws/install/kortex_api/share/kortex_api/cmake/kortex_apiConfig-version.cmake
[1.447s] -- Installing: /home/leo/Documents/Tactile_Sensing_Raptor_Lab/ros2_ws/install/kortex_api/share/kortex_api/package.xml
[1.596s] Invoked command in '/home/leo/Documents/Tactile_Sensing_Raptor_Lab/ros2_ws/build/kortex_api' returned '0': CMAKE_PREFIX_PATH=/home/leo/Documents/Tactile_Sensing_Raptor_Lab/ros2_ws/install/tactile_sensing:/opt/ros/humble PS1=
\[[1;36m\]Tactile_Sensing_Raptor_Lab/ros2_ws\[[0m\] on \[[1;35m\] main\[[0m\] \[[1;31m\][!?]\[[0m\] via \[[1;33m\]🐍 v3.10.12 (Tactile_Sensing_Raptor_Lab) \[[0m\]
\[[1;32m\]❯\[[0m\] /usr/bin/cmake --install /home/leo/Documents/Tactile_Sensing_Raptor_Lab/ros2_ws/build/kortex_api
