[0.041s] Invoking command in '/home/leo/Documents/Tactile_Sensing_Raptor_Lab/ros2_ws/build/control_msgs': CMAKE_PREFIX_PATH=/home/leo/Documents/Tactile_Sensing_Raptor_Lab/ros2_ws/install/tactile_sensing:/opt/ros/humble PS1=
\[[1;36m\]Tactile_Sensing_Raptor_Lab/ros2_ws\[[0m\] on \[[1;35m\] main\[[0m\] \[[1;31m\][!?]\[[0m\] via \[[1;33m\]🐍 v3.10.12 (Tactile_Sensing_Raptor_Lab) \[[0m\]
\[[1;32m\]❯\[[0m\] /usr/bin/cmake /home/leo/Documents/Tactile_Sensing_Raptor_Lab/ros2_ws/src/control_msgs/control_msgs -DCMAKE_BUILD_TYPE=Release -DCMAKE_INSTALL_PREFIX=/home/leo/Documents/Tactile_Sensing_Raptor_Lab/ros2_ws/install/control_msgs
[0.078s] -- Found action_msgs: 1.2.1 (/opt/ros/humble/share/action_msgs/cmake)
[0.397s] -- Found rosidl_generator_c: 3.1.5 (/opt/ros/humble/share/rosidl_generator_c/cmake)
[0.403s] -- Found rosidl_adapter: 3.1.5 (/opt/ros/humble/share/rosidl_adapter/cmake)
[0.419s] -- Found rosidl_generator_cpp: 3.1.5 (/opt/ros/humble/share/rosidl_generator_cpp/cmake)
[0.444s] -- Using all available rosidl_typesupport_c: rosidl_typesupport_fastrtps_c;rosidl_typesupport_introspection_c
[0.478s] -- Using all available rosidl_typesupport_cpp: rosidl_typesupport_fastrtps_cpp;rosidl_typesupport_introspection_cpp
[0.569s] -- Found geometry_msgs: 4.2.4 (/opt/ros/humble/share/geometry_msgs/cmake)
[0.628s] -- Found rosidl_default_generators: 1.2.0 (/opt/ros/humble/share/rosidl_default_generators/cmake)
[0.640s] -- Found sensor_msgs: 4.2.4 (/opt/ros/humble/share/sensor_msgs/cmake)
[0.680s] -- Found trajectory_msgs: 4.2.4 (/opt/ros/humble/share/trajectory_msgs/cmake)
[0.962s] [31mCMake Error at /opt/ros/humble/share/rosidl_adapter/cmake/rosidl_adapt_interfaces.cmake:59 (message):
[0.962s]   
[0.962s]   execute_process(/home/leo/.local/share/virtualenvs/Tactile_Sensing_Raptor_Lab-fBIDry_x/bin/python3
[0.962s]   -m rosidl_adapter --package-name control_msgs --arguments-file
[0.963s]   /home/leo/Documents/Tactile_Sensing_Raptor_Lab/ros2_ws/build/control_msgs/rosidl_adapter__arguments__control_msgs.json
[0.963s]   --output-dir
[0.963s]   /home/leo/Documents/Tactile_Sensing_Raptor_Lab/ros2_ws/build/control_msgs/rosidl_adapter/control_msgs
[0.963s]   --output-file
[0.963s]   /home/leo/Documents/Tactile_Sensing_Raptor_Lab/ros2_ws/build/control_msgs/rosidl_adapter/control_msgs.idls)
[0.963s]   returned error code 1:
[0.963s] 
[0.963s]   Traceback (most recent call last):
[0.963s] 
[0.963s]     File "/usr/lib/python3.10/runpy.py", line 196, in _run_module_as_main
[0.963s]       return _run_code(code, main_globals, None,
[0.964s]     File "/usr/lib/python3.10/runpy.py", line 86, in _run_code
[0.964s]       exec(code, run_globals)
[0.964s]     File "/opt/ros/humble/local/lib/python3.10/dist-packages/rosidl_adapter/__main__.py", line 19, in <module>
[0.964s]       sys.exit(main())
[0.964s]     File "/opt/ros/humble/local/lib/python3.10/dist-packages/rosidl_adapter/main.py", line 53, in main
[0.964s]       abs_idl_file = convert_to_idl(
[0.964s]     File "/opt/ros/humble/local/lib/python3.10/dist-packages/rosidl_adapter/__init__.py", line 28, in convert_to_idl
[0.964s]       from rosidl_adapter.action import convert_action_to_idl
[0.964s]     File "/opt/ros/humble/local/lib/python3.10/dist-packages/rosidl_adapter/action/__init__.py", line 16, in <module>
[0.964s]       from rosidl_adapter.resource import expand_template
[0.964s]     File "/opt/ros/humble/local/lib/python3.10/dist-packages/rosidl_adapter/resource/__init__.py", line 19, in <module>
[0.964s]       import em
[0.965s] 
[0.965s]   ModuleNotFoundError: No module named 'em'
[0.965s] 
[0.965s] Call Stack (most recent call first):
[0.965s]   /opt/ros/humble/share/rosidl_cmake/cmake/rosidl_generate_interfaces.cmake:130 (rosidl_adapt_interfaces)
[0.965s]   CMakeLists.txt:56 (rosidl_generate_interfaces)
[0.965s] 
[0.965s] [0m
[0.965s] -- Configuring incomplete, errors occurred!
[0.965s] See also "/home/leo/Documents/Tactile_Sensing_Raptor_Lab/ros2_ws/build/control_msgs/CMakeFiles/CMakeOutput.log".
