[  3%] [32mBuilding CXX object CMakeFiles/realtime_tools.dir/src/realtime_clock.cpp.o[0m
[  6%] [32mBuilding CXX object CMakeFiles/realtime_tools.dir/src/realtime_helpers.cpp.o[0m
[ 10%] [32mBuilding CXX object gmock/CMakeFiles/gmock.dir/src/gmock-all.cc.o[0m
[ 13%] [32mBuilding CXX object gmock/CMakeFiles/gmock.dir/opt/ros/humble/src/gtest_vendor/src/gtest-all.cc.o[0m
[ 16%] [32mBuilding CXX object gmock/CMakeFiles/gmock_main.dir/src/gmock_main.cc.o[0m
[ 20%] [32mBuilding CXX object CMakeFiles/thread_priority.dir/src/realtime_helpers.cpp.o[0m
[ 23%] [32m[1mLinking CXX shared library libthread_priority.so[0m
[ 23%] Built target thread_priority
[ 26%] [32m[1mLinking CXX shared library librealtime_tools.so[0m
[ 26%] Built target realtime_tools
[ 30%] [32m[1mLinking CXX static library libgmock_main.a[0m
[ 30%] Built target gmock_main
[ 33%] [32m[1mLinking CXX static library libgmock.a[0m
[ 33%] Built target gmock
[ 36%] [32mBuilding CXX object CMakeFiles/thread_priority_tests.dir/test/thread_priority_tests.cpp.o[0m
[ 43%] [32mBuilding CXX object CMakeFiles/realtime_box_tests.dir/test/realtime_box_tests.cpp.o[0m
[ 43%] [32mBuilding CXX object CMakeFiles/lock_free_queue_tests.dir/test/lock_free_queue_tests.cpp.o[0m
[ 46%] [32mBuilding CXX object CMakeFiles/realtime_buffer_tests.dir/test/realtime_buffer_tests.cpp.o[0m
[ 50%] [32mBuilding CXX object CMakeFiles/realtime_publisher_tests.dir/test/realtime_publisher_tests.cpp.o[0m
[ 56%] [32mBuilding CXX object CMakeFiles/realtime_box_best_effort_tests.dir/test/realtime_box_best_effort_tests.cpp.o[0m
[ 56%] [32mBuilding CXX object CMakeFiles/realtime_clock_tests.dir/test/realtime_clock_tests.cpp.o[0m
[ 60%] [32mBuilding CXX object CMakeFiles/realtime_server_goal_handle_tests.dir/test/realtime_server_goal_handle_tests.cpp.o[0m
[ 63%] [32mBuilding CXX object CMakeFiles/test_async_function_handler.dir/test/test_async_function_handler.cpp.o[0m
[ 66%] [32mBuilding CXX object CMakeFiles/realtime_mutex_tests.dir/test/realtime_mutex_tests.cpp.o[0m
[ 70%] [32m[1mLinking CXX executable realtime_box_tests[0m
[ 73%] [32m[1mLinking CXX executable realtime_buffer_tests[0m
[ 76%] [32m[1mLinking CXX executable thread_priority_tests[0m
[ 76%] Built target realtime_box_tests
[ 76%] Built target realtime_buffer_tests
[ 76%] Built target thread_priority_tests
[ 80%] [32m[1mLinking CXX executable realtime_box_best_effort_tests[0m
[ 83%] [32m[1mLinking CXX executable realtime_clock_tests[0m
[ 83%] Built target realtime_box_best_effort_tests
[ 83%] Built target realtime_clock_tests
[01m[K/home/leo/Documents/Tactile_Sensing_Raptor_Lab/ros2_ws/src/realtime_tools/test/realtime_publisher_tests.cpp:[m[K In member function ‘[01m[Kvirtual void RealtimePublisher_construct_destruct_Test::TestBody()[m[K’:
[01m[K/home/leo/Documents/Tactile_Sensing_Raptor_Lab/ros2_ws/src/realtime_tools/test/realtime_publisher_tests.cpp:45:76:[m[K [01;35m[Kwarning: [m[K‘[01m[Krealtime_tools::RealtimePublisher<MessageT>::RealtimePublisher() [with MessageT = test_msgs::msg::Strings_<std::allocator<void> >][m[K’ is deprecated: Use constructor with rclcpp::Publisher<T>::SharedPtr instead - this class does not make sense without a real publisher [[01;35m[K]8;;https://gcc.gnu.org/onlinedocs/gcc/Warning-Options.html#index-Wdeprecated-declarations-Wdeprecated-declarations]8;;[m[K]
   45 | TEST(RealtimePublisher, construct_destruct) { RealtimePublisher<StringMsg> [01;35m[Krt_pub[m[K; }
      |                                                                            [01;35m[K^~~~~~[m[K
In file included from [01m[K/home/leo/Documents/Tactile_Sensing_Raptor_Lab/ros2_ws/src/realtime_tools/test/realtime_publisher_tests.cpp:39[m[K:
[01m[K/home/leo/Documents/Tactile_Sensing_Raptor_Lab/ros2_ws/src/realtime_tools/include/realtime_tools/realtime_publisher.hpp:94:3:[m[K [01;36m[Knote: [m[Kdeclared here
   94 |   [01;36m[KRealtimePublisher[m[K()
      |   [01;36m[K^~~~~~~~~~~~~~~~~[m[K
[ 86%] [32m[1mLinking CXX executable realtime_mutex_tests[0m
[ 86%] Built target realtime_mutex_tests
[ 90%] [32m[1mLinking CXX executable test_async_function_handler[0m
[ 93%] [32m[1mLinking CXX executable lock_free_queue_tests[0m
[ 93%] Built target test_async_function_handler
[ 93%] Built target lock_free_queue_tests
[ 96%] [32m[1mLinking CXX executable realtime_server_goal_handle_tests[0m
[ 96%] Built target realtime_server_goal_handle_tests
[100%] [32m[1mLinking CXX executable realtime_publisher_tests[0m
[100%] Built target realtime_publisher_tests
