[1.126s] Invoking command in '/home/leo/Documents/Tactile_Sensing_Raptor_Lab/ros2_ws/src/tactile_sensing': PS1=(Tactile_Sensing_Raptor_Lab) ${debian_chroot:+($debian_chroot)}\u@\h:\w\$ PYTHONPATH=/home/leo/Documents/Tactile_Sensing_Raptor_Lab/ros2_ws/build/tactile_sensing/prefix_override:/usr/lib/python3/dist-packages/colcon_core/task/python/colcon_distutils_commands:/home/leo/Documents/Tactile_Sensing_Raptor_Lab/ros2_ws/install/tactile_sensing/lib/python3.10/site-packages:${PYTHONPATH} /usr/bin/python3 -W ignore:setup.py install is deprecated -W ignore:easy_install command is deprecated setup.py egg_info --egg-base ../../build/tactile_sensing build --build-base /home/leo/Documents/Tactile_Sensing_Raptor_Lab/ros2_ws/build/tactile_sensing/build install --record /home/leo/Documents/Tactile_Sensing_Raptor_Lab/ros2_ws/build/tactile_sensing/install.log --single-version-externally-managed install_data
[1.474s] running egg_info
[1.496s] writing ../../build/tactile_sensing/tactile_sensing.egg-info/PKG-INFO
[1.497s] writing dependency_links to ../../build/tactile_sensing/tactile_sensing.egg-info/dependency_links.txt
[1.497s] writing entry points to ../../build/tactile_sensing/tactile_sensing.egg-info/entry_points.txt
[1.497s] writing requirements to ../../build/tactile_sensing/tactile_sensing.egg-info/requires.txt
[1.497s] writing top-level names to ../../build/tactile_sensing/tactile_sensing.egg-info/top_level.txt
[1.540s] reading manifest file '../../build/tactile_sensing/tactile_sensing.egg-info/SOURCES.txt'
[1.542s] writing manifest file '../../build/tactile_sensing/tactile_sensing.egg-info/SOURCES.txt'
[1.542s] running build
[1.543s] running build_py
[1.543s] copying tactile_sensing/__init__.py -> /home/leo/Documents/Tactile_Sensing_Raptor_Lab/ros2_ws/build/tactile_sensing/build/lib/tactile_sensing
[1.543s] copying tactile_sensing/functions.py -> /home/leo/Documents/Tactile_Sensing_Raptor_Lab/ros2_ws/build/tactile_sensing/build/lib/tactile_sensing
[1.544s] copying tactile_sensing/model_based_mpc.py -> /home/leo/Documents/Tactile_Sensing_Raptor_Lab/ros2_ws/build/tactile_sensing/build/lib/tactile_sensing
[1.544s] copying tactile_sensing/nn_controller.py -> /home/leo/Documents/Tactile_Sensing_Raptor_Lab/ros2_ws/build/tactile_sensing/build/lib/tactile_sensing
[1.544s] copying tactile_sensing/show3d_ros2.py -> /home/leo/Documents/Tactile_Sensing_Raptor_Lab/ros2_ws/build/tactile_sensing/build/lib/tactile_sensing
[1.544s] copying tactile_sensing/show_tactile_image.py -> /home/leo/Documents/Tactile_Sensing_Raptor_Lab/ros2_ws/build/tactile_sensing/build/lib/tactile_sensing
[1.545s] running install
[1.545s] warning: build_py: byte-compiling is disabled, skipping.
[1.545s] 
[1.551s] running install_lib
[1.573s] running install_data
[1.574s] copying resource/tactile_sensing -> /home/leo/Documents/Tactile_Sensing_Raptor_Lab/ros2_ws/install/tactile_sensing/share/ament_index/resource_index/packages
[1.574s] warning: install_lib: byte-compiling is disabled, skipping.
[1.574s] 
[1.575s] copying package.xml -> /home/leo/Documents/Tactile_Sensing_Raptor_Lab/ros2_ws/install/tactile_sensing/share/tactile_sensing
[1.575s] copying launch/mpc_controller.launch.py -> /home/leo/Documents/Tactile_Sensing_Raptor_Lab/ros2_ws/install/tactile_sensing/share/tactile_sensing/launch
[1.575s] copying launch/nn_controller.launch.py -> /home/leo/Documents/Tactile_Sensing_Raptor_Lab/ros2_ws/install/tactile_sensing/share/tactile_sensing/launch
[1.575s] running install_egg_info
[1.596s] removing '/home/leo/Documents/Tactile_Sensing_Raptor_Lab/ros2_ws/install/tactile_sensing/lib/python3.10/site-packages/tactile_sensing-0.0.0-py3.10.egg-info' (and everything under it)
[1.596s] Copying ../../build/tactile_sensing/tactile_sensing.egg-info to /home/leo/Documents/Tactile_Sensing_Raptor_Lab/ros2_ws/install/tactile_sensing/lib/python3.10/site-packages/tactile_sensing-0.0.0-py3.10.egg-info
[1.597s] running install_scripts
[1.778s] Installing camera_publisher script to /home/leo/Documents/Tactile_Sensing_Raptor_Lab/ros2_ws/install/tactile_sensing/lib/tactile_sensing
[1.779s] Installing model_based_mpc script to /home/leo/Documents/Tactile_Sensing_Raptor_Lab/ros2_ws/install/tactile_sensing/lib/tactile_sensing
[1.779s] Installing nn_controller script to /home/leo/Documents/Tactile_Sensing_Raptor_Lab/ros2_ws/install/tactile_sensing/lib/tactile_sensing
[1.779s] Installing show3d_ros2 script to /home/leo/Documents/Tactile_Sensing_Raptor_Lab/ros2_ws/install/tactile_sensing/lib/tactile_sensing
[1.779s] Installing show_tac_image script to /home/leo/Documents/Tactile_Sensing_Raptor_Lab/ros2_ws/install/tactile_sensing/lib/tactile_sensing
[1.779s] writing list of installed files to '/home/leo/Documents/Tactile_Sensing_Raptor_Lab/ros2_ws/build/tactile_sensing/install.log'
[1.822s] Invoked command in '/home/leo/Documents/Tactile_Sensing_Raptor_Lab/ros2_ws/src/tactile_sensing' returned '0': PS1=(Tactile_Sensing_Raptor_Lab) ${debian_chroot:+($debian_chroot)}\u@\h:\w\$ PYTHONPATH=/home/leo/Documents/Tactile_Sensing_Raptor_Lab/ros2_ws/build/tactile_sensing/prefix_override:/usr/lib/python3/dist-packages/colcon_core/task/python/colcon_distutils_commands:/home/leo/Documents/Tactile_Sensing_Raptor_Lab/ros2_ws/install/tactile_sensing/lib/python3.10/site-packages:${PYTHONPATH} /usr/bin/python3 -W ignore:setup.py install is deprecated -W ignore:easy_install command is deprecated setup.py egg_info --egg-base ../../build/tactile_sensing build --build-base /home/leo/Documents/Tactile_Sensing_Raptor_Lab/ros2_ws/build/tactile_sensing/build install --record /home/leo/Documents/Tactile_Sensing_Raptor_Lab/ros2_ws/build/tactile_sensing/install.log --single-version-externally-managed install_data
