[0.545s] Invoking command in '/home/leo/Documents/Tactile_Sensing_Raptor_Lab/ros2_ws/src/tactile_sensing': PS1=
\[[1;36m\]Tactile_Sensing_Raptor_Lab/ros2_ws\[[0m\] on \[[1;35m\] main\[[0m\] via \[[1;33m\]🐍 v3.10.12 (Tactile_Sensing_Raptor_Lab) \[[0m\]
\[[1;32m\]❯\[[0m\] PYTHONPATH=/home/leo/Documents/Tactile_Sensing_Raptor_Lab/ros2_ws/build/tactile_sensing/prefix_override:/usr/lib/python3/dist-packages/colcon_core/task/python/colcon_distutils_commands:/home/leo/Documents/Tactile_Sensing_Raptor_Lab/ros2_ws/install/tactile_sensing/lib/python3.10/site-packages:${PYTHONPATH} /usr/bin/python3 -W ignore:setup.py install is deprecated -W ignore:easy_install command is deprecated setup.py egg_info --egg-base ../../build/tactile_sensing build --build-base /home/leo/Documents/Tactile_Sensing_Raptor_Lab/ros2_ws/build/tactile_sensing/build install --record /home/leo/Documents/Tactile_Sensing_Raptor_Lab/ros2_ws/build/tactile_sensing/install.log --single-version-externally-managed install_data
[0.723s] running egg_info
[0.735s] writing ../../build/tactile_sensing/tactile_sensing.egg-info/PKG-INFO
[0.736s] writing dependency_links to ../../build/tactile_sensing/tactile_sensing.egg-info/dependency_links.txt
[0.736s] writing entry points to ../../build/tactile_sensing/tactile_sensing.egg-info/entry_points.txt
[0.736s] writing requirements to ../../build/tactile_sensing/tactile_sensing.egg-info/requires.txt
[0.736s] writing top-level names to ../../build/tactile_sensing/tactile_sensing.egg-info/top_level.txt
[0.760s] reading manifest file '../../build/tactile_sensing/tactile_sensing.egg-info/SOURCES.txt'
[0.761s] writing manifest file '../../build/tactile_sensing/tactile_sensing.egg-info/SOURCES.txt'
[0.761s] running build
[0.761s] running build_py
[0.762s] copying tactile_sensing/__init__.py -> /home/leo/Documents/Tactile_Sensing_Raptor_Lab/ros2_ws/build/tactile_sensing/build/lib/tactile_sensing
[0.762s] copying tactile_sensing/show_tactile_image.py -> /home/leo/Documents/Tactile_Sensing_Raptor_Lab/ros2_ws/build/tactile_sensing/build/lib/tactile_sensing
[0.762s] copying tactile_sensing/model_based_mpc.py -> /home/leo/Documents/Tactile_Sensing_Raptor_Lab/ros2_ws/build/tactile_sensing/build/lib/tactile_sensing
[0.762s] copying tactile_sensing/show3d_ros2.py -> /home/leo/Documents/Tactile_Sensing_Raptor_Lab/ros2_ws/build/tactile_sensing/build/lib/tactile_sensing
[0.762s] copying tactile_sensing/functions.py -> /home/leo/Documents/Tactile_Sensing_Raptor_Lab/ros2_ws/build/tactile_sensing/build/lib/tactile_sensing
[0.762s] copying tactile_sensing/nn_controller.py -> /home/leo/Documents/Tactile_Sensing_Raptor_Lab/ros2_ws/build/tactile_sensing/build/lib/tactile_sensing
[0.763s] warning: build_py: byte-compiling is disabled, skipping.
[0.763s] 
[0.763s] running install
[0.766s] running install_lib
[0.777s] running install_data
[0.778s] warning: install_lib: byte-compiling is disabled, skipping.
[0.778s] 
[0.778s] copying resource/tactile_sensing -> /home/leo/Documents/Tactile_Sensing_Raptor_Lab/ros2_ws/install/tactile_sensing/share/ament_index/resource_index/packages
[0.778s] copying package.xml -> /home/leo/Documents/Tactile_Sensing_Raptor_Lab/ros2_ws/install/tactile_sensing/share/tactile_sensing
[0.778s] copying launch/nn_controller.launch.py -> /home/leo/Documents/Tactile_Sensing_Raptor_Lab/ros2_ws/install/tactile_sensing/share/tactile_sensing/launch
[0.778s] copying launch/mpc_controller.launch.py -> /home/leo/Documents/Tactile_Sensing_Raptor_Lab/ros2_ws/install/tactile_sensing/share/tactile_sensing/launch
[0.778s] running install_egg_info
[0.792s] removing '/home/leo/Documents/Tactile_Sensing_Raptor_Lab/ros2_ws/install/tactile_sensing/lib/python3.10/site-packages/tactile_sensing-0.0.0-py3.10.egg-info' (and everything under it)
[0.792s] Copying ../../build/tactile_sensing/tactile_sensing.egg-info to /home/leo/Documents/Tactile_Sensing_Raptor_Lab/ros2_ws/install/tactile_sensing/lib/python3.10/site-packages/tactile_sensing-0.0.0-py3.10.egg-info
[0.793s] running install_scripts
[0.895s] Installing camera_publisher script to /home/leo/Documents/Tactile_Sensing_Raptor_Lab/ros2_ws/install/tactile_sensing/lib/tactile_sensing
[0.895s] Installing model_based_mpc script to /home/leo/Documents/Tactile_Sensing_Raptor_Lab/ros2_ws/install/tactile_sensing/lib/tactile_sensing
[0.895s] Installing nn_controller script to /home/leo/Documents/Tactile_Sensing_Raptor_Lab/ros2_ws/install/tactile_sensing/lib/tactile_sensing
[0.895s] Installing show3d_ros2 script to /home/leo/Documents/Tactile_Sensing_Raptor_Lab/ros2_ws/install/tactile_sensing/lib/tactile_sensing
[0.895s] Installing show_tac_image script to /home/leo/Documents/Tactile_Sensing_Raptor_Lab/ros2_ws/install/tactile_sensing/lib/tactile_sensing
[0.896s] writing list of installed files to '/home/leo/Documents/Tactile_Sensing_Raptor_Lab/ros2_ws/build/tactile_sensing/install.log'
[0.914s] Invoked command in '/home/leo/Documents/Tactile_Sensing_Raptor_Lab/ros2_ws/src/tactile_sensing' returned '0': PS1=
\[[1;36m\]Tactile_Sensing_Raptor_Lab/ros2_ws\[[0m\] on \[[1;35m\] main\[[0m\] via \[[1;33m\]🐍 v3.10.12 (Tactile_Sensing_Raptor_Lab) \[[0m\]
\[[1;32m\]❯\[[0m\] PYTHONPATH=/home/leo/Documents/Tactile_Sensing_Raptor_Lab/ros2_ws/build/tactile_sensing/prefix_override:/usr/lib/python3/dist-packages/colcon_core/task/python/colcon_distutils_commands:/home/leo/Documents/Tactile_Sensing_Raptor_Lab/ros2_ws/install/tactile_sensing/lib/python3.10/site-packages:${PYTHONPATH} /usr/bin/python3 -W ignore:setup.py install is deprecated -W ignore:easy_install command is deprecated setup.py egg_info --egg-base ../../build/tactile_sensing build --build-base /home/leo/Documents/Tactile_Sensing_Raptor_Lab/ros2_ws/build/tactile_sensing/build install --record /home/leo/Documents/Tactile_Sensing_Raptor_Lab/ros2_ws/build/tactile_sensing/install.log --single-version-externally-managed install_data
