[0.029s] Invoking command in '/home/leo/Documents/Tactile_Sensing_Raptor_Lab/ros2_ws/build/gz_ros2_control': CMAKE_PREFIX_PATH=/opt/ros/humble PS1=
\[[1;36m\]Tactile_Sensing_Raptor_Lab/ros2_ws\[[0m\] on \[[1;35m\] main\[[0m\] \[[1;31m\][!?]\[[0m\] via \[[1;33m\]🐍 v3.10.12 (Tactile_Sensing_Raptor_Lab) \[[0m\]took \[[1;33m\]4s\[[0m\]
\[[1;31m\]❯\[[0m\] /usr/bin/cmake /home/leo/Documents/Tactile_Sensing_Raptor_Lab/ros2_ws/src/gz_ros2_control/gz_ros2_control -DCMAKE_INSTALL_PREFIX=/home/leo/Documents/Tactile_Sensing_Raptor_Lab/ros2_ws/install/gz_ros2_control
[0.059s] [31mCMake Error at CMakeLists.txt:4 (find_package):
[0.060s]   By not providing "Findros2_control_cmake.cmake" in CMAKE_MODULE_PATH this
[0.060s]   project has asked CMake to find a package configuration file provided by
[0.060s]   "ros2_control_cmake", but CMake did not find one.
[0.060s] 
[0.060s]   Could not find a package configuration file provided by
[0.060s]   "ros2_control_cmake" with any of the following names:
[0.060s] 
[0.060s]     ros2_control_cmakeConfig.cmake
[0.061s]     ros2_control_cmake-config.cmake
[0.061s] 
[0.061s]   Add the installation prefix of "ros2_control_cmake" to CMAKE_PREFIX_PATH or
[0.061s]   set "ros2_control_cmake_DIR" to a directory containing one of the above
[0.061s]   files.  If "ros2_control_cmake" provides a separate development package or
[0.061s]   SDK, be sure it has been installed.
[0.061s] 
[0.061s] [0m
[0.061s] -- Configuring incomplete, errors occurred!
[0.061s] See also "/home/leo/Documents/Tactile_Sensing_Raptor_Lab/ros2_ws/build/gz_ros2_control/CMakeFiles/CMakeOutput.log".
[0.275s] Invoked command in '/home/leo/Documents/Tactile_Sensing_Raptor_Lab/ros2_ws/build/gz_ros2_control' returned '1': CMAKE_PREFIX_PATH=/opt/ros/humble PS1=
\[[1;36m\]Tactile_Sensing_Raptor_Lab/ros2_ws\[[0m\] on \[[1;35m\] main\[[0m\] \[[1;31m\][!?]\[[0m\] via \[[1;33m\]🐍 v3.10.12 (Tactile_Sensing_Raptor_Lab) \[[0m\]took \[[1;33m\]4s\[[0m\]
\[[1;31m\]❯\[[0m\] /usr/bin/cmake /home/leo/Documents/Tactile_Sensing_Raptor_Lab/ros2_ws/src/gz_ros2_control/gz_ros2_control -DCMAKE_INSTALL_PREFIX=/home/leo/Documents/Tactile_Sensing_Raptor_Lab/ros2_ws/install/gz_ros2_control
