[0.018s] Invoking command in '/home/leo/Documents/Tactile_Sensing_Raptor_Lab/ros2_ws/build/kortex_api': CMAKE_PREFIX_PATH=/opt/ros/humble PS1=
\[[1;36m\]Tactile_Sensing_Raptor_Lab/ros2_ws\[[0m\] on \[[1;35m\] main\[[0m\] \[[1;31m\][!?]\[[0m\] via \[[1;33m\]🐍 v3.10.12 (Tactile_Sensing_Raptor_Lab) \[[0m\]took \[[1;33m\]18s\[[0m\]
\[[1;32m\]❯\[[0m\] /usr/bin/cmake /home/leo/Documents/Tactile_Sensing_Raptor_Lab/ros2_ws/src/ros2_kortex/kortex_api -DCMAKE_INSTALL_PREFIX=/home/leo/Documents/Tactile_Sensing_Raptor_Lab/ros2_ws/install/kortex_api
[0.137s] -- Found ament_cmake: 1.3.10 (/opt/ros/humble/share/ament_cmake/cmake)
[0.305s] Traceback (most recent call last):
[0.305s]   File "/opt/ros/humble/share/ament_cmake_core/cmake/core/package_xml_2_cmake.py", line 22, in <module>
[0.305s]     from catkin_pkg.package import parse_package_string
[0.305s] ModuleNotFoundError: No module named 'catkin_pkg'
[0.309s] [31mCMake Error at /opt/ros/humble/share/ament_cmake_core/cmake/core/ament_package_xml.cmake:95 (message):
[0.309s]   
[0.310s]   execute_process(/home/leo/.local/share/virtualenvs/Tactile_Sensing_Raptor_Lab-fBIDry_x/bin/python3
[0.310s]   /opt/ros/humble/share/ament_cmake_core/cmake/core/package_xml_2_cmake.py
[0.310s]   /home/leo/Documents/Tactile_Sensing_Raptor_Lab/ros2_ws/src/ros2_kortex/kortex_api/package.xml
[0.310s]   /home/leo/Documents/Tactile_Sensing_Raptor_Lab/ros2_ws/build/kortex_api/ament_cmake_core/package.cmake)
[0.310s]   returned error code 1
[0.310s] Call Stack (most recent call first):
[0.310s]   /opt/ros/humble/share/ament_cmake_core/cmake/core/ament_package_xml.cmake:49 (_ament_package_xml)
[0.310s]   /opt/ros/humble/share/ament_cmake_core/cmake/core/ament_package.cmake:63 (ament_package_xml)
[0.310s]   CMakeLists.txt:46 (ament_package)
[0.310s] 
[0.310s] [0m
[0.310s] -- Configuring incomplete, errors occurred!
[0.311s] See also "/home/leo/Documents/Tactile_Sensing_Raptor_Lab/ros2_ws/build/kortex_api/CMakeFiles/CMakeOutput.log".
