[0.538s] Invoking command in '/home/leo/Documents/Tactile_Sensing_Raptor_Lab/ros2_ws/src/tactile_sensing': PYTHONPATH=/home/leo/Documents/Tactile_Sensing_Raptor_Lab/ros2_ws/build/tactile_sensing/prefix_override:/usr/lib/python3/dist-packages/colcon_core/task/python/colcon_distutils_commands:/home/leo/Documents/Tactile_Sensing_Raptor_Lab/ros2_ws/install/tactile_sensing/lib/python3.10/site-packages:${PYTHONPATH} /usr/bin/python3 -W ignore:setup.py install is deprecated -W ignore:easy_install command is deprecated setup.py egg_info --egg-base ../../build/tactile_sensing build --build-base /home/leo/Documents/Tactile_Sensing_Raptor_Lab/ros2_ws/build/tactile_sensing/build install --record /home/leo/Documents/Tactile_Sensing_Raptor_Lab/ros2_ws/build/tactile_sensing/install.log --single-version-externally-managed install_data
[0.726s] running egg_info
[0.739s] writing ../../build/tactile_sensing/tactile_sensing.egg-info/PKG-INFO
[0.740s] writing dependency_links to ../../build/tactile_sensing/tactile_sensing.egg-info/dependency_links.txt
[0.740s] writing entry points to ../../build/tactile_sensing/tactile_sensing.egg-info/entry_points.txt
[0.740s] writing requirements to ../../build/tactile_sensing/tactile_sensing.egg-info/requires.txt
[0.740s] writing top-level names to ../../build/tactile_sensing/tactile_sensing.egg-info/top_level.txt
[0.767s] reading manifest file '../../build/tactile_sensing/tactile_sensing.egg-info/SOURCES.txt'
[0.768s] writing manifest file '../../build/tactile_sensing/tactile_sensing.egg-info/SOURCES.txt'
[0.768s] running build
[0.768s] running build_py
[0.768s] copying tactile_sensing/__init__.py -> /home/leo/Documents/Tactile_Sensing_Raptor_Lab/ros2_ws/build/tactile_sensing/build/lib/tactile_sensing
[0.768s] copying tactile_sensing/model_based_mpc.py -> /home/leo/Documents/Tactile_Sensing_Raptor_Lab/ros2_ws/build/tactile_sensing/build/lib/tactile_sensing
[0.768s] copying tactile_sensing/show3d_ros2.py -> /home/leo/Documents/Tactile_Sensing_Raptor_Lab/ros2_ws/build/tactile_sensing/build/lib/tactile_sensing
[0.769s] running install
[0.772s] running install_lib
[0.786s] copying /home/leo/Documents/Tactile_Sensing_Raptor_Lab/ros2_ws/build/tactile_sensing/build/lib/tactile_sensing/show3d_ros2.py -> /home/leo/Documents/Tactile_Sensing_Raptor_Lab/ros2_ws/install/tactile_sensing/lib/python3.10/site-packages/tactile_sensing
[0.786s] byte-compiling /home/leo/Documents/Tactile_Sensing_Raptor_Lab/ros2_ws/install/tactile_sensing/lib/python3.10/site-packages/tactile_sensing/show3d_ros2.py to show3d_ros2.cpython-310.pyc
[0.787s] running install_data
[0.788s] copying resource/tactile_sensing -> /home/leo/Documents/Tactile_Sensing_Raptor_Lab/ros2_ws/install/tactile_sensing/share/ament_index/resource_index/packages
[0.788s] copying package.xml -> /home/leo/Documents/Tactile_Sensing_Raptor_Lab/ros2_ws/install/tactile_sensing/share/tactile_sensing
[0.788s] copying launch/mpc_controller.launch.py -> /home/leo/Documents/Tactile_Sensing_Raptor_Lab/ros2_ws/install/tactile_sensing/share/tactile_sensing/launch
[0.788s] running install_egg_info
[0.803s] removing '/home/leo/Documents/Tactile_Sensing_Raptor_Lab/ros2_ws/install/tactile_sensing/lib/python3.10/site-packages/tactile_sensing-0.0.0-py3.10.egg-info' (and everything under it)
[0.803s] Copying ../../build/tactile_sensing/tactile_sensing.egg-info to /home/leo/Documents/Tactile_Sensing_Raptor_Lab/ros2_ws/install/tactile_sensing/lib/python3.10/site-packages/tactile_sensing-0.0.0-py3.10.egg-info
[0.804s] running install_scripts
[0.912s] Installing model_based_mpc script to /home/leo/Documents/Tactile_Sensing_Raptor_Lab/ros2_ws/install/tactile_sensing/lib/tactile_sensing
[0.912s] Installing show3d_ros2 script to /home/leo/Documents/Tactile_Sensing_Raptor_Lab/ros2_ws/install/tactile_sensing/lib/tactile_sensing
[0.912s] writing list of installed files to '/home/leo/Documents/Tactile_Sensing_Raptor_Lab/ros2_ws/build/tactile_sensing/install.log'
[0.938s] Invoked command in '/home/leo/Documents/Tactile_Sensing_Raptor_Lab/ros2_ws/src/tactile_sensing' returned '0': PYTHONPATH=/home/leo/Documents/Tactile_Sensing_Raptor_Lab/ros2_ws/build/tactile_sensing/prefix_override:/usr/lib/python3/dist-packages/colcon_core/task/python/colcon_distutils_commands:/home/leo/Documents/Tactile_Sensing_Raptor_Lab/ros2_ws/install/tactile_sensing/lib/python3.10/site-packages:${PYTHONPATH} /usr/bin/python3 -W ignore:setup.py install is deprecated -W ignore:easy_install command is deprecated setup.py egg_info --egg-base ../../build/tactile_sensing build --build-base /home/leo/Documents/Tactile_Sensing_Raptor_Lab/ros2_ws/build/tactile_sensing/build install --record /home/leo/Documents/Tactile_Sensing_Raptor_Lab/ros2_ws/build/tactile_sensing/install.log --single-version-externally-managed install_data
